[2026-02-26T12:30:04.389+0000] {local_task_job_runner.py:123} INFO - ::group::Pre task execution logs
[2026-02-26T12:30:04.416+0000] {taskinstance.py:2631} INFO - Dependencies all met for dep_context=non-requeueable deps ti=<TaskInstance: 02_etl_pipeline_incremental.upload_to_stage scheduled__2026-02-26T12:25:00+00:00 [queued]>
[2026-02-26T12:30:04.430+0000] {taskinstance.py:2631} INFO - Dependencies all met for dep_context=requeueable deps ti=<TaskInstance: 02_etl_pipeline_incremental.upload_to_stage scheduled__2026-02-26T12:25:00+00:00 [queued]>
[2026-02-26T12:30:04.432+0000] {taskinstance.py:2884} INFO - Starting attempt 1 of 2
[2026-02-26T12:30:04.593+0000] {taskinstance.py:2907} INFO - Executing <Task(SQLExecuteQueryOperator): upload_to_stage> on 2026-02-26 12:25:00+00:00
[2026-02-26T12:30:04.601+0000] {standard_task_runner.py:72} INFO - Started process 3416 to run task
[2026-02-26T12:30:04.606+0000] {standard_task_runner.py:104} INFO - Running: ['***', 'tasks', 'run', '02_etl_pipeline_incremental', 'upload_to_stage', 'scheduled__2026-02-26T12:25:00+00:00', '--job-id', '584', '--raw', '--subdir', 'DAGS_FOLDER/02_etl_pipeline.py', '--cfg-path', '/tmp/tmptpz4qb5v']
[2026-02-26T12:30:04.609+0000] {standard_task_runner.py:105} INFO - Job 584: Subtask upload_to_stage
[2026-02-26T12:30:04.677+0000] {task_command.py:467} INFO - Running <TaskInstance: 02_etl_pipeline_incremental.upload_to_stage scheduled__2026-02-26T12:25:00+00:00 [running]> on host d54c9b653406
[2026-02-26T12:30:04.767+0000] {taskinstance.py:3157} INFO - Exporting env vars: AIRFLOW_CTX_DAG_OWNER='***' AIRFLOW_CTX_DAG_ID='02_etl_pipeline_incremental' AIRFLOW_CTX_TASK_ID='upload_to_stage' AIRFLOW_CTX_EXECUTION_DATE='2026-02-26T12:25:00+00:00' AIRFLOW_CTX_TRY_NUMBER='1' AIRFLOW_CTX_DAG_RUN_ID='scheduled__2026-02-26T12:25:00+00:00'
[2026-02-26T12:30:04.771+0000] {logging_mixin.py:190} INFO - Task instance is in running state
[2026-02-26T12:30:04.773+0000] {logging_mixin.py:190} INFO -  Previous state of the Task instance: queued
[2026-02-26T12:30:04.775+0000] {logging_mixin.py:190} INFO - Current task name:upload_to_stage state:running start_date:2026-02-26 12:30:04.417820+00:00
[2026-02-26T12:30:04.776+0000] {logging_mixin.py:190} INFO - Dag name:02_etl_pipeline_incremental and current dag run status:running
[2026-02-26T12:30:04.777+0000] {taskinstance.py:740} INFO - ::endgroup::
[2026-02-26T12:30:04.779+0000] {sql.py:306} INFO - Executing: PUT 'file:///opt/***/data/input/Airline_Dataset.csv' @AIRLINE_DWH.RAW_DATA.MY_INTERNAL_STAGE AUTO_COMPRESS=TRUE OVERWRITE=TRUE;
[2026-02-26T12:30:04.795+0000] {base.py:84} INFO - Retrieving connection 'snowflake_default'
[2026-02-26T12:30:04.938+0000] {base.py:84} INFO - Retrieving connection 'snowflake_default'
[2026-02-26T12:30:04.939+0000] {connection.py:486} INFO - Snowflake Connector for Python Version: 3.15.0, Python Version: 3.10.17, Platform: Linux-6.6.87.2-microsoft-standard-WSL2-x86_64-with-glibc2.36
[2026-02-26T12:30:04.941+0000] {connection.py:1391} INFO - Connecting to GLOBAL Snowflake domain
[2026-02-26T12:30:06.248+0000] {snowflake.py:521} INFO - Running statement: PUT 'file:///opt/***/data/input/Airline_Dataset.csv' @AIRLINE_DWH.RAW_DATA.MY_INTERNAL_STAGE AUTO_COMPRESS=TRUE OVERWRITE=TRUE;, parameters: None
[2026-02-26T12:30:06.250+0000] {sql.py:814} INFO - Running statement: PUT 'file:///opt/***/data/input/Airline_Dataset.csv' @AIRLINE_DWH.RAW_DATA.MY_INTERNAL_STAGE AUTO_COMPRESS=TRUE OVERWRITE=TRUE;, parameters: None
[2026-02-26T12:30:08.107+0000] {sql.py:823} INFO - Rows affected: 1
[2026-02-26T12:30:08.109+0000] {snowflake.py:534} INFO - Rows affected: 1
[2026-02-26T12:30:08.112+0000] {snowflake.py:535} INFO - Snowflake query id: 01c2abae-0005-0f0f-0001-37ce00088902
[2026-02-26T12:30:08.326+0000] {taskinstance.py:349} INFO - ::group::Post task execution logs
[2026-02-26T12:30:08.327+0000] {taskinstance.py:361} INFO - Marking task as SUCCESS. dag_id=02_etl_pipeline_incremental, task_id=upload_to_stage, run_id=scheduled__2026-02-26T12:25:00+00:00, execution_date=20260226T122500, start_date=20260226T123004, end_date=20260226T123008
[2026-02-26T12:30:08.357+0000] {logging_mixin.py:190} INFO - Task instance in success state
[2026-02-26T12:30:08.359+0000] {logging_mixin.py:190} INFO -  Previous state of the Task instance: running
[2026-02-26T12:30:08.360+0000] {logging_mixin.py:190} INFO - Dag name:02_etl_pipeline_incremental queued_at:2026-02-26 12:30:00.136701+00:00
[2026-02-26T12:30:08.361+0000] {logging_mixin.py:190} INFO - Task hostname:d54c9b653406 operator:SQLExecuteQueryOperator
[2026-02-26T12:30:08.397+0000] {local_task_job_runner.py:266} INFO - Task exited with return code 0
[2026-02-26T12:30:08.423+0000] {taskinstance.py:3924} INFO - 1 downstream tasks scheduled from follow-on schedule check
[2026-02-26T12:30:08.427+0000] {local_task_job_runner.py:245} INFO - ::endgroup::
