[2026-02-26T13:50:01.721+0000] {local_task_job_runner.py:123} INFO - ::group::Pre task execution logs
[2026-02-26T13:50:01.745+0000] {taskinstance.py:2631} INFO - Dependencies all met for dep_context=non-requeueable deps ti=<TaskInstance: 02_etl_pipeline_incremental.check_and_get_file scheduled__2026-02-26T13:45:00+00:00 [queued]>
[2026-02-26T13:50:01.754+0000] {taskinstance.py:2631} INFO - Dependencies all met for dep_context=requeueable deps ti=<TaskInstance: 02_etl_pipeline_incremental.check_and_get_file scheduled__2026-02-26T13:45:00+00:00 [queued]>
[2026-02-26T13:50:01.756+0000] {taskinstance.py:2884} INFO - Starting attempt 1 of 2
[2026-02-26T13:50:01.774+0000] {taskinstance.py:2907} INFO - Executing <Task(ShortCircuitOperator): check_and_get_file> on 2026-02-26 13:45:00+00:00
[2026-02-26T13:50:01.783+0000] {standard_task_runner.py:72} INFO - Started process 4926 to run task
[2026-02-26T13:50:01.788+0000] {standard_task_runner.py:104} INFO - Running: ['***', 'tasks', 'run', '02_etl_pipeline_incremental', 'check_and_get_file', 'scheduled__2026-02-26T13:45:00+00:00', '--job-id', '696', '--raw', '--subdir', 'DAGS_FOLDER/02_etl_pipeline.py', '--cfg-path', '/tmp/tmpj9uccqes']
[2026-02-26T13:50:01.791+0000] {standard_task_runner.py:105} INFO - Job 696: Subtask check_and_get_file
[2026-02-26T13:50:02.052+0000] {task_command.py:467} INFO - Running <TaskInstance: 02_etl_pipeline_incremental.check_and_get_file scheduled__2026-02-26T13:45:00+00:00 [running]> on host d54c9b653406
[2026-02-26T13:50:02.150+0000] {taskinstance.py:3157} INFO - Exporting env vars: AIRFLOW_CTX_DAG_OWNER='***' AIRFLOW_CTX_DAG_ID='02_etl_pipeline_incremental' AIRFLOW_CTX_TASK_ID='check_and_get_file' AIRFLOW_CTX_EXECUTION_DATE='2026-02-26T13:45:00+00:00' AIRFLOW_CTX_TRY_NUMBER='1' AIRFLOW_CTX_DAG_RUN_ID='scheduled__2026-02-26T13:45:00+00:00'
[2026-02-26T13:50:02.152+0000] {logging_mixin.py:190} INFO - Task instance is in running state
[2026-02-26T13:50:02.154+0000] {logging_mixin.py:190} INFO -  Previous state of the Task instance: queued
[2026-02-26T13:50:02.155+0000] {logging_mixin.py:190} INFO - Current task name:check_and_get_file state:running start_date:2026-02-26 13:50:01.746771+00:00
[2026-02-26T13:50:02.155+0000] {logging_mixin.py:190} INFO - Dag name:02_etl_pipeline_incremental and current dag run status:running
[2026-02-26T13:50:02.156+0000] {taskinstance.py:740} INFO - ::endgroup::
[2026-02-26T13:50:02.157+0000] {baseoperator.py:423} WARNING - ShortCircuitOperator.execute cannot be called outside TaskInstance!
[2026-02-26T13:50:02.162+0000] {logging_mixin.py:190} INFO - There aren't new files. Pass.
[2026-02-26T13:50:02.163+0000] {python.py:240} INFO - Done. Returned value was: False
[2026-02-26T13:50:02.165+0000] {python.py:309} INFO - Condition result is False
[2026-02-26T13:50:02.166+0000] {python.py:336} INFO - Skipping downstream tasks
[2026-02-26T13:50:02.191+0000] {python.py:344} INFO - Done.
[2026-02-26T13:50:02.213+0000] {taskinstance.py:349} INFO - ::group::Post task execution logs
[2026-02-26T13:50:02.215+0000] {taskinstance.py:361} INFO - Marking task as SUCCESS. dag_id=02_etl_pipeline_incremental, task_id=check_and_get_file, run_id=scheduled__2026-02-26T13:45:00+00:00, execution_date=20260226T134500, start_date=20260226T135001, end_date=20260226T135002
[2026-02-26T13:50:02.239+0000] {logging_mixin.py:190} INFO - Task instance in success state
[2026-02-26T13:50:02.240+0000] {logging_mixin.py:190} INFO -  Previous state of the Task instance: running
[2026-02-26T13:50:02.242+0000] {logging_mixin.py:190} INFO - Dag name:02_etl_pipeline_incremental queued_at:2026-02-26 13:50:00.149038+00:00
[2026-02-26T13:50:02.243+0000] {logging_mixin.py:190} INFO - Task hostname:d54c9b653406 operator:ShortCircuitOperator
[2026-02-26T13:50:02.284+0000] {local_task_job_runner.py:266} INFO - Task exited with return code 0
[2026-02-26T13:50:02.456+0000] {taskinstance.py:3924} INFO - 0 downstream tasks scheduled from follow-on schedule check
[2026-02-26T13:50:02.460+0000] {local_task_job_runner.py:245} INFO - ::endgroup::
