[2026-02-26T13:19:09.012+0000] {local_task_job_runner.py:123} INFO - ::group::Pre task execution logs
[2026-02-26T13:19:09.045+0000] {taskinstance.py:2631} INFO - Dependencies all met for dep_context=non-requeueable deps ti=<TaskInstance: 01_init_infrastructure.11_sp_facts manual__2026-02-26T13:18:17.367891+00:00 [queued]>
[2026-02-26T13:19:09.061+0000] {taskinstance.py:2631} INFO - Dependencies all met for dep_context=requeueable deps ti=<TaskInstance: 01_init_infrastructure.11_sp_facts manual__2026-02-26T13:18:17.367891+00:00 [queued]>
[2026-02-26T13:19:09.063+0000] {taskinstance.py:2884} INFO - Starting attempt 1 of 1
[2026-02-26T13:19:09.221+0000] {taskinstance.py:2907} INFO - Executing <Task(SQLExecuteQueryOperator): 11_sp_facts> on 2026-02-26 13:18:17.367891+00:00
[2026-02-26T13:19:09.231+0000] {standard_task_runner.py:72} INFO - Started process 4419 to run task
[2026-02-26T13:19:09.236+0000] {standard_task_runner.py:104} INFO - Running: ['***', 'tasks', 'run', '01_init_infrastructure', '11_sp_facts', 'manual__2026-02-26T13:18:17.367891+00:00', '--job-id', '670', '--raw', '--subdir', 'DAGS_FOLDER/01_init_infrastructure.py', '--cfg-path', '/tmp/tmpw_lz8fr6']
[2026-02-26T13:19:09.239+0000] {standard_task_runner.py:105} INFO - Job 670: Subtask 11_sp_facts
[2026-02-26T13:19:09.314+0000] {task_command.py:467} INFO - Running <TaskInstance: 01_init_infrastructure.11_sp_facts manual__2026-02-26T13:18:17.367891+00:00 [running]> on host d54c9b653406
[2026-02-26T13:19:09.424+0000] {taskinstance.py:3157} INFO - Exporting env vars: AIRFLOW_CTX_DAG_OWNER='***' AIRFLOW_CTX_DAG_ID='01_init_infrastructure' AIRFLOW_CTX_TASK_ID='11_sp_facts' AIRFLOW_CTX_EXECUTION_DATE='2026-02-26T13:18:17.367891+00:00' AIRFLOW_CTX_TRY_NUMBER='1' AIRFLOW_CTX_DAG_RUN_ID='manual__2026-02-26T13:18:17.367891+00:00'
[2026-02-26T13:19:09.427+0000] {logging_mixin.py:190} INFO - Task instance is in running state
[2026-02-26T13:19:09.429+0000] {logging_mixin.py:190} INFO -  Previous state of the Task instance: queued
[2026-02-26T13:19:09.431+0000] {logging_mixin.py:190} INFO - Current task name:11_sp_facts state:running start_date:2026-02-26 13:19:09.047660+00:00
[2026-02-26T13:19:09.432+0000] {logging_mixin.py:190} INFO - Dag name:01_init_infrastructure and current dag run status:running
[2026-02-26T13:19:09.433+0000] {taskinstance.py:740} INFO - ::endgroup::
[2026-02-26T13:19:09.436+0000] {sql.py:306} INFO - Executing: CREATE OR REPLACE PROCEDURE AIRLINE_DWH.SILVER_DATA.SP_LOAD_FACT_AIRLINE()
RETURNS VARCHAR
LANGUAGE SQL
AS
$$
DECLARE
    rows_inserted INT;
BEGIN
    BEGIN TRANSACTION;
    IF (SYSTEM$STREAM_HAS_DATA('AIRLINE_DWH.RAW_DATA.STREAM_FOR_FACTS') = FALSE) THEN
        COMMIT;
        RETURN 'No data';
    END IF;

    -- insert facts with keys (JOIN)
    INSERT INTO AIRLINE_DWH.SILVER_DATA.FACT_AIRLINE (
        passenger_sk, pilot_sk, airport_sk, 
        departure_date, flight_status, ticket_type
    )
    SELECT 
        P.passenger_sk,
        PL.pilot_sk,
        A.airport_sk,
        TRY_TO_DATE(R.departure_date, 'MM/DD/YYYY'), -- Parse date
        R.flight_status,
        R.ticket_type
    FROM AIRLINE_DWH.RAW_DATA.STREAM_FOR_FACTS R
    -- 1. Looking fopr passenger (actual)
    LEFT JOIN AIRLINE_DWH.SILVER_DATA.DIM_PASSENGERS P 
        ON R.passenger_id = P.passenger_id 
        AND P.is_current = TRUE -- Only current version
    -- 2. Looking for pilot
    LEFT JOIN AIRLINE_DWH.SILVER_DATA.DIM_PILOTS PL 
        ON R.pilot_name = PL.pilot_name
    -- 3. Looking for airport
    LEFT JOIN AIRLINE_DWH.SILVER_DATA.DIM_AIRPORTS A 
        ON R.airport_name = A.airport_name
    WHERE R.METADATA$ACTION = 'INSERT';

    rows_inserted := SQLROWCOUNT;

    INSERT INTO AIRLINE_DWH.UTILS.ETL_LOGS (process_name, layer, rows_affected, status)
    VALUES ('SP_LOAD_FACT_AIRLINE', 'SILVER', :rows_inserted, 'SUCCESS');

    COMMIT;
    RETURN 'Loaded Facts: ' || :rows_inserted;

END;
$$;
[2026-02-26T13:19:09.459+0000] {base.py:84} INFO - Retrieving connection 'snowflake_default'
[2026-02-26T13:19:09.620+0000] {base.py:84} INFO - Retrieving connection 'snowflake_default'
[2026-02-26T13:19:09.622+0000] {connection.py:486} INFO - Snowflake Connector for Python Version: 3.15.0, Python Version: 3.10.17, Platform: Linux-6.6.87.2-microsoft-standard-WSL2-x86_64-with-glibc2.36
[2026-02-26T13:19:09.625+0000] {connection.py:1391} INFO - Connecting to GLOBAL Snowflake domain
[2026-02-26T13:19:10.696+0000] {snowflake.py:521} INFO - Running statement: CREATE OR REPLACE PROCEDURE AIRLINE_DWH.SILVER_DATA.SP_LOAD_FACT_AIRLINE()
RETURNS VARCHAR
LANGUAGE SQL
AS
$$
DECLARE
    rows_inserted INT;
BEGIN
    BEGIN TRANSACTION;
    IF (SYSTEM$STREAM_HAS_DATA('AIRLINE_DWH.RAW_DATA.STREAM_FOR_FACTS') = FALSE) THEN
        COMMIT;
        RETURN 'No data';
    END IF;

    -- insert facts with keys (JOIN)
    INSERT INTO AIRLINE_DWH.SILVER_DATA.FACT_AIRLINE (
        passenger_sk, pilot_sk, airport_sk, 
        departure_date, flight_status, ticket_type
    )
    SELECT 
        P.passenger_sk,
        PL.pilot_sk,
        A.airport_sk,
        TRY_TO_DATE(R.departure_date, 'MM/DD/YYYY'), -- Parse date
        R.flight_status,
        R.ticket_type
    FROM AIRLINE_DWH.RAW_DATA.STREAM_FOR_FACTS R
    -- 1. Looking fopr passenger (actual)
    LEFT JOIN AIRLINE_DWH.SILVER_DATA.DIM_PASSENGERS P 
        ON R.passenger_id = P.passenger_id 
        AND P.is_current = TRUE -- Only current version
    -- 2. Looking for pilot
    LEFT JOIN AIRLINE_DWH.SILVER_DATA.DIM_PILOTS PL 
        ON R.pilot_name = PL.pilot_name
    -- 3. Looking for airport
    LEFT JOIN AIRLINE_DWH.SILVER_DATA.DIM_AIRPORTS A 
        ON R.airport_name = A.airport_name
    WHERE R.METADATA$ACTION = 'INSERT';

    rows_inserted := SQLROWCOUNT;

    INSERT INTO AIRLINE_DWH.UTILS.ETL_LOGS (process_name, layer, rows_affected, status)
    VALUES ('SP_LOAD_FACT_AIRLINE', 'SILVER', :rows_inserted, 'SUCCESS');

    COMMIT;
    RETURN 'Loaded Facts: ' || :rows_inserted;

END;
$$;, parameters: None
[2026-02-26T13:19:10.698+0000] {sql.py:814} INFO - Running statement: CREATE OR REPLACE PROCEDURE AIRLINE_DWH.SILVER_DATA.SP_LOAD_FACT_AIRLINE()
RETURNS VARCHAR
LANGUAGE SQL
AS
$$
DECLARE
    rows_inserted INT;
BEGIN
    BEGIN TRANSACTION;
    IF (SYSTEM$STREAM_HAS_DATA('AIRLINE_DWH.RAW_DATA.STREAM_FOR_FACTS') = FALSE) THEN
        COMMIT;
        RETURN 'No data';
    END IF;

    -- insert facts with keys (JOIN)
    INSERT INTO AIRLINE_DWH.SILVER_DATA.FACT_AIRLINE (
        passenger_sk, pilot_sk, airport_sk, 
        departure_date, flight_status, ticket_type
    )
    SELECT 
        P.passenger_sk,
        PL.pilot_sk,
        A.airport_sk,
        TRY_TO_DATE(R.departure_date, 'MM/DD/YYYY'), -- Parse date
        R.flight_status,
        R.ticket_type
    FROM AIRLINE_DWH.RAW_DATA.STREAM_FOR_FACTS R
    -- 1. Looking fopr passenger (actual)
    LEFT JOIN AIRLINE_DWH.SILVER_DATA.DIM_PASSENGERS P 
        ON R.passenger_id = P.passenger_id 
        AND P.is_current = TRUE -- Only current version
    -- 2. Looking for pilot
    LEFT JOIN AIRLINE_DWH.SILVER_DATA.DIM_PILOTS PL 
        ON R.pilot_name = PL.pilot_name
    -- 3. Looking for airport
    LEFT JOIN AIRLINE_DWH.SILVER_DATA.DIM_AIRPORTS A 
        ON R.airport_name = A.airport_name
    WHERE R.METADATA$ACTION = 'INSERT';

    rows_inserted := SQLROWCOUNT;

    INSERT INTO AIRLINE_DWH.UTILS.ETL_LOGS (process_name, layer, rows_affected, status)
    VALUES ('SP_LOAD_FACT_AIRLINE', 'SILVER', :rows_inserted, 'SUCCESS');

    COMMIT;
    RETURN 'Loaded Facts: ' || :rows_inserted;

END;
$$;, parameters: None
[2026-02-26T13:19:10.831+0000] {sql.py:823} INFO - Rows affected: 1
[2026-02-26T13:19:10.833+0000] {snowflake.py:534} INFO - Rows affected: 1
[2026-02-26T13:19:10.834+0000] {snowflake.py:535} INFO - Snowflake query id: 01c2abdf-0005-0f17-0001-37ce0008b0de
[2026-02-26T13:19:11.058+0000] {taskinstance.py:349} INFO - ::group::Post task execution logs
[2026-02-26T13:19:11.060+0000] {taskinstance.py:361} INFO - Marking task as SUCCESS. dag_id=01_init_infrastructure, task_id=11_sp_facts, run_id=manual__2026-02-26T13:18:17.367891+00:00, execution_date=20260226T131817, start_date=20260226T131909, end_date=20260226T131911
[2026-02-26T13:19:11.093+0000] {logging_mixin.py:190} INFO - Task instance in success state
[2026-02-26T13:19:11.095+0000] {logging_mixin.py:190} INFO -  Previous state of the Task instance: running
[2026-02-26T13:19:11.096+0000] {logging_mixin.py:190} INFO - Dag name:01_init_infrastructure queued_at:2026-02-26 13:18:17.396222+00:00
[2026-02-26T13:19:11.097+0000] {logging_mixin.py:190} INFO - Task hostname:d54c9b653406 operator:SQLExecuteQueryOperator
[2026-02-26T13:19:11.144+0000] {local_task_job_runner.py:266} INFO - Task exited with return code 0
[2026-02-26T13:19:11.182+0000] {taskinstance.py:3924} INFO - 1 downstream tasks scheduled from follow-on schedule check
[2026-02-26T13:19:11.186+0000] {local_task_job_runner.py:245} INFO - ::endgroup::
