[2026-02-26T12:28:52.100+0000] {local_task_job_runner.py:123} INFO - ::group::Pre task execution logs
[2026-02-26T12:28:52.131+0000] {taskinstance.py:2631} INFO - Dependencies all met for dep_context=non-requeueable deps ti=<TaskInstance: 01_init_infrastructure.00_create_warehouse manual__2026-02-26T12:28:48.154880+00:00 [queued]>
[2026-02-26T12:28:52.148+0000] {taskinstance.py:2631} INFO - Dependencies all met for dep_context=requeueable deps ti=<TaskInstance: 01_init_infrastructure.00_create_warehouse manual__2026-02-26T12:28:48.154880+00:00 [queued]>
[2026-02-26T12:28:52.149+0000] {taskinstance.py:2884} INFO - Starting attempt 1 of 1
[2026-02-26T12:28:52.392+0000] {taskinstance.py:2907} INFO - Executing <Task(SQLExecuteQueryOperator): 00_create_warehouse> on 2026-02-26 12:28:48.154880+00:00
[2026-02-26T12:28:52.403+0000] {standard_task_runner.py:72} INFO - Started process 3346 to run task
[2026-02-26T12:28:52.411+0000] {standard_task_runner.py:104} INFO - Running: ['***', 'tasks', 'run', '01_init_infrastructure', '00_create_warehouse', 'manual__2026-02-26T12:28:48.154880+00:00', '--job-id', '569', '--raw', '--subdir', 'DAGS_FOLDER/01_init_infrastructure.py', '--cfg-path', '/tmp/tmppashnif2']
[2026-02-26T12:28:52.414+0000] {standard_task_runner.py:105} INFO - Job 569: Subtask 00_create_warehouse
[2026-02-26T12:28:52.510+0000] {task_command.py:467} INFO - Running <TaskInstance: 01_init_infrastructure.00_create_warehouse manual__2026-02-26T12:28:48.154880+00:00 [running]> on host d54c9b653406
[2026-02-26T12:28:52.644+0000] {taskinstance.py:3157} INFO - Exporting env vars: AIRFLOW_CTX_DAG_OWNER='***' AIRFLOW_CTX_DAG_ID='01_init_infrastructure' AIRFLOW_CTX_TASK_ID='00_create_warehouse' AIRFLOW_CTX_EXECUTION_DATE='2026-02-26T12:28:48.154880+00:00' AIRFLOW_CTX_TRY_NUMBER='1' AIRFLOW_CTX_DAG_RUN_ID='manual__2026-02-26T12:28:48.154880+00:00'
[2026-02-26T12:28:52.648+0000] {logging_mixin.py:190} INFO - Task instance is in running state
[2026-02-26T12:28:52.649+0000] {logging_mixin.py:190} INFO -  Previous state of the Task instance: queued
[2026-02-26T12:28:52.650+0000] {logging_mixin.py:190} INFO - Current task name:00_create_warehouse state:running start_date:2026-02-26 12:28:52.132876+00:00
[2026-02-26T12:28:52.652+0000] {logging_mixin.py:190} INFO - Dag name:01_init_infrastructure and current dag run status:running
[2026-02-26T12:28:52.653+0000] {taskinstance.py:740} INFO - ::endgroup::
[2026-02-26T12:28:52.654+0000] {sql.py:306} INFO - Executing: 
CREATE WAREHOUSE IF NOT EXISTS AIRLINE_WH
    WITH WAREHOUSE_SIZE = 'X-SMALL'
    AUTO_SUSPEND = 60           -- sleep after 60 seconds
    AUTO_RESUME = TRUE          -- wake up itself if there is query
    INITIALLY_SUSPENDED = TRUE; -- initially it would be sleep
[2026-02-26T12:28:52.675+0000] {base.py:84} INFO - Retrieving connection 'snowflake_default'
[2026-02-26T12:28:52.937+0000] {base.py:84} INFO - Retrieving connection 'snowflake_default'
[2026-02-26T12:28:52.940+0000] {connection.py:486} INFO - Snowflake Connector for Python Version: 3.15.0, Python Version: 3.10.17, Platform: Linux-6.6.87.2-microsoft-standard-WSL2-x86_64-with-glibc2.36
[2026-02-26T12:28:52.942+0000] {connection.py:1391} INFO - Connecting to GLOBAL Snowflake domain
[2026-02-26T12:28:54.335+0000] {snowflake.py:521} INFO - Running statement: CREATE WAREHOUSE IF NOT EXISTS AIRLINE_WH
    WITH WAREHOUSE_SIZE = 'X-SMALL'
    AUTO_SUSPEND = 60           -- sleep after 60 seconds
    AUTO_RESUME = TRUE          -- wake up itself if there is query
    INITIALLY_SUSPENDED = TRUE; -- initially it would be sleep, parameters: None
[2026-02-26T12:28:54.336+0000] {sql.py:814} INFO - Running statement: CREATE WAREHOUSE IF NOT EXISTS AIRLINE_WH
    WITH WAREHOUSE_SIZE = 'X-SMALL'
    AUTO_SUSPEND = 60           -- sleep after 60 seconds
    AUTO_RESUME = TRUE          -- wake up itself if there is query
    INITIALLY_SUSPENDED = TRUE; -- initially it would be sleep, parameters: None
[2026-02-26T12:28:54.431+0000] {sql.py:823} INFO - Rows affected: 1
[2026-02-26T12:28:54.433+0000] {snowflake.py:534} INFO - Rows affected: 1
[2026-02-26T12:28:54.435+0000] {snowflake.py:535} INFO - Snowflake query id: 01c2abac-0005-0f0f-0001-37ce00088886
[2026-02-26T12:28:54.661+0000] {taskinstance.py:349} INFO - ::group::Post task execution logs
[2026-02-26T12:28:54.662+0000] {taskinstance.py:361} INFO - Marking task as SUCCESS. dag_id=01_init_infrastructure, task_id=00_create_warehouse, run_id=manual__2026-02-26T12:28:48.154880+00:00, execution_date=20260226T122848, start_date=20260226T122852, end_date=20260226T122854
[2026-02-26T12:28:54.696+0000] {logging_mixin.py:190} INFO - Task instance in success state
[2026-02-26T12:28:54.698+0000] {logging_mixin.py:190} INFO -  Previous state of the Task instance: running
[2026-02-26T12:28:54.699+0000] {logging_mixin.py:190} INFO - Dag name:01_init_infrastructure queued_at:2026-02-26 12:28:48.172982+00:00
[2026-02-26T12:28:54.700+0000] {logging_mixin.py:190} INFO - Task hostname:d54c9b653406 operator:SQLExecuteQueryOperator
[2026-02-26T12:28:54.755+0000] {local_task_job_runner.py:266} INFO - Task exited with return code 0
[2026-02-26T12:28:54.789+0000] {taskinstance.py:3924} INFO - 0 downstream tasks scheduled from follow-on schedule check
[2026-02-26T12:28:54.793+0000] {local_task_job_runner.py:245} INFO - ::endgroup::
