[2026-02-26T12:12:58.836+0000] {local_task_job_runner.py:123} INFO - ::group::Pre task execution logs
[2026-02-26T12:12:58.881+0000] {taskinstance.py:2631} INFO - Dependencies all met for dep_context=non-requeueable deps ti=<TaskInstance: 02_etl_pipeline_incremental.load_silver_pilots manual__2026-02-26T11:59:50.036547+00:00 [queued]>
[2026-02-26T12:12:58.899+0000] {taskinstance.py:2631} INFO - Dependencies all met for dep_context=requeueable deps ti=<TaskInstance: 02_etl_pipeline_incremental.load_silver_pilots manual__2026-02-26T11:59:50.036547+00:00 [queued]>
[2026-02-26T12:12:58.901+0000] {taskinstance.py:2884} INFO - Starting attempt 2 of 2
[2026-02-26T12:12:59.131+0000] {taskinstance.py:2907} INFO - Executing <Task(SQLExecuteQueryOperator): load_silver_pilots> on 2026-02-26 11:59:50.036547+00:00
[2026-02-26T12:12:59.145+0000] {standard_task_runner.py:72} INFO - Started process 2945 to run task
[2026-02-26T12:12:59.154+0000] {standard_task_runner.py:104} INFO - Running: ['***', 'tasks', 'run', '02_etl_pipeline_incremental', 'load_silver_pilots', 'manual__2026-02-26T11:59:50.036547+00:00', '--job-id', '522', '--raw', '--subdir', 'DAGS_FOLDER/02_etl_pipeline.py', '--cfg-path', '/tmp/tmpn5gdjoy_']
[2026-02-26T12:12:59.158+0000] {standard_task_runner.py:105} INFO - Job 522: Subtask load_silver_pilots
[2026-02-26T12:12:59.263+0000] {task_command.py:467} INFO - Running <TaskInstance: 02_etl_pipeline_incremental.load_silver_pilots manual__2026-02-26T11:59:50.036547+00:00 [running]> on host d54c9b653406
[2026-02-26T12:12:59.379+0000] {taskinstance.py:3157} INFO - Exporting env vars: AIRFLOW_CTX_DAG_OWNER='***' AIRFLOW_CTX_DAG_ID='02_etl_pipeline_incremental' AIRFLOW_CTX_TASK_ID='load_silver_pilots' AIRFLOW_CTX_EXECUTION_DATE='2026-02-26T11:59:50.036547+00:00' AIRFLOW_CTX_TRY_NUMBER='2' AIRFLOW_CTX_DAG_RUN_ID='manual__2026-02-26T11:59:50.036547+00:00'
[2026-02-26T12:12:59.383+0000] {logging_mixin.py:190} INFO - Task instance is in running state
[2026-02-26T12:12:59.385+0000] {logging_mixin.py:190} INFO -  Previous state of the Task instance: queued
[2026-02-26T12:12:59.386+0000] {logging_mixin.py:190} INFO - Current task name:load_silver_pilots state:running start_date:2026-02-26 12:12:58.883023+00:00
[2026-02-26T12:12:59.387+0000] {logging_mixin.py:190} INFO - Dag name:02_etl_pipeline_incremental and current dag run status:running
[2026-02-26T12:12:59.389+0000] {taskinstance.py:740} INFO - ::endgroup::
[2026-02-26T12:12:59.390+0000] {sql.py:306} INFO - Executing: CALL AIRLINE_DWH.SILVER_DATA.SP_LOAD_DIM_PILOTS();
[2026-02-26T12:12:59.410+0000] {base.py:84} INFO - Retrieving connection 'snowflake_default'
[2026-02-26T12:12:59.619+0000] {base.py:84} INFO - Retrieving connection 'snowflake_default'
[2026-02-26T12:12:59.621+0000] {connection.py:486} INFO - Snowflake Connector for Python Version: 3.15.0, Python Version: 3.10.17, Platform: Linux-6.6.87.2-microsoft-standard-WSL2-x86_64-with-glibc2.36
[2026-02-26T12:12:59.623+0000] {connection.py:1391} INFO - Connecting to GLOBAL Snowflake domain
[2026-02-26T12:13:00.811+0000] {snowflake.py:521} INFO - Running statement: CALL AIRLINE_DWH.SILVER_DATA.SP_LOAD_DIM_PILOTS();, parameters: None
[2026-02-26T12:13:00.813+0000] {sql.py:814} INFO - Running statement: CALL AIRLINE_DWH.SILVER_DATA.SP_LOAD_DIM_PILOTS();, parameters: None
[2026-02-26T12:13:01.264+0000] {sql.py:823} INFO - Rows affected: 1
[2026-02-26T12:13:01.266+0000] {snowflake.py:534} INFO - Rows affected: 1
[2026-02-26T12:13:01.268+0000] {snowflake.py:535} INFO - Snowflake query id: 01c2ab9d-0005-0f1f-0001-37ce00087092
[2026-02-26T12:13:01.489+0000] {taskinstance.py:349} INFO - ::group::Post task execution logs
[2026-02-26T12:13:01.491+0000] {taskinstance.py:361} INFO - Marking task as SUCCESS. dag_id=02_etl_pipeline_incremental, task_id=load_silver_pilots, run_id=manual__2026-02-26T11:59:50.036547+00:00, execution_date=20260226T115950, start_date=20260226T121258, end_date=20260226T121301
[2026-02-26T12:13:01.522+0000] {logging_mixin.py:190} INFO - Task instance in success state
[2026-02-26T12:13:01.524+0000] {logging_mixin.py:190} INFO -  Previous state of the Task instance: running
[2026-02-26T12:13:01.525+0000] {logging_mixin.py:190} INFO - Dag name:02_etl_pipeline_incremental queued_at:2026-02-26 11:59:50.097492+00:00
[2026-02-26T12:13:01.526+0000] {logging_mixin.py:190} INFO - Task hostname:d54c9b653406 operator:SQLExecuteQueryOperator
[2026-02-26T12:13:01.579+0000] {local_task_job_runner.py:266} INFO - Task exited with return code 0
[2026-02-26T12:13:01.632+0000] {taskinstance.py:3924} INFO - 0 downstream tasks scheduled from follow-on schedule check
[2026-02-26T12:13:01.637+0000] {local_task_job_runner.py:245} INFO - ::endgroup::
