[2026-02-26T12:29:07.053+0000] {local_task_job_runner.py:123} INFO - ::group::Pre task execution logs
[2026-02-26T12:29:07.086+0000] {taskinstance.py:2631} INFO - Dependencies all met for dep_context=non-requeueable deps ti=<TaskInstance: 01_init_infrastructure.04_create_bronze_layer manual__2026-02-26T12:28:48.154880+00:00 [queued]>
[2026-02-26T12:29:07.098+0000] {taskinstance.py:2631} INFO - Dependencies all met for dep_context=requeueable deps ti=<TaskInstance: 01_init_infrastructure.04_create_bronze_layer manual__2026-02-26T12:28:48.154880+00:00 [queued]>
[2026-02-26T12:29:07.101+0000] {taskinstance.py:2884} INFO - Starting attempt 1 of 1
[2026-02-26T12:29:07.231+0000] {taskinstance.py:2907} INFO - Executing <Task(SQLExecuteQueryOperator): 04_create_bronze_layer> on 2026-02-26 12:28:48.154880+00:00
[2026-02-26T12:29:07.242+0000] {standard_task_runner.py:72} INFO - Started process 3358 to run task
[2026-02-26T12:29:07.248+0000] {standard_task_runner.py:104} INFO - Running: ['***', 'tasks', 'run', '01_init_infrastructure', '04_create_bronze_layer', 'manual__2026-02-26T12:28:48.154880+00:00', '--job-id', '573', '--raw', '--subdir', 'DAGS_FOLDER/01_init_infrastructure.py', '--cfg-path', '/tmp/tmpxaxd2xg_']
[2026-02-26T12:29:07.251+0000] {standard_task_runner.py:105} INFO - Job 573: Subtask 04_create_bronze_layer
[2026-02-26T12:29:07.326+0000] {task_command.py:467} INFO - Running <TaskInstance: 01_init_infrastructure.04_create_bronze_layer manual__2026-02-26T12:28:48.154880+00:00 [running]> on host d54c9b653406
[2026-02-26T12:29:07.415+0000] {taskinstance.py:3157} INFO - Exporting env vars: AIRFLOW_CTX_DAG_OWNER='***' AIRFLOW_CTX_DAG_ID='01_init_infrastructure' AIRFLOW_CTX_TASK_ID='04_create_bronze_layer' AIRFLOW_CTX_EXECUTION_DATE='2026-02-26T12:28:48.154880+00:00' AIRFLOW_CTX_TRY_NUMBER='1' AIRFLOW_CTX_DAG_RUN_ID='manual__2026-02-26T12:28:48.154880+00:00'
[2026-02-26T12:29:07.419+0000] {logging_mixin.py:190} INFO - Task instance is in running state
[2026-02-26T12:29:07.420+0000] {logging_mixin.py:190} INFO -  Previous state of the Task instance: queued
[2026-02-26T12:29:07.422+0000] {logging_mixin.py:190} INFO - Current task name:04_create_bronze_layer state:running start_date:2026-02-26 12:29:07.087649+00:00
[2026-02-26T12:29:07.424+0000] {logging_mixin.py:190} INFO - Dag name:01_init_infrastructure and current dag run status:running
[2026-02-26T12:29:07.425+0000] {taskinstance.py:740} INFO - ::endgroup::
[2026-02-26T12:29:07.426+0000] {sql.py:306} INFO - Executing: USE DATABASE AIRLINE_DWH;
USE SCHEMA RAW_DATA;

-- Raw Data
CREATE OR REPLACE TABLE AIRLINE_RAW (
    row_id VARCHAR,
    passenger_id VARCHAR,
    first_name VARCHAR,
    last_name VARCHAR,
    gender VARCHAR,
    age VARCHAR,
    nationality VARCHAR,
    airport_name VARCHAR,
    airport_country_code VARCHAR,
    country_name VARCHAR,
    airport_continent VARCHAR,
    continents VARCHAR,
    departure_date VARCHAR,
    arrival_airport VARCHAR,
    pilot_name VARCHAR,
    flight_status VARCHAR,
    ticket_type VARCHAR,
    passenger_status VARCHAR,
    ingestion_time TIMESTAMP_NTZ DEFAULT CURRENT_TIMESTAMP()
);

-- Stream, Fan-out pattern
CREATE OR REPLACE STREAM STREAM_FOR_PASSENGERS ON TABLE AIRLINE_RAW;
CREATE OR REPLACE STREAM STREAM_FOR_PILOTS     ON TABLE AIRLINE_RAW;
CREATE OR REPLACE STREAM STREAM_FOR_AIRPORTS   ON TABLE AIRLINE_RAW;
CREATE OR REPLACE STREAM STREAM_FOR_FACTS      ON TABLE AIRLINE_RAW;
[2026-02-26T12:29:07.439+0000] {base.py:84} INFO - Retrieving connection 'snowflake_default'
[2026-02-26T12:29:07.594+0000] {base.py:84} INFO - Retrieving connection 'snowflake_default'
[2026-02-26T12:29:07.596+0000] {connection.py:486} INFO - Snowflake Connector for Python Version: 3.15.0, Python Version: 3.10.17, Platform: Linux-6.6.87.2-microsoft-standard-WSL2-x86_64-with-glibc2.36
[2026-02-26T12:29:07.598+0000] {connection.py:1391} INFO - Connecting to GLOBAL Snowflake domain
[2026-02-26T12:29:08.002+0000] {snowflake.py:521} INFO - Running statement: USE DATABASE AIRLINE_DWH;, parameters: None
[2026-02-26T12:29:08.004+0000] {sql.py:814} INFO - Running statement: USE DATABASE AIRLINE_DWH;, parameters: None
[2026-02-26T12:29:08.077+0000] {sql.py:823} INFO - Rows affected: 1
[2026-02-26T12:29:08.079+0000] {snowflake.py:534} INFO - Rows affected: 1
[2026-02-26T12:29:08.080+0000] {snowflake.py:535} INFO - Snowflake query id: 01c2abad-0005-0f0f-0001-37ce000888a6
[2026-02-26T12:29:08.081+0000] {snowflake.py:521} INFO - Running statement: USE SCHEMA RAW_DATA;, parameters: None
[2026-02-26T12:29:08.082+0000] {sql.py:814} INFO - Running statement: USE SCHEMA RAW_DATA;, parameters: None
[2026-02-26T12:29:08.166+0000] {sql.py:823} INFO - Rows affected: 1
[2026-02-26T12:29:08.168+0000] {snowflake.py:534} INFO - Rows affected: 1
[2026-02-26T12:29:08.169+0000] {snowflake.py:535} INFO - Snowflake query id: 01c2abad-0005-0f17-0001-37ce0008990a
[2026-02-26T12:29:08.170+0000] {snowflake.py:521} INFO - Running statement: -- Raw Data
CREATE OR REPLACE TABLE AIRLINE_RAW (
    row_id VARCHAR,
    passenger_id VARCHAR,
    first_name VARCHAR,
    last_name VARCHAR,
    gender VARCHAR,
    age VARCHAR,
    nationality VARCHAR,
    airport_name VARCHAR,
    airport_country_code VARCHAR,
    country_name VARCHAR,
    airport_continent VARCHAR,
    continents VARCHAR,
    departure_date VARCHAR,
    arrival_airport VARCHAR,
    pilot_name VARCHAR,
    flight_status VARCHAR,
    ticket_type VARCHAR,
    passenger_status VARCHAR,
    ingestion_time TIMESTAMP_NTZ DEFAULT CURRENT_TIMESTAMP()
);, parameters: None
[2026-02-26T12:29:08.171+0000] {sql.py:814} INFO - Running statement: -- Raw Data
CREATE OR REPLACE TABLE AIRLINE_RAW (
    row_id VARCHAR,
    passenger_id VARCHAR,
    first_name VARCHAR,
    last_name VARCHAR,
    gender VARCHAR,
    age VARCHAR,
    nationality VARCHAR,
    airport_name VARCHAR,
    airport_country_code VARCHAR,
    country_name VARCHAR,
    airport_continent VARCHAR,
    continents VARCHAR,
    departure_date VARCHAR,
    arrival_airport VARCHAR,
    pilot_name VARCHAR,
    flight_status VARCHAR,
    ticket_type VARCHAR,
    passenger_status VARCHAR,
    ingestion_time TIMESTAMP_NTZ DEFAULT CURRENT_TIMESTAMP()
);, parameters: None
[2026-02-26T12:29:08.374+0000] {sql.py:823} INFO - Rows affected: 1
[2026-02-26T12:29:08.376+0000] {snowflake.py:534} INFO - Rows affected: 1
[2026-02-26T12:29:08.377+0000] {snowflake.py:535} INFO - Snowflake query id: 01c2abad-0005-0f0f-0001-37ce000888aa
[2026-02-26T12:29:08.378+0000] {snowflake.py:521} INFO - Running statement: -- Stream, Fan-out pattern
CREATE OR REPLACE STREAM STREAM_FOR_PASSENGERS ON TABLE AIRLINE_RAW;, parameters: None
[2026-02-26T12:29:08.380+0000] {sql.py:814} INFO - Running statement: -- Stream, Fan-out pattern
CREATE OR REPLACE STREAM STREAM_FOR_PASSENGERS ON TABLE AIRLINE_RAW;, parameters: None
[2026-02-26T12:29:08.708+0000] {sql.py:823} INFO - Rows affected: 1
[2026-02-26T12:29:08.710+0000] {snowflake.py:534} INFO - Rows affected: 1
[2026-02-26T12:29:08.712+0000] {snowflake.py:535} INFO - Snowflake query id: 01c2abad-0005-0f17-0001-37ce0008990e
[2026-02-26T12:29:08.713+0000] {snowflake.py:521} INFO - Running statement: CREATE OR REPLACE STREAM STREAM_FOR_PILOTS     ON TABLE AIRLINE_RAW;, parameters: None
[2026-02-26T12:29:08.714+0000] {sql.py:814} INFO - Running statement: CREATE OR REPLACE STREAM STREAM_FOR_PILOTS     ON TABLE AIRLINE_RAW;, parameters: None
[2026-02-26T12:29:08.836+0000] {sql.py:823} INFO - Rows affected: 1
[2026-02-26T12:29:08.838+0000] {snowflake.py:534} INFO - Rows affected: 1
[2026-02-26T12:29:08.840+0000] {snowflake.py:535} INFO - Snowflake query id: 01c2abad-0005-0f0f-0001-37ce000888ae
[2026-02-26T12:29:08.841+0000] {snowflake.py:521} INFO - Running statement: CREATE OR REPLACE STREAM STREAM_FOR_AIRPORTS   ON TABLE AIRLINE_RAW;, parameters: None
[2026-02-26T12:29:08.842+0000] {sql.py:814} INFO - Running statement: CREATE OR REPLACE STREAM STREAM_FOR_AIRPORTS   ON TABLE AIRLINE_RAW;, parameters: None
[2026-02-26T12:29:08.974+0000] {sql.py:823} INFO - Rows affected: 1
[2026-02-26T12:29:08.976+0000] {snowflake.py:534} INFO - Rows affected: 1
[2026-02-26T12:29:08.977+0000] {snowflake.py:535} INFO - Snowflake query id: 01c2abad-0005-0f17-0001-37ce00089912
[2026-02-26T12:29:08.979+0000] {snowflake.py:521} INFO - Running statement: CREATE OR REPLACE STREAM STREAM_FOR_FACTS      ON TABLE AIRLINE_RAW;, parameters: None
[2026-02-26T12:29:08.980+0000] {sql.py:814} INFO - Running statement: CREATE OR REPLACE STREAM STREAM_FOR_FACTS      ON TABLE AIRLINE_RAW;, parameters: None
[2026-02-26T12:29:09.083+0000] {sql.py:823} INFO - Rows affected: 1
[2026-02-26T12:29:09.085+0000] {snowflake.py:534} INFO - Rows affected: 1
[2026-02-26T12:29:09.086+0000] {snowflake.py:535} INFO - Snowflake query id: 01c2abad-0005-0f0f-0001-37ce000888b2
[2026-02-26T12:29:09.306+0000] {taskinstance.py:349} INFO - ::group::Post task execution logs
[2026-02-26T12:29:09.308+0000] {taskinstance.py:361} INFO - Marking task as SUCCESS. dag_id=01_init_infrastructure, task_id=04_create_bronze_layer, run_id=manual__2026-02-26T12:28:48.154880+00:00, execution_date=20260226T122848, start_date=20260226T122907, end_date=20260226T122909
[2026-02-26T12:29:09.350+0000] {logging_mixin.py:190} INFO - Task instance in success state
[2026-02-26T12:29:09.351+0000] {logging_mixin.py:190} INFO -  Previous state of the Task instance: running
[2026-02-26T12:29:09.353+0000] {logging_mixin.py:190} INFO - Dag name:01_init_infrastructure queued_at:2026-02-26 12:28:48.172982+00:00
[2026-02-26T12:29:09.354+0000] {logging_mixin.py:190} INFO - Task hostname:d54c9b653406 operator:SQLExecuteQueryOperator
[2026-02-26T12:29:09.393+0000] {local_task_job_runner.py:266} INFO - Task exited with return code 0
[2026-02-26T12:29:09.430+0000] {taskinstance.py:3924} INFO - 1 downstream tasks scheduled from follow-on schedule check
[2026-02-26T12:29:09.433+0000] {local_task_job_runner.py:245} INFO - ::endgroup::
