[2026-02-26T12:11:51.495+0000] {local_task_job_runner.py:123} INFO - ::group::Pre task execution logs
[2026-02-26T12:11:51.532+0000] {taskinstance.py:2631} INFO - Dependencies all met for dep_context=non-requeueable deps ti=<TaskInstance: 01_init_infrastructure.04_create_bronze_layer manual__2026-02-26T12:04:35.460097+00:00 [queued]>
[2026-02-26T12:11:51.550+0000] {taskinstance.py:2631} INFO - Dependencies all met for dep_context=requeueable deps ti=<TaskInstance: 01_init_infrastructure.04_create_bronze_layer manual__2026-02-26T12:04:35.460097+00:00 [queued]>
[2026-02-26T12:11:51.552+0000] {taskinstance.py:2884} INFO - Starting attempt 1 of 1
[2026-02-26T12:11:51.780+0000] {taskinstance.py:2907} INFO - Executing <Task(SQLExecuteQueryOperator): 04_create_bronze_layer> on 2026-02-26 12:04:35.460097+00:00
[2026-02-26T12:11:51.797+0000] {standard_task_runner.py:72} INFO - Started process 2882 to run task
[2026-02-26T12:11:51.803+0000] {standard_task_runner.py:104} INFO - Running: ['***', 'tasks', 'run', '01_init_infrastructure', '04_create_bronze_layer', 'manual__2026-02-26T12:04:35.460097+00:00', '--job-id', '509', '--raw', '--subdir', 'DAGS_FOLDER/01_init_infrastructure.py', '--cfg-path', '/tmp/tmp0kohgt_s']
[2026-02-26T12:11:51.806+0000] {standard_task_runner.py:105} INFO - Job 509: Subtask 04_create_bronze_layer
[2026-02-26T12:11:51.909+0000] {task_command.py:467} INFO - Running <TaskInstance: 01_init_infrastructure.04_create_bronze_layer manual__2026-02-26T12:04:35.460097+00:00 [running]> on host d54c9b653406
[2026-02-26T12:11:52.041+0000] {taskinstance.py:3157} INFO - Exporting env vars: AIRFLOW_CTX_DAG_OWNER='***' AIRFLOW_CTX_DAG_ID='01_init_infrastructure' AIRFLOW_CTX_TASK_ID='04_create_bronze_layer' AIRFLOW_CTX_EXECUTION_DATE='2026-02-26T12:04:35.460097+00:00' AIRFLOW_CTX_TRY_NUMBER='1' AIRFLOW_CTX_DAG_RUN_ID='manual__2026-02-26T12:04:35.460097+00:00'
[2026-02-26T12:11:52.045+0000] {logging_mixin.py:190} INFO - Task instance is in running state
[2026-02-26T12:11:52.046+0000] {logging_mixin.py:190} INFO -  Previous state of the Task instance: queued
[2026-02-26T12:11:52.048+0000] {logging_mixin.py:190} INFO - Current task name:04_create_bronze_layer state:running start_date:2026-02-26 12:11:51.533660+00:00
[2026-02-26T12:11:52.049+0000] {logging_mixin.py:190} INFO - Dag name:01_init_infrastructure and current dag run status:running
[2026-02-26T12:11:52.050+0000] {taskinstance.py:740} INFO - ::endgroup::
[2026-02-26T12:11:52.052+0000] {sql.py:306} INFO - Executing: USE DATABASE AIRLINE_DWH;
USE SCHEMA RAW_DATA;

-- Raw Data
CREATE OR REPLACE TABLE AIRLINE_RAW (
    row_id VARCHAR,
    passenger_id VARCHAR,
    first_name VARCHAR,
    last_name VARCHAR,
    gender VARCHAR,
    age VARCHAR,
    nationality VARCHAR,
    airport_name VARCHAR,
    airport_country_code VARCHAR,
    country_name VARCHAR,
    airport_continent VARCHAR,
    continents VARCHAR,
    departure_date VARCHAR,
    arrival_airport VARCHAR,
    pilot_name VARCHAR,
    flight_status VARCHAR,
    ticket_type VARCHAR,
    passenger_status VARCHAR,
    ingestion_time TIMESTAMP_NTZ DEFAULT CURRENT_TIMESTAMP()
);

-- Stream, Fan-out pattern
CREATE OR REPLACE STREAM STREAM_FOR_PASSENGERS ON TABLE AIRLINE_RAW;
CREATE OR REPLACE STREAM STREAM_FOR_PILOTS     ON TABLE AIRLINE_RAW;
CREATE OR REPLACE STREAM STREAM_FOR_AIRPORTS   ON TABLE AIRLINE_RAW;
CREATE OR REPLACE STREAM STREAM_FOR_FACTS      ON TABLE AIRLINE_RAW;
[2026-02-26T12:11:52.076+0000] {base.py:84} INFO - Retrieving connection 'snowflake_default'
[2026-02-26T12:11:52.392+0000] {base.py:84} INFO - Retrieving connection 'snowflake_default'
[2026-02-26T12:11:52.395+0000] {connection.py:486} INFO - Snowflake Connector for Python Version: 3.15.0, Python Version: 3.10.17, Platform: Linux-6.6.87.2-microsoft-standard-WSL2-x86_64-with-glibc2.36
[2026-02-26T12:11:52.398+0000] {connection.py:1391} INFO - Connecting to GLOBAL Snowflake domain
[2026-02-26T12:11:53.586+0000] {snowflake.py:521} INFO - Running statement: USE DATABASE AIRLINE_DWH;, parameters: None
[2026-02-26T12:11:53.593+0000] {sql.py:814} INFO - Running statement: USE DATABASE AIRLINE_DWH;, parameters: None
[2026-02-26T12:11:53.678+0000] {sql.py:823} INFO - Rows affected: 1
[2026-02-26T12:11:53.680+0000] {snowflake.py:534} INFO - Rows affected: 1
[2026-02-26T12:11:53.682+0000] {snowflake.py:535} INFO - Snowflake query id: 01c2ab9b-0005-0f1f-0001-37ce00087042
[2026-02-26T12:11:53.683+0000] {snowflake.py:521} INFO - Running statement: USE SCHEMA RAW_DATA;, parameters: None
[2026-02-26T12:11:53.684+0000] {sql.py:814} INFO - Running statement: USE SCHEMA RAW_DATA;, parameters: None
[2026-02-26T12:11:53.763+0000] {sql.py:823} INFO - Rows affected: 1
[2026-02-26T12:11:53.765+0000] {snowflake.py:534} INFO - Rows affected: 1
[2026-02-26T12:11:53.767+0000] {snowflake.py:535} INFO - Snowflake query id: 01c2ab9b-0005-0f0f-0001-37ce0008805a
[2026-02-26T12:11:53.768+0000] {snowflake.py:521} INFO - Running statement: -- Raw Data
CREATE OR REPLACE TABLE AIRLINE_RAW (
    row_id VARCHAR,
    passenger_id VARCHAR,
    first_name VARCHAR,
    last_name VARCHAR,
    gender VARCHAR,
    age VARCHAR,
    nationality VARCHAR,
    airport_name VARCHAR,
    airport_country_code VARCHAR,
    country_name VARCHAR,
    airport_continent VARCHAR,
    continents VARCHAR,
    departure_date VARCHAR,
    arrival_airport VARCHAR,
    pilot_name VARCHAR,
    flight_status VARCHAR,
    ticket_type VARCHAR,
    passenger_status VARCHAR,
    ingestion_time TIMESTAMP_NTZ DEFAULT CURRENT_TIMESTAMP()
);, parameters: None
[2026-02-26T12:11:53.770+0000] {sql.py:814} INFO - Running statement: -- Raw Data
CREATE OR REPLACE TABLE AIRLINE_RAW (
    row_id VARCHAR,
    passenger_id VARCHAR,
    first_name VARCHAR,
    last_name VARCHAR,
    gender VARCHAR,
    age VARCHAR,
    nationality VARCHAR,
    airport_name VARCHAR,
    airport_country_code VARCHAR,
    country_name VARCHAR,
    airport_continent VARCHAR,
    continents VARCHAR,
    departure_date VARCHAR,
    arrival_airport VARCHAR,
    pilot_name VARCHAR,
    flight_status VARCHAR,
    ticket_type VARCHAR,
    passenger_status VARCHAR,
    ingestion_time TIMESTAMP_NTZ DEFAULT CURRENT_TIMESTAMP()
);, parameters: None
[2026-02-26T12:11:54.635+0000] {sql.py:823} INFO - Rows affected: 1
[2026-02-26T12:11:54.637+0000] {snowflake.py:534} INFO - Rows affected: 1
[2026-02-26T12:11:54.639+0000] {snowflake.py:535} INFO - Snowflake query id: 01c2ab9b-0005-0f17-0001-37ce0008903a
[2026-02-26T12:11:54.640+0000] {snowflake.py:521} INFO - Running statement: -- Stream, Fan-out pattern
CREATE OR REPLACE STREAM STREAM_FOR_PASSENGERS ON TABLE AIRLINE_RAW;, parameters: None
[2026-02-26T12:11:54.642+0000] {sql.py:814} INFO - Running statement: -- Stream, Fan-out pattern
CREATE OR REPLACE STREAM STREAM_FOR_PASSENGERS ON TABLE AIRLINE_RAW;, parameters: None
[2026-02-26T12:11:54.997+0000] {sql.py:823} INFO - Rows affected: 1
[2026-02-26T12:11:55.000+0000] {snowflake.py:534} INFO - Rows affected: 1
[2026-02-26T12:11:55.002+0000] {snowflake.py:535} INFO - Snowflake query id: 01c2ab9b-0005-0f1f-0001-37ce00087056
[2026-02-26T12:11:55.009+0000] {snowflake.py:521} INFO - Running statement: CREATE OR REPLACE STREAM STREAM_FOR_PILOTS     ON TABLE AIRLINE_RAW;, parameters: None
[2026-02-26T12:11:55.011+0000] {sql.py:814} INFO - Running statement: CREATE OR REPLACE STREAM STREAM_FOR_PILOTS     ON TABLE AIRLINE_RAW;, parameters: None
[2026-02-26T12:11:55.167+0000] {sql.py:823} INFO - Rows affected: 1
[2026-02-26T12:11:55.170+0000] {snowflake.py:534} INFO - Rows affected: 1
[2026-02-26T12:11:55.175+0000] {snowflake.py:535} INFO - Snowflake query id: 01c2ab9b-0005-0f0f-0001-37ce0008805e
[2026-02-26T12:11:55.180+0000] {snowflake.py:521} INFO - Running statement: CREATE OR REPLACE STREAM STREAM_FOR_AIRPORTS   ON TABLE AIRLINE_RAW;, parameters: None
[2026-02-26T12:11:55.184+0000] {sql.py:814} INFO - Running statement: CREATE OR REPLACE STREAM STREAM_FOR_AIRPORTS   ON TABLE AIRLINE_RAW;, parameters: None
[2026-02-26T12:11:55.368+0000] {sql.py:823} INFO - Rows affected: 1
[2026-02-26T12:11:55.370+0000] {snowflake.py:534} INFO - Rows affected: 1
[2026-02-26T12:11:55.372+0000] {snowflake.py:535} INFO - Snowflake query id: 01c2ab9b-0005-0f17-0001-37ce0008904a
[2026-02-26T12:11:55.375+0000] {snowflake.py:521} INFO - Running statement: CREATE OR REPLACE STREAM STREAM_FOR_FACTS      ON TABLE AIRLINE_RAW;, parameters: None
[2026-02-26T12:11:55.377+0000] {sql.py:814} INFO - Running statement: CREATE OR REPLACE STREAM STREAM_FOR_FACTS      ON TABLE AIRLINE_RAW;, parameters: None
[2026-02-26T12:11:55.540+0000] {sql.py:823} INFO - Rows affected: 1
[2026-02-26T12:11:55.542+0000] {snowflake.py:534} INFO - Rows affected: 1
[2026-02-26T12:11:55.544+0000] {snowflake.py:535} INFO - Snowflake query id: 01c2ab9b-0005-0f1f-0001-37ce00087062
[2026-02-26T12:11:55.753+0000] {taskinstance.py:349} INFO - ::group::Post task execution logs
[2026-02-26T12:11:55.754+0000] {taskinstance.py:361} INFO - Marking task as SUCCESS. dag_id=01_init_infrastructure, task_id=04_create_bronze_layer, run_id=manual__2026-02-26T12:04:35.460097+00:00, execution_date=20260226T120435, start_date=20260226T121151, end_date=20260226T121155
[2026-02-26T12:11:55.797+0000] {logging_mixin.py:190} INFO - Task instance in success state
[2026-02-26T12:11:55.799+0000] {logging_mixin.py:190} INFO -  Previous state of the Task instance: running
[2026-02-26T12:11:55.800+0000] {logging_mixin.py:190} INFO - Dag name:01_init_infrastructure queued_at:2026-02-26 12:04:35.477448+00:00
[2026-02-26T12:11:55.802+0000] {logging_mixin.py:190} INFO - Task hostname:d54c9b653406 operator:SQLExecuteQueryOperator
[2026-02-26T12:11:55.850+0000] {local_task_job_runner.py:266} INFO - Task exited with return code 0
[2026-02-26T12:11:55.872+0000] {local_task_job_runner.py:245} INFO - ::endgroup::
