[2026-02-26T12:50:02.181+0000] {local_task_job_runner.py:123} INFO - ::group::Pre task execution logs
[2026-02-26T12:50:02.198+0000] {taskinstance.py:2631} INFO - Dependencies all met for dep_context=non-requeueable deps ti=<TaskInstance: 02_etl_pipeline_incremental.check_and_get_file scheduled__2026-02-26T12:45:00+00:00 [queued]>
[2026-02-26T12:50:02.208+0000] {taskinstance.py:2631} INFO - Dependencies all met for dep_context=requeueable deps ti=<TaskInstance: 02_etl_pipeline_incremental.check_and_get_file scheduled__2026-02-26T12:45:00+00:00 [queued]>
[2026-02-26T12:50:02.210+0000] {taskinstance.py:2884} INFO - Starting attempt 1 of 2
[2026-02-26T12:50:02.327+0000] {taskinstance.py:2907} INFO - Executing <Task(ShortCircuitOperator): check_and_get_file> on 2026-02-26 12:45:00+00:00
[2026-02-26T12:50:02.335+0000] {standard_task_runner.py:72} INFO - Started process 3810 to run task
[2026-02-26T12:50:02.341+0000] {standard_task_runner.py:104} INFO - Running: ['***', 'tasks', 'run', '02_etl_pipeline_incremental', 'check_and_get_file', 'scheduled__2026-02-26T12:45:00+00:00', '--job-id', '617', '--raw', '--subdir', 'DAGS_FOLDER/02_etl_pipeline.py', '--cfg-path', '/tmp/tmp8cemsbcd']
[2026-02-26T12:50:02.343+0000] {standard_task_runner.py:105} INFO - Job 617: Subtask check_and_get_file
[2026-02-26T12:50:02.407+0000] {task_command.py:467} INFO - Running <TaskInstance: 02_etl_pipeline_incremental.check_and_get_file scheduled__2026-02-26T12:45:00+00:00 [running]> on host d54c9b653406
[2026-02-26T12:50:02.518+0000] {taskinstance.py:3157} INFO - Exporting env vars: AIRFLOW_CTX_DAG_OWNER='***' AIRFLOW_CTX_DAG_ID='02_etl_pipeline_incremental' AIRFLOW_CTX_TASK_ID='check_and_get_file' AIRFLOW_CTX_EXECUTION_DATE='2026-02-26T12:45:00+00:00' AIRFLOW_CTX_TRY_NUMBER='1' AIRFLOW_CTX_DAG_RUN_ID='scheduled__2026-02-26T12:45:00+00:00'
[2026-02-26T12:50:02.522+0000] {logging_mixin.py:190} INFO - Task instance is in running state
[2026-02-26T12:50:02.525+0000] {logging_mixin.py:190} INFO -  Previous state of the Task instance: queued
[2026-02-26T12:50:02.526+0000] {logging_mixin.py:190} INFO - Current task name:check_and_get_file state:running start_date:2026-02-26 12:50:02.200234+00:00
[2026-02-26T12:50:02.527+0000] {logging_mixin.py:190} INFO - Dag name:02_etl_pipeline_incremental and current dag run status:running
[2026-02-26T12:50:02.528+0000] {taskinstance.py:740} INFO - ::endgroup::
[2026-02-26T12:50:02.529+0000] {baseoperator.py:423} WARNING - ShortCircuitOperator.execute cannot be called outside TaskInstance!
[2026-02-26T12:50:02.536+0000] {logging_mixin.py:190} INFO - File to processing: Dominica_orig_data_for_update.csv
[2026-02-26T12:50:02.536+0000] {python.py:240} INFO - Done. Returned value was: Dominica_orig_data_for_update.csv
[2026-02-26T12:50:02.538+0000] {python.py:309} INFO - Condition result is Dominica_orig_data_for_update.csv
[2026-02-26T12:50:02.539+0000] {python.py:312} INFO - Proceeding with downstream tasks...
[2026-02-26T12:50:02.569+0000] {taskinstance.py:349} INFO - ::group::Post task execution logs
[2026-02-26T12:50:02.571+0000] {taskinstance.py:361} INFO - Marking task as SUCCESS. dag_id=02_etl_pipeline_incremental, task_id=check_and_get_file, run_id=scheduled__2026-02-26T12:45:00+00:00, execution_date=20260226T124500, start_date=20260226T125002, end_date=20260226T125002
[2026-02-26T12:50:02.608+0000] {logging_mixin.py:190} INFO - Task instance in success state
[2026-02-26T12:50:02.609+0000] {logging_mixin.py:190} INFO -  Previous state of the Task instance: running
[2026-02-26T12:50:02.611+0000] {logging_mixin.py:190} INFO - Dag name:02_etl_pipeline_incremental queued_at:2026-02-26 12:50:00.527282+00:00
[2026-02-26T12:50:02.612+0000] {logging_mixin.py:190} INFO - Task hostname:d54c9b653406 operator:ShortCircuitOperator
[2026-02-26T12:50:02.635+0000] {local_task_job_runner.py:266} INFO - Task exited with return code 0
[2026-02-26T12:50:02.670+0000] {taskinstance.py:3924} INFO - 0 downstream tasks scheduled from follow-on schedule check
[2026-02-26T12:50:02.675+0000] {local_task_job_runner.py:245} INFO - ::endgroup::
