[2026-02-26T12:28:52.148+0000] {local_task_job_runner.py:123} INFO - ::group::Pre task execution logs
[2026-02-26T12:28:52.183+0000] {taskinstance.py:2631} INFO - Dependencies all met for dep_context=non-requeueable deps ti=<TaskInstance: 01_init_infrastructure.01_create_database manual__2026-02-26T12:28:48.154880+00:00 [queued]>
[2026-02-26T12:28:52.199+0000] {taskinstance.py:2631} INFO - Dependencies all met for dep_context=requeueable deps ti=<TaskInstance: 01_init_infrastructure.01_create_database manual__2026-02-26T12:28:48.154880+00:00 [queued]>
[2026-02-26T12:28:52.200+0000] {taskinstance.py:2884} INFO - Starting attempt 1 of 1
[2026-02-26T12:28:52.226+0000] {taskinstance.py:2907} INFO - Executing <Task(SQLExecuteQueryOperator): 01_create_database> on 2026-02-26 12:28:48.154880+00:00
[2026-02-26T12:28:52.238+0000] {standard_task_runner.py:72} INFO - Started process 3344 to run task
[2026-02-26T12:28:52.247+0000] {standard_task_runner.py:104} INFO - Running: ['***', 'tasks', 'run', '01_init_infrastructure', '01_create_database', 'manual__2026-02-26T12:28:48.154880+00:00', '--job-id', '570', '--raw', '--subdir', 'DAGS_FOLDER/01_init_infrastructure.py', '--cfg-path', '/tmp/tmp2zlimtvm']
[2026-02-26T12:28:52.253+0000] {standard_task_runner.py:105} INFO - Job 570: Subtask 01_create_database
[2026-02-26T12:28:52.676+0000] {task_command.py:467} INFO - Running <TaskInstance: 01_init_infrastructure.01_create_database manual__2026-02-26T12:28:48.154880+00:00 [running]> on host d54c9b653406
[2026-02-26T12:28:52.798+0000] {taskinstance.py:3157} INFO - Exporting env vars: AIRFLOW_CTX_DAG_OWNER='***' AIRFLOW_CTX_DAG_ID='01_init_infrastructure' AIRFLOW_CTX_TASK_ID='01_create_database' AIRFLOW_CTX_EXECUTION_DATE='2026-02-26T12:28:48.154880+00:00' AIRFLOW_CTX_TRY_NUMBER='1' AIRFLOW_CTX_DAG_RUN_ID='manual__2026-02-26T12:28:48.154880+00:00'
[2026-02-26T12:28:52.801+0000] {logging_mixin.py:190} INFO - Task instance is in running state
[2026-02-26T12:28:52.803+0000] {logging_mixin.py:190} INFO -  Previous state of the Task instance: queued
[2026-02-26T12:28:52.804+0000] {logging_mixin.py:190} INFO - Current task name:01_create_database state:running start_date:2026-02-26 12:28:52.184659+00:00
[2026-02-26T12:28:52.806+0000] {logging_mixin.py:190} INFO - Dag name:01_init_infrastructure and current dag run status:running
[2026-02-26T12:28:52.808+0000] {taskinstance.py:740} INFO - ::endgroup::
[2026-02-26T12:28:52.809+0000] {sql.py:306} INFO - Executing: CREATE DATABASE IF NOT EXISTS AIRLINE_DWH;
[2026-02-26T12:28:52.826+0000] {base.py:84} INFO - Retrieving connection 'snowflake_default'
[2026-02-26T12:28:53.021+0000] {base.py:84} INFO - Retrieving connection 'snowflake_default'
[2026-02-26T12:28:53.023+0000] {connection.py:486} INFO - Snowflake Connector for Python Version: 3.15.0, Python Version: 3.10.17, Platform: Linux-6.6.87.2-microsoft-standard-WSL2-x86_64-with-glibc2.36
[2026-02-26T12:28:53.025+0000] {connection.py:1391} INFO - Connecting to GLOBAL Snowflake domain
[2026-02-26T12:28:54.369+0000] {snowflake.py:521} INFO - Running statement: CREATE DATABASE IF NOT EXISTS AIRLINE_DWH;, parameters: None
[2026-02-26T12:28:54.370+0000] {sql.py:814} INFO - Running statement: CREATE DATABASE IF NOT EXISTS AIRLINE_DWH;, parameters: None
[2026-02-26T12:28:54.506+0000] {sql.py:823} INFO - Rows affected: 1
[2026-02-26T12:28:54.508+0000] {snowflake.py:534} INFO - Rows affected: 1
[2026-02-26T12:28:54.509+0000] {snowflake.py:535} INFO - Snowflake query id: 01c2abac-0005-0f0f-0001-37ce0008888a
[2026-02-26T12:28:54.766+0000] {taskinstance.py:349} INFO - ::group::Post task execution logs
[2026-02-26T12:28:54.767+0000] {taskinstance.py:361} INFO - Marking task as SUCCESS. dag_id=01_init_infrastructure, task_id=01_create_database, run_id=manual__2026-02-26T12:28:48.154880+00:00, execution_date=20260226T122848, start_date=20260226T122852, end_date=20260226T122854
[2026-02-26T12:28:54.797+0000] {logging_mixin.py:190} INFO - Task instance in success state
[2026-02-26T12:28:54.798+0000] {logging_mixin.py:190} INFO -  Previous state of the Task instance: running
[2026-02-26T12:28:54.801+0000] {logging_mixin.py:190} INFO - Dag name:01_init_infrastructure queued_at:2026-02-26 12:28:48.172982+00:00
[2026-02-26T12:28:54.803+0000] {logging_mixin.py:190} INFO - Task hostname:d54c9b653406 operator:SQLExecuteQueryOperator
[2026-02-26T12:28:54.838+0000] {local_task_job_runner.py:266} INFO - Task exited with return code 0
[2026-02-26T12:28:55.014+0000] {taskinstance.py:3924} INFO - 1 downstream tasks scheduled from follow-on schedule check
[2026-02-26T12:28:55.018+0000] {local_task_job_runner.py:245} INFO - ::endgroup::
