[2026-02-26T12:18:50.755+0000] {local_task_job_runner.py:123} INFO - ::group::Pre task execution logs
[2026-02-26T12:18:50.793+0000] {taskinstance.py:2631} INFO - Dependencies all met for dep_context=non-requeueable deps ti=<TaskInstance: 01_init_infrastructure.10_sp_airports manual__2026-02-26T12:18:04.019055+00:00 [queued]>
[2026-02-26T12:18:50.814+0000] {taskinstance.py:2631} INFO - Dependencies all met for dep_context=requeueable deps ti=<TaskInstance: 01_init_infrastructure.10_sp_airports manual__2026-02-26T12:18:04.019055+00:00 [queued]>
[2026-02-26T12:18:50.817+0000] {taskinstance.py:2884} INFO - Starting attempt 1 of 1
[2026-02-26T12:18:50.987+0000] {taskinstance.py:2907} INFO - Executing <Task(SQLExecuteQueryOperator): 10_sp_airports> on 2026-02-26 12:18:04.019055+00:00
[2026-02-26T12:18:50.997+0000] {standard_task_runner.py:72} INFO - Started process 3123 to run task
[2026-02-26T12:18:51.004+0000] {standard_task_runner.py:104} INFO - Running: ['***', 'tasks', 'run', '01_init_infrastructure', '10_sp_airports', 'manual__2026-02-26T12:18:04.019055+00:00', '--job-id', '549', '--raw', '--subdir', 'DAGS_FOLDER/01_init_infrastructure.py', '--cfg-path', '/tmp/tmp1hy8gifu']
[2026-02-26T12:18:51.007+0000] {standard_task_runner.py:105} INFO - Job 549: Subtask 10_sp_airports
[2026-02-26T12:18:51.079+0000] {task_command.py:467} INFO - Running <TaskInstance: 01_init_infrastructure.10_sp_airports manual__2026-02-26T12:18:04.019055+00:00 [running]> on host d54c9b653406
[2026-02-26T12:18:51.185+0000] {taskinstance.py:3157} INFO - Exporting env vars: AIRFLOW_CTX_DAG_OWNER='***' AIRFLOW_CTX_DAG_ID='01_init_infrastructure' AIRFLOW_CTX_TASK_ID='10_sp_airports' AIRFLOW_CTX_EXECUTION_DATE='2026-02-26T12:18:04.019055+00:00' AIRFLOW_CTX_TRY_NUMBER='1' AIRFLOW_CTX_DAG_RUN_ID='manual__2026-02-26T12:18:04.019055+00:00'
[2026-02-26T12:18:51.189+0000] {logging_mixin.py:190} INFO - Task instance is in running state
[2026-02-26T12:18:51.191+0000] {logging_mixin.py:190} INFO -  Previous state of the Task instance: queued
[2026-02-26T12:18:51.192+0000] {logging_mixin.py:190} INFO - Current task name:10_sp_airports state:running start_date:2026-02-26 12:18:50.795091+00:00
[2026-02-26T12:18:51.193+0000] {logging_mixin.py:190} INFO - Dag name:01_init_infrastructure and current dag run status:running
[2026-02-26T12:18:51.195+0000] {taskinstance.py:740} INFO - ::endgroup::
[2026-02-26T12:18:51.196+0000] {sql.py:306} INFO - Executing: CREATE OR REPLACE PROCEDURE AIRLINE_DWH.SILVER_DATA.SP_LOAD_DIM_AIRPORTS()
RETURNS VARCHAR
LANGUAGE SQL
AS
$$
DECLARE
    rows_affected INT;
BEGIN
    BEGIN TRANSACTION;

    IF (SYSTEM$STREAM_HAS_DATA('AIRLINE_DWH.RAW_DATA.STREAM_FOR_AIRPORTS') = FALSE) THEN
        COMMIT;
        RETURN 'No data';
    END IF;

    MERGE INTO AIRLINE_DWH.SILVER_DATA.DIM_AIRPORTS Target
    USING (
        SELECT DISTINCT airport_name, country_name, airport_continent 
        FROM AIRLINE_DWH.RAW_DATA.STREAM_FOR_AIRPORTS 
        WHERE METADATA$ACTION = 'INSERT' AND airport_name IS NOT NULL
    ) Source
    ON Target.airport_name = Source.airport_name
    WHEN NOT MATCHED THEN
        INSERT (airport_name, country_name, continent) 
        VALUES (Source.airport_name, Source.country_name, Source.airport_continent);

    rows_affected := SQLROWCOUNT;

    INSERT INTO AIRLINE_DWH.UTILS.ETL_LOGS (process_name, layer, rows_affected, status)
    VALUES ('SP_LOAD_DIM_AIRPORTS', 'SILVER', :rows_affected, 'SUCCESS');

    COMMIT;
    RETURN 'Loaded Airports: ' || :rows_affected;

END;
$$;
[2026-02-26T12:18:51.211+0000] {base.py:84} INFO - Retrieving connection 'snowflake_default'
[2026-02-26T12:18:51.390+0000] {base.py:84} INFO - Retrieving connection 'snowflake_default'
[2026-02-26T12:18:51.393+0000] {connection.py:486} INFO - Snowflake Connector for Python Version: 3.15.0, Python Version: 3.10.17, Platform: Linux-6.6.87.2-microsoft-standard-WSL2-x86_64-with-glibc2.36
[2026-02-26T12:18:51.395+0000] {connection.py:1391} INFO - Connecting to GLOBAL Snowflake domain
[2026-02-26T12:18:52.394+0000] {snowflake.py:521} INFO - Running statement: CREATE OR REPLACE PROCEDURE AIRLINE_DWH.SILVER_DATA.SP_LOAD_DIM_AIRPORTS()
RETURNS VARCHAR
LANGUAGE SQL
AS
$$
DECLARE
    rows_affected INT;
BEGIN
    BEGIN TRANSACTION;

    IF (SYSTEM$STREAM_HAS_DATA('AIRLINE_DWH.RAW_DATA.STREAM_FOR_AIRPORTS') = FALSE) THEN
        COMMIT;
        RETURN 'No data';
    END IF;

    MERGE INTO AIRLINE_DWH.SILVER_DATA.DIM_AIRPORTS Target
    USING (
        SELECT DISTINCT airport_name, country_name, airport_continent 
        FROM AIRLINE_DWH.RAW_DATA.STREAM_FOR_AIRPORTS 
        WHERE METADATA$ACTION = 'INSERT' AND airport_name IS NOT NULL
    ) Source
    ON Target.airport_name = Source.airport_name
    WHEN NOT MATCHED THEN
        INSERT (airport_name, country_name, continent) 
        VALUES (Source.airport_name, Source.country_name, Source.airport_continent);

    rows_affected := SQLROWCOUNT;

    INSERT INTO AIRLINE_DWH.UTILS.ETL_LOGS (process_name, layer, rows_affected, status)
    VALUES ('SP_LOAD_DIM_AIRPORTS', 'SILVER', :rows_affected, 'SUCCESS');

    COMMIT;
    RETURN 'Loaded Airports: ' || :rows_affected;

END;
$$;, parameters: None
[2026-02-26T12:18:52.396+0000] {sql.py:814} INFO - Running statement: CREATE OR REPLACE PROCEDURE AIRLINE_DWH.SILVER_DATA.SP_LOAD_DIM_AIRPORTS()
RETURNS VARCHAR
LANGUAGE SQL
AS
$$
DECLARE
    rows_affected INT;
BEGIN
    BEGIN TRANSACTION;

    IF (SYSTEM$STREAM_HAS_DATA('AIRLINE_DWH.RAW_DATA.STREAM_FOR_AIRPORTS') = FALSE) THEN
        COMMIT;
        RETURN 'No data';
    END IF;

    MERGE INTO AIRLINE_DWH.SILVER_DATA.DIM_AIRPORTS Target
    USING (
        SELECT DISTINCT airport_name, country_name, airport_continent 
        FROM AIRLINE_DWH.RAW_DATA.STREAM_FOR_AIRPORTS 
        WHERE METADATA$ACTION = 'INSERT' AND airport_name IS NOT NULL
    ) Source
    ON Target.airport_name = Source.airport_name
    WHEN NOT MATCHED THEN
        INSERT (airport_name, country_name, continent) 
        VALUES (Source.airport_name, Source.country_name, Source.airport_continent);

    rows_affected := SQLROWCOUNT;

    INSERT INTO AIRLINE_DWH.UTILS.ETL_LOGS (process_name, layer, rows_affected, status)
    VALUES ('SP_LOAD_DIM_AIRPORTS', 'SILVER', :rows_affected, 'SUCCESS');

    COMMIT;
    RETURN 'Loaded Airports: ' || :rows_affected;

END;
$$;, parameters: None
[2026-02-26T12:18:52.531+0000] {sql.py:823} INFO - Rows affected: 1
[2026-02-26T12:18:52.533+0000] {snowflake.py:534} INFO - Rows affected: 1
[2026-02-26T12:18:52.534+0000] {snowflake.py:535} INFO - Snowflake query id: 01c2aba2-0005-0f1f-0001-37ce000877be
[2026-02-26T12:18:52.745+0000] {taskinstance.py:349} INFO - ::group::Post task execution logs
[2026-02-26T12:18:52.747+0000] {taskinstance.py:361} INFO - Marking task as SUCCESS. dag_id=01_init_infrastructure, task_id=10_sp_airports, run_id=manual__2026-02-26T12:18:04.019055+00:00, execution_date=20260226T121804, start_date=20260226T121850, end_date=20260226T121852
[2026-02-26T12:18:52.788+0000] {logging_mixin.py:190} INFO - Task instance in success state
[2026-02-26T12:18:52.789+0000] {logging_mixin.py:190} INFO -  Previous state of the Task instance: running
[2026-02-26T12:18:52.791+0000] {logging_mixin.py:190} INFO - Dag name:01_init_infrastructure queued_at:2026-02-26 12:18:04.031568+00:00
[2026-02-26T12:18:52.792+0000] {logging_mixin.py:190} INFO - Task hostname:d54c9b653406 operator:SQLExecuteQueryOperator
[2026-02-26T12:18:52.825+0000] {local_task_job_runner.py:266} INFO - Task exited with return code 0
[2026-02-26T12:18:52.854+0000] {taskinstance.py:3924} INFO - 1 downstream tasks scheduled from follow-on schedule check
[2026-02-26T12:18:52.858+0000] {local_task_job_runner.py:245} INFO - ::endgroup::
