[2026-02-26T12:18:31.312+0000] {local_task_job_runner.py:123} INFO - ::group::Pre task execution logs
[2026-02-26T12:18:31.337+0000] {taskinstance.py:2631} INFO - Dependencies all met for dep_context=non-requeueable deps ti=<TaskInstance: 01_init_infrastructure.06_create_audit_table manual__2026-02-26T12:18:04.019055+00:00 [queued]>
[2026-02-26T12:18:31.349+0000] {taskinstance.py:2631} INFO - Dependencies all met for dep_context=requeueable deps ti=<TaskInstance: 01_init_infrastructure.06_create_audit_table manual__2026-02-26T12:18:04.019055+00:00 [queued]>
[2026-02-26T12:18:31.351+0000] {taskinstance.py:2884} INFO - Starting attempt 1 of 1
[2026-02-26T12:18:31.514+0000] {taskinstance.py:2907} INFO - Executing <Task(SQLExecuteQueryOperator): 06_create_audit_table> on 2026-02-26 12:18:04.019055+00:00
[2026-02-26T12:18:31.525+0000] {standard_task_runner.py:72} INFO - Started process 3107 to run task
[2026-02-26T12:18:31.530+0000] {standard_task_runner.py:104} INFO - Running: ['***', 'tasks', 'run', '01_init_infrastructure', '06_create_audit_table', 'manual__2026-02-26T12:18:04.019055+00:00', '--job-id', '545', '--raw', '--subdir', 'DAGS_FOLDER/01_init_infrastructure.py', '--cfg-path', '/tmp/tmpgyujss9d']
[2026-02-26T12:18:31.533+0000] {standard_task_runner.py:105} INFO - Job 545: Subtask 06_create_audit_table
[2026-02-26T12:18:31.598+0000] {task_command.py:467} INFO - Running <TaskInstance: 01_init_infrastructure.06_create_audit_table manual__2026-02-26T12:18:04.019055+00:00 [running]> on host d54c9b653406
[2026-02-26T12:18:31.690+0000] {taskinstance.py:3157} INFO - Exporting env vars: AIRFLOW_CTX_DAG_OWNER='***' AIRFLOW_CTX_DAG_ID='01_init_infrastructure' AIRFLOW_CTX_TASK_ID='06_create_audit_table' AIRFLOW_CTX_EXECUTION_DATE='2026-02-26T12:18:04.019055+00:00' AIRFLOW_CTX_TRY_NUMBER='1' AIRFLOW_CTX_DAG_RUN_ID='manual__2026-02-26T12:18:04.019055+00:00'
[2026-02-26T12:18:31.693+0000] {logging_mixin.py:190} INFO - Task instance is in running state
[2026-02-26T12:18:31.694+0000] {logging_mixin.py:190} INFO -  Previous state of the Task instance: queued
[2026-02-26T12:18:31.695+0000] {logging_mixin.py:190} INFO - Current task name:06_create_audit_table state:running start_date:2026-02-26 12:18:31.338907+00:00
[2026-02-26T12:18:31.697+0000] {logging_mixin.py:190} INFO - Dag name:01_init_infrastructure and current dag run status:running
[2026-02-26T12:18:31.698+0000] {taskinstance.py:740} INFO - ::endgroup::
[2026-02-26T12:18:31.699+0000] {sql.py:306} INFO - Executing: USE DATABASE AIRLINE_DWH;
USE SCHEMA UTILS;

CREATE TABLE IF NOT EXISTS ETL_LOGS (
    log_id NUMBER IDENTITY(1,1),
    run_id VARCHAR,              -- ID from Airflow
    process_name VARCHAR,        -- procedure name
    layer VARCHAR,               -- Bronze/Silver/Gold
    rows_affected INT,           -- how many rows inserted
    status VARCHAR,              -- SUCCESS / ERROR
    error_message VARCHAR,
    created_at TIMESTAMP_NTZ DEFAULT CURRENT_TIMESTAMP()
);
[2026-02-26T12:18:31.713+0000] {base.py:84} INFO - Retrieving connection 'snowflake_default'
[2026-02-26T12:18:31.866+0000] {base.py:84} INFO - Retrieving connection 'snowflake_default'
[2026-02-26T12:18:31.868+0000] {connection.py:486} INFO - Snowflake Connector for Python Version: 3.15.0, Python Version: 3.10.17, Platform: Linux-6.6.87.2-microsoft-standard-WSL2-x86_64-with-glibc2.36
[2026-02-26T12:18:31.870+0000] {connection.py:1391} INFO - Connecting to GLOBAL Snowflake domain
[2026-02-26T12:18:32.948+0000] {snowflake.py:521} INFO - Running statement: USE DATABASE AIRLINE_DWH;, parameters: None
[2026-02-26T12:18:32.950+0000] {sql.py:814} INFO - Running statement: USE DATABASE AIRLINE_DWH;, parameters: None
[2026-02-26T12:18:33.030+0000] {sql.py:823} INFO - Rows affected: 1
[2026-02-26T12:18:33.032+0000] {snowflake.py:534} INFO - Rows affected: 1
[2026-02-26T12:18:33.033+0000] {snowflake.py:535} INFO - Snowflake query id: 01c2aba2-0005-0f17-0001-37ce00089812
[2026-02-26T12:18:33.035+0000] {snowflake.py:521} INFO - Running statement: USE SCHEMA UTILS;, parameters: None
[2026-02-26T12:18:33.036+0000] {sql.py:814} INFO - Running statement: USE SCHEMA UTILS;, parameters: None
[2026-02-26T12:18:33.141+0000] {sql.py:823} INFO - Rows affected: 1
[2026-02-26T12:18:33.143+0000] {snowflake.py:534} INFO - Rows affected: 1
[2026-02-26T12:18:33.145+0000] {snowflake.py:535} INFO - Snowflake query id: 01c2aba2-0005-0f1f-0001-37ce000877aa
[2026-02-26T12:18:33.146+0000] {snowflake.py:521} INFO - Running statement: CREATE TABLE IF NOT EXISTS ETL_LOGS (
    log_id NUMBER IDENTITY(1,1),
    run_id VARCHAR,              -- ID from Airflow
    process_name VARCHAR,        -- procedure name
    layer VARCHAR,               -- Bronze/Silver/Gold
    rows_affected INT,           -- how many rows inserted
    status VARCHAR,              -- SUCCESS / ERROR
    error_message VARCHAR,
    created_at TIMESTAMP_NTZ DEFAULT CURRENT_TIMESTAMP()
);, parameters: None
[2026-02-26T12:18:33.148+0000] {sql.py:814} INFO - Running statement: CREATE TABLE IF NOT EXISTS ETL_LOGS (
    log_id NUMBER IDENTITY(1,1),
    run_id VARCHAR,              -- ID from Airflow
    process_name VARCHAR,        -- procedure name
    layer VARCHAR,               -- Bronze/Silver/Gold
    rows_affected INT,           -- how many rows inserted
    status VARCHAR,              -- SUCCESS / ERROR
    error_message VARCHAR,
    created_at TIMESTAMP_NTZ DEFAULT CURRENT_TIMESTAMP()
);, parameters: None
[2026-02-26T12:18:33.342+0000] {sql.py:823} INFO - Rows affected: 1
[2026-02-26T12:18:33.343+0000] {snowflake.py:534} INFO - Rows affected: 1
[2026-02-26T12:18:33.345+0000] {snowflake.py:535} INFO - Snowflake query id: 01c2aba2-0005-0f0f-0001-37ce000887e6
[2026-02-26T12:18:33.564+0000] {taskinstance.py:349} INFO - ::group::Post task execution logs
[2026-02-26T12:18:33.566+0000] {taskinstance.py:361} INFO - Marking task as SUCCESS. dag_id=01_init_infrastructure, task_id=06_create_audit_table, run_id=manual__2026-02-26T12:18:04.019055+00:00, execution_date=20260226T121804, start_date=20260226T121831, end_date=20260226T121833
[2026-02-26T12:18:33.598+0000] {logging_mixin.py:190} INFO - Task instance in success state
[2026-02-26T12:18:33.600+0000] {logging_mixin.py:190} INFO -  Previous state of the Task instance: running
[2026-02-26T12:18:33.601+0000] {logging_mixin.py:190} INFO - Dag name:01_init_infrastructure queued_at:2026-02-26 12:18:04.031568+00:00
[2026-02-26T12:18:33.602+0000] {logging_mixin.py:190} INFO - Task hostname:d54c9b653406 operator:SQLExecuteQueryOperator
[2026-02-26T12:18:33.640+0000] {local_task_job_runner.py:266} INFO - Task exited with return code 0
[2026-02-26T12:18:33.668+0000] {taskinstance.py:3924} INFO - 1 downstream tasks scheduled from follow-on schedule check
[2026-02-26T12:18:33.672+0000] {local_task_job_runner.py:245} INFO - ::endgroup::
