[2026-02-26T13:53:51.730+0000] {local_task_job_runner.py:123} INFO - ::group::Pre task execution logs
[2026-02-26T13:53:51.755+0000] {taskinstance.py:2631} INFO - Dependencies all met for dep_context=non-requeueable deps ti=<TaskInstance: 01_init_infrastructure.02_create_schemas manual__2026-02-26T13:53:43.895474+00:00 [queued]>
[2026-02-26T13:53:51.770+0000] {taskinstance.py:2631} INFO - Dependencies all met for dep_context=requeueable deps ti=<TaskInstance: 01_init_infrastructure.02_create_schemas manual__2026-02-26T13:53:43.895474+00:00 [queued]>
[2026-02-26T13:53:51.772+0000] {taskinstance.py:2884} INFO - Starting attempt 1 of 1
[2026-02-26T13:53:51.959+0000] {taskinstance.py:2907} INFO - Executing <Task(SQLExecuteQueryOperator): 02_create_schemas> on 2026-02-26 13:53:43.895474+00:00
[2026-02-26T13:53:51.969+0000] {standard_task_runner.py:72} INFO - Started process 4997 to run task
[2026-02-26T13:53:51.977+0000] {standard_task_runner.py:104} INFO - Running: ['***', 'tasks', 'run', '01_init_infrastructure', '02_create_schemas', 'manual__2026-02-26T13:53:43.895474+00:00', '--job-id', '699', '--raw', '--subdir', 'DAGS_FOLDER/01_init_infrastructure.py', '--cfg-path', '/tmp/tmpyueyqntt']
[2026-02-26T13:53:51.982+0000] {standard_task_runner.py:105} INFO - Job 699: Subtask 02_create_schemas
[2026-02-26T13:53:52.083+0000] {task_command.py:467} INFO - Running <TaskInstance: 01_init_infrastructure.02_create_schemas manual__2026-02-26T13:53:43.895474+00:00 [running]> on host d54c9b653406
[2026-02-26T13:53:52.200+0000] {taskinstance.py:3157} INFO - Exporting env vars: AIRFLOW_CTX_DAG_OWNER='***' AIRFLOW_CTX_DAG_ID='01_init_infrastructure' AIRFLOW_CTX_TASK_ID='02_create_schemas' AIRFLOW_CTX_EXECUTION_DATE='2026-02-26T13:53:43.895474+00:00' AIRFLOW_CTX_TRY_NUMBER='1' AIRFLOW_CTX_DAG_RUN_ID='manual__2026-02-26T13:53:43.895474+00:00'
[2026-02-26T13:53:52.203+0000] {logging_mixin.py:190} INFO - Task instance is in running state
[2026-02-26T13:53:52.204+0000] {logging_mixin.py:190} INFO -  Previous state of the Task instance: queued
[2026-02-26T13:53:52.206+0000] {logging_mixin.py:190} INFO - Current task name:02_create_schemas state:running start_date:2026-02-26 13:53:51.757397+00:00
[2026-02-26T13:53:52.207+0000] {logging_mixin.py:190} INFO - Dag name:01_init_infrastructure and current dag run status:running
[2026-02-26T13:53:52.208+0000] {taskinstance.py:740} INFO - ::endgroup::
[2026-02-26T13:53:52.209+0000] {sql.py:306} INFO - Executing: USE DATABASE AIRLINE_DWH;

CREATE SCHEMA IF NOT EXISTS RAW_DATA;    
CREATE SCHEMA IF NOT EXISTS SILVER_DATA; 
CREATE SCHEMA IF NOT EXISTS GOLD_DATA;   
CREATE SCHEMA IF NOT EXISTS UTILS;       
[2026-02-26T13:53:52.226+0000] {base.py:84} INFO - Retrieving connection 'snowflake_default'
[2026-02-26T13:53:52.433+0000] {base.py:84} INFO - Retrieving connection 'snowflake_default'
[2026-02-26T13:53:52.435+0000] {connection.py:486} INFO - Snowflake Connector for Python Version: 3.15.0, Python Version: 3.10.17, Platform: Linux-6.6.87.2-microsoft-standard-WSL2-x86_64-with-glibc2.36
[2026-02-26T13:53:52.437+0000] {connection.py:1391} INFO - Connecting to GLOBAL Snowflake domain
[2026-02-26T13:53:52.839+0000] {snowflake.py:521} INFO - Running statement: USE DATABASE AIRLINE_DWH;, parameters: None
[2026-02-26T13:53:52.843+0000] {sql.py:814} INFO - Running statement: USE DATABASE AIRLINE_DWH;, parameters: None
[2026-02-26T13:53:52.937+0000] {sql.py:823} INFO - Rows affected: 1
[2026-02-26T13:53:52.942+0000] {snowflake.py:534} INFO - Rows affected: 1
[2026-02-26T13:53:52.947+0000] {snowflake.py:535} INFO - Snowflake query id: 01c2ac01-0005-0f1f-0001-37ce00087fca
[2026-02-26T13:53:52.951+0000] {snowflake.py:521} INFO - Running statement: CREATE SCHEMA IF NOT EXISTS RAW_DATA;, parameters: None
[2026-02-26T13:53:52.955+0000] {sql.py:814} INFO - Running statement: CREATE SCHEMA IF NOT EXISTS RAW_DATA;, parameters: None
[2026-02-26T13:53:53.087+0000] {sql.py:823} INFO - Rows affected: 1
[2026-02-26T13:53:53.089+0000] {snowflake.py:534} INFO - Rows affected: 1
[2026-02-26T13:53:53.090+0000] {snowflake.py:535} INFO - Snowflake query id: 01c2ac01-0005-0f1f-0001-37ce00087fce
[2026-02-26T13:53:53.092+0000] {snowflake.py:521} INFO - Running statement: CREATE SCHEMA IF NOT EXISTS SILVER_DATA;, parameters: None
[2026-02-26T13:53:53.093+0000] {sql.py:814} INFO - Running statement: CREATE SCHEMA IF NOT EXISTS SILVER_DATA;, parameters: None
[2026-02-26T13:53:53.198+0000] {sql.py:823} INFO - Rows affected: 1
[2026-02-26T13:53:53.200+0000] {snowflake.py:534} INFO - Rows affected: 1
[2026-02-26T13:53:53.202+0000] {snowflake.py:535} INFO - Snowflake query id: 01c2ac01-0005-0f1f-0001-37ce00087fd2
[2026-02-26T13:53:53.205+0000] {snowflake.py:521} INFO - Running statement: CREATE SCHEMA IF NOT EXISTS GOLD_DATA;, parameters: None
[2026-02-26T13:53:53.207+0000] {sql.py:814} INFO - Running statement: CREATE SCHEMA IF NOT EXISTS GOLD_DATA;, parameters: None
[2026-02-26T13:53:53.324+0000] {sql.py:823} INFO - Rows affected: 1
[2026-02-26T13:53:53.326+0000] {snowflake.py:534} INFO - Rows affected: 1
[2026-02-26T13:53:53.328+0000] {snowflake.py:535} INFO - Snowflake query id: 01c2ac01-0005-0f1f-0001-37ce00087fd6
[2026-02-26T13:53:53.330+0000] {snowflake.py:521} INFO - Running statement: CREATE SCHEMA IF NOT EXISTS UTILS;, parameters: None
[2026-02-26T13:53:53.332+0000] {sql.py:814} INFO - Running statement: CREATE SCHEMA IF NOT EXISTS UTILS;, parameters: None
[2026-02-26T13:53:53.439+0000] {sql.py:823} INFO - Rows affected: 1
[2026-02-26T13:53:53.441+0000] {snowflake.py:534} INFO - Rows affected: 1
[2026-02-26T13:53:53.443+0000] {snowflake.py:535} INFO - Snowflake query id: 01c2ac01-0005-0f1f-0001-37ce00087fda
[2026-02-26T13:53:53.686+0000] {taskinstance.py:349} INFO - ::group::Post task execution logs
[2026-02-26T13:53:53.688+0000] {taskinstance.py:361} INFO - Marking task as SUCCESS. dag_id=01_init_infrastructure, task_id=02_create_schemas, run_id=manual__2026-02-26T13:53:43.895474+00:00, execution_date=20260226T135343, start_date=20260226T135351, end_date=20260226T135353
[2026-02-26T13:53:53.718+0000] {logging_mixin.py:190} INFO - Task instance in success state
[2026-02-26T13:53:53.720+0000] {logging_mixin.py:190} INFO -  Previous state of the Task instance: running
[2026-02-26T13:53:53.722+0000] {logging_mixin.py:190} INFO - Dag name:01_init_infrastructure queued_at:2026-02-26 13:53:43.942840+00:00
[2026-02-26T13:53:53.723+0000] {logging_mixin.py:190} INFO - Task hostname:d54c9b653406 operator:SQLExecuteQueryOperator
[2026-02-26T13:53:53.762+0000] {local_task_job_runner.py:266} INFO - Task exited with return code 0
[2026-02-26T13:53:53.796+0000] {taskinstance.py:3924} INFO - 1 downstream tasks scheduled from follow-on schedule check
[2026-02-26T13:53:53.801+0000] {local_task_job_runner.py:245} INFO - ::endgroup::
