[2026-02-26T12:43:16.071+0000] {local_task_job_runner.py:123} INFO - ::group::Pre task execution logs
[2026-02-26T12:43:16.106+0000] {taskinstance.py:2631} INFO - Dependencies all met for dep_context=non-requeueable deps ti=<TaskInstance: 02_etl_pipeline_incremental.check_and_get_file manual__2026-02-26T12:43:13.561437+00:00 [queued]>
[2026-02-26T12:43:16.118+0000] {taskinstance.py:2631} INFO - Dependencies all met for dep_context=requeueable deps ti=<TaskInstance: 02_etl_pipeline_incremental.check_and_get_file manual__2026-02-26T12:43:13.561437+00:00 [queued]>
[2026-02-26T12:43:16.120+0000] {taskinstance.py:2884} INFO - Starting attempt 1 of 2
[2026-02-26T12:43:16.302+0000] {taskinstance.py:2907} INFO - Executing <Task(ShortCircuitOperator): check_and_get_file> on 2026-02-26 12:43:13.561437+00:00
[2026-02-26T12:43:16.314+0000] {standard_task_runner.py:72} INFO - Started process 3667 to run task
[2026-02-26T12:43:16.320+0000] {standard_task_runner.py:104} INFO - Running: ['***', 'tasks', 'run', '02_etl_pipeline_incremental', 'check_and_get_file', 'manual__2026-02-26T12:43:13.561437+00:00', '--job-id', '603', '--raw', '--subdir', 'DAGS_FOLDER/02_etl_pipeline.py', '--cfg-path', '/tmp/tmpw4jy176m']
[2026-02-26T12:43:16.323+0000] {standard_task_runner.py:105} INFO - Job 603: Subtask check_and_get_file
[2026-02-26T12:43:16.418+0000] {task_command.py:467} INFO - Running <TaskInstance: 02_etl_pipeline_incremental.check_and_get_file manual__2026-02-26T12:43:13.561437+00:00 [running]> on host d54c9b653406
[2026-02-26T12:43:16.574+0000] {taskinstance.py:3157} INFO - Exporting env vars: AIRFLOW_CTX_DAG_OWNER='***' AIRFLOW_CTX_DAG_ID='02_etl_pipeline_incremental' AIRFLOW_CTX_TASK_ID='check_and_get_file' AIRFLOW_CTX_EXECUTION_DATE='2026-02-26T12:43:13.561437+00:00' AIRFLOW_CTX_TRY_NUMBER='1' AIRFLOW_CTX_DAG_RUN_ID='manual__2026-02-26T12:43:13.561437+00:00'
[2026-02-26T12:43:16.579+0000] {logging_mixin.py:190} INFO - Task instance is in running state
[2026-02-26T12:43:16.580+0000] {logging_mixin.py:190} INFO -  Previous state of the Task instance: queued
[2026-02-26T12:43:16.582+0000] {logging_mixin.py:190} INFO - Current task name:check_and_get_file state:running start_date:2026-02-26 12:43:16.108427+00:00
[2026-02-26T12:43:16.584+0000] {logging_mixin.py:190} INFO - Dag name:02_etl_pipeline_incremental and current dag run status:running
[2026-02-26T12:43:16.587+0000] {taskinstance.py:740} INFO - ::endgroup::
[2026-02-26T12:43:16.589+0000] {baseoperator.py:423} WARNING - ShortCircuitOperator.execute cannot be called outside TaskInstance!
[2026-02-26T12:43:16.600+0000] {logging_mixin.py:190} INFO - File to processing: Dominica_orig_data_for_update.csv
[2026-02-26T12:43:16.602+0000] {python.py:240} INFO - Done. Returned value was: Dominica_orig_data_for_update.csv
[2026-02-26T12:43:16.603+0000] {python.py:309} INFO - Condition result is Dominica_orig_data_for_update.csv
[2026-02-26T12:43:16.605+0000] {python.py:312} INFO - Proceeding with downstream tasks...
[2026-02-26T12:43:16.651+0000] {taskinstance.py:349} INFO - ::group::Post task execution logs
[2026-02-26T12:43:16.656+0000] {taskinstance.py:361} INFO - Marking task as SUCCESS. dag_id=02_etl_pipeline_incremental, task_id=check_and_get_file, run_id=manual__2026-02-26T12:43:13.561437+00:00, execution_date=20260226T124313, start_date=20260226T124316, end_date=20260226T124316
[2026-02-26T12:43:16.705+0000] {logging_mixin.py:190} INFO - Task instance in success state
[2026-02-26T12:43:16.711+0000] {logging_mixin.py:190} INFO -  Previous state of the Task instance: running
[2026-02-26T12:43:16.713+0000] {logging_mixin.py:190} INFO - Dag name:02_etl_pipeline_incremental queued_at:2026-02-26 12:43:13.577215+00:00
[2026-02-26T12:43:16.715+0000] {logging_mixin.py:190} INFO - Task hostname:d54c9b653406 operator:ShortCircuitOperator
[2026-02-26T12:43:16.737+0000] {local_task_job_runner.py:266} INFO - Task exited with return code 0
[2026-02-26T12:43:16.831+0000] {taskinstance.py:3924} INFO - 1 downstream tasks scheduled from follow-on schedule check
[2026-02-26T12:43:16.834+0000] {local_task_job_runner.py:245} INFO - ::endgroup::
