[2026-02-26T12:35:38.129+0000] {local_task_job_runner.py:123} INFO - ::group::Pre task execution logs
[2026-02-26T12:35:38.164+0000] {taskinstance.py:2631} INFO - Dependencies all met for dep_context=non-requeueable deps ti=<TaskInstance: 02_etl_pipeline_incremental.archive_processed_file scheduled__2026-02-26T12:30:00+00:00 [queued]>
[2026-02-26T12:35:38.178+0000] {taskinstance.py:2631} INFO - Dependencies all met for dep_context=requeueable deps ti=<TaskInstance: 02_etl_pipeline_incremental.archive_processed_file scheduled__2026-02-26T12:30:00+00:00 [queued]>
[2026-02-26T12:35:38.180+0000] {taskinstance.py:2884} INFO - Starting attempt 1 of 2
[2026-02-26T12:35:38.346+0000] {taskinstance.py:2907} INFO - Executing <Task(PythonOperator): archive_processed_file> on 2026-02-26 12:30:00+00:00
[2026-02-26T12:35:38.358+0000] {standard_task_runner.py:72} INFO - Started process 3558 to run task
[2026-02-26T12:35:38.366+0000] {standard_task_runner.py:104} INFO - Running: ['***', 'tasks', 'run', '02_etl_pipeline_incremental', 'archive_processed_file', 'scheduled__2026-02-26T12:30:00+00:00', '--job-id', '601', '--raw', '--subdir', 'DAGS_FOLDER/02_etl_pipeline.py', '--cfg-path', '/tmp/tmpa5drcvq5']
[2026-02-26T12:35:38.371+0000] {standard_task_runner.py:105} INFO - Job 601: Subtask archive_processed_file
[2026-02-26T12:35:38.464+0000] {task_command.py:467} INFO - Running <TaskInstance: 02_etl_pipeline_incremental.archive_processed_file scheduled__2026-02-26T12:30:00+00:00 [running]> on host d54c9b653406
[2026-02-26T12:35:38.593+0000] {taskinstance.py:3157} INFO - Exporting env vars: AIRFLOW_CTX_DAG_OWNER='***' AIRFLOW_CTX_DAG_ID='02_etl_pipeline_incremental' AIRFLOW_CTX_TASK_ID='archive_processed_file' AIRFLOW_CTX_EXECUTION_DATE='2026-02-26T12:30:00+00:00' AIRFLOW_CTX_TRY_NUMBER='1' AIRFLOW_CTX_DAG_RUN_ID='scheduled__2026-02-26T12:30:00+00:00'
[2026-02-26T12:35:38.598+0000] {logging_mixin.py:190} INFO - Task instance is in running state
[2026-02-26T12:35:38.600+0000] {logging_mixin.py:190} INFO -  Previous state of the Task instance: queued
[2026-02-26T12:35:38.601+0000] {logging_mixin.py:190} INFO - Current task name:archive_processed_file state:running start_date:2026-02-26 12:35:38.165842+00:00
[2026-02-26T12:35:38.602+0000] {logging_mixin.py:190} INFO - Dag name:02_etl_pipeline_incremental and current dag run status:running
[2026-02-26T12:35:38.603+0000] {taskinstance.py:740} INFO - ::endgroup::
[2026-02-26T12:35:38.624+0000] {logging_mixin.py:190} INFO - File was moved to: /opt/***/data/archive/Airline_Dataset_processed_20260226_123538.csv
[2026-02-26T12:35:38.625+0000] {python.py:240} INFO - Done. Returned value was: None
[2026-02-26T12:35:38.639+0000] {taskinstance.py:349} INFO - ::group::Post task execution logs
[2026-02-26T12:35:38.640+0000] {taskinstance.py:361} INFO - Marking task as SUCCESS. dag_id=02_etl_pipeline_incremental, task_id=archive_processed_file, run_id=scheduled__2026-02-26T12:30:00+00:00, execution_date=20260226T123000, start_date=20260226T123538, end_date=20260226T123538
[2026-02-26T12:35:38.671+0000] {logging_mixin.py:190} INFO - Task instance in success state
[2026-02-26T12:35:38.673+0000] {logging_mixin.py:190} INFO -  Previous state of the Task instance: running
[2026-02-26T12:35:38.674+0000] {logging_mixin.py:190} INFO - Dag name:02_etl_pipeline_incremental queued_at:2026-02-26 12:35:00.310269+00:00
[2026-02-26T12:35:38.675+0000] {logging_mixin.py:190} INFO - Task hostname:d54c9b653406 operator:PythonOperator
[2026-02-26T12:35:38.701+0000] {local_task_job_runner.py:266} INFO - Task exited with return code 0
[2026-02-26T12:35:38.727+0000] {taskinstance.py:3924} INFO - 0 downstream tasks scheduled from follow-on schedule check
[2026-02-26T12:35:38.730+0000] {local_task_job_runner.py:245} INFO - ::endgroup::
