[2026-02-26T13:19:13.133+0000] {local_task_job_runner.py:123} INFO - ::group::Pre task execution logs
[2026-02-26T13:19:13.176+0000] {taskinstance.py:2631} INFO - Dependencies all met for dep_context=non-requeueable deps ti=<TaskInstance: 01_init_infrastructure.12_sp_gold manual__2026-02-26T13:18:17.367891+00:00 [queued]>
[2026-02-26T13:19:13.202+0000] {taskinstance.py:2631} INFO - Dependencies all met for dep_context=requeueable deps ti=<TaskInstance: 01_init_infrastructure.12_sp_gold manual__2026-02-26T13:18:17.367891+00:00 [queued]>
[2026-02-26T13:19:13.204+0000] {taskinstance.py:2884} INFO - Starting attempt 1 of 1
[2026-02-26T13:19:13.351+0000] {taskinstance.py:2907} INFO - Executing <Task(SQLExecuteQueryOperator): 12_sp_gold> on 2026-02-26 13:18:17.367891+00:00
[2026-02-26T13:19:13.360+0000] {standard_task_runner.py:72} INFO - Started process 4423 to run task
[2026-02-26T13:19:13.365+0000] {standard_task_runner.py:104} INFO - Running: ['***', 'tasks', 'run', '01_init_infrastructure', '12_sp_gold', 'manual__2026-02-26T13:18:17.367891+00:00', '--job-id', '671', '--raw', '--subdir', 'DAGS_FOLDER/01_init_infrastructure.py', '--cfg-path', '/tmp/tmpbnx_85hh']
[2026-02-26T13:19:13.368+0000] {standard_task_runner.py:105} INFO - Job 671: Subtask 12_sp_gold
[2026-02-26T13:19:13.441+0000] {task_command.py:467} INFO - Running <TaskInstance: 01_init_infrastructure.12_sp_gold manual__2026-02-26T13:18:17.367891+00:00 [running]> on host d54c9b653406
[2026-02-26T13:19:13.551+0000] {taskinstance.py:3157} INFO - Exporting env vars: AIRFLOW_CTX_DAG_OWNER='***' AIRFLOW_CTX_DAG_ID='01_init_infrastructure' AIRFLOW_CTX_TASK_ID='12_sp_gold' AIRFLOW_CTX_EXECUTION_DATE='2026-02-26T13:18:17.367891+00:00' AIRFLOW_CTX_TRY_NUMBER='1' AIRFLOW_CTX_DAG_RUN_ID='manual__2026-02-26T13:18:17.367891+00:00'
[2026-02-26T13:19:13.554+0000] {logging_mixin.py:190} INFO - Task instance is in running state
[2026-02-26T13:19:13.556+0000] {logging_mixin.py:190} INFO -  Previous state of the Task instance: queued
[2026-02-26T13:19:13.558+0000] {logging_mixin.py:190} INFO - Current task name:12_sp_gold state:running start_date:2026-02-26 13:19:13.177681+00:00
[2026-02-26T13:19:13.559+0000] {logging_mixin.py:190} INFO - Dag name:01_init_infrastructure and current dag run status:running
[2026-02-26T13:19:13.560+0000] {taskinstance.py:740} INFO - ::endgroup::
[2026-02-26T13:19:13.561+0000] {sql.py:306} INFO - Executing: CREATE OR REPLACE PROCEDURE AIRLINE_DWH.GOLD_DATA.SP_REFRESH_GOLD_REPORT()
RETURNS VARCHAR
LANGUAGE SQL
EXECUTE AS CALLER
AS
$$
DECLARE
    rows_affected INT;
BEGIN
    BEGIN TRANSACTION;
    CREATE OR REPLACE TABLE AIRLINE_DWH.GOLD_DATA.FLIGHTS_BY_COUNTRY_REPORT AS
    SELECT 
        A.country_name,
        COUNT(F.flight_sk) as total_flights,
        COUNT(DISTINCT F.pilot_sk) as distinct_pilots,
        MAX(F.departure_date) as last_flight_date
    FROM AIRLINE_DWH.SILVER_DATA.FACT_AIRLINE F
    JOIN AIRLINE_DWH.SILVER_DATA.DIM_AIRPORTS A ON F.airport_sk = A.airport_sk
    GROUP BY A.country_name
    ORDER BY total_flights DESC;

    rows_affected := SQLROWCOUNT;

    INSERT INTO AIRLINE_DWH.UTILS.ETL_LOGS (process_name, layer, rows_affected, status)
    VALUES ('SP_REFRESH_GOLD_REPORT', 'GOLD', :rows_affected, 'SUCCESS');

    COMMIT;
    RETURN 'Gold Report Refreshed. Rows: ' || :rows_affected;

END;
$$;
[2026-02-26T13:19:13.577+0000] {base.py:84} INFO - Retrieving connection 'snowflake_default'
[2026-02-26T13:19:13.753+0000] {base.py:84} INFO - Retrieving connection 'snowflake_default'
[2026-02-26T13:19:13.755+0000] {connection.py:486} INFO - Snowflake Connector for Python Version: 3.15.0, Python Version: 3.10.17, Platform: Linux-6.6.87.2-microsoft-standard-WSL2-x86_64-with-glibc2.36
[2026-02-26T13:19:13.758+0000] {connection.py:1391} INFO - Connecting to GLOBAL Snowflake domain
[2026-02-26T13:19:14.180+0000] {snowflake.py:521} INFO - Running statement: CREATE OR REPLACE PROCEDURE AIRLINE_DWH.GOLD_DATA.SP_REFRESH_GOLD_REPORT()
RETURNS VARCHAR
LANGUAGE SQL
EXECUTE AS CALLER
AS
$$
DECLARE
    rows_affected INT;
BEGIN
    BEGIN TRANSACTION;
    CREATE OR REPLACE TABLE AIRLINE_DWH.GOLD_DATA.FLIGHTS_BY_COUNTRY_REPORT AS
    SELECT 
        A.country_name,
        COUNT(F.flight_sk) as total_flights,
        COUNT(DISTINCT F.pilot_sk) as distinct_pilots,
        MAX(F.departure_date) as last_flight_date
    FROM AIRLINE_DWH.SILVER_DATA.FACT_AIRLINE F
    JOIN AIRLINE_DWH.SILVER_DATA.DIM_AIRPORTS A ON F.airport_sk = A.airport_sk
    GROUP BY A.country_name
    ORDER BY total_flights DESC;

    rows_affected := SQLROWCOUNT;

    INSERT INTO AIRLINE_DWH.UTILS.ETL_LOGS (process_name, layer, rows_affected, status)
    VALUES ('SP_REFRESH_GOLD_REPORT', 'GOLD', :rows_affected, 'SUCCESS');

    COMMIT;
    RETURN 'Gold Report Refreshed. Rows: ' || :rows_affected;

END;
$$;, parameters: None
[2026-02-26T13:19:14.182+0000] {sql.py:814} INFO - Running statement: CREATE OR REPLACE PROCEDURE AIRLINE_DWH.GOLD_DATA.SP_REFRESH_GOLD_REPORT()
RETURNS VARCHAR
LANGUAGE SQL
EXECUTE AS CALLER
AS
$$
DECLARE
    rows_affected INT;
BEGIN
    BEGIN TRANSACTION;
    CREATE OR REPLACE TABLE AIRLINE_DWH.GOLD_DATA.FLIGHTS_BY_COUNTRY_REPORT AS
    SELECT 
        A.country_name,
        COUNT(F.flight_sk) as total_flights,
        COUNT(DISTINCT F.pilot_sk) as distinct_pilots,
        MAX(F.departure_date) as last_flight_date
    FROM AIRLINE_DWH.SILVER_DATA.FACT_AIRLINE F
    JOIN AIRLINE_DWH.SILVER_DATA.DIM_AIRPORTS A ON F.airport_sk = A.airport_sk
    GROUP BY A.country_name
    ORDER BY total_flights DESC;

    rows_affected := SQLROWCOUNT;

    INSERT INTO AIRLINE_DWH.UTILS.ETL_LOGS (process_name, layer, rows_affected, status)
    VALUES ('SP_REFRESH_GOLD_REPORT', 'GOLD', :rows_affected, 'SUCCESS');

    COMMIT;
    RETURN 'Gold Report Refreshed. Rows: ' || :rows_affected;

END;
$$;, parameters: None
[2026-02-26T13:19:14.334+0000] {sql.py:823} INFO - Rows affected: 1
[2026-02-26T13:19:14.336+0000] {snowflake.py:534} INFO - Rows affected: 1
[2026-02-26T13:19:14.337+0000] {snowflake.py:535} INFO - Snowflake query id: 01c2abdf-0005-0f17-0001-37ce0008b0e2
[2026-02-26T13:19:14.550+0000] {taskinstance.py:349} INFO - ::group::Post task execution logs
[2026-02-26T13:19:14.552+0000] {taskinstance.py:361} INFO - Marking task as SUCCESS. dag_id=01_init_infrastructure, task_id=12_sp_gold, run_id=manual__2026-02-26T13:18:17.367891+00:00, execution_date=20260226T131817, start_date=20260226T131913, end_date=20260226T131914
[2026-02-26T13:19:14.580+0000] {logging_mixin.py:190} INFO - Task instance in success state
[2026-02-26T13:19:14.582+0000] {logging_mixin.py:190} INFO -  Previous state of the Task instance: running
[2026-02-26T13:19:14.583+0000] {logging_mixin.py:190} INFO - Dag name:01_init_infrastructure queued_at:2026-02-26 13:18:17.396222+00:00
[2026-02-26T13:19:14.584+0000] {logging_mixin.py:190} INFO - Task hostname:d54c9b653406 operator:SQLExecuteQueryOperator
[2026-02-26T13:19:14.625+0000] {local_task_job_runner.py:266} INFO - Task exited with return code 0
[2026-02-26T13:19:14.649+0000] {taskinstance.py:3924} INFO - 1 downstream tasks scheduled from follow-on schedule check
[2026-02-26T13:19:14.653+0000] {local_task_job_runner.py:245} INFO - ::endgroup::
