[2026-02-26T12:30:32.359+0000] {local_task_job_runner.py:123} INFO - ::group::Pre task execution logs
[2026-02-26T12:30:32.392+0000] {taskinstance.py:2631} INFO - Dependencies all met for dep_context=non-requeueable deps ti=<TaskInstance: 02_etl_pipeline_incremental.load_gold_analytics scheduled__2026-02-26T12:25:00+00:00 [queued]>
[2026-02-26T12:30:32.407+0000] {taskinstance.py:2631} INFO - Dependencies all met for dep_context=requeueable deps ti=<TaskInstance: 02_etl_pipeline_incremental.load_gold_analytics scheduled__2026-02-26T12:25:00+00:00 [queued]>
[2026-02-26T12:30:32.409+0000] {taskinstance.py:2884} INFO - Starting attempt 1 of 2
[2026-02-26T12:30:32.554+0000] {taskinstance.py:2907} INFO - Executing <Task(SQLExecuteQueryOperator): load_gold_analytics> on 2026-02-26 12:25:00+00:00
[2026-02-26T12:30:32.562+0000] {standard_task_runner.py:72} INFO - Started process 3449 to run task
[2026-02-26T12:30:32.568+0000] {standard_task_runner.py:104} INFO - Running: ['***', 'tasks', 'run', '02_etl_pipeline_incremental', 'load_gold_analytics', 'scheduled__2026-02-26T12:25:00+00:00', '--job-id', '590', '--raw', '--subdir', 'DAGS_FOLDER/02_etl_pipeline.py', '--cfg-path', '/tmp/tmpxi24ac2r']
[2026-02-26T12:30:32.571+0000] {standard_task_runner.py:105} INFO - Job 590: Subtask load_gold_analytics
[2026-02-26T12:30:32.634+0000] {task_command.py:467} INFO - Running <TaskInstance: 02_etl_pipeline_incremental.load_gold_analytics scheduled__2026-02-26T12:25:00+00:00 [running]> on host d54c9b653406
[2026-02-26T12:30:32.717+0000] {taskinstance.py:3157} INFO - Exporting env vars: AIRFLOW_CTX_DAG_OWNER='***' AIRFLOW_CTX_DAG_ID='02_etl_pipeline_incremental' AIRFLOW_CTX_TASK_ID='load_gold_analytics' AIRFLOW_CTX_EXECUTION_DATE='2026-02-26T12:25:00+00:00' AIRFLOW_CTX_TRY_NUMBER='1' AIRFLOW_CTX_DAG_RUN_ID='scheduled__2026-02-26T12:25:00+00:00'
[2026-02-26T12:30:32.721+0000] {logging_mixin.py:190} INFO - Task instance is in running state
[2026-02-26T12:30:32.723+0000] {logging_mixin.py:190} INFO -  Previous state of the Task instance: queued
[2026-02-26T12:30:32.724+0000] {logging_mixin.py:190} INFO - Current task name:load_gold_analytics state:running start_date:2026-02-26 12:30:32.393850+00:00
[2026-02-26T12:30:32.725+0000] {logging_mixin.py:190} INFO - Dag name:02_etl_pipeline_incremental and current dag run status:running
[2026-02-26T12:30:32.726+0000] {taskinstance.py:740} INFO - ::endgroup::
[2026-02-26T12:30:32.727+0000] {sql.py:306} INFO - Executing: CALL AIRLINE_DWH.GOLD_DATA.SP_REFRESH_GOLD_REPORT();
[2026-02-26T12:30:32.740+0000] {base.py:84} INFO - Retrieving connection 'snowflake_default'
[2026-02-26T12:30:32.894+0000] {base.py:84} INFO - Retrieving connection 'snowflake_default'
[2026-02-26T12:30:32.896+0000] {connection.py:486} INFO - Snowflake Connector for Python Version: 3.15.0, Python Version: 3.10.17, Platform: Linux-6.6.87.2-microsoft-standard-WSL2-x86_64-with-glibc2.36
[2026-02-26T12:30:32.899+0000] {connection.py:1391} INFO - Connecting to GLOBAL Snowflake domain
[2026-02-26T12:30:33.955+0000] {snowflake.py:521} INFO - Running statement: CALL AIRLINE_DWH.GOLD_DATA.SP_REFRESH_GOLD_REPORT();, parameters: None
[2026-02-26T12:30:33.957+0000] {sql.py:814} INFO - Running statement: CALL AIRLINE_DWH.GOLD_DATA.SP_REFRESH_GOLD_REPORT();, parameters: None
[2026-02-26T12:30:35.650+0000] {sql.py:823} INFO - Rows affected: 1
[2026-02-26T12:30:35.652+0000] {snowflake.py:534} INFO - Rows affected: 1
[2026-02-26T12:30:35.653+0000] {snowflake.py:535} INFO - Snowflake query id: 01c2abae-0005-0f17-0001-37ce000899c6
[2026-02-26T12:30:35.858+0000] {taskinstance.py:349} INFO - ::group::Post task execution logs
[2026-02-26T12:30:35.860+0000] {taskinstance.py:361} INFO - Marking task as SUCCESS. dag_id=02_etl_pipeline_incremental, task_id=load_gold_analytics, run_id=scheduled__2026-02-26T12:25:00+00:00, execution_date=20260226T122500, start_date=20260226T123032, end_date=20260226T123035
[2026-02-26T12:30:35.899+0000] {logging_mixin.py:190} INFO - Task instance in success state
[2026-02-26T12:30:35.901+0000] {logging_mixin.py:190} INFO -  Previous state of the Task instance: running
[2026-02-26T12:30:35.903+0000] {logging_mixin.py:190} INFO - Dag name:02_etl_pipeline_incremental queued_at:2026-02-26 12:30:00.136701+00:00
[2026-02-26T12:30:35.904+0000] {logging_mixin.py:190} INFO - Task hostname:d54c9b653406 operator:SQLExecuteQueryOperator
[2026-02-26T12:30:35.961+0000] {local_task_job_runner.py:266} INFO - Task exited with return code 0
[2026-02-26T12:30:36.009+0000] {taskinstance.py:3924} INFO - 1 downstream tasks scheduled from follow-on schedule check
[2026-02-26T12:30:36.013+0000] {local_task_job_runner.py:245} INFO - ::endgroup::
