[2026-02-26T12:55:14.843+0000] {local_task_job_runner.py:123} INFO - ::group::Pre task execution logs
[2026-02-26T12:55:14.879+0000] {taskinstance.py:2631} INFO - Dependencies all met for dep_context=non-requeueable deps ti=<TaskInstance: 02_etl_pipeline_incremental.load_bronze_raw scheduled__2026-02-26T12:50:00+00:00 [queued]>
[2026-02-26T12:55:14.901+0000] {taskinstance.py:2631} INFO - Dependencies all met for dep_context=requeueable deps ti=<TaskInstance: 02_etl_pipeline_incremental.load_bronze_raw scheduled__2026-02-26T12:50:00+00:00 [queued]>
[2026-02-26T12:55:14.903+0000] {taskinstance.py:2884} INFO - Starting attempt 1 of 2
[2026-02-26T12:55:15.104+0000] {taskinstance.py:2907} INFO - Executing <Task(SQLExecuteQueryOperator): load_bronze_raw> on 2026-02-26 12:50:00+00:00
[2026-02-26T12:55:15.115+0000] {standard_task_runner.py:72} INFO - Started process 3921 to run task
[2026-02-26T12:55:15.121+0000] {standard_task_runner.py:104} INFO - Running: ['***', 'tasks', 'run', '02_etl_pipeline_incremental', 'load_bronze_raw', 'scheduled__2026-02-26T12:50:00+00:00', '--job-id', '626', '--raw', '--subdir', 'DAGS_FOLDER/02_etl_pipeline.py', '--cfg-path', '/tmp/tmps2u2edt0']
[2026-02-26T12:55:15.124+0000] {standard_task_runner.py:105} INFO - Job 626: Subtask load_bronze_raw
[2026-02-26T12:55:15.236+0000] {task_command.py:467} INFO - Running <TaskInstance: 02_etl_pipeline_incremental.load_bronze_raw scheduled__2026-02-26T12:50:00+00:00 [running]> on host d54c9b653406
[2026-02-26T12:55:15.410+0000] {taskinstance.py:3157} INFO - Exporting env vars: AIRFLOW_CTX_DAG_OWNER='***' AIRFLOW_CTX_DAG_ID='02_etl_pipeline_incremental' AIRFLOW_CTX_TASK_ID='load_bronze_raw' AIRFLOW_CTX_EXECUTION_DATE='2026-02-26T12:50:00+00:00' AIRFLOW_CTX_TRY_NUMBER='1' AIRFLOW_CTX_DAG_RUN_ID='scheduled__2026-02-26T12:50:00+00:00'
[2026-02-26T12:55:15.415+0000] {logging_mixin.py:190} INFO - Task instance is in running state
[2026-02-26T12:55:15.417+0000] {logging_mixin.py:190} INFO -  Previous state of the Task instance: queued
[2026-02-26T12:55:15.419+0000] {logging_mixin.py:190} INFO - Current task name:load_bronze_raw state:running start_date:2026-02-26 12:55:14.883441+00:00
[2026-02-26T12:55:15.420+0000] {logging_mixin.py:190} INFO - Dag name:02_etl_pipeline_incremental and current dag run status:running
[2026-02-26T12:55:15.422+0000] {taskinstance.py:740} INFO - ::endgroup::
[2026-02-26T12:55:15.425+0000] {sql.py:306} INFO - Executing: CALL AIRLINE_DWH.RAW_DATA.SP_LOAD_RAW('Dominica_orig_data_for_update.csv.gz');
[2026-02-26T12:55:15.467+0000] {base.py:84} INFO - Retrieving connection 'snowflake_default'
[2026-02-26T12:55:15.877+0000] {base.py:84} INFO - Retrieving connection 'snowflake_default'
[2026-02-26T12:55:15.880+0000] {connection.py:486} INFO - Snowflake Connector for Python Version: 3.15.0, Python Version: 3.10.17, Platform: Linux-6.6.87.2-microsoft-standard-WSL2-x86_64-with-glibc2.36
[2026-02-26T12:55:15.882+0000] {connection.py:1391} INFO - Connecting to GLOBAL Snowflake domain
[2026-02-26T12:55:16.454+0000] {snowflake.py:521} INFO - Running statement: CALL AIRLINE_DWH.RAW_DATA.SP_LOAD_RAW('Dominica_orig_data_for_update.csv.gz');, parameters: None
[2026-02-26T12:55:16.456+0000] {sql.py:814} INFO - Running statement: CALL AIRLINE_DWH.RAW_DATA.SP_LOAD_RAW('Dominica_orig_data_for_update.csv.gz');, parameters: None
[2026-02-26T12:55:18.406+0000] {sql.py:823} INFO - Rows affected: 1
[2026-02-26T12:55:18.409+0000] {snowflake.py:534} INFO - Rows affected: 1
[2026-02-26T12:55:18.410+0000] {snowflake.py:535} INFO - Snowflake query id: 01c2abc7-0005-0f17-0001-37ce00089cde
[2026-02-26T12:55:18.660+0000] {taskinstance.py:349} INFO - ::group::Post task execution logs
[2026-02-26T12:55:18.666+0000] {taskinstance.py:361} INFO - Marking task as SUCCESS. dag_id=02_etl_pipeline_incremental, task_id=load_bronze_raw, run_id=scheduled__2026-02-26T12:50:00+00:00, execution_date=20260226T125000, start_date=20260226T125514, end_date=20260226T125518
[2026-02-26T12:55:18.723+0000] {logging_mixin.py:190} INFO - Task instance in success state
[2026-02-26T12:55:18.726+0000] {logging_mixin.py:190} INFO -  Previous state of the Task instance: running
[2026-02-26T12:55:18.730+0000] {logging_mixin.py:190} INFO - Dag name:02_etl_pipeline_incremental queued_at:2026-02-26 12:55:00.793221+00:00
[2026-02-26T12:55:18.734+0000] {logging_mixin.py:190} INFO - Task hostname:d54c9b653406 operator:SQLExecuteQueryOperator
[2026-02-26T12:55:18.816+0000] {local_task_job_runner.py:266} INFO - Task exited with return code 0
[2026-02-26T12:55:18.886+0000] {taskinstance.py:3924} INFO - 3 downstream tasks scheduled from follow-on schedule check
[2026-02-26T12:55:18.899+0000] {local_task_job_runner.py:245} INFO - ::endgroup::
