[2026-02-26T12:18:06.926+0000] {local_task_job_runner.py:123} INFO - ::group::Pre task execution logs
[2026-02-26T12:18:06.956+0000] {taskinstance.py:2631} INFO - Dependencies all met for dep_context=non-requeueable deps ti=<TaskInstance: 01_init_infrastructure.01_create_database manual__2026-02-26T12:18:04.019055+00:00 [queued]>
[2026-02-26T12:18:06.971+0000] {taskinstance.py:2631} INFO - Dependencies all met for dep_context=requeueable deps ti=<TaskInstance: 01_init_infrastructure.01_create_database manual__2026-02-26T12:18:04.019055+00:00 [queued]>
[2026-02-26T12:18:06.973+0000] {taskinstance.py:2884} INFO - Starting attempt 1 of 1
[2026-02-26T12:18:07.000+0000] {taskinstance.py:2907} INFO - Executing <Task(SQLExecuteQueryOperator): 01_create_database> on 2026-02-26 12:18:04.019055+00:00
[2026-02-26T12:18:07.013+0000] {standard_task_runner.py:72} INFO - Started process 3078 to run task
[2026-02-26T12:18:07.021+0000] {standard_task_runner.py:104} INFO - Running: ['***', 'tasks', 'run', '01_init_infrastructure', '01_create_database', 'manual__2026-02-26T12:18:04.019055+00:00', '--job-id', '540', '--raw', '--subdir', 'DAGS_FOLDER/01_init_infrastructure.py', '--cfg-path', '/tmp/tmpofpcg4pe']
[2026-02-26T12:18:07.024+0000] {standard_task_runner.py:105} INFO - Job 540: Subtask 01_create_database
[2026-02-26T12:18:07.450+0000] {task_command.py:467} INFO - Running <TaskInstance: 01_init_infrastructure.01_create_database manual__2026-02-26T12:18:04.019055+00:00 [running]> on host d54c9b653406
[2026-02-26T12:18:07.612+0000] {taskinstance.py:3157} INFO - Exporting env vars: AIRFLOW_CTX_DAG_OWNER='***' AIRFLOW_CTX_DAG_ID='01_init_infrastructure' AIRFLOW_CTX_TASK_ID='01_create_database' AIRFLOW_CTX_EXECUTION_DATE='2026-02-26T12:18:04.019055+00:00' AIRFLOW_CTX_TRY_NUMBER='1' AIRFLOW_CTX_DAG_RUN_ID='manual__2026-02-26T12:18:04.019055+00:00'
[2026-02-26T12:18:07.616+0000] {logging_mixin.py:190} INFO - Task instance is in running state
[2026-02-26T12:18:07.617+0000] {logging_mixin.py:190} INFO -  Previous state of the Task instance: queued
[2026-02-26T12:18:07.618+0000] {logging_mixin.py:190} INFO - Current task name:01_create_database state:running start_date:2026-02-26 12:18:06.960820+00:00
[2026-02-26T12:18:07.619+0000] {logging_mixin.py:190} INFO - Dag name:01_init_infrastructure and current dag run status:running
[2026-02-26T12:18:07.621+0000] {taskinstance.py:740} INFO - ::endgroup::
[2026-02-26T12:18:07.622+0000] {sql.py:306} INFO - Executing: CREATE DATABASE IF NOT EXISTS AIRLINE_DWH;
[2026-02-26T12:18:07.638+0000] {base.py:84} INFO - Retrieving connection 'snowflake_default'
[2026-02-26T12:18:07.847+0000] {base.py:84} INFO - Retrieving connection 'snowflake_default'
[2026-02-26T12:18:07.849+0000] {connection.py:486} INFO - Snowflake Connector for Python Version: 3.15.0, Python Version: 3.10.17, Platform: Linux-6.6.87.2-microsoft-standard-WSL2-x86_64-with-glibc2.36
[2026-02-26T12:18:07.851+0000] {connection.py:1391} INFO - Connecting to GLOBAL Snowflake domain
[2026-02-26T12:18:09.153+0000] {snowflake.py:521} INFO - Running statement: CREATE DATABASE IF NOT EXISTS AIRLINE_DWH;, parameters: None
[2026-02-26T12:18:09.155+0000] {sql.py:814} INFO - Running statement: CREATE DATABASE IF NOT EXISTS AIRLINE_DWH;, parameters: None
[2026-02-26T12:18:09.315+0000] {sql.py:823} INFO - Rows affected: 1
[2026-02-26T12:18:09.317+0000] {snowflake.py:534} INFO - Rows affected: 1
[2026-02-26T12:18:09.319+0000] {snowflake.py:535} INFO - Snowflake query id: 01c2aba2-0005-0f0f-0001-37ce000887b6
[2026-02-26T12:18:09.549+0000] {taskinstance.py:349} INFO - ::group::Post task execution logs
[2026-02-26T12:18:09.555+0000] {taskinstance.py:361} INFO - Marking task as SUCCESS. dag_id=01_init_infrastructure, task_id=01_create_database, run_id=manual__2026-02-26T12:18:04.019055+00:00, execution_date=20260226T121804, start_date=20260226T121806, end_date=20260226T121809
[2026-02-26T12:18:09.593+0000] {logging_mixin.py:190} INFO - Task instance in success state
[2026-02-26T12:18:09.601+0000] {logging_mixin.py:190} INFO -  Previous state of the Task instance: running
[2026-02-26T12:18:09.602+0000] {logging_mixin.py:190} INFO - Dag name:01_init_infrastructure queued_at:2026-02-26 12:18:04.031568+00:00
[2026-02-26T12:18:09.603+0000] {logging_mixin.py:190} INFO - Task hostname:d54c9b653406 operator:SQLExecuteQueryOperator
[2026-02-26T12:18:09.645+0000] {local_task_job_runner.py:266} INFO - Task exited with return code 0
[2026-02-26T12:18:09.923+0000] {local_task_job_runner.py:245} INFO - ::endgroup::
