[2026-02-26T12:20:10.195+0000] {local_task_job_runner.py:123} INFO - ::group::Pre task execution logs
[2026-02-26T12:20:10.219+0000] {taskinstance.py:2631} INFO - Dependencies all met for dep_context=non-requeueable deps ti=<TaskInstance: 02_etl_pipeline_incremental.check_and_get_file manual__2026-02-26T12:20:07.570218+00:00 [queued]>
[2026-02-26T12:20:10.235+0000] {taskinstance.py:2631} INFO - Dependencies all met for dep_context=requeueable deps ti=<TaskInstance: 02_etl_pipeline_incremental.check_and_get_file manual__2026-02-26T12:20:07.570218+00:00 [queued]>
[2026-02-26T12:20:10.237+0000] {taskinstance.py:2884} INFO - Starting attempt 1 of 2
[2026-02-26T12:20:10.439+0000] {taskinstance.py:2907} INFO - Executing <Task(ShortCircuitOperator): check_and_get_file> on 2026-02-26 12:20:07.570218+00:00
[2026-02-26T12:20:10.453+0000] {standard_task_runner.py:72} INFO - Started process 3164 to run task
[2026-02-26T12:20:10.461+0000] {standard_task_runner.py:104} INFO - Running: ['***', 'tasks', 'run', '02_etl_pipeline_incremental', 'check_and_get_file', 'manual__2026-02-26T12:20:07.570218+00:00', '--job-id', '554', '--raw', '--subdir', 'DAGS_FOLDER/02_etl_pipeline.py', '--cfg-path', '/tmp/tmpwwcbv896']
[2026-02-26T12:20:10.464+0000] {standard_task_runner.py:105} INFO - Job 554: Subtask check_and_get_file
[2026-02-26T12:20:10.552+0000] {task_command.py:467} INFO - Running <TaskInstance: 02_etl_pipeline_incremental.check_and_get_file manual__2026-02-26T12:20:07.570218+00:00 [running]> on host d54c9b653406
[2026-02-26T12:20:10.662+0000] {taskinstance.py:3157} INFO - Exporting env vars: AIRFLOW_CTX_DAG_OWNER='***' AIRFLOW_CTX_DAG_ID='02_etl_pipeline_incremental' AIRFLOW_CTX_TASK_ID='check_and_get_file' AIRFLOW_CTX_EXECUTION_DATE='2026-02-26T12:20:07.570218+00:00' AIRFLOW_CTX_TRY_NUMBER='1' AIRFLOW_CTX_DAG_RUN_ID='manual__2026-02-26T12:20:07.570218+00:00'
[2026-02-26T12:20:10.665+0000] {logging_mixin.py:190} INFO - Task instance is in running state
[2026-02-26T12:20:10.667+0000] {logging_mixin.py:190} INFO -  Previous state of the Task instance: queued
[2026-02-26T12:20:10.668+0000] {logging_mixin.py:190} INFO - Current task name:check_and_get_file state:running start_date:2026-02-26 12:20:10.224592+00:00
[2026-02-26T12:20:10.669+0000] {logging_mixin.py:190} INFO - Dag name:02_etl_pipeline_incremental and current dag run status:running
[2026-02-26T12:20:10.670+0000] {taskinstance.py:740} INFO - ::endgroup::
[2026-02-26T12:20:10.671+0000] {baseoperator.py:423} WARNING - ShortCircuitOperator.execute cannot be called outside TaskInstance!
[2026-02-26T12:20:10.677+0000] {logging_mixin.py:190} INFO - There aren't new files. Pass.
[2026-02-26T12:20:10.678+0000] {python.py:240} INFO - Done. Returned value was: False
[2026-02-26T12:20:10.680+0000] {python.py:309} INFO - Condition result is False
[2026-02-26T12:20:10.681+0000] {python.py:336} INFO - Skipping downstream tasks
[2026-02-26T12:20:10.714+0000] {python.py:344} INFO - Done.
[2026-02-26T12:20:10.745+0000] {taskinstance.py:349} INFO - ::group::Post task execution logs
[2026-02-26T12:20:10.747+0000] {taskinstance.py:361} INFO - Marking task as SUCCESS. dag_id=02_etl_pipeline_incremental, task_id=check_and_get_file, run_id=manual__2026-02-26T12:20:07.570218+00:00, execution_date=20260226T122007, start_date=20260226T122010, end_date=20260226T122010
[2026-02-26T12:20:10.779+0000] {logging_mixin.py:190} INFO - Task instance in success state
[2026-02-26T12:20:10.781+0000] {logging_mixin.py:190} INFO -  Previous state of the Task instance: running
[2026-02-26T12:20:10.782+0000] {logging_mixin.py:190} INFO - Dag name:02_etl_pipeline_incremental queued_at:2026-02-26 12:20:07.592269+00:00
[2026-02-26T12:20:10.784+0000] {logging_mixin.py:190} INFO - Task hostname:d54c9b653406 operator:ShortCircuitOperator
[2026-02-26T12:20:10.834+0000] {local_task_job_runner.py:266} INFO - Task exited with return code 0
[2026-02-26T12:20:10.862+0000] {taskinstance.py:3924} INFO - 0 downstream tasks scheduled from follow-on schedule check
[2026-02-26T12:20:10.866+0000] {local_task_job_runner.py:245} INFO - ::endgroup::
