[2026-02-26T12:25:18.276+0000] {local_task_job_runner.py:123} INFO - ::group::Pre task execution logs
[2026-02-26T12:25:18.314+0000] {taskinstance.py:2631} INFO - Dependencies all met for dep_context=non-requeueable deps ti=<TaskInstance: 02_etl_pipeline_incremental.load_silver_pilots scheduled__2026-02-26T12:20:00+00:00 [queued]>
[2026-02-26T12:25:18.337+0000] {taskinstance.py:2631} INFO - Dependencies all met for dep_context=requeueable deps ti=<TaskInstance: 02_etl_pipeline_incremental.load_silver_pilots scheduled__2026-02-26T12:20:00+00:00 [queued]>
[2026-02-26T12:25:18.339+0000] {taskinstance.py:2884} INFO - Starting attempt 1 of 2
[2026-02-26T12:25:18.532+0000] {taskinstance.py:2907} INFO - Executing <Task(SQLExecuteQueryOperator): load_silver_pilots> on 2026-02-26 12:20:00+00:00
[2026-02-26T12:25:18.542+0000] {standard_task_runner.py:72} INFO - Started process 3282 to run task
[2026-02-26T12:25:18.549+0000] {standard_task_runner.py:104} INFO - Running: ['***', 'tasks', 'run', '02_etl_pipeline_incremental', 'load_silver_pilots', 'scheduled__2026-02-26T12:20:00+00:00', '--job-id', '566', '--raw', '--subdir', 'DAGS_FOLDER/02_etl_pipeline.py', '--cfg-path', '/tmp/tmpa7klyi3j']
[2026-02-26T12:25:18.556+0000] {standard_task_runner.py:105} INFO - Job 566: Subtask load_silver_pilots
[2026-02-26T12:25:18.663+0000] {task_command.py:467} INFO - Running <TaskInstance: 02_etl_pipeline_incremental.load_silver_pilots scheduled__2026-02-26T12:20:00+00:00 [running]> on host d54c9b653406
[2026-02-26T12:25:18.798+0000] {taskinstance.py:3157} INFO - Exporting env vars: AIRFLOW_CTX_DAG_OWNER='***' AIRFLOW_CTX_DAG_ID='02_etl_pipeline_incremental' AIRFLOW_CTX_TASK_ID='load_silver_pilots' AIRFLOW_CTX_EXECUTION_DATE='2026-02-26T12:20:00+00:00' AIRFLOW_CTX_TRY_NUMBER='1' AIRFLOW_CTX_DAG_RUN_ID='scheduled__2026-02-26T12:20:00+00:00'
[2026-02-26T12:25:18.803+0000] {logging_mixin.py:190} INFO - Task instance is in running state
[2026-02-26T12:25:18.804+0000] {logging_mixin.py:190} INFO -  Previous state of the Task instance: queued
[2026-02-26T12:25:18.806+0000] {logging_mixin.py:190} INFO - Current task name:load_silver_pilots state:running start_date:2026-02-26 12:25:18.317397+00:00
[2026-02-26T12:25:18.807+0000] {logging_mixin.py:190} INFO - Dag name:02_etl_pipeline_incremental and current dag run status:running
[2026-02-26T12:25:18.810+0000] {taskinstance.py:740} INFO - ::endgroup::
[2026-02-26T12:25:18.812+0000] {sql.py:306} INFO - Executing: CALL AIRLINE_DWH.SILVER_DATA.SP_LOAD_DIM_PILOTS();
[2026-02-26T12:25:18.837+0000] {base.py:84} INFO - Retrieving connection 'snowflake_default'
[2026-02-26T12:25:19.069+0000] {base.py:84} INFO - Retrieving connection 'snowflake_default'
[2026-02-26T12:25:19.071+0000] {connection.py:486} INFO - Snowflake Connector for Python Version: 3.15.0, Python Version: 3.10.17, Platform: Linux-6.6.87.2-microsoft-standard-WSL2-x86_64-with-glibc2.36
[2026-02-26T12:25:19.073+0000] {connection.py:1391} INFO - Connecting to GLOBAL Snowflake domain
[2026-02-26T12:25:19.490+0000] {snowflake.py:521} INFO - Running statement: CALL AIRLINE_DWH.SILVER_DATA.SP_LOAD_DIM_PILOTS();, parameters: None
[2026-02-26T12:25:19.492+0000] {sql.py:814} INFO - Running statement: CALL AIRLINE_DWH.SILVER_DATA.SP_LOAD_DIM_PILOTS();, parameters: None
[2026-02-26T12:25:21.513+0000] {sql.py:823} INFO - Rows affected: 1
[2026-02-26T12:25:21.515+0000] {snowflake.py:534} INFO - Rows affected: 1
[2026-02-26T12:25:21.517+0000] {snowflake.py:535} INFO - Snowflake query id: 01c2aba9-0005-0f17-0001-37ce000898ba
[2026-02-26T12:25:21.725+0000] {taskinstance.py:349} INFO - ::group::Post task execution logs
[2026-02-26T12:25:21.727+0000] {taskinstance.py:361} INFO - Marking task as SUCCESS. dag_id=02_etl_pipeline_incremental, task_id=load_silver_pilots, run_id=scheduled__2026-02-26T12:20:00+00:00, execution_date=20260226T122000, start_date=20260226T122518, end_date=20260226T122521
[2026-02-26T12:25:21.765+0000] {logging_mixin.py:190} INFO - Task instance in success state
[2026-02-26T12:25:21.766+0000] {logging_mixin.py:190} INFO -  Previous state of the Task instance: running
[2026-02-26T12:25:21.767+0000] {logging_mixin.py:190} INFO - Dag name:02_etl_pipeline_incremental queued_at:2026-02-26 12:25:00.218522+00:00
[2026-02-26T12:25:21.768+0000] {logging_mixin.py:190} INFO - Task hostname:d54c9b653406 operator:SQLExecuteQueryOperator
[2026-02-26T12:25:21.814+0000] {local_task_job_runner.py:266} INFO - Task exited with return code 0
[2026-02-26T12:25:21.841+0000] {taskinstance.py:3924} INFO - 0 downstream tasks scheduled from follow-on schedule check
[2026-02-26T12:25:21.845+0000] {local_task_job_runner.py:245} INFO - ::endgroup::
