[2026-02-26T12:14:02.070+0000] {local_task_job_runner.py:123} INFO - ::group::Pre task execution logs
[2026-02-26T12:14:02.099+0000] {taskinstance.py:2631} INFO - Dependencies all met for dep_context=non-requeueable deps ti=<TaskInstance: 02_etl_pipeline_incremental.check_and_get_file scheduled__2026-02-26T12:05:00+00:00 [queued]>
[2026-02-26T12:14:02.115+0000] {taskinstance.py:2631} INFO - Dependencies all met for dep_context=requeueable deps ti=<TaskInstance: 02_etl_pipeline_incremental.check_and_get_file scheduled__2026-02-26T12:05:00+00:00 [queued]>
[2026-02-26T12:14:02.116+0000] {taskinstance.py:2884} INFO - Starting attempt 1 of 2
[2026-02-26T12:14:02.301+0000] {taskinstance.py:2907} INFO - Executing <Task(ShortCircuitOperator): check_and_get_file> on 2026-02-26 12:05:00+00:00
[2026-02-26T12:14:02.313+0000] {standard_task_runner.py:72} INFO - Started process 3011 to run task
[2026-02-26T12:14:02.320+0000] {standard_task_runner.py:104} INFO - Running: ['***', 'tasks', 'run', '02_etl_pipeline_incremental', 'check_and_get_file', 'scheduled__2026-02-26T12:05:00+00:00', '--job-id', '537', '--raw', '--subdir', 'DAGS_FOLDER/02_etl_pipeline.py', '--cfg-path', '/tmp/tmp7nuxieb5']
[2026-02-26T12:14:02.323+0000] {standard_task_runner.py:105} INFO - Job 537: Subtask check_and_get_file
[2026-02-26T12:14:02.412+0000] {task_command.py:467} INFO - Running <TaskInstance: 02_etl_pipeline_incremental.check_and_get_file scheduled__2026-02-26T12:05:00+00:00 [running]> on host d54c9b653406
[2026-02-26T12:14:02.559+0000] {taskinstance.py:3157} INFO - Exporting env vars: AIRFLOW_CTX_DAG_OWNER='***' AIRFLOW_CTX_DAG_ID='02_etl_pipeline_incremental' AIRFLOW_CTX_TASK_ID='check_and_get_file' AIRFLOW_CTX_EXECUTION_DATE='2026-02-26T12:05:00+00:00' AIRFLOW_CTX_TRY_NUMBER='1' AIRFLOW_CTX_DAG_RUN_ID='scheduled__2026-02-26T12:05:00+00:00'
[2026-02-26T12:14:02.562+0000] {logging_mixin.py:190} INFO - Task instance is in running state
[2026-02-26T12:14:02.564+0000] {logging_mixin.py:190} INFO -  Previous state of the Task instance: queued
[2026-02-26T12:14:02.565+0000] {logging_mixin.py:190} INFO - Current task name:check_and_get_file state:running start_date:2026-02-26 12:14:02.105084+00:00
[2026-02-26T12:14:02.566+0000] {logging_mixin.py:190} INFO - Dag name:02_etl_pipeline_incremental and current dag run status:running
[2026-02-26T12:14:02.567+0000] {taskinstance.py:740} INFO - ::endgroup::
[2026-02-26T12:14:02.568+0000] {baseoperator.py:423} WARNING - ShortCircuitOperator.execute cannot be called outside TaskInstance!
[2026-02-26T12:14:02.573+0000] {logging_mixin.py:190} INFO - There aren't new files. Pass.
[2026-02-26T12:14:02.575+0000] {python.py:240} INFO - Done. Returned value was: False
[2026-02-26T12:14:02.578+0000] {python.py:309} INFO - Condition result is False
[2026-02-26T12:14:02.579+0000] {python.py:336} INFO - Skipping downstream tasks
[2026-02-26T12:14:02.614+0000] {python.py:344} INFO - Done.
[2026-02-26T12:14:02.644+0000] {taskinstance.py:349} INFO - ::group::Post task execution logs
[2026-02-26T12:14:02.645+0000] {taskinstance.py:361} INFO - Marking task as SUCCESS. dag_id=02_etl_pipeline_incremental, task_id=check_and_get_file, run_id=scheduled__2026-02-26T12:05:00+00:00, execution_date=20260226T120500, start_date=20260226T121402, end_date=20260226T121402
[2026-02-26T12:14:02.682+0000] {logging_mixin.py:190} INFO - Task instance in success state
[2026-02-26T12:14:02.685+0000] {logging_mixin.py:190} INFO -  Previous state of the Task instance: running
[2026-02-26T12:14:02.686+0000] {logging_mixin.py:190} INFO - Dag name:02_etl_pipeline_incremental queued_at:2026-02-26 12:14:00.390429+00:00
[2026-02-26T12:14:02.687+0000] {logging_mixin.py:190} INFO - Task hostname:d54c9b653406 operator:ShortCircuitOperator
[2026-02-26T12:14:02.736+0000] {local_task_job_runner.py:266} INFO - Task exited with return code 0
[2026-02-26T12:14:02.774+0000] {taskinstance.py:3924} INFO - 0 downstream tasks scheduled from follow-on schedule check
[2026-02-26T12:14:02.779+0000] {local_task_job_runner.py:245} INFO - ::endgroup::
