[2026-02-26T12:55:23.347+0000] {local_task_job_runner.py:123} INFO - ::group::Pre task execution logs
[2026-02-26T12:55:23.381+0000] {taskinstance.py:2631} INFO - Dependencies all met for dep_context=non-requeueable deps ti=<TaskInstance: 02_etl_pipeline_incremental.load_silver_airports scheduled__2026-02-26T12:50:00+00:00 [queued]>
[2026-02-26T12:55:23.400+0000] {taskinstance.py:2631} INFO - Dependencies all met for dep_context=requeueable deps ti=<TaskInstance: 02_etl_pipeline_incremental.load_silver_airports scheduled__2026-02-26T12:50:00+00:00 [queued]>
[2026-02-26T12:55:23.401+0000] {taskinstance.py:2884} INFO - Starting attempt 1 of 2
[2026-02-26T12:55:23.596+0000] {taskinstance.py:2907} INFO - Executing <Task(SQLExecuteQueryOperator): load_silver_airports> on 2026-02-26 12:50:00+00:00
[2026-02-26T12:55:23.607+0000] {standard_task_runner.py:72} INFO - Started process 3931 to run task
[2026-02-26T12:55:23.614+0000] {standard_task_runner.py:104} INFO - Running: ['***', 'tasks', 'run', '02_etl_pipeline_incremental', 'load_silver_airports', 'scheduled__2026-02-26T12:50:00+00:00', '--job-id', '628', '--raw', '--subdir', 'DAGS_FOLDER/02_etl_pipeline.py', '--cfg-path', '/tmp/tmpqij4jcd0']
[2026-02-26T12:55:23.617+0000] {standard_task_runner.py:105} INFO - Job 628: Subtask load_silver_airports
[2026-02-26T12:55:23.722+0000] {task_command.py:467} INFO - Running <TaskInstance: 02_etl_pipeline_incremental.load_silver_airports scheduled__2026-02-26T12:50:00+00:00 [running]> on host d54c9b653406
[2026-02-26T12:55:23.861+0000] {taskinstance.py:3157} INFO - Exporting env vars: AIRFLOW_CTX_DAG_OWNER='***' AIRFLOW_CTX_DAG_ID='02_etl_pipeline_incremental' AIRFLOW_CTX_TASK_ID='load_silver_airports' AIRFLOW_CTX_EXECUTION_DATE='2026-02-26T12:50:00+00:00' AIRFLOW_CTX_TRY_NUMBER='1' AIRFLOW_CTX_DAG_RUN_ID='scheduled__2026-02-26T12:50:00+00:00'
[2026-02-26T12:55:23.866+0000] {logging_mixin.py:190} INFO - Task instance is in running state
[2026-02-26T12:55:23.867+0000] {logging_mixin.py:190} INFO -  Previous state of the Task instance: queued
[2026-02-26T12:55:23.869+0000] {logging_mixin.py:190} INFO - Current task name:load_silver_airports state:running start_date:2026-02-26 12:55:23.382472+00:00
[2026-02-26T12:55:23.870+0000] {logging_mixin.py:190} INFO - Dag name:02_etl_pipeline_incremental and current dag run status:running
[2026-02-26T12:55:23.871+0000] {taskinstance.py:740} INFO - ::endgroup::
[2026-02-26T12:55:23.873+0000] {sql.py:306} INFO - Executing: CALL AIRLINE_DWH.SILVER_DATA.SP_LOAD_DIM_AIRPORTS();
[2026-02-26T12:55:23.890+0000] {base.py:84} INFO - Retrieving connection 'snowflake_default'
[2026-02-26T12:55:24.168+0000] {base.py:84} INFO - Retrieving connection 'snowflake_default'
[2026-02-26T12:55:24.169+0000] {connection.py:486} INFO - Snowflake Connector for Python Version: 3.15.0, Python Version: 3.10.17, Platform: Linux-6.6.87.2-microsoft-standard-WSL2-x86_64-with-glibc2.36
[2026-02-26T12:55:24.171+0000] {connection.py:1391} INFO - Connecting to GLOBAL Snowflake domain
[2026-02-26T12:55:24.662+0000] {snowflake.py:521} INFO - Running statement: CALL AIRLINE_DWH.SILVER_DATA.SP_LOAD_DIM_AIRPORTS();, parameters: None
[2026-02-26T12:55:24.664+0000] {sql.py:814} INFO - Running statement: CALL AIRLINE_DWH.SILVER_DATA.SP_LOAD_DIM_AIRPORTS();, parameters: None
[2026-02-26T12:55:26.767+0000] {sql.py:823} INFO - Rows affected: 1
[2026-02-26T12:55:26.770+0000] {snowflake.py:534} INFO - Rows affected: 1
[2026-02-26T12:55:26.771+0000] {snowflake.py:535} INFO - Snowflake query id: 01c2abc7-0005-0f17-0001-37ce00089d02
[2026-02-26T12:55:26.998+0000] {taskinstance.py:349} INFO - ::group::Post task execution logs
[2026-02-26T12:55:27.000+0000] {taskinstance.py:361} INFO - Marking task as SUCCESS. dag_id=02_etl_pipeline_incremental, task_id=load_silver_airports, run_id=scheduled__2026-02-26T12:50:00+00:00, execution_date=20260226T125000, start_date=20260226T125523, end_date=20260226T125527
[2026-02-26T12:55:27.037+0000] {logging_mixin.py:190} INFO - Task instance in success state
[2026-02-26T12:55:27.039+0000] {logging_mixin.py:190} INFO -  Previous state of the Task instance: running
[2026-02-26T12:55:27.040+0000] {logging_mixin.py:190} INFO - Dag name:02_etl_pipeline_incremental queued_at:2026-02-26 12:55:00.793221+00:00
[2026-02-26T12:55:27.041+0000] {logging_mixin.py:190} INFO - Task hostname:d54c9b653406 operator:SQLExecuteQueryOperator
[2026-02-26T12:55:27.082+0000] {local_task_job_runner.py:266} INFO - Task exited with return code 0
[2026-02-26T12:55:27.121+0000] {taskinstance.py:3924} INFO - 0 downstream tasks scheduled from follow-on schedule check
[2026-02-26T12:55:27.125+0000] {local_task_job_runner.py:245} INFO - ::endgroup::
