[2026-02-26T12:11:53.776+0000] {local_task_job_runner.py:123} INFO - ::group::Pre task execution logs
[2026-02-26T12:11:53.826+0000] {taskinstance.py:2631} INFO - Dependencies all met for dep_context=non-requeueable deps ti=<TaskInstance: 02_etl_pipeline_incremental.load_silver_airports manual__2026-02-26T11:59:50.036547+00:00 [queued]>
[2026-02-26T12:11:53.850+0000] {taskinstance.py:2631} INFO - Dependencies all met for dep_context=requeueable deps ti=<TaskInstance: 02_etl_pipeline_incremental.load_silver_airports manual__2026-02-26T11:59:50.036547+00:00 [queued]>
[2026-02-26T12:11:53.852+0000] {taskinstance.py:2884} INFO - Starting attempt 1 of 2
[2026-02-26T12:11:54.075+0000] {taskinstance.py:2907} INFO - Executing <Task(SQLExecuteQueryOperator): load_silver_airports> on 2026-02-26 11:59:50.036547+00:00
[2026-02-26T12:11:54.085+0000] {standard_task_runner.py:72} INFO - Started process 2888 to run task
[2026-02-26T12:11:54.100+0000] {standard_task_runner.py:104} INFO - Running: ['***', 'tasks', 'run', '02_etl_pipeline_incremental', 'load_silver_airports', 'manual__2026-02-26T11:59:50.036547+00:00', '--job-id', '512', '--raw', '--subdir', 'DAGS_FOLDER/02_etl_pipeline.py', '--cfg-path', '/tmp/tmpatldag2e']
[2026-02-26T12:11:54.104+0000] {standard_task_runner.py:105} INFO - Job 512: Subtask load_silver_airports
[2026-02-26T12:11:54.237+0000] {task_command.py:467} INFO - Running <TaskInstance: 02_etl_pipeline_incremental.load_silver_airports manual__2026-02-26T11:59:50.036547+00:00 [running]> on host d54c9b653406
[2026-02-26T12:11:54.392+0000] {taskinstance.py:3157} INFO - Exporting env vars: AIRFLOW_CTX_DAG_OWNER='***' AIRFLOW_CTX_DAG_ID='02_etl_pipeline_incremental' AIRFLOW_CTX_TASK_ID='load_silver_airports' AIRFLOW_CTX_EXECUTION_DATE='2026-02-26T11:59:50.036547+00:00' AIRFLOW_CTX_TRY_NUMBER='1' AIRFLOW_CTX_DAG_RUN_ID='manual__2026-02-26T11:59:50.036547+00:00'
[2026-02-26T12:11:54.396+0000] {logging_mixin.py:190} INFO - Task instance is in running state
[2026-02-26T12:11:54.397+0000] {logging_mixin.py:190} INFO -  Previous state of the Task instance: queued
[2026-02-26T12:11:54.399+0000] {logging_mixin.py:190} INFO - Current task name:load_silver_airports state:running start_date:2026-02-26 12:11:53.827735+00:00
[2026-02-26T12:11:54.400+0000] {logging_mixin.py:190} INFO - Dag name:02_etl_pipeline_incremental and current dag run status:running
[2026-02-26T12:11:54.402+0000] {taskinstance.py:740} INFO - ::endgroup::
[2026-02-26T12:11:54.404+0000] {sql.py:306} INFO - Executing: CALL AIRLINE_DWH.SILVER_DATA.SP_LOAD_DIM_AIRPORTS();
[2026-02-26T12:11:54.427+0000] {base.py:84} INFO - Retrieving connection 'snowflake_default'
[2026-02-26T12:11:54.667+0000] {base.py:84} INFO - Retrieving connection 'snowflake_default'
[2026-02-26T12:11:54.668+0000] {connection.py:486} INFO - Snowflake Connector for Python Version: 3.15.0, Python Version: 3.10.17, Platform: Linux-6.6.87.2-microsoft-standard-WSL2-x86_64-with-glibc2.36
[2026-02-26T12:11:54.670+0000] {connection.py:1391} INFO - Connecting to GLOBAL Snowflake domain
[2026-02-26T12:11:55.139+0000] {snowflake.py:521} INFO - Running statement: CALL AIRLINE_DWH.SILVER_DATA.SP_LOAD_DIM_AIRPORTS();, parameters: None
[2026-02-26T12:11:55.143+0000] {sql.py:814} INFO - Running statement: CALL AIRLINE_DWH.SILVER_DATA.SP_LOAD_DIM_AIRPORTS();, parameters: None
[2026-02-26T12:11:55.561+0000] {sql.py:823} INFO - Rows affected: 1
[2026-02-26T12:11:55.563+0000] {snowflake.py:534} INFO - Rows affected: 1
[2026-02-26T12:11:55.565+0000] {snowflake.py:535} INFO - Snowflake query id: 01c2ab9b-0005-0f1f-0001-37ce0008705a
[2026-02-26T12:11:55.820+0000] {taskinstance.py:349} INFO - ::group::Post task execution logs
[2026-02-26T12:11:55.822+0000] {taskinstance.py:361} INFO - Marking task as SUCCESS. dag_id=02_etl_pipeline_incremental, task_id=load_silver_airports, run_id=manual__2026-02-26T11:59:50.036547+00:00, execution_date=20260226T115950, start_date=20260226T121153, end_date=20260226T121155
[2026-02-26T12:11:55.919+0000] {logging_mixin.py:190} INFO - Task instance in success state
[2026-02-26T12:11:55.926+0000] {logging_mixin.py:190} INFO -  Previous state of the Task instance: running
[2026-02-26T12:11:55.929+0000] {logging_mixin.py:190} INFO - Dag name:02_etl_pipeline_incremental queued_at:2026-02-26 11:59:50.097492+00:00
[2026-02-26T12:11:55.931+0000] {logging_mixin.py:190} INFO - Task hostname:d54c9b653406 operator:SQLExecuteQueryOperator
[2026-02-26T12:11:56.000+0000] {local_task_job_runner.py:266} INFO - Task exited with return code 0
[2026-02-26T12:11:56.061+0000] {taskinstance.py:3924} INFO - 0 downstream tasks scheduled from follow-on schedule check
[2026-02-26T12:11:56.064+0000] {local_task_job_runner.py:245} INFO - ::endgroup::
