[2026-02-26T12:45:13.996+0000] {local_task_job_runner.py:123} INFO - ::group::Pre task execution logs
[2026-02-26T12:45:14.032+0000] {taskinstance.py:2631} INFO - Dependencies all met for dep_context=non-requeueable deps ti=<TaskInstance: 02_etl_pipeline_incremental.upload_to_stage scheduled__2026-02-26T12:40:00+00:00 [queued]>
[2026-02-26T12:45:14.042+0000] {taskinstance.py:2631} INFO - Dependencies all met for dep_context=requeueable deps ti=<TaskInstance: 02_etl_pipeline_incremental.upload_to_stage scheduled__2026-02-26T12:40:00+00:00 [queued]>
[2026-02-26T12:45:14.045+0000] {taskinstance.py:2884} INFO - Starting attempt 1 of 2
[2026-02-26T12:45:14.188+0000] {taskinstance.py:2907} INFO - Executing <Task(SQLExecuteQueryOperator): upload_to_stage> on 2026-02-26 12:40:00+00:00
[2026-02-26T12:45:14.201+0000] {standard_task_runner.py:72} INFO - Started process 3728 to run task
[2026-02-26T12:45:14.208+0000] {standard_task_runner.py:104} INFO - Running: ['***', 'tasks', 'run', '02_etl_pipeline_incremental', 'upload_to_stage', 'scheduled__2026-02-26T12:40:00+00:00', '--job-id', '611', '--raw', '--subdir', 'DAGS_FOLDER/02_etl_pipeline.py', '--cfg-path', '/tmp/tmplaip551b']
[2026-02-26T12:45:14.211+0000] {standard_task_runner.py:105} INFO - Job 611: Subtask upload_to_stage
[2026-02-26T12:45:14.305+0000] {task_command.py:467} INFO - Running <TaskInstance: 02_etl_pipeline_incremental.upload_to_stage scheduled__2026-02-26T12:40:00+00:00 [running]> on host d54c9b653406
[2026-02-26T12:45:14.422+0000] {taskinstance.py:3157} INFO - Exporting env vars: AIRFLOW_CTX_DAG_OWNER='***' AIRFLOW_CTX_DAG_ID='02_etl_pipeline_incremental' AIRFLOW_CTX_TASK_ID='upload_to_stage' AIRFLOW_CTX_EXECUTION_DATE='2026-02-26T12:40:00+00:00' AIRFLOW_CTX_TRY_NUMBER='1' AIRFLOW_CTX_DAG_RUN_ID='scheduled__2026-02-26T12:40:00+00:00'
[2026-02-26T12:45:14.425+0000] {logging_mixin.py:190} INFO - Task instance is in running state
[2026-02-26T12:45:14.426+0000] {logging_mixin.py:190} INFO -  Previous state of the Task instance: queued
[2026-02-26T12:45:14.428+0000] {logging_mixin.py:190} INFO - Current task name:upload_to_stage state:running start_date:2026-02-26 12:45:14.033697+00:00
[2026-02-26T12:45:14.429+0000] {logging_mixin.py:190} INFO - Dag name:02_etl_pipeline_incremental and current dag run status:running
[2026-02-26T12:45:14.430+0000] {taskinstance.py:740} INFO - ::endgroup::
[2026-02-26T12:45:14.431+0000] {sql.py:306} INFO - Executing: PUT 'file:///opt/***/data/input/Dominica_orig_data_for_update.csv' @AIRLINE_DWH.RAW_DATA.MY_INTERNAL_STAGE AUTO_COMPRESS=TRUE OVERWRITE=TRUE;
[2026-02-26T12:45:14.444+0000] {base.py:84} INFO - Retrieving connection 'snowflake_default'
[2026-02-26T12:45:14.611+0000] {base.py:84} INFO - Retrieving connection 'snowflake_default'
[2026-02-26T12:45:14.613+0000] {connection.py:486} INFO - Snowflake Connector for Python Version: 3.15.0, Python Version: 3.10.17, Platform: Linux-6.6.87.2-microsoft-standard-WSL2-x86_64-with-glibc2.36
[2026-02-26T12:45:14.615+0000] {connection.py:1391} INFO - Connecting to GLOBAL Snowflake domain
[2026-02-26T12:45:15.856+0000] {snowflake.py:521} INFO - Running statement: PUT 'file:///opt/***/data/input/Dominica_orig_data_for_update.csv' @AIRLINE_DWH.RAW_DATA.MY_INTERNAL_STAGE AUTO_COMPRESS=TRUE OVERWRITE=TRUE;, parameters: None
[2026-02-26T12:45:15.857+0000] {sql.py:814} INFO - Running statement: PUT 'file:///opt/***/data/input/Dominica_orig_data_for_update.csv' @AIRLINE_DWH.RAW_DATA.MY_INTERNAL_STAGE AUTO_COMPRESS=TRUE OVERWRITE=TRUE;, parameters: None
[2026-02-26T12:45:16.369+0000] {sql.py:823} INFO - Rows affected: 1
[2026-02-26T12:45:16.371+0000] {snowflake.py:534} INFO - Rows affected: 1
[2026-02-26T12:45:16.373+0000] {snowflake.py:535} INFO - Snowflake query id: 01c2abbd-0005-0f17-0001-37ce00089b92
[2026-02-26T12:45:16.625+0000] {taskinstance.py:349} INFO - ::group::Post task execution logs
[2026-02-26T12:45:16.628+0000] {taskinstance.py:361} INFO - Marking task as SUCCESS. dag_id=02_etl_pipeline_incremental, task_id=upload_to_stage, run_id=scheduled__2026-02-26T12:40:00+00:00, execution_date=20260226T124000, start_date=20260226T124514, end_date=20260226T124516
[2026-02-26T12:45:16.669+0000] {logging_mixin.py:190} INFO - Task instance in success state
[2026-02-26T12:45:16.672+0000] {logging_mixin.py:190} INFO -  Previous state of the Task instance: running
[2026-02-26T12:45:16.673+0000] {logging_mixin.py:190} INFO - Dag name:02_etl_pipeline_incremental queued_at:2026-02-26 12:45:08.905029+00:00
[2026-02-26T12:45:16.675+0000] {logging_mixin.py:190} INFO - Task hostname:d54c9b653406 operator:SQLExecuteQueryOperator
[2026-02-26T12:45:16.712+0000] {local_task_job_runner.py:266} INFO - Task exited with return code 0
[2026-02-26T12:45:16.767+0000] {taskinstance.py:3924} INFO - 1 downstream tasks scheduled from follow-on schedule check
[2026-02-26T12:45:16.770+0000] {local_task_job_runner.py:245} INFO - ::endgroup::
