[2026-02-26T13:40:02.499+0000] {local_task_job_runner.py:123} INFO - ::group::Pre task execution logs
[2026-02-26T13:40:02.516+0000] {taskinstance.py:2631} INFO - Dependencies all met for dep_context=non-requeueable deps ti=<TaskInstance: 02_etl_pipeline_incremental.check_and_get_file scheduled__2026-02-26T13:35:00+00:00 [queued]>
[2026-02-26T13:40:02.525+0000] {taskinstance.py:2631} INFO - Dependencies all met for dep_context=requeueable deps ti=<TaskInstance: 02_etl_pipeline_incremental.check_and_get_file scheduled__2026-02-26T13:35:00+00:00 [queued]>
[2026-02-26T13:40:02.527+0000] {taskinstance.py:2884} INFO - Starting attempt 1 of 2
[2026-02-26T13:40:02.541+0000] {taskinstance.py:2907} INFO - Executing <Task(ShortCircuitOperator): check_and_get_file> on 2026-02-26 13:35:00+00:00
[2026-02-26T13:40:02.549+0000] {standard_task_runner.py:72} INFO - Started process 4790 to run task
[2026-02-26T13:40:02.554+0000] {standard_task_runner.py:104} INFO - Running: ['***', 'tasks', 'run', '02_etl_pipeline_incremental', 'check_and_get_file', 'scheduled__2026-02-26T13:35:00+00:00', '--job-id', '694', '--raw', '--subdir', 'DAGS_FOLDER/02_etl_pipeline.py', '--cfg-path', '/tmp/tmpexmle8pf']
[2026-02-26T13:40:02.557+0000] {standard_task_runner.py:105} INFO - Job 694: Subtask check_and_get_file
[2026-02-26T13:40:02.836+0000] {task_command.py:467} INFO - Running <TaskInstance: 02_etl_pipeline_incremental.check_and_get_file scheduled__2026-02-26T13:35:00+00:00 [running]> on host d54c9b653406
[2026-02-26T13:40:02.908+0000] {taskinstance.py:3157} INFO - Exporting env vars: AIRFLOW_CTX_DAG_OWNER='***' AIRFLOW_CTX_DAG_ID='02_etl_pipeline_incremental' AIRFLOW_CTX_TASK_ID='check_and_get_file' AIRFLOW_CTX_EXECUTION_DATE='2026-02-26T13:35:00+00:00' AIRFLOW_CTX_TRY_NUMBER='1' AIRFLOW_CTX_DAG_RUN_ID='scheduled__2026-02-26T13:35:00+00:00'
[2026-02-26T13:40:02.910+0000] {logging_mixin.py:190} INFO - Task instance is in running state
[2026-02-26T13:40:02.912+0000] {logging_mixin.py:190} INFO -  Previous state of the Task instance: queued
[2026-02-26T13:40:02.913+0000] {logging_mixin.py:190} INFO - Current task name:check_and_get_file state:running start_date:2026-02-26 13:40:02.518958+00:00
[2026-02-26T13:40:02.915+0000] {logging_mixin.py:190} INFO - Dag name:02_etl_pipeline_incremental and current dag run status:running
[2026-02-26T13:40:02.916+0000] {taskinstance.py:740} INFO - ::endgroup::
[2026-02-26T13:40:02.917+0000] {baseoperator.py:423} WARNING - ShortCircuitOperator.execute cannot be called outside TaskInstance!
[2026-02-26T13:40:02.921+0000] {logging_mixin.py:190} INFO - There aren't new files. Pass.
[2026-02-26T13:40:02.922+0000] {python.py:240} INFO - Done. Returned value was: False
[2026-02-26T13:40:02.923+0000] {python.py:309} INFO - Condition result is False
[2026-02-26T13:40:02.924+0000] {python.py:336} INFO - Skipping downstream tasks
[2026-02-26T13:40:02.950+0000] {python.py:344} INFO - Done.
[2026-02-26T13:40:02.974+0000] {taskinstance.py:349} INFO - ::group::Post task execution logs
[2026-02-26T13:40:02.976+0000] {taskinstance.py:361} INFO - Marking task as SUCCESS. dag_id=02_etl_pipeline_incremental, task_id=check_and_get_file, run_id=scheduled__2026-02-26T13:35:00+00:00, execution_date=20260226T133500, start_date=20260226T134002, end_date=20260226T134002
[2026-02-26T13:40:03.002+0000] {logging_mixin.py:190} INFO - Task instance in success state
[2026-02-26T13:40:03.004+0000] {logging_mixin.py:190} INFO -  Previous state of the Task instance: running
[2026-02-26T13:40:03.005+0000] {logging_mixin.py:190} INFO - Dag name:02_etl_pipeline_incremental queued_at:2026-02-26 13:40:00.727152+00:00
[2026-02-26T13:40:03.007+0000] {logging_mixin.py:190} INFO - Task hostname:d54c9b653406 operator:ShortCircuitOperator
[2026-02-26T13:40:03.049+0000] {local_task_job_runner.py:266} INFO - Task exited with return code 0
[2026-02-26T13:40:03.200+0000] {taskinstance.py:3924} INFO - 0 downstream tasks scheduled from follow-on schedule check
[2026-02-26T13:40:03.203+0000] {local_task_job_runner.py:245} INFO - ::endgroup::
