[2026-02-26T12:45:19.329+0000] {local_task_job_runner.py:123} INFO - ::group::Pre task execution logs
[2026-02-26T12:45:19.366+0000] {taskinstance.py:2631} INFO - Dependencies all met for dep_context=non-requeueable deps ti=<TaskInstance: 02_etl_pipeline_incremental.load_bronze_raw scheduled__2026-02-26T12:40:00+00:00 [queued]>
[2026-02-26T12:45:19.385+0000] {taskinstance.py:2631} INFO - Dependencies all met for dep_context=requeueable deps ti=<TaskInstance: 02_etl_pipeline_incremental.load_bronze_raw scheduled__2026-02-26T12:40:00+00:00 [queued]>
[2026-02-26T12:45:19.386+0000] {taskinstance.py:2884} INFO - Starting attempt 1 of 2
[2026-02-26T12:45:19.588+0000] {taskinstance.py:2907} INFO - Executing <Task(SQLExecuteQueryOperator): load_bronze_raw> on 2026-02-26 12:40:00+00:00
[2026-02-26T12:45:19.597+0000] {standard_task_runner.py:72} INFO - Started process 3734 to run task
[2026-02-26T12:45:19.603+0000] {standard_task_runner.py:104} INFO - Running: ['***', 'tasks', 'run', '02_etl_pipeline_incremental', 'load_bronze_raw', 'scheduled__2026-02-26T12:40:00+00:00', '--job-id', '612', '--raw', '--subdir', 'DAGS_FOLDER/02_etl_pipeline.py', '--cfg-path', '/tmp/tmpc2n440bf']
[2026-02-26T12:45:19.609+0000] {standard_task_runner.py:105} INFO - Job 612: Subtask load_bronze_raw
[2026-02-26T12:45:19.698+0000] {task_command.py:467} INFO - Running <TaskInstance: 02_etl_pipeline_incremental.load_bronze_raw scheduled__2026-02-26T12:40:00+00:00 [running]> on host d54c9b653406
[2026-02-26T12:45:19.846+0000] {taskinstance.py:3157} INFO - Exporting env vars: AIRFLOW_CTX_DAG_OWNER='***' AIRFLOW_CTX_DAG_ID='02_etl_pipeline_incremental' AIRFLOW_CTX_TASK_ID='load_bronze_raw' AIRFLOW_CTX_EXECUTION_DATE='2026-02-26T12:40:00+00:00' AIRFLOW_CTX_TRY_NUMBER='1' AIRFLOW_CTX_DAG_RUN_ID='scheduled__2026-02-26T12:40:00+00:00'
[2026-02-26T12:45:19.850+0000] {logging_mixin.py:190} INFO - Task instance is in running state
[2026-02-26T12:45:19.852+0000] {logging_mixin.py:190} INFO -  Previous state of the Task instance: queued
[2026-02-26T12:45:19.853+0000] {logging_mixin.py:190} INFO - Current task name:load_bronze_raw state:running start_date:2026-02-26 12:45:19.368861+00:00
[2026-02-26T12:45:19.855+0000] {logging_mixin.py:190} INFO - Dag name:02_etl_pipeline_incremental and current dag run status:running
[2026-02-26T12:45:19.856+0000] {taskinstance.py:740} INFO - ::endgroup::
[2026-02-26T12:45:19.858+0000] {sql.py:306} INFO - Executing: CALL AIRLINE_DWH.RAW_DATA.SP_LOAD_RAW('Dominica_orig_data_for_update.csv.gz');
[2026-02-26T12:45:19.876+0000] {base.py:84} INFO - Retrieving connection 'snowflake_default'
[2026-02-26T12:45:20.066+0000] {base.py:84} INFO - Retrieving connection 'snowflake_default'
[2026-02-26T12:45:20.068+0000] {connection.py:486} INFO - Snowflake Connector for Python Version: 3.15.0, Python Version: 3.10.17, Platform: Linux-6.6.87.2-microsoft-standard-WSL2-x86_64-with-glibc2.36
[2026-02-26T12:45:20.069+0000] {connection.py:1391} INFO - Connecting to GLOBAL Snowflake domain
[2026-02-26T12:45:20.452+0000] {snowflake.py:521} INFO - Running statement: CALL AIRLINE_DWH.RAW_DATA.SP_LOAD_RAW('Dominica_orig_data_for_update.csv.gz');, parameters: None
[2026-02-26T12:45:20.454+0000] {sql.py:814} INFO - Running statement: CALL AIRLINE_DWH.RAW_DATA.SP_LOAD_RAW('Dominica_orig_data_for_update.csv.gz');, parameters: None
[2026-02-26T12:45:22.135+0000] {sql.py:823} INFO - Rows affected: 1
[2026-02-26T12:45:22.137+0000] {snowflake.py:534} INFO - Rows affected: 1
[2026-02-26T12:45:22.138+0000] {snowflake.py:535} INFO - Snowflake query id: 01c2abbd-0005-0f17-0001-37ce00089b9e
[2026-02-26T12:45:22.358+0000] {taskinstance.py:349} INFO - ::group::Post task execution logs
[2026-02-26T12:45:22.360+0000] {taskinstance.py:361} INFO - Marking task as SUCCESS. dag_id=02_etl_pipeline_incremental, task_id=load_bronze_raw, run_id=scheduled__2026-02-26T12:40:00+00:00, execution_date=20260226T124000, start_date=20260226T124519, end_date=20260226T124522
[2026-02-26T12:45:22.393+0000] {logging_mixin.py:190} INFO - Task instance in success state
[2026-02-26T12:45:22.395+0000] {logging_mixin.py:190} INFO -  Previous state of the Task instance: running
[2026-02-26T12:45:22.396+0000] {logging_mixin.py:190} INFO - Dag name:02_etl_pipeline_incremental queued_at:2026-02-26 12:45:08.905029+00:00
[2026-02-26T12:45:22.397+0000] {logging_mixin.py:190} INFO - Task hostname:d54c9b653406 operator:SQLExecuteQueryOperator
[2026-02-26T12:45:22.428+0000] {local_task_job_runner.py:266} INFO - Task exited with return code 0
[2026-02-26T12:45:22.467+0000] {taskinstance.py:3924} INFO - 3 downstream tasks scheduled from follow-on schedule check
[2026-02-26T12:45:22.473+0000] {local_task_job_runner.py:245} INFO - ::endgroup::
