[2026-02-26T13:21:03.026+0000] {local_task_job_runner.py:123} INFO - ::group::Pre task execution logs
[2026-02-26T13:21:03.080+0000] {taskinstance.py:2631} INFO - Dependencies all met for dep_context=non-requeueable deps ti=<TaskInstance: 02_etl_pipeline_incremental.load_silver_pilots manual__2026-02-26T13:20:17.271730+00:00 [queued]>
[2026-02-26T13:21:03.105+0000] {taskinstance.py:2631} INFO - Dependencies all met for dep_context=requeueable deps ti=<TaskInstance: 02_etl_pipeline_incremental.load_silver_pilots manual__2026-02-26T13:20:17.271730+00:00 [queued]>
[2026-02-26T13:21:03.109+0000] {taskinstance.py:2884} INFO - Starting attempt 1 of 2
[2026-02-26T13:21:03.417+0000] {taskinstance.py:2907} INFO - Executing <Task(SQLExecuteQueryOperator): load_silver_pilots> on 2026-02-26 13:20:17.271730+00:00
[2026-02-26T13:21:03.436+0000] {standard_task_runner.py:72} INFO - Started process 4511 to run task
[2026-02-26T13:21:03.446+0000] {standard_task_runner.py:104} INFO - Running: ['***', 'tasks', 'run', '02_etl_pipeline_incremental', 'load_silver_pilots', 'manual__2026-02-26T13:20:17.271730+00:00', '--job-id', '687', '--raw', '--subdir', 'DAGS_FOLDER/02_etl_pipeline.py', '--cfg-path', '/tmp/tmpwbqsybl9']
[2026-02-26T13:21:03.450+0000] {standard_task_runner.py:105} INFO - Job 687: Subtask load_silver_pilots
[2026-02-26T13:21:03.552+0000] {task_command.py:467} INFO - Running <TaskInstance: 02_etl_pipeline_incremental.load_silver_pilots manual__2026-02-26T13:20:17.271730+00:00 [running]> on host d54c9b653406
[2026-02-26T13:21:03.691+0000] {taskinstance.py:3157} INFO - Exporting env vars: AIRFLOW_CTX_DAG_OWNER='***' AIRFLOW_CTX_DAG_ID='02_etl_pipeline_incremental' AIRFLOW_CTX_TASK_ID='load_silver_pilots' AIRFLOW_CTX_EXECUTION_DATE='2026-02-26T13:20:17.271730+00:00' AIRFLOW_CTX_TRY_NUMBER='1' AIRFLOW_CTX_DAG_RUN_ID='manual__2026-02-26T13:20:17.271730+00:00'
[2026-02-26T13:21:03.695+0000] {logging_mixin.py:190} INFO - Task instance is in running state
[2026-02-26T13:21:03.697+0000] {logging_mixin.py:190} INFO -  Previous state of the Task instance: queued
[2026-02-26T13:21:03.701+0000] {logging_mixin.py:190} INFO - Current task name:load_silver_pilots state:running start_date:2026-02-26 13:21:03.083132+00:00
[2026-02-26T13:21:03.703+0000] {logging_mixin.py:190} INFO - Dag name:02_etl_pipeline_incremental and current dag run status:running
[2026-02-26T13:21:03.704+0000] {taskinstance.py:740} INFO - ::endgroup::
[2026-02-26T13:21:03.705+0000] {sql.py:306} INFO - Executing: CALL AIRLINE_DWH.SILVER_DATA.SP_LOAD_DIM_PILOTS();
[2026-02-26T13:21:03.726+0000] {base.py:84} INFO - Retrieving connection 'snowflake_default'
[2026-02-26T13:21:03.948+0000] {base.py:84} INFO - Retrieving connection 'snowflake_default'
[2026-02-26T13:21:03.953+0000] {connection.py:486} INFO - Snowflake Connector for Python Version: 3.15.0, Python Version: 3.10.17, Platform: Linux-6.6.87.2-microsoft-standard-WSL2-x86_64-with-glibc2.36
[2026-02-26T13:21:03.955+0000] {connection.py:1391} INFO - Connecting to GLOBAL Snowflake domain
[2026-02-26T13:21:04.375+0000] {snowflake.py:521} INFO - Running statement: CALL AIRLINE_DWH.SILVER_DATA.SP_LOAD_DIM_PILOTS();, parameters: None
[2026-02-26T13:21:04.377+0000] {sql.py:814} INFO - Running statement: CALL AIRLINE_DWH.SILVER_DATA.SP_LOAD_DIM_PILOTS();, parameters: None
[2026-02-26T13:21:06.219+0000] {sql.py:823} INFO - Rows affected: 1
[2026-02-26T13:21:06.221+0000] {snowflake.py:534} INFO - Rows affected: 1
[2026-02-26T13:21:06.223+0000] {snowflake.py:535} INFO - Snowflake query id: 01c2abe1-0005-0f17-0001-37ce0008b1e2
[2026-02-26T13:21:06.460+0000] {taskinstance.py:349} INFO - ::group::Post task execution logs
[2026-02-26T13:21:06.462+0000] {taskinstance.py:361} INFO - Marking task as SUCCESS. dag_id=02_etl_pipeline_incremental, task_id=load_silver_pilots, run_id=manual__2026-02-26T13:20:17.271730+00:00, execution_date=20260226T132017, start_date=20260226T132103, end_date=20260226T132106
[2026-02-26T13:21:06.493+0000] {logging_mixin.py:190} INFO - Task instance in success state
[2026-02-26T13:21:06.494+0000] {logging_mixin.py:190} INFO -  Previous state of the Task instance: running
[2026-02-26T13:21:06.496+0000] {logging_mixin.py:190} INFO - Dag name:02_etl_pipeline_incremental queued_at:2026-02-26 13:20:17.291987+00:00
[2026-02-26T13:21:06.498+0000] {logging_mixin.py:190} INFO - Task hostname:d54c9b653406 operator:SQLExecuteQueryOperator
[2026-02-26T13:21:06.515+0000] {local_task_job_runner.py:266} INFO - Task exited with return code 0
[2026-02-26T13:21:06.549+0000] {taskinstance.py:3924} INFO - 0 downstream tasks scheduled from follow-on schedule check
[2026-02-26T13:21:06.551+0000] {local_task_job_runner.py:245} INFO - ::endgroup::
