[2026-02-26T14:00:19.525+0000] {local_task_job_runner.py:123} INFO - ::group::Pre task execution logs
[2026-02-26T14:00:19.584+0000] {taskinstance.py:2631} INFO - Dependencies all met for dep_context=non-requeueable deps ti=<TaskInstance: 02_etl_pipeline_incremental.load_silver_airports scheduled__2026-02-26T13:55:00+00:00 [queued]>
[2026-02-26T14:00:19.607+0000] {taskinstance.py:2631} INFO - Dependencies all met for dep_context=requeueable deps ti=<TaskInstance: 02_etl_pipeline_incremental.load_silver_airports scheduled__2026-02-26T13:55:00+00:00 [queued]>
[2026-02-26T14:00:19.609+0000] {taskinstance.py:2884} INFO - Starting attempt 1 of 2
[2026-02-26T14:00:19.935+0000] {taskinstance.py:2907} INFO - Executing <Task(SQLExecuteQueryOperator): load_silver_airports> on 2026-02-26 13:55:00+00:00
[2026-02-26T14:00:19.949+0000] {standard_task_runner.py:72} INFO - Started process 5193 to run task
[2026-02-26T14:00:19.962+0000] {standard_task_runner.py:104} INFO - Running: ['***', 'tasks', 'run', '02_etl_pipeline_incremental', 'load_silver_airports', 'scheduled__2026-02-26T13:55:00+00:00', '--job-id', '726', '--raw', '--subdir', 'DAGS_FOLDER/02_etl_pipeline.py', '--cfg-path', '/tmp/tmpxxldpt1b']
[2026-02-26T14:00:19.968+0000] {standard_task_runner.py:105} INFO - Job 726: Subtask load_silver_airports
[2026-02-26T14:00:20.105+0000] {task_command.py:467} INFO - Running <TaskInstance: 02_etl_pipeline_incremental.load_silver_airports scheduled__2026-02-26T13:55:00+00:00 [running]> on host d54c9b653406
[2026-02-26T14:00:20.366+0000] {taskinstance.py:3157} INFO - Exporting env vars: AIRFLOW_CTX_DAG_OWNER='***' AIRFLOW_CTX_DAG_ID='02_etl_pipeline_incremental' AIRFLOW_CTX_TASK_ID='load_silver_airports' AIRFLOW_CTX_EXECUTION_DATE='2026-02-26T13:55:00+00:00' AIRFLOW_CTX_TRY_NUMBER='1' AIRFLOW_CTX_DAG_RUN_ID='scheduled__2026-02-26T13:55:00+00:00'
[2026-02-26T14:00:20.369+0000] {logging_mixin.py:190} INFO - Task instance is in running state
[2026-02-26T14:00:20.374+0000] {logging_mixin.py:190} INFO -  Previous state of the Task instance: queued
[2026-02-26T14:00:20.375+0000] {logging_mixin.py:190} INFO - Current task name:load_silver_airports state:running start_date:2026-02-26 14:00:19.586824+00:00
[2026-02-26T14:00:20.376+0000] {logging_mixin.py:190} INFO - Dag name:02_etl_pipeline_incremental and current dag run status:running
[2026-02-26T14:00:20.377+0000] {taskinstance.py:740} INFO - ::endgroup::
[2026-02-26T14:00:20.379+0000] {sql.py:306} INFO - Executing: CALL AIRLINE_DWH.SILVER_DATA.SP_LOAD_DIM_AIRPORTS();
[2026-02-26T14:00:20.426+0000] {base.py:84} INFO - Retrieving connection 'snowflake_default'
[2026-02-26T14:00:20.791+0000] {base.py:84} INFO - Retrieving connection 'snowflake_default'
[2026-02-26T14:00:20.792+0000] {connection.py:486} INFO - Snowflake Connector for Python Version: 3.15.0, Python Version: 3.10.17, Platform: Linux-6.6.87.2-microsoft-standard-WSL2-x86_64-with-glibc2.36
[2026-02-26T14:00:20.795+0000] {connection.py:1391} INFO - Connecting to GLOBAL Snowflake domain
[2026-02-26T14:00:21.325+0000] {snowflake.py:521} INFO - Running statement: CALL AIRLINE_DWH.SILVER_DATA.SP_LOAD_DIM_AIRPORTS();, parameters: None
[2026-02-26T14:00:21.328+0000] {sql.py:814} INFO - Running statement: CALL AIRLINE_DWH.SILVER_DATA.SP_LOAD_DIM_AIRPORTS();, parameters: None
[2026-02-26T14:00:24.108+0000] {sql.py:823} INFO - Rows affected: 1
[2026-02-26T14:00:24.111+0000] {snowflake.py:534} INFO - Rows affected: 1
[2026-02-26T14:00:24.112+0000] {snowflake.py:535} INFO - Snowflake query id: 01c2ac08-0005-0f1f-0001-37ce0008c34a
[2026-02-26T14:00:24.344+0000] {taskinstance.py:349} INFO - ::group::Post task execution logs
[2026-02-26T14:00:24.347+0000] {taskinstance.py:361} INFO - Marking task as SUCCESS. dag_id=02_etl_pipeline_incremental, task_id=load_silver_airports, run_id=scheduled__2026-02-26T13:55:00+00:00, execution_date=20260226T135500, start_date=20260226T140019, end_date=20260226T140024
[2026-02-26T14:00:24.383+0000] {logging_mixin.py:190} INFO - Task instance in success state
[2026-02-26T14:00:24.385+0000] {logging_mixin.py:190} INFO -  Previous state of the Task instance: running
[2026-02-26T14:00:24.387+0000] {logging_mixin.py:190} INFO - Dag name:02_etl_pipeline_incremental queued_at:2026-02-26 14:00:00.170596+00:00
[2026-02-26T14:00:24.388+0000] {logging_mixin.py:190} INFO - Task hostname:d54c9b653406 operator:SQLExecuteQueryOperator
[2026-02-26T14:00:24.443+0000] {local_task_job_runner.py:266} INFO - Task exited with return code 0
[2026-02-26T14:00:24.475+0000] {taskinstance.py:3924} INFO - 0 downstream tasks scheduled from follow-on schedule check
[2026-02-26T14:00:24.479+0000] {local_task_job_runner.py:245} INFO - ::endgroup::
