[2026-02-26T13:55:02.011+0000] {local_task_job_runner.py:123} INFO - ::group::Pre task execution logs
[2026-02-26T13:55:02.037+0000] {taskinstance.py:2631} INFO - Dependencies all met for dep_context=non-requeueable deps ti=<TaskInstance: 02_etl_pipeline_incremental.check_and_get_file scheduled__2026-02-26T13:50:00+00:00 [queued]>
[2026-02-26T13:55:02.048+0000] {taskinstance.py:2631} INFO - Dependencies all met for dep_context=requeueable deps ti=<TaskInstance: 02_etl_pipeline_incremental.check_and_get_file scheduled__2026-02-26T13:50:00+00:00 [queued]>
[2026-02-26T13:55:02.051+0000] {taskinstance.py:2884} INFO - Starting attempt 1 of 2
[2026-02-26T13:55:02.068+0000] {taskinstance.py:2907} INFO - Executing <Task(ShortCircuitOperator): check_and_get_file> on 2026-02-26 13:50:00+00:00
[2026-02-26T13:55:02.078+0000] {standard_task_runner.py:72} INFO - Started process 5059 to run task
[2026-02-26T13:55:02.084+0000] {standard_task_runner.py:104} INFO - Running: ['***', 'tasks', 'run', '02_etl_pipeline_incremental', 'check_and_get_file', 'scheduled__2026-02-26T13:50:00+00:00', '--job-id', '711', '--raw', '--subdir', 'DAGS_FOLDER/02_etl_pipeline.py', '--cfg-path', '/tmp/tmpygvpc7ou']
[2026-02-26T13:55:02.087+0000] {standard_task_runner.py:105} INFO - Job 711: Subtask check_and_get_file
[2026-02-26T13:55:02.481+0000] {task_command.py:467} INFO - Running <TaskInstance: 02_etl_pipeline_incremental.check_and_get_file scheduled__2026-02-26T13:50:00+00:00 [running]> on host d54c9b653406
[2026-02-26T13:55:02.608+0000] {taskinstance.py:3157} INFO - Exporting env vars: AIRFLOW_CTX_DAG_OWNER='***' AIRFLOW_CTX_DAG_ID='02_etl_pipeline_incremental' AIRFLOW_CTX_TASK_ID='check_and_get_file' AIRFLOW_CTX_EXECUTION_DATE='2026-02-26T13:50:00+00:00' AIRFLOW_CTX_TRY_NUMBER='1' AIRFLOW_CTX_DAG_RUN_ID='scheduled__2026-02-26T13:50:00+00:00'
[2026-02-26T13:55:02.611+0000] {logging_mixin.py:190} INFO - Task instance is in running state
[2026-02-26T13:55:02.612+0000] {logging_mixin.py:190} INFO -  Previous state of the Task instance: queued
[2026-02-26T13:55:02.613+0000] {logging_mixin.py:190} INFO - Current task name:check_and_get_file state:running start_date:2026-02-26 13:55:02.038769+00:00
[2026-02-26T13:55:02.615+0000] {logging_mixin.py:190} INFO - Dag name:02_etl_pipeline_incremental and current dag run status:running
[2026-02-26T13:55:02.616+0000] {taskinstance.py:740} INFO - ::endgroup::
[2026-02-26T13:55:02.618+0000] {baseoperator.py:423} WARNING - ShortCircuitOperator.execute cannot be called outside TaskInstance!
[2026-02-26T13:55:02.624+0000] {logging_mixin.py:190} INFO - There aren't new files. Pass.
[2026-02-26T13:55:02.625+0000] {python.py:240} INFO - Done. Returned value was: False
[2026-02-26T13:55:02.627+0000] {python.py:309} INFO - Condition result is False
[2026-02-26T13:55:02.628+0000] {python.py:336} INFO - Skipping downstream tasks
[2026-02-26T13:55:02.665+0000] {python.py:344} INFO - Done.
[2026-02-26T13:55:02.700+0000] {taskinstance.py:349} INFO - ::group::Post task execution logs
[2026-02-26T13:55:02.703+0000] {taskinstance.py:361} INFO - Marking task as SUCCESS. dag_id=02_etl_pipeline_incremental, task_id=check_and_get_file, run_id=scheduled__2026-02-26T13:50:00+00:00, execution_date=20260226T135000, start_date=20260226T135502, end_date=20260226T135502
[2026-02-26T13:55:02.743+0000] {logging_mixin.py:190} INFO - Task instance in success state
[2026-02-26T13:55:02.745+0000] {logging_mixin.py:190} INFO -  Previous state of the Task instance: running
[2026-02-26T13:55:02.746+0000] {logging_mixin.py:190} INFO - Dag name:02_etl_pipeline_incremental queued_at:2026-02-26 13:55:00.188256+00:00
[2026-02-26T13:55:02.748+0000] {logging_mixin.py:190} INFO - Task hostname:d54c9b653406 operator:ShortCircuitOperator
[2026-02-26T13:55:02.781+0000] {local_task_job_runner.py:266} INFO - Task exited with return code 0
[2026-02-26T13:55:03.036+0000] {taskinstance.py:3924} INFO - 0 downstream tasks scheduled from follow-on schedule check
[2026-02-26T13:55:03.039+0000] {local_task_job_runner.py:245} INFO - ::endgroup::
