[2026-02-26T12:13:03.898+0000] {local_task_job_runner.py:123} INFO - ::group::Pre task execution logs
[2026-02-26T12:13:03.924+0000] {taskinstance.py:2631} INFO - Dependencies all met for dep_context=non-requeueable deps ti=<TaskInstance: 02_etl_pipeline_incremental.load_silver_facts manual__2026-02-26T11:59:50.036547+00:00 [queued]>
[2026-02-26T12:13:03.941+0000] {taskinstance.py:2631} INFO - Dependencies all met for dep_context=requeueable deps ti=<TaskInstance: 02_etl_pipeline_incremental.load_silver_facts manual__2026-02-26T11:59:50.036547+00:00 [queued]>
[2026-02-26T12:13:03.943+0000] {taskinstance.py:2884} INFO - Starting attempt 1 of 2
[2026-02-26T12:13:04.119+0000] {taskinstance.py:2907} INFO - Executing <Task(SQLExecuteQueryOperator): load_silver_facts> on 2026-02-26 11:59:50.036547+00:00
[2026-02-26T12:13:04.130+0000] {standard_task_runner.py:72} INFO - Started process 2950 to run task
[2026-02-26T12:13:04.140+0000] {standard_task_runner.py:104} INFO - Running: ['***', 'tasks', 'run', '02_etl_pipeline_incremental', 'load_silver_facts', 'manual__2026-02-26T11:59:50.036547+00:00', '--job-id', '524', '--raw', '--subdir', 'DAGS_FOLDER/02_etl_pipeline.py', '--cfg-path', '/tmp/tmpysxk3uin']
[2026-02-26T12:13:04.167+0000] {standard_task_runner.py:105} INFO - Job 524: Subtask load_silver_facts
[2026-02-26T12:13:04.250+0000] {task_command.py:467} INFO - Running <TaskInstance: 02_etl_pipeline_incremental.load_silver_facts manual__2026-02-26T11:59:50.036547+00:00 [running]> on host d54c9b653406
[2026-02-26T12:13:04.358+0000] {taskinstance.py:3157} INFO - Exporting env vars: AIRFLOW_CTX_DAG_OWNER='***' AIRFLOW_CTX_DAG_ID='02_etl_pipeline_incremental' AIRFLOW_CTX_TASK_ID='load_silver_facts' AIRFLOW_CTX_EXECUTION_DATE='2026-02-26T11:59:50.036547+00:00' AIRFLOW_CTX_TRY_NUMBER='1' AIRFLOW_CTX_DAG_RUN_ID='manual__2026-02-26T11:59:50.036547+00:00'
[2026-02-26T12:13:04.361+0000] {logging_mixin.py:190} INFO - Task instance is in running state
[2026-02-26T12:13:04.362+0000] {logging_mixin.py:190} INFO -  Previous state of the Task instance: queued
[2026-02-26T12:13:04.363+0000] {logging_mixin.py:190} INFO - Current task name:load_silver_facts state:running start_date:2026-02-26 12:13:03.925827+00:00
[2026-02-26T12:13:04.363+0000] {logging_mixin.py:190} INFO - Dag name:02_etl_pipeline_incremental and current dag run status:running
[2026-02-26T12:13:04.365+0000] {taskinstance.py:740} INFO - ::endgroup::
[2026-02-26T12:13:04.367+0000] {sql.py:306} INFO - Executing: CALL AIRLINE_DWH.SILVER_DATA.SP_LOAD_FACT_AIRLINE();
[2026-02-26T12:13:04.382+0000] {base.py:84} INFO - Retrieving connection 'snowflake_default'
[2026-02-26T12:13:04.596+0000] {base.py:84} INFO - Retrieving connection 'snowflake_default'
[2026-02-26T12:13:04.598+0000] {connection.py:486} INFO - Snowflake Connector for Python Version: 3.15.0, Python Version: 3.10.17, Platform: Linux-6.6.87.2-microsoft-standard-WSL2-x86_64-with-glibc2.36
[2026-02-26T12:13:04.602+0000] {connection.py:1391} INFO - Connecting to GLOBAL Snowflake domain
[2026-02-26T12:13:05.720+0000] {snowflake.py:521} INFO - Running statement: CALL AIRLINE_DWH.SILVER_DATA.SP_LOAD_FACT_AIRLINE();, parameters: None
[2026-02-26T12:13:05.722+0000] {sql.py:814} INFO - Running statement: CALL AIRLINE_DWH.SILVER_DATA.SP_LOAD_FACT_AIRLINE();, parameters: None
[2026-02-26T12:13:06.173+0000] {sql.py:823} INFO - Rows affected: 1
[2026-02-26T12:13:06.175+0000] {snowflake.py:534} INFO - Rows affected: 1
[2026-02-26T12:13:06.176+0000] {snowflake.py:535} INFO - Snowflake query id: 01c2ab9d-0005-0f17-0001-37ce0008909a
[2026-02-26T12:13:06.389+0000] {taskinstance.py:349} INFO - ::group::Post task execution logs
[2026-02-26T12:13:06.392+0000] {taskinstance.py:361} INFO - Marking task as SUCCESS. dag_id=02_etl_pipeline_incremental, task_id=load_silver_facts, run_id=manual__2026-02-26T11:59:50.036547+00:00, execution_date=20260226T115950, start_date=20260226T121303, end_date=20260226T121306
[2026-02-26T12:13:06.428+0000] {logging_mixin.py:190} INFO - Task instance in success state
[2026-02-26T12:13:06.429+0000] {logging_mixin.py:190} INFO -  Previous state of the Task instance: running
[2026-02-26T12:13:06.431+0000] {logging_mixin.py:190} INFO - Dag name:02_etl_pipeline_incremental queued_at:2026-02-26 11:59:50.097492+00:00
[2026-02-26T12:13:06.433+0000] {logging_mixin.py:190} INFO - Task hostname:d54c9b653406 operator:SQLExecuteQueryOperator
[2026-02-26T12:13:06.494+0000] {local_task_job_runner.py:266} INFO - Task exited with return code 0
[2026-02-26T12:13:06.540+0000] {taskinstance.py:3924} INFO - 1 downstream tasks scheduled from follow-on schedule check
[2026-02-26T12:13:06.544+0000] {local_task_job_runner.py:245} INFO - ::endgroup::
