[2026-02-26T12:28:57.478+0000] {local_task_job_runner.py:123} INFO - ::group::Pre task execution logs
[2026-02-26T12:28:57.504+0000] {taskinstance.py:2631} INFO - Dependencies all met for dep_context=non-requeueable deps ti=<TaskInstance: 01_init_infrastructure.02_create_schemas manual__2026-02-26T12:28:48.154880+00:00 [queued]>
[2026-02-26T12:28:57.519+0000] {taskinstance.py:2631} INFO - Dependencies all met for dep_context=requeueable deps ti=<TaskInstance: 01_init_infrastructure.02_create_schemas manual__2026-02-26T12:28:48.154880+00:00 [queued]>
[2026-02-26T12:28:57.523+0000] {taskinstance.py:2884} INFO - Starting attempt 1 of 1
[2026-02-26T12:28:57.712+0000] {taskinstance.py:2907} INFO - Executing <Task(SQLExecuteQueryOperator): 02_create_schemas> on 2026-02-26 12:28:48.154880+00:00
[2026-02-26T12:28:57.720+0000] {standard_task_runner.py:72} INFO - Started process 3350 to run task
[2026-02-26T12:28:57.726+0000] {standard_task_runner.py:104} INFO - Running: ['***', 'tasks', 'run', '01_init_infrastructure', '02_create_schemas', 'manual__2026-02-26T12:28:48.154880+00:00', '--job-id', '571', '--raw', '--subdir', 'DAGS_FOLDER/01_init_infrastructure.py', '--cfg-path', '/tmp/tmp2n6f6862']
[2026-02-26T12:28:57.730+0000] {standard_task_runner.py:105} INFO - Job 571: Subtask 02_create_schemas
[2026-02-26T12:28:57.815+0000] {task_command.py:467} INFO - Running <TaskInstance: 01_init_infrastructure.02_create_schemas manual__2026-02-26T12:28:48.154880+00:00 [running]> on host d54c9b653406
[2026-02-26T12:28:57.920+0000] {taskinstance.py:3157} INFO - Exporting env vars: AIRFLOW_CTX_DAG_OWNER='***' AIRFLOW_CTX_DAG_ID='01_init_infrastructure' AIRFLOW_CTX_TASK_ID='02_create_schemas' AIRFLOW_CTX_EXECUTION_DATE='2026-02-26T12:28:48.154880+00:00' AIRFLOW_CTX_TRY_NUMBER='1' AIRFLOW_CTX_DAG_RUN_ID='manual__2026-02-26T12:28:48.154880+00:00'
[2026-02-26T12:28:57.923+0000] {logging_mixin.py:190} INFO - Task instance is in running state
[2026-02-26T12:28:57.925+0000] {logging_mixin.py:190} INFO -  Previous state of the Task instance: queued
[2026-02-26T12:28:57.926+0000] {logging_mixin.py:190} INFO - Current task name:02_create_schemas state:running start_date:2026-02-26 12:28:57.506059+00:00
[2026-02-26T12:28:57.927+0000] {logging_mixin.py:190} INFO - Dag name:01_init_infrastructure and current dag run status:running
[2026-02-26T12:28:57.928+0000] {taskinstance.py:740} INFO - ::endgroup::
[2026-02-26T12:28:57.930+0000] {sql.py:306} INFO - Executing: USE DATABASE AIRLINE_DWH;

CREATE SCHEMA IF NOT EXISTS RAW_DATA;    
CREATE SCHEMA IF NOT EXISTS SILVER_DATA; 
CREATE SCHEMA IF NOT EXISTS GOLD_DATA;   
CREATE SCHEMA IF NOT EXISTS UTILS;       
[2026-02-26T12:28:57.945+0000] {base.py:84} INFO - Retrieving connection 'snowflake_default'
[2026-02-26T12:28:58.100+0000] {base.py:84} INFO - Retrieving connection 'snowflake_default'
[2026-02-26T12:28:58.103+0000] {connection.py:486} INFO - Snowflake Connector for Python Version: 3.15.0, Python Version: 3.10.17, Platform: Linux-6.6.87.2-microsoft-standard-WSL2-x86_64-with-glibc2.36
[2026-02-26T12:28:58.105+0000] {connection.py:1391} INFO - Connecting to GLOBAL Snowflake domain
[2026-02-26T12:28:58.463+0000] {snowflake.py:521} INFO - Running statement: USE DATABASE AIRLINE_DWH;, parameters: None
[2026-02-26T12:28:58.464+0000] {sql.py:814} INFO - Running statement: USE DATABASE AIRLINE_DWH;, parameters: None
[2026-02-26T12:28:58.543+0000] {sql.py:823} INFO - Rows affected: 1
[2026-02-26T12:28:58.544+0000] {snowflake.py:534} INFO - Rows affected: 1
[2026-02-26T12:28:58.546+0000] {snowflake.py:535} INFO - Snowflake query id: 01c2abac-0005-0f0f-0001-37ce0008888e
[2026-02-26T12:28:58.547+0000] {snowflake.py:521} INFO - Running statement: CREATE SCHEMA IF NOT EXISTS RAW_DATA;, parameters: None
[2026-02-26T12:28:58.548+0000] {sql.py:814} INFO - Running statement: CREATE SCHEMA IF NOT EXISTS RAW_DATA;, parameters: None
[2026-02-26T12:28:58.645+0000] {sql.py:823} INFO - Rows affected: 1
[2026-02-26T12:28:58.647+0000] {snowflake.py:534} INFO - Rows affected: 1
[2026-02-26T12:28:58.648+0000] {snowflake.py:535} INFO - Snowflake query id: 01c2abac-0005-0f17-0001-37ce000898ee
[2026-02-26T12:28:58.649+0000] {snowflake.py:521} INFO - Running statement: CREATE SCHEMA IF NOT EXISTS SILVER_DATA;, parameters: None
[2026-02-26T12:28:58.650+0000] {sql.py:814} INFO - Running statement: CREATE SCHEMA IF NOT EXISTS SILVER_DATA;, parameters: None
[2026-02-26T12:28:58.742+0000] {sql.py:823} INFO - Rows affected: 1
[2026-02-26T12:28:58.744+0000] {snowflake.py:534} INFO - Rows affected: 1
[2026-02-26T12:28:58.746+0000] {snowflake.py:535} INFO - Snowflake query id: 01c2abac-0005-0f0f-0001-37ce00088892
[2026-02-26T12:28:58.747+0000] {snowflake.py:521} INFO - Running statement: CREATE SCHEMA IF NOT EXISTS GOLD_DATA;, parameters: None
[2026-02-26T12:28:58.749+0000] {sql.py:814} INFO - Running statement: CREATE SCHEMA IF NOT EXISTS GOLD_DATA;, parameters: None
[2026-02-26T12:28:58.849+0000] {sql.py:823} INFO - Rows affected: 1
[2026-02-26T12:28:58.851+0000] {snowflake.py:534} INFO - Rows affected: 1
[2026-02-26T12:28:58.852+0000] {snowflake.py:535} INFO - Snowflake query id: 01c2abac-0005-0f17-0001-37ce000898f2
[2026-02-26T12:28:58.853+0000] {snowflake.py:521} INFO - Running statement: CREATE SCHEMA IF NOT EXISTS UTILS;, parameters: None
[2026-02-26T12:28:58.854+0000] {sql.py:814} INFO - Running statement: CREATE SCHEMA IF NOT EXISTS UTILS;, parameters: None
[2026-02-26T12:28:58.947+0000] {sql.py:823} INFO - Rows affected: 1
[2026-02-26T12:28:58.949+0000] {snowflake.py:534} INFO - Rows affected: 1
[2026-02-26T12:28:58.950+0000] {snowflake.py:535} INFO - Snowflake query id: 01c2abac-0005-0f0f-0001-37ce00088896
[2026-02-26T12:28:59.180+0000] {taskinstance.py:349} INFO - ::group::Post task execution logs
[2026-02-26T12:28:59.185+0000] {taskinstance.py:361} INFO - Marking task as SUCCESS. dag_id=01_init_infrastructure, task_id=02_create_schemas, run_id=manual__2026-02-26T12:28:48.154880+00:00, execution_date=20260226T122848, start_date=20260226T122857, end_date=20260226T122859
[2026-02-26T12:28:59.224+0000] {logging_mixin.py:190} INFO - Task instance in success state
[2026-02-26T12:28:59.225+0000] {logging_mixin.py:190} INFO -  Previous state of the Task instance: running
[2026-02-26T12:28:59.226+0000] {logging_mixin.py:190} INFO - Dag name:01_init_infrastructure queued_at:2026-02-26 12:28:48.172982+00:00
[2026-02-26T12:28:59.227+0000] {logging_mixin.py:190} INFO - Task hostname:d54c9b653406 operator:SQLExecuteQueryOperator
[2026-02-26T12:28:59.267+0000] {local_task_job_runner.py:266} INFO - Task exited with return code 0
[2026-02-26T12:28:59.296+0000] {taskinstance.py:3924} INFO - 1 downstream tasks scheduled from follow-on schedule check
[2026-02-26T12:28:59.299+0000] {local_task_job_runner.py:245} INFO - ::endgroup::
