[2026-02-26T12:20:46.109+0000] {local_task_job_runner.py:123} INFO - ::group::Pre task execution logs
[2026-02-26T12:20:46.151+0000] {taskinstance.py:2631} INFO - Dependencies all met for dep_context=non-requeueable deps ti=<TaskInstance: 02_etl_pipeline_incremental.load_silver_pilots manual__2026-02-26T12:20:23.715136+00:00 [queued]>
[2026-02-26T12:20:46.172+0000] {taskinstance.py:2631} INFO - Dependencies all met for dep_context=requeueable deps ti=<TaskInstance: 02_etl_pipeline_incremental.load_silver_pilots manual__2026-02-26T12:20:23.715136+00:00 [queued]>
[2026-02-26T12:20:46.174+0000] {taskinstance.py:2884} INFO - Starting attempt 1 of 2
[2026-02-26T12:20:46.368+0000] {taskinstance.py:2907} INFO - Executing <Task(SQLExecuteQueryOperator): load_silver_pilots> on 2026-02-26 12:20:23.715136+00:00
[2026-02-26T12:20:46.381+0000] {standard_task_runner.py:72} INFO - Started process 3193 to run task
[2026-02-26T12:20:46.389+0000] {standard_task_runner.py:104} INFO - Running: ['***', 'tasks', 'run', '02_etl_pipeline_incremental', 'load_silver_pilots', 'manual__2026-02-26T12:20:23.715136+00:00', '--job-id', '558', '--raw', '--subdir', 'DAGS_FOLDER/02_etl_pipeline.py', '--cfg-path', '/tmp/tmp6qmilx5o']
[2026-02-26T12:20:46.393+0000] {standard_task_runner.py:105} INFO - Job 558: Subtask load_silver_pilots
[2026-02-26T12:20:46.499+0000] {task_command.py:467} INFO - Running <TaskInstance: 02_etl_pipeline_incremental.load_silver_pilots manual__2026-02-26T12:20:23.715136+00:00 [running]> on host d54c9b653406
[2026-02-26T12:20:46.647+0000] {taskinstance.py:3157} INFO - Exporting env vars: AIRFLOW_CTX_DAG_OWNER='***' AIRFLOW_CTX_DAG_ID='02_etl_pipeline_incremental' AIRFLOW_CTX_TASK_ID='load_silver_pilots' AIRFLOW_CTX_EXECUTION_DATE='2026-02-26T12:20:23.715136+00:00' AIRFLOW_CTX_TRY_NUMBER='1' AIRFLOW_CTX_DAG_RUN_ID='manual__2026-02-26T12:20:23.715136+00:00'
[2026-02-26T12:20:46.651+0000] {logging_mixin.py:190} INFO - Task instance is in running state
[2026-02-26T12:20:46.653+0000] {logging_mixin.py:190} INFO -  Previous state of the Task instance: queued
[2026-02-26T12:20:46.656+0000] {logging_mixin.py:190} INFO - Current task name:load_silver_pilots state:running start_date:2026-02-26 12:20:46.153252+00:00
[2026-02-26T12:20:46.657+0000] {logging_mixin.py:190} INFO - Dag name:02_etl_pipeline_incremental and current dag run status:running
[2026-02-26T12:20:46.659+0000] {taskinstance.py:740} INFO - ::endgroup::
[2026-02-26T12:20:46.661+0000] {sql.py:306} INFO - Executing: CALL AIRLINE_DWH.SILVER_DATA.SP_LOAD_DIM_PILOTS();
[2026-02-26T12:20:46.684+0000] {base.py:84} INFO - Retrieving connection 'snowflake_default'
[2026-02-26T12:20:46.977+0000] {base.py:84} INFO - Retrieving connection 'snowflake_default'
[2026-02-26T12:20:46.979+0000] {connection.py:486} INFO - Snowflake Connector for Python Version: 3.15.0, Python Version: 3.10.17, Platform: Linux-6.6.87.2-microsoft-standard-WSL2-x86_64-with-glibc2.36
[2026-02-26T12:20:46.982+0000] {connection.py:1391} INFO - Connecting to GLOBAL Snowflake domain
[2026-02-26T12:20:47.420+0000] {snowflake.py:521} INFO - Running statement: CALL AIRLINE_DWH.SILVER_DATA.SP_LOAD_DIM_PILOTS();, parameters: None
[2026-02-26T12:20:47.422+0000] {sql.py:814} INFO - Running statement: CALL AIRLINE_DWH.SILVER_DATA.SP_LOAD_DIM_PILOTS();, parameters: None
[2026-02-26T12:20:49.382+0000] {sql.py:823} INFO - Rows affected: 1
[2026-02-26T12:20:49.385+0000] {snowflake.py:534} INFO - Rows affected: 1
[2026-02-26T12:20:49.386+0000] {snowflake.py:535} INFO - Snowflake query id: 01c2aba4-0005-0f1f-0001-37ce00087822
[2026-02-26T12:20:49.615+0000] {taskinstance.py:349} INFO - ::group::Post task execution logs
[2026-02-26T12:20:49.616+0000] {taskinstance.py:361} INFO - Marking task as SUCCESS. dag_id=02_etl_pipeline_incremental, task_id=load_silver_pilots, run_id=manual__2026-02-26T12:20:23.715136+00:00, execution_date=20260226T122023, start_date=20260226T122046, end_date=20260226T122049
[2026-02-26T12:20:49.650+0000] {logging_mixin.py:190} INFO - Task instance in success state
[2026-02-26T12:20:49.652+0000] {logging_mixin.py:190} INFO -  Previous state of the Task instance: running
[2026-02-26T12:20:49.653+0000] {logging_mixin.py:190} INFO - Dag name:02_etl_pipeline_incremental queued_at:2026-02-26 12:20:23.730683+00:00
[2026-02-26T12:20:49.655+0000] {logging_mixin.py:190} INFO - Task hostname:d54c9b653406 operator:SQLExecuteQueryOperator
[2026-02-26T12:20:49.698+0000] {local_task_job_runner.py:266} INFO - Task exited with return code 0
[2026-02-26T12:20:49.743+0000] {taskinstance.py:3924} INFO - 0 downstream tasks scheduled from follow-on schedule check
[2026-02-26T12:20:49.746+0000] {local_task_job_runner.py:245} INFO - ::endgroup::
