[2026-02-26T12:13:53.613+0000] {local_task_job_runner.py:123} INFO - ::group::Pre task execution logs
[2026-02-26T12:13:53.644+0000] {taskinstance.py:2631} INFO - Dependencies all met for dep_context=non-requeueable deps ti=<TaskInstance: 02_etl_pipeline_incremental.archive_processed_file manual__2026-02-26T12:02:28.323881+00:00 [queued]>
[2026-02-26T12:13:53.660+0000] {taskinstance.py:2631} INFO - Dependencies all met for dep_context=requeueable deps ti=<TaskInstance: 02_etl_pipeline_incremental.archive_processed_file manual__2026-02-26T12:02:28.323881+00:00 [queued]>
[2026-02-26T12:13:53.665+0000] {taskinstance.py:2884} INFO - Starting attempt 1 of 2
[2026-02-26T12:13:53.862+0000] {taskinstance.py:2907} INFO - Executing <Task(PythonOperator): archive_processed_file> on 2026-02-26 12:02:28.323881+00:00
[2026-02-26T12:13:53.872+0000] {standard_task_runner.py:72} INFO - Started process 3003 to run task
[2026-02-26T12:13:53.879+0000] {standard_task_runner.py:104} INFO - Running: ['***', 'tasks', 'run', '02_etl_pipeline_incremental', 'archive_processed_file', 'manual__2026-02-26T12:02:28.323881+00:00', '--job-id', '535', '--raw', '--subdir', 'DAGS_FOLDER/02_etl_pipeline.py', '--cfg-path', '/tmp/tmph9hvdrpt']
[2026-02-26T12:13:53.883+0000] {standard_task_runner.py:105} INFO - Job 535: Subtask archive_processed_file
[2026-02-26T12:13:53.990+0000] {task_command.py:467} INFO - Running <TaskInstance: 02_etl_pipeline_incremental.archive_processed_file manual__2026-02-26T12:02:28.323881+00:00 [running]> on host d54c9b653406
[2026-02-26T12:13:54.135+0000] {taskinstance.py:3157} INFO - Exporting env vars: AIRFLOW_CTX_DAG_OWNER='***' AIRFLOW_CTX_DAG_ID='02_etl_pipeline_incremental' AIRFLOW_CTX_TASK_ID='archive_processed_file' AIRFLOW_CTX_EXECUTION_DATE='2026-02-26T12:02:28.323881+00:00' AIRFLOW_CTX_TRY_NUMBER='1' AIRFLOW_CTX_DAG_RUN_ID='manual__2026-02-26T12:02:28.323881+00:00'
[2026-02-26T12:13:54.139+0000] {logging_mixin.py:190} INFO - Task instance is in running state
[2026-02-26T12:13:54.142+0000] {logging_mixin.py:190} INFO -  Previous state of the Task instance: queued
[2026-02-26T12:13:54.144+0000] {logging_mixin.py:190} INFO - Current task name:archive_processed_file state:running start_date:2026-02-26 12:13:53.645828+00:00
[2026-02-26T12:13:54.145+0000] {logging_mixin.py:190} INFO - Dag name:02_etl_pipeline_incremental and current dag run status:running
[2026-02-26T12:13:54.147+0000] {taskinstance.py:740} INFO - ::endgroup::
[2026-02-26T12:13:54.169+0000] {logging_mixin.py:190} INFO - File was moved to: /opt/***/data/archive/Dominica_orig_data_for_update_processed_20260226_121354.csv
[2026-02-26T12:13:54.170+0000] {python.py:240} INFO - Done. Returned value was: None
[2026-02-26T12:13:54.187+0000] {taskinstance.py:349} INFO - ::group::Post task execution logs
[2026-02-26T12:13:54.189+0000] {taskinstance.py:361} INFO - Marking task as SUCCESS. dag_id=02_etl_pipeline_incremental, task_id=archive_processed_file, run_id=manual__2026-02-26T12:02:28.323881+00:00, execution_date=20260226T120228, start_date=20260226T121353, end_date=20260226T121354
[2026-02-26T12:13:54.225+0000] {logging_mixin.py:190} INFO - Task instance in success state
[2026-02-26T12:13:54.229+0000] {logging_mixin.py:190} INFO -  Previous state of the Task instance: running
[2026-02-26T12:13:54.236+0000] {logging_mixin.py:190} INFO - Dag name:02_etl_pipeline_incremental queued_at:2026-02-26 12:02:28.384339+00:00
[2026-02-26T12:13:54.238+0000] {logging_mixin.py:190} INFO - Task hostname:d54c9b653406 operator:PythonOperator
[2026-02-26T12:13:54.295+0000] {local_task_job_runner.py:266} INFO - Task exited with return code 0
[2026-02-26T12:13:54.320+0000] {taskinstance.py:3924} INFO - 0 downstream tasks scheduled from follow-on schedule check
[2026-02-26T12:13:54.323+0000] {local_task_job_runner.py:245} INFO - ::endgroup::
