[2026-02-26T13:15:10.821+0000] {local_task_job_runner.py:123} INFO - ::group::Pre task execution logs
[2026-02-26T13:15:10.859+0000] {taskinstance.py:2631} INFO - Dependencies all met for dep_context=non-requeueable deps ti=<TaskInstance: 02_etl_pipeline_incremental.load_bronze_raw scheduled__2026-02-26T13:10:00+00:00 [queued]>
[2026-02-26T13:15:10.874+0000] {taskinstance.py:2631} INFO - Dependencies all met for dep_context=requeueable deps ti=<TaskInstance: 02_etl_pipeline_incremental.load_bronze_raw scheduled__2026-02-26T13:10:00+00:00 [queued]>
[2026-02-26T13:15:10.877+0000] {taskinstance.py:2884} INFO - Starting attempt 1 of 2
[2026-02-26T13:15:11.064+0000] {taskinstance.py:2907} INFO - Executing <Task(SQLExecuteQueryOperator): load_bronze_raw> on 2026-02-26 13:10:00+00:00
[2026-02-26T13:15:11.073+0000] {standard_task_runner.py:72} INFO - Started process 4306 to run task
[2026-02-26T13:15:11.081+0000] {standard_task_runner.py:104} INFO - Running: ['***', 'tasks', 'run', '02_etl_pipeline_incremental', 'load_bronze_raw', 'scheduled__2026-02-26T13:10:00+00:00', '--job-id', '654', '--raw', '--subdir', 'DAGS_FOLDER/02_etl_pipeline.py', '--cfg-path', '/tmp/tmpflnmis3c']
[2026-02-26T13:15:11.084+0000] {standard_task_runner.py:105} INFO - Job 654: Subtask load_bronze_raw
[2026-02-26T13:15:11.176+0000] {task_command.py:467} INFO - Running <TaskInstance: 02_etl_pipeline_incremental.load_bronze_raw scheduled__2026-02-26T13:10:00+00:00 [running]> on host d54c9b653406
[2026-02-26T13:15:11.322+0000] {taskinstance.py:3157} INFO - Exporting env vars: AIRFLOW_CTX_DAG_OWNER='***' AIRFLOW_CTX_DAG_ID='02_etl_pipeline_incremental' AIRFLOW_CTX_TASK_ID='load_bronze_raw' AIRFLOW_CTX_EXECUTION_DATE='2026-02-26T13:10:00+00:00' AIRFLOW_CTX_TRY_NUMBER='1' AIRFLOW_CTX_DAG_RUN_ID='scheduled__2026-02-26T13:10:00+00:00'
[2026-02-26T13:15:11.325+0000] {logging_mixin.py:190} INFO - Task instance is in running state
[2026-02-26T13:15:11.326+0000] {logging_mixin.py:190} INFO -  Previous state of the Task instance: queued
[2026-02-26T13:15:11.327+0000] {logging_mixin.py:190} INFO - Current task name:load_bronze_raw state:running start_date:2026-02-26 13:15:10.861435+00:00
[2026-02-26T13:15:11.328+0000] {logging_mixin.py:190} INFO - Dag name:02_etl_pipeline_incremental and current dag run status:running
[2026-02-26T13:15:11.329+0000] {taskinstance.py:740} INFO - ::endgroup::
[2026-02-26T13:15:11.330+0000] {sql.py:306} INFO - Executing: CALL AIRLINE_DWH.RAW_DATA.SP_LOAD_RAW('Dominica_orig_data_for_update.csv.gz');
[2026-02-26T13:15:11.348+0000] {base.py:84} INFO - Retrieving connection 'snowflake_default'
[2026-02-26T13:15:11.558+0000] {base.py:84} INFO - Retrieving connection 'snowflake_default'
[2026-02-26T13:15:11.560+0000] {connection.py:486} INFO - Snowflake Connector for Python Version: 3.15.0, Python Version: 3.10.17, Platform: Linux-6.6.87.2-microsoft-standard-WSL2-x86_64-with-glibc2.36
[2026-02-26T13:15:11.561+0000] {connection.py:1391} INFO - Connecting to GLOBAL Snowflake domain
[2026-02-26T13:15:11.973+0000] {snowflake.py:521} INFO - Running statement: CALL AIRLINE_DWH.RAW_DATA.SP_LOAD_RAW('Dominica_orig_data_for_update.csv.gz');, parameters: None
[2026-02-26T13:15:11.974+0000] {sql.py:814} INFO - Running statement: CALL AIRLINE_DWH.RAW_DATA.SP_LOAD_RAW('Dominica_orig_data_for_update.csv.gz');, parameters: None
[2026-02-26T13:15:13.586+0000] {sql.py:823} INFO - Rows affected: 1
[2026-02-26T13:15:13.588+0000] {snowflake.py:534} INFO - Rows affected: 1
[2026-02-26T13:15:13.590+0000] {snowflake.py:535} INFO - Snowflake query id: 01c2abdb-0005-0f17-0001-37ce00089e8a
[2026-02-26T13:15:13.793+0000] {taskinstance.py:349} INFO - ::group::Post task execution logs
[2026-02-26T13:15:13.795+0000] {taskinstance.py:361} INFO - Marking task as SUCCESS. dag_id=02_etl_pipeline_incremental, task_id=load_bronze_raw, run_id=scheduled__2026-02-26T13:10:00+00:00, execution_date=20260226T131000, start_date=20260226T131510, end_date=20260226T131513
[2026-02-26T13:15:13.823+0000] {logging_mixin.py:190} INFO - Task instance in success state
[2026-02-26T13:15:13.825+0000] {logging_mixin.py:190} INFO -  Previous state of the Task instance: running
[2026-02-26T13:15:13.826+0000] {logging_mixin.py:190} INFO - Dag name:02_etl_pipeline_incremental queued_at:2026-02-26 13:15:00.715561+00:00
[2026-02-26T13:15:13.827+0000] {logging_mixin.py:190} INFO - Task hostname:d54c9b653406 operator:SQLExecuteQueryOperator
[2026-02-26T13:15:13.865+0000] {local_task_job_runner.py:266} INFO - Task exited with return code 0
[2026-02-26T13:15:13.898+0000] {taskinstance.py:3924} INFO - 3 downstream tasks scheduled from follow-on schedule check
[2026-02-26T13:15:13.902+0000] {local_task_job_runner.py:245} INFO - ::endgroup::
