[2026-02-26T13:53:56.530+0000] {local_task_job_runner.py:123} INFO - ::group::Pre task execution logs
[2026-02-26T13:53:56.552+0000] {taskinstance.py:2631} INFO - Dependencies all met for dep_context=non-requeueable deps ti=<TaskInstance: 01_init_infrastructure.03_create_formats_stages manual__2026-02-26T13:53:43.895474+00:00 [queued]>
[2026-02-26T13:53:56.562+0000] {taskinstance.py:2631} INFO - Dependencies all met for dep_context=requeueable deps ti=<TaskInstance: 01_init_infrastructure.03_create_formats_stages manual__2026-02-26T13:53:43.895474+00:00 [queued]>
[2026-02-26T13:53:56.565+0000] {taskinstance.py:2884} INFO - Starting attempt 1 of 1
[2026-02-26T13:53:56.700+0000] {taskinstance.py:2907} INFO - Executing <Task(SQLExecuteQueryOperator): 03_create_formats_stages> on 2026-02-26 13:53:43.895474+00:00
[2026-02-26T13:53:56.709+0000] {standard_task_runner.py:72} INFO - Started process 5001 to run task
[2026-02-26T13:53:56.715+0000] {standard_task_runner.py:104} INFO - Running: ['***', 'tasks', 'run', '01_init_infrastructure', '03_create_formats_stages', 'manual__2026-02-26T13:53:43.895474+00:00', '--job-id', '700', '--raw', '--subdir', 'DAGS_FOLDER/01_init_infrastructure.py', '--cfg-path', '/tmp/tmpflcpesr8']
[2026-02-26T13:53:56.718+0000] {standard_task_runner.py:105} INFO - Job 700: Subtask 03_create_formats_stages
[2026-02-26T13:53:56.788+0000] {task_command.py:467} INFO - Running <TaskInstance: 01_init_infrastructure.03_create_formats_stages manual__2026-02-26T13:53:43.895474+00:00 [running]> on host d54c9b653406
[2026-02-26T13:53:56.878+0000] {taskinstance.py:3157} INFO - Exporting env vars: AIRFLOW_CTX_DAG_OWNER='***' AIRFLOW_CTX_DAG_ID='01_init_infrastructure' AIRFLOW_CTX_TASK_ID='03_create_formats_stages' AIRFLOW_CTX_EXECUTION_DATE='2026-02-26T13:53:43.895474+00:00' AIRFLOW_CTX_TRY_NUMBER='1' AIRFLOW_CTX_DAG_RUN_ID='manual__2026-02-26T13:53:43.895474+00:00'
[2026-02-26T13:53:56.882+0000] {logging_mixin.py:190} INFO - Task instance is in running state
[2026-02-26T13:53:56.883+0000] {logging_mixin.py:190} INFO -  Previous state of the Task instance: queued
[2026-02-26T13:53:56.885+0000] {logging_mixin.py:190} INFO - Current task name:03_create_formats_stages state:running start_date:2026-02-26 13:53:56.554137+00:00
[2026-02-26T13:53:56.886+0000] {logging_mixin.py:190} INFO - Dag name:01_init_infrastructure and current dag run status:running
[2026-02-26T13:53:56.887+0000] {taskinstance.py:740} INFO - ::endgroup::
[2026-02-26T13:53:56.889+0000] {sql.py:306} INFO - Executing: USE DATABASE AIRLINE_DWH;
USE SCHEMA RAW_DATA;

-- Format CSV
CREATE OR REPLACE FILE FORMAT MY_CSV_FORMAT
  TYPE = 'CSV'
  FIELD_OPTIONALLY_ENCLOSED_BY = '"'
  SKIP_HEADER = 1
  NULL_IF = ('NULL', 'null', '');

-- Stage
CREATE OR REPLACE STAGE MY_INTERNAL_STAGE
  FILE_FORMAT = MY_CSV_FORMAT;
[2026-02-26T13:53:56.904+0000] {base.py:84} INFO - Retrieving connection 'snowflake_default'
[2026-02-26T13:53:57.084+0000] {base.py:84} INFO - Retrieving connection 'snowflake_default'
[2026-02-26T13:53:57.087+0000] {connection.py:486} INFO - Snowflake Connector for Python Version: 3.15.0, Python Version: 3.10.17, Platform: Linux-6.6.87.2-microsoft-standard-WSL2-x86_64-with-glibc2.36
[2026-02-26T13:53:57.089+0000] {connection.py:1391} INFO - Connecting to GLOBAL Snowflake domain
[2026-02-26T13:53:57.534+0000] {snowflake.py:521} INFO - Running statement: USE DATABASE AIRLINE_DWH;, parameters: None
[2026-02-26T13:53:57.535+0000] {sql.py:814} INFO - Running statement: USE DATABASE AIRLINE_DWH;, parameters: None
[2026-02-26T13:53:57.616+0000] {sql.py:823} INFO - Rows affected: 1
[2026-02-26T13:53:57.620+0000] {snowflake.py:534} INFO - Rows affected: 1
[2026-02-26T13:53:57.621+0000] {snowflake.py:535} INFO - Snowflake query id: 01c2ac01-0005-0f1f-0001-37ce00087fe6
[2026-02-26T13:53:57.622+0000] {snowflake.py:521} INFO - Running statement: USE SCHEMA RAW_DATA;, parameters: None
[2026-02-26T13:53:57.623+0000] {sql.py:814} INFO - Running statement: USE SCHEMA RAW_DATA;, parameters: None
[2026-02-26T13:53:57.704+0000] {sql.py:823} INFO - Rows affected: 1
[2026-02-26T13:53:57.705+0000] {snowflake.py:534} INFO - Rows affected: 1
[2026-02-26T13:53:57.706+0000] {snowflake.py:535} INFO - Snowflake query id: 01c2ac01-0005-0f1f-0001-37ce00087fea
[2026-02-26T13:53:57.708+0000] {snowflake.py:521} INFO - Running statement: -- Format CSV
CREATE OR REPLACE FILE FORMAT MY_CSV_FORMAT
  TYPE = 'CSV'
  FIELD_OPTIONALLY_ENCLOSED_BY = '"'
  SKIP_HEADER = 1
  NULL_IF = ('NULL', 'null', '');, parameters: None
[2026-02-26T13:53:57.709+0000] {sql.py:814} INFO - Running statement: -- Format CSV
CREATE OR REPLACE FILE FORMAT MY_CSV_FORMAT
  TYPE = 'CSV'
  FIELD_OPTIONALLY_ENCLOSED_BY = '"'
  SKIP_HEADER = 1
  NULL_IF = ('NULL', 'null', '');, parameters: None
[2026-02-26T13:53:57.813+0000] {sql.py:823} INFO - Rows affected: 1
[2026-02-26T13:53:57.815+0000] {snowflake.py:534} INFO - Rows affected: 1
[2026-02-26T13:53:57.816+0000] {snowflake.py:535} INFO - Snowflake query id: 01c2ac01-0005-0f1f-0001-37ce00087fee
[2026-02-26T13:53:57.817+0000] {snowflake.py:521} INFO - Running statement: -- Stage
CREATE OR REPLACE STAGE MY_INTERNAL_STAGE
  FILE_FORMAT = MY_CSV_FORMAT;, parameters: None
[2026-02-26T13:53:57.819+0000] {sql.py:814} INFO - Running statement: -- Stage
CREATE OR REPLACE STAGE MY_INTERNAL_STAGE
  FILE_FORMAT = MY_CSV_FORMAT;, parameters: None
[2026-02-26T13:53:57.961+0000] {sql.py:823} INFO - Rows affected: 1
[2026-02-26T13:53:57.962+0000] {snowflake.py:534} INFO - Rows affected: 1
[2026-02-26T13:53:57.964+0000] {snowflake.py:535} INFO - Snowflake query id: 01c2ac01-0005-0f1f-0001-37ce00087ff2
[2026-02-26T13:53:58.164+0000] {taskinstance.py:349} INFO - ::group::Post task execution logs
[2026-02-26T13:53:58.166+0000] {taskinstance.py:361} INFO - Marking task as SUCCESS. dag_id=01_init_infrastructure, task_id=03_create_formats_stages, run_id=manual__2026-02-26T13:53:43.895474+00:00, execution_date=20260226T135343, start_date=20260226T135356, end_date=20260226T135358
[2026-02-26T13:53:58.196+0000] {logging_mixin.py:190} INFO - Task instance in success state
[2026-02-26T13:53:58.198+0000] {logging_mixin.py:190} INFO -  Previous state of the Task instance: running
[2026-02-26T13:53:58.199+0000] {logging_mixin.py:190} INFO - Dag name:01_init_infrastructure queued_at:2026-02-26 13:53:43.942840+00:00
[2026-02-26T13:53:58.200+0000] {logging_mixin.py:190} INFO - Task hostname:d54c9b653406 operator:SQLExecuteQueryOperator
[2026-02-26T13:53:58.217+0000] {local_task_job_runner.py:266} INFO - Task exited with return code 0
[2026-02-26T13:53:58.248+0000] {taskinstance.py:3924} INFO - 1 downstream tasks scheduled from follow-on schedule check
[2026-02-26T13:53:58.253+0000] {local_task_job_runner.py:245} INFO - ::endgroup::
