[2026-02-26T12:11:30.559+0000] {local_task_job_runner.py:123} INFO - ::group::Pre task execution logs
[2026-02-26T12:11:30.588+0000] {taskinstance.py:2631} INFO - Dependencies all met for dep_context=non-requeueable deps ti=<TaskInstance: 01_init_infrastructure.01_create_database manual__2026-02-26T12:04:35.460097+00:00 [queued]>
[2026-02-26T12:11:30.607+0000] {taskinstance.py:2631} INFO - Dependencies all met for dep_context=requeueable deps ti=<TaskInstance: 01_init_infrastructure.01_create_database manual__2026-02-26T12:04:35.460097+00:00 [queued]>
[2026-02-26T12:11:30.610+0000] {taskinstance.py:2884} INFO - Starting attempt 1 of 1
[2026-02-26T12:11:30.641+0000] {taskinstance.py:2907} INFO - Executing <Task(SQLExecuteQueryOperator): 01_create_database> on 2026-02-26 12:04:35.460097+00:00
[2026-02-26T12:11:30.657+0000] {standard_task_runner.py:72} INFO - Started process 2847 to run task
[2026-02-26T12:11:30.665+0000] {standard_task_runner.py:104} INFO - Running: ['***', 'tasks', 'run', '01_init_infrastructure', '01_create_database', 'manual__2026-02-26T12:04:35.460097+00:00', '--job-id', '503', '--raw', '--subdir', 'DAGS_FOLDER/01_init_infrastructure.py', '--cfg-path', '/tmp/tmpdwzrqxax']
[2026-02-26T12:11:30.667+0000] {standard_task_runner.py:105} INFO - Job 503: Subtask 01_create_database
[2026-02-26T12:11:31.251+0000] {task_command.py:467} INFO - Running <TaskInstance: 01_init_infrastructure.01_create_database manual__2026-02-26T12:04:35.460097+00:00 [running]> on host d54c9b653406
[2026-02-26T12:11:31.444+0000] {taskinstance.py:3157} INFO - Exporting env vars: AIRFLOW_CTX_DAG_OWNER='***' AIRFLOW_CTX_DAG_ID='01_init_infrastructure' AIRFLOW_CTX_TASK_ID='01_create_database' AIRFLOW_CTX_EXECUTION_DATE='2026-02-26T12:04:35.460097+00:00' AIRFLOW_CTX_TRY_NUMBER='1' AIRFLOW_CTX_DAG_RUN_ID='manual__2026-02-26T12:04:35.460097+00:00'
[2026-02-26T12:11:31.453+0000] {logging_mixin.py:190} INFO - Task instance is in running state
[2026-02-26T12:11:31.456+0000] {logging_mixin.py:190} INFO -  Previous state of the Task instance: queued
[2026-02-26T12:11:31.458+0000] {logging_mixin.py:190} INFO - Current task name:01_create_database state:running start_date:2026-02-26 12:11:30.592931+00:00
[2026-02-26T12:11:31.459+0000] {logging_mixin.py:190} INFO - Dag name:01_init_infrastructure and current dag run status:running
[2026-02-26T12:11:31.462+0000] {taskinstance.py:740} INFO - ::endgroup::
[2026-02-26T12:11:31.466+0000] {sql.py:306} INFO - Executing: CREATE DATABASE IF NOT EXISTS AIRLINE_DWH;
[2026-02-26T12:11:31.486+0000] {base.py:84} INFO - Retrieving connection 'snowflake_default'
[2026-02-26T12:11:31.958+0000] {base.py:84} INFO - Retrieving connection 'snowflake_default'
[2026-02-26T12:11:31.961+0000] {connection.py:486} INFO - Snowflake Connector for Python Version: 3.15.0, Python Version: 3.10.17, Platform: Linux-6.6.87.2-microsoft-standard-WSL2-x86_64-with-glibc2.36
[2026-02-26T12:11:31.963+0000] {connection.py:1391} INFO - Connecting to GLOBAL Snowflake domain
[2026-02-26T12:11:35.803+0000] {snowflake.py:521} INFO - Running statement: CREATE DATABASE IF NOT EXISTS AIRLINE_DWH;, parameters: None
[2026-02-26T12:11:35.805+0000] {sql.py:814} INFO - Running statement: CREATE DATABASE IF NOT EXISTS AIRLINE_DWH;, parameters: None
[2026-02-26T12:11:35.891+0000] {sql.py:823} INFO - Rows affected: 1
[2026-02-26T12:11:35.894+0000] {snowflake.py:534} INFO - Rows affected: 1
[2026-02-26T12:11:35.896+0000] {snowflake.py:535} INFO - Snowflake query id: 01c2ab9b-0005-0f17-0001-37ce00089016
[2026-02-26T12:11:36.161+0000] {taskinstance.py:349} INFO - ::group::Post task execution logs
[2026-02-26T12:11:36.163+0000] {taskinstance.py:361} INFO - Marking task as SUCCESS. dag_id=01_init_infrastructure, task_id=01_create_database, run_id=manual__2026-02-26T12:04:35.460097+00:00, execution_date=20260226T120435, start_date=20260226T121130, end_date=20260226T121136
[2026-02-26T12:11:36.202+0000] {logging_mixin.py:190} INFO - Task instance in success state
[2026-02-26T12:11:36.204+0000] {logging_mixin.py:190} INFO -  Previous state of the Task instance: running
[2026-02-26T12:11:36.205+0000] {logging_mixin.py:190} INFO - Dag name:01_init_infrastructure queued_at:2026-02-26 12:04:35.477448+00:00
[2026-02-26T12:11:36.206+0000] {logging_mixin.py:190} INFO - Task hostname:d54c9b653406 operator:SQLExecuteQueryOperator
[2026-02-26T12:11:36.266+0000] {local_task_job_runner.py:266} INFO - Task exited with return code 0
[2026-02-26T12:11:36.333+0000] {taskinstance.py:3924} INFO - 1 downstream tasks scheduled from follow-on schedule check
[2026-02-26T12:11:36.342+0000] {local_task_job_runner.py:245} INFO - ::endgroup::
