[2026-02-26T12:18:06.925+0000] {local_task_job_runner.py:123} INFO - ::group::Pre task execution logs
[2026-02-26T12:18:06.954+0000] {taskinstance.py:2631} INFO - Dependencies all met for dep_context=non-requeueable deps ti=<TaskInstance: 01_init_infrastructure.00_create_warehouse manual__2026-02-26T12:18:04.019055+00:00 [queued]>
[2026-02-26T12:18:06.967+0000] {taskinstance.py:2631} INFO - Dependencies all met for dep_context=requeueable deps ti=<TaskInstance: 01_init_infrastructure.00_create_warehouse manual__2026-02-26T12:18:04.019055+00:00 [queued]>
[2026-02-26T12:18:06.972+0000] {taskinstance.py:2884} INFO - Starting attempt 1 of 1
[2026-02-26T12:18:07.158+0000] {taskinstance.py:2907} INFO - Executing <Task(SQLExecuteQueryOperator): 00_create_warehouse> on 2026-02-26 12:18:04.019055+00:00
[2026-02-26T12:18:07.169+0000] {standard_task_runner.py:72} INFO - Started process 3080 to run task
[2026-02-26T12:18:07.177+0000] {standard_task_runner.py:104} INFO - Running: ['***', 'tasks', 'run', '01_init_infrastructure', '00_create_warehouse', 'manual__2026-02-26T12:18:04.019055+00:00', '--job-id', '539', '--raw', '--subdir', 'DAGS_FOLDER/01_init_infrastructure.py', '--cfg-path', '/tmp/tmp3_hn4t6e']
[2026-02-26T12:18:07.180+0000] {standard_task_runner.py:105} INFO - Job 539: Subtask 00_create_warehouse
[2026-02-26T12:18:07.271+0000] {task_command.py:467} INFO - Running <TaskInstance: 01_init_infrastructure.00_create_warehouse manual__2026-02-26T12:18:04.019055+00:00 [running]> on host d54c9b653406
[2026-02-26T12:18:07.429+0000] {taskinstance.py:3157} INFO - Exporting env vars: AIRFLOW_CTX_DAG_OWNER='***' AIRFLOW_CTX_DAG_ID='01_init_infrastructure' AIRFLOW_CTX_TASK_ID='00_create_warehouse' AIRFLOW_CTX_EXECUTION_DATE='2026-02-26T12:18:04.019055+00:00' AIRFLOW_CTX_TRY_NUMBER='1' AIRFLOW_CTX_DAG_RUN_ID='manual__2026-02-26T12:18:04.019055+00:00'
[2026-02-26T12:18:07.434+0000] {logging_mixin.py:190} INFO - Task instance is in running state
[2026-02-26T12:18:07.436+0000] {logging_mixin.py:190} INFO -  Previous state of the Task instance: queued
[2026-02-26T12:18:07.438+0000] {logging_mixin.py:190} INFO - Current task name:00_create_warehouse state:running start_date:2026-02-26 12:18:06.955934+00:00
[2026-02-26T12:18:07.440+0000] {logging_mixin.py:190} INFO - Dag name:01_init_infrastructure and current dag run status:running
[2026-02-26T12:18:07.442+0000] {taskinstance.py:740} INFO - ::endgroup::
[2026-02-26T12:18:07.444+0000] {sql.py:306} INFO - Executing: 
CREATE WAREHOUSE IF NOT EXISTS AIRLINE_WH
    WITH WAREHOUSE_SIZE = 'X-SMALL'
    AUTO_SUSPEND = 60           -- sleep after 60 seconds
    AUTO_RESUME = TRUE          -- wake up itself if there is query
    INITIALLY_SUSPENDED = TRUE; -- initially it would be sleep
[2026-02-26T12:18:07.473+0000] {base.py:84} INFO - Retrieving connection 'snowflake_default'
[2026-02-26T12:18:07.739+0000] {base.py:84} INFO - Retrieving connection 'snowflake_default'
[2026-02-26T12:18:07.742+0000] {connection.py:486} INFO - Snowflake Connector for Python Version: 3.15.0, Python Version: 3.10.17, Platform: Linux-6.6.87.2-microsoft-standard-WSL2-x86_64-with-glibc2.36
[2026-02-26T12:18:07.744+0000] {connection.py:1391} INFO - Connecting to GLOBAL Snowflake domain
[2026-02-26T12:18:09.176+0000] {snowflake.py:521} INFO - Running statement: CREATE WAREHOUSE IF NOT EXISTS AIRLINE_WH
    WITH WAREHOUSE_SIZE = 'X-SMALL'
    AUTO_SUSPEND = 60           -- sleep after 60 seconds
    AUTO_RESUME = TRUE          -- wake up itself if there is query
    INITIALLY_SUSPENDED = TRUE; -- initially it would be sleep, parameters: None
[2026-02-26T12:18:09.178+0000] {sql.py:814} INFO - Running statement: CREATE WAREHOUSE IF NOT EXISTS AIRLINE_WH
    WITH WAREHOUSE_SIZE = 'X-SMALL'
    AUTO_SUSPEND = 60           -- sleep after 60 seconds
    AUTO_RESUME = TRUE          -- wake up itself if there is query
    INITIALLY_SUSPENDED = TRUE; -- initially it would be sleep, parameters: None
[2026-02-26T12:18:09.311+0000] {sql.py:823} INFO - Rows affected: 1
[2026-02-26T12:18:09.313+0000] {snowflake.py:534} INFO - Rows affected: 1
[2026-02-26T12:18:09.315+0000] {snowflake.py:535} INFO - Snowflake query id: 01c2aba2-0005-0f17-0001-37ce000897e2
[2026-02-26T12:18:09.567+0000] {taskinstance.py:349} INFO - ::group::Post task execution logs
[2026-02-26T12:18:09.568+0000] {taskinstance.py:361} INFO - Marking task as SUCCESS. dag_id=01_init_infrastructure, task_id=00_create_warehouse, run_id=manual__2026-02-26T12:18:04.019055+00:00, execution_date=20260226T121804, start_date=20260226T121806, end_date=20260226T121809
[2026-02-26T12:18:09.602+0000] {logging_mixin.py:190} INFO - Task instance in success state
[2026-02-26T12:18:09.603+0000] {logging_mixin.py:190} INFO -  Previous state of the Task instance: running
[2026-02-26T12:18:09.604+0000] {logging_mixin.py:190} INFO - Dag name:01_init_infrastructure queued_at:2026-02-26 12:18:04.031568+00:00
[2026-02-26T12:18:09.605+0000] {logging_mixin.py:190} INFO - Task hostname:d54c9b653406 operator:SQLExecuteQueryOperator
[2026-02-26T12:18:09.642+0000] {local_task_job_runner.py:266} INFO - Task exited with return code 0
[2026-02-26T12:18:09.689+0000] {taskinstance.py:3924} INFO - 0 downstream tasks scheduled from follow-on schedule check
[2026-02-26T12:18:09.693+0000] {local_task_job_runner.py:245} INFO - ::endgroup::
