[2026-02-26T13:00:23.867+0000] {local_task_job_runner.py:123} INFO - ::group::Pre task execution logs
[2026-02-26T13:00:23.914+0000] {taskinstance.py:2631} INFO - Dependencies all met for dep_context=non-requeueable deps ti=<TaskInstance: 02_etl_pipeline_incremental.load_silver_pilots scheduled__2026-02-26T12:55:00+00:00 [queued]>
[2026-02-26T13:00:23.939+0000] {taskinstance.py:2631} INFO - Dependencies all met for dep_context=requeueable deps ti=<TaskInstance: 02_etl_pipeline_incremental.load_silver_pilots scheduled__2026-02-26T12:55:00+00:00 [queued]>
[2026-02-26T13:00:23.941+0000] {taskinstance.py:2884} INFO - Starting attempt 1 of 2
[2026-02-26T13:00:24.189+0000] {taskinstance.py:2907} INFO - Executing <Task(SQLExecuteQueryOperator): load_silver_pilots> on 2026-02-26 12:55:00+00:00
[2026-02-26T13:00:24.204+0000] {standard_task_runner.py:72} INFO - Started process 4032 to run task
[2026-02-26T13:00:24.214+0000] {standard_task_runner.py:104} INFO - Running: ['***', 'tasks', 'run', '02_etl_pipeline_incremental', 'load_silver_pilots', 'scheduled__2026-02-26T12:55:00+00:00', '--job-id', '636', '--raw', '--subdir', 'DAGS_FOLDER/02_etl_pipeline.py', '--cfg-path', '/tmp/tmpj6rtws9a']
[2026-02-26T13:00:24.218+0000] {standard_task_runner.py:105} INFO - Job 636: Subtask load_silver_pilots
[2026-02-26T13:00:24.345+0000] {task_command.py:467} INFO - Running <TaskInstance: 02_etl_pipeline_incremental.load_silver_pilots scheduled__2026-02-26T12:55:00+00:00 [running]> on host d54c9b653406
[2026-02-26T13:00:24.489+0000] {taskinstance.py:3157} INFO - Exporting env vars: AIRFLOW_CTX_DAG_OWNER='***' AIRFLOW_CTX_DAG_ID='02_etl_pipeline_incremental' AIRFLOW_CTX_TASK_ID='load_silver_pilots' AIRFLOW_CTX_EXECUTION_DATE='2026-02-26T12:55:00+00:00' AIRFLOW_CTX_TRY_NUMBER='1' AIRFLOW_CTX_DAG_RUN_ID='scheduled__2026-02-26T12:55:00+00:00'
[2026-02-26T13:00:24.493+0000] {logging_mixin.py:190} INFO - Task instance is in running state
[2026-02-26T13:00:24.496+0000] {logging_mixin.py:190} INFO -  Previous state of the Task instance: queued
[2026-02-26T13:00:24.497+0000] {logging_mixin.py:190} INFO - Current task name:load_silver_pilots state:running start_date:2026-02-26 13:00:23.919932+00:00
[2026-02-26T13:00:24.499+0000] {logging_mixin.py:190} INFO - Dag name:02_etl_pipeline_incremental and current dag run status:running
[2026-02-26T13:00:24.500+0000] {taskinstance.py:740} INFO - ::endgroup::
[2026-02-26T13:00:24.502+0000] {sql.py:306} INFO - Executing: CALL AIRLINE_DWH.SILVER_DATA.SP_LOAD_DIM_PILOTS();
[2026-02-26T13:00:24.531+0000] {base.py:84} INFO - Retrieving connection 'snowflake_default'
[2026-02-26T13:00:24.828+0000] {base.py:84} INFO - Retrieving connection 'snowflake_default'
[2026-02-26T13:00:24.830+0000] {connection.py:486} INFO - Snowflake Connector for Python Version: 3.15.0, Python Version: 3.10.17, Platform: Linux-6.6.87.2-microsoft-standard-WSL2-x86_64-with-glibc2.36
[2026-02-26T13:00:24.832+0000] {connection.py:1391} INFO - Connecting to GLOBAL Snowflake domain
[2026-02-26T13:00:25.383+0000] {snowflake.py:521} INFO - Running statement: CALL AIRLINE_DWH.SILVER_DATA.SP_LOAD_DIM_PILOTS();, parameters: None
[2026-02-26T13:00:25.385+0000] {sql.py:814} INFO - Running statement: CALL AIRLINE_DWH.SILVER_DATA.SP_LOAD_DIM_PILOTS();, parameters: None
[2026-02-26T13:00:27.436+0000] {sql.py:823} INFO - Rows affected: 1
[2026-02-26T13:00:27.439+0000] {snowflake.py:534} INFO - Rows affected: 1
[2026-02-26T13:00:27.441+0000] {snowflake.py:535} INFO - Snowflake query id: 01c2abcc-0005-0f17-0001-37ce00089d9a
[2026-02-26T13:00:27.669+0000] {taskinstance.py:349} INFO - ::group::Post task execution logs
[2026-02-26T13:00:27.670+0000] {taskinstance.py:361} INFO - Marking task as SUCCESS. dag_id=02_etl_pipeline_incremental, task_id=load_silver_pilots, run_id=scheduled__2026-02-26T12:55:00+00:00, execution_date=20260226T125500, start_date=20260226T130023, end_date=20260226T130027
[2026-02-26T13:00:27.698+0000] {logging_mixin.py:190} INFO - Task instance in success state
[2026-02-26T13:00:27.701+0000] {logging_mixin.py:190} INFO -  Previous state of the Task instance: running
[2026-02-26T13:00:27.702+0000] {logging_mixin.py:190} INFO - Dag name:02_etl_pipeline_incremental queued_at:2026-02-26 13:00:00.707239+00:00
[2026-02-26T13:00:27.703+0000] {logging_mixin.py:190} INFO - Task hostname:d54c9b653406 operator:SQLExecuteQueryOperator
[2026-02-26T13:00:27.723+0000] {local_task_job_runner.py:266} INFO - Task exited with return code 0
[2026-02-26T13:00:27.752+0000] {taskinstance.py:3924} INFO - 0 downstream tasks scheduled from follow-on schedule check
[2026-02-26T13:00:27.757+0000] {local_task_job_runner.py:245} INFO - ::endgroup::
