[2026-02-26T14:00:19.456+0000] {local_task_job_runner.py:123} INFO - ::group::Pre task execution logs
[2026-02-26T14:00:19.507+0000] {taskinstance.py:2631} INFO - Dependencies all met for dep_context=non-requeueable deps ti=<TaskInstance: 02_etl_pipeline_incremental.load_silver_passengers scheduled__2026-02-26T13:55:00+00:00 [queued]>
[2026-02-26T14:00:19.537+0000] {taskinstance.py:2631} INFO - Dependencies all met for dep_context=requeueable deps ti=<TaskInstance: 02_etl_pipeline_incremental.load_silver_passengers scheduled__2026-02-26T13:55:00+00:00 [queued]>
[2026-02-26T14:00:19.539+0000] {taskinstance.py:2884} INFO - Starting attempt 1 of 2
[2026-02-26T14:00:19.869+0000] {taskinstance.py:2907} INFO - Executing <Task(SQLExecuteQueryOperator): load_silver_passengers> on 2026-02-26 13:55:00+00:00
[2026-02-26T14:00:19.886+0000] {standard_task_runner.py:72} INFO - Started process 5191 to run task
[2026-02-26T14:00:19.895+0000] {standard_task_runner.py:104} INFO - Running: ['***', 'tasks', 'run', '02_etl_pipeline_incremental', 'load_silver_passengers', 'scheduled__2026-02-26T13:55:00+00:00', '--job-id', '725', '--raw', '--subdir', 'DAGS_FOLDER/02_etl_pipeline.py', '--cfg-path', '/tmp/tmpgzq9zq6i']
[2026-02-26T14:00:19.904+0000] {standard_task_runner.py:105} INFO - Job 725: Subtask load_silver_passengers
[2026-02-26T14:00:20.030+0000] {task_command.py:467} INFO - Running <TaskInstance: 02_etl_pipeline_incremental.load_silver_passengers scheduled__2026-02-26T13:55:00+00:00 [running]> on host d54c9b653406
[2026-02-26T14:00:20.263+0000] {taskinstance.py:3157} INFO - Exporting env vars: AIRFLOW_CTX_DAG_OWNER='***' AIRFLOW_CTX_DAG_ID='02_etl_pipeline_incremental' AIRFLOW_CTX_TASK_ID='load_silver_passengers' AIRFLOW_CTX_EXECUTION_DATE='2026-02-26T13:55:00+00:00' AIRFLOW_CTX_TRY_NUMBER='1' AIRFLOW_CTX_DAG_RUN_ID='scheduled__2026-02-26T13:55:00+00:00'
[2026-02-26T14:00:20.268+0000] {logging_mixin.py:190} INFO - Task instance is in running state
[2026-02-26T14:00:20.269+0000] {logging_mixin.py:190} INFO -  Previous state of the Task instance: queued
[2026-02-26T14:00:20.271+0000] {logging_mixin.py:190} INFO - Current task name:load_silver_passengers state:running start_date:2026-02-26 14:00:19.515035+00:00
[2026-02-26T14:00:20.278+0000] {logging_mixin.py:190} INFO - Dag name:02_etl_pipeline_incremental and current dag run status:running
[2026-02-26T14:00:20.283+0000] {taskinstance.py:740} INFO - ::endgroup::
[2026-02-26T14:00:20.288+0000] {sql.py:306} INFO - Executing: CALL AIRLINE_DWH.SILVER_DATA.SP_LOAD_DIM_PASSENGERS_SCD2();
[2026-02-26T14:00:20.335+0000] {base.py:84} INFO - Retrieving connection 'snowflake_default'
[2026-02-26T14:00:20.728+0000] {base.py:84} INFO - Retrieving connection 'snowflake_default'
[2026-02-26T14:00:20.735+0000] {connection.py:486} INFO - Snowflake Connector for Python Version: 3.15.0, Python Version: 3.10.17, Platform: Linux-6.6.87.2-microsoft-standard-WSL2-x86_64-with-glibc2.36
[2026-02-26T14:00:20.743+0000] {connection.py:1391} INFO - Connecting to GLOBAL Snowflake domain
[2026-02-26T14:00:21.373+0000] {snowflake.py:521} INFO - Running statement: CALL AIRLINE_DWH.SILVER_DATA.SP_LOAD_DIM_PASSENGERS_SCD2();, parameters: None
[2026-02-26T14:00:21.374+0000] {sql.py:814} INFO - Running statement: CALL AIRLINE_DWH.SILVER_DATA.SP_LOAD_DIM_PASSENGERS_SCD2();, parameters: None
[2026-02-26T14:00:24.766+0000] {sql.py:823} INFO - Rows affected: 1
[2026-02-26T14:00:24.767+0000] {snowflake.py:534} INFO - Rows affected: 1
[2026-02-26T14:00:24.768+0000] {snowflake.py:535} INFO - Snowflake query id: 01c2ac08-0005-0f1f-0001-37ce0008c352
[2026-02-26T14:00:24.993+0000] {taskinstance.py:349} INFO - ::group::Post task execution logs
[2026-02-26T14:00:24.995+0000] {taskinstance.py:361} INFO - Marking task as SUCCESS. dag_id=02_etl_pipeline_incremental, task_id=load_silver_passengers, run_id=scheduled__2026-02-26T13:55:00+00:00, execution_date=20260226T135500, start_date=20260226T140019, end_date=20260226T140024
[2026-02-26T14:00:25.046+0000] {logging_mixin.py:190} INFO - Task instance in success state
[2026-02-26T14:00:25.048+0000] {logging_mixin.py:190} INFO -  Previous state of the Task instance: running
[2026-02-26T14:00:25.050+0000] {logging_mixin.py:190} INFO - Dag name:02_etl_pipeline_incremental queued_at:2026-02-26 14:00:00.170596+00:00
[2026-02-26T14:00:25.051+0000] {logging_mixin.py:190} INFO - Task hostname:d54c9b653406 operator:SQLExecuteQueryOperator
[2026-02-26T14:00:25.097+0000] {local_task_job_runner.py:266} INFO - Task exited with return code 0
[2026-02-26T14:00:25.130+0000] {taskinstance.py:3924} INFO - 1 downstream tasks scheduled from follow-on schedule check
[2026-02-26T14:00:25.134+0000] {local_task_job_runner.py:245} INFO - ::endgroup::
