[2026-02-26T13:19:17.224+0000] {local_task_job_runner.py:123} INFO - ::group::Pre task execution logs
[2026-02-26T13:19:17.252+0000] {taskinstance.py:2631} INFO - Dependencies all met for dep_context=non-requeueable deps ti=<TaskInstance: 01_init_infrastructure.13_create_security manual__2026-02-26T13:18:17.367891+00:00 [queued]>
[2026-02-26T13:19:17.265+0000] {taskinstance.py:2631} INFO - Dependencies all met for dep_context=requeueable deps ti=<TaskInstance: 01_init_infrastructure.13_create_security manual__2026-02-26T13:18:17.367891+00:00 [queued]>
[2026-02-26T13:19:17.267+0000] {taskinstance.py:2884} INFO - Starting attempt 1 of 1
[2026-02-26T13:19:17.403+0000] {taskinstance.py:2907} INFO - Executing <Task(SQLExecuteQueryOperator): 13_create_security> on 2026-02-26 13:18:17.367891+00:00
[2026-02-26T13:19:17.413+0000] {standard_task_runner.py:72} INFO - Started process 4427 to run task
[2026-02-26T13:19:17.419+0000] {standard_task_runner.py:104} INFO - Running: ['***', 'tasks', 'run', '01_init_infrastructure', '13_create_security', 'manual__2026-02-26T13:18:17.367891+00:00', '--job-id', '672', '--raw', '--subdir', 'DAGS_FOLDER/01_init_infrastructure.py', '--cfg-path', '/tmp/tmpvj9jq4wm']
[2026-02-26T13:19:17.422+0000] {standard_task_runner.py:105} INFO - Job 672: Subtask 13_create_security
[2026-02-26T13:19:17.497+0000] {task_command.py:467} INFO - Running <TaskInstance: 01_init_infrastructure.13_create_security manual__2026-02-26T13:18:17.367891+00:00 [running]> on host d54c9b653406
[2026-02-26T13:19:17.591+0000] {taskinstance.py:3157} INFO - Exporting env vars: AIRFLOW_CTX_DAG_OWNER='***' AIRFLOW_CTX_DAG_ID='01_init_infrastructure' AIRFLOW_CTX_TASK_ID='13_create_security' AIRFLOW_CTX_EXECUTION_DATE='2026-02-26T13:18:17.367891+00:00' AIRFLOW_CTX_TRY_NUMBER='1' AIRFLOW_CTX_DAG_RUN_ID='manual__2026-02-26T13:18:17.367891+00:00'
[2026-02-26T13:19:17.594+0000] {logging_mixin.py:190} INFO - Task instance is in running state
[2026-02-26T13:19:17.595+0000] {logging_mixin.py:190} INFO -  Previous state of the Task instance: queued
[2026-02-26T13:19:17.597+0000] {logging_mixin.py:190} INFO - Current task name:13_create_security state:running start_date:2026-02-26 13:19:17.253772+00:00
[2026-02-26T13:19:17.598+0000] {logging_mixin.py:190} INFO - Dag name:01_init_infrastructure and current dag run status:running
[2026-02-26T13:19:17.599+0000] {taskinstance.py:740} INFO - ::endgroup::
[2026-02-26T13:19:17.600+0000] {sql.py:306} INFO - Executing: USE DATABASE AIRLINE_DWH;
USE SCHEMA GOLD_DATA;

-- Using Standard Edition it is impossible to create object POLICY.
-- So Row Level Security (RLS) will be in SECURE VIEW.

-- 1. Create SECURE VIEW
-- Keyword SECURE hides code of view from users
CREATE OR REPLACE SECURE VIEW REPORT_FACT_FLIGHTS_SECURE AS
SELECT 
    F.flight_sk,
    P.first_name,
    P.last_name,
    A.country_name,
    F.ticket_type,
    F.flight_status
FROM AIRLINE_DWH.SILVER_DATA.FACT_AIRLINE F
JOIN AIRLINE_DWH.SILVER_DATA.DIM_PASSENGERS P ON F.passenger_sk = P.passenger_sk
JOIN AIRLINE_DWH.SILVER_DATA.DIM_AIRPORTS A ON F.airport_sk = A.airport_sk
WHERE 
    CASE 
        WHEN CURRENT_ROLE() = 'ACCOUNTADMIN' THEN TRUE
        WHEN F.ticket_type = 'Business' THEN TRUE
        ELSE FALSE
    END;
[2026-02-26T13:19:17.616+0000] {base.py:84} INFO - Retrieving connection 'snowflake_default'
[2026-02-26T13:19:17.776+0000] {base.py:84} INFO - Retrieving connection 'snowflake_default'
[2026-02-26T13:19:17.778+0000] {connection.py:486} INFO - Snowflake Connector for Python Version: 3.15.0, Python Version: 3.10.17, Platform: Linux-6.6.87.2-microsoft-standard-WSL2-x86_64-with-glibc2.36
[2026-02-26T13:19:17.780+0000] {connection.py:1391} INFO - Connecting to GLOBAL Snowflake domain
[2026-02-26T13:19:18.162+0000] {snowflake.py:521} INFO - Running statement: USE DATABASE AIRLINE_DWH;, parameters: None
[2026-02-26T13:19:18.164+0000] {sql.py:814} INFO - Running statement: USE DATABASE AIRLINE_DWH;, parameters: None
[2026-02-26T13:19:18.247+0000] {sql.py:823} INFO - Rows affected: 1
[2026-02-26T13:19:18.249+0000] {snowflake.py:534} INFO - Rows affected: 1
[2026-02-26T13:19:18.251+0000] {snowflake.py:535} INFO - Snowflake query id: 01c2abdf-0005-0f17-0001-37ce0008b0e6
[2026-02-26T13:19:18.253+0000] {snowflake.py:521} INFO - Running statement: USE SCHEMA GOLD_DATA;, parameters: None
[2026-02-26T13:19:18.255+0000] {sql.py:814} INFO - Running statement: USE SCHEMA GOLD_DATA;, parameters: None
[2026-02-26T13:19:18.341+0000] {sql.py:823} INFO - Rows affected: 1
[2026-02-26T13:19:18.343+0000] {snowflake.py:534} INFO - Rows affected: 1
[2026-02-26T13:19:18.345+0000] {snowflake.py:535} INFO - Snowflake query id: 01c2abdf-0005-0f1f-0001-37ce00087b32
[2026-02-26T13:19:18.346+0000] {snowflake.py:521} INFO - Running statement: -- Using Standard Edition it is impossible to create object POLICY.
-- So Row Level Security (RLS) will be in SECURE VIEW.

-- 1. Create SECURE VIEW
-- Keyword SECURE hides code of view from users
CREATE OR REPLACE SECURE VIEW REPORT_FACT_FLIGHTS_SECURE AS
SELECT 
    F.flight_sk,
    P.first_name,
    P.last_name,
    A.country_name,
    F.ticket_type,
    F.flight_status
FROM AIRLINE_DWH.SILVER_DATA.FACT_AIRLINE F
JOIN AIRLINE_DWH.SILVER_DATA.DIM_PASSENGERS P ON F.passenger_sk = P.passenger_sk
JOIN AIRLINE_DWH.SILVER_DATA.DIM_AIRPORTS A ON F.airport_sk = A.airport_sk
WHERE 
    CASE 
        WHEN CURRENT_ROLE() = 'ACCOUNTADMIN' THEN TRUE
        WHEN F.ticket_type = 'Business' THEN TRUE
        ELSE FALSE
    END;, parameters: None
[2026-02-26T13:19:18.348+0000] {sql.py:814} INFO - Running statement: -- Using Standard Edition it is impossible to create object POLICY.
-- So Row Level Security (RLS) will be in SECURE VIEW.

-- 1. Create SECURE VIEW
-- Keyword SECURE hides code of view from users
CREATE OR REPLACE SECURE VIEW REPORT_FACT_FLIGHTS_SECURE AS
SELECT 
    F.flight_sk,
    P.first_name,
    P.last_name,
    A.country_name,
    F.ticket_type,
    F.flight_status
FROM AIRLINE_DWH.SILVER_DATA.FACT_AIRLINE F
JOIN AIRLINE_DWH.SILVER_DATA.DIM_PASSENGERS P ON F.passenger_sk = P.passenger_sk
JOIN AIRLINE_DWH.SILVER_DATA.DIM_AIRPORTS A ON F.airport_sk = A.airport_sk
WHERE 
    CASE 
        WHEN CURRENT_ROLE() = 'ACCOUNTADMIN' THEN TRUE
        WHEN F.ticket_type = 'Business' THEN TRUE
        ELSE FALSE
    END;, parameters: None
[2026-02-26T13:19:18.647+0000] {sql.py:823} INFO - Rows affected: 1
[2026-02-26T13:19:18.649+0000] {snowflake.py:534} INFO - Rows affected: 1
[2026-02-26T13:19:18.650+0000] {snowflake.py:535} INFO - Snowflake query id: 01c2abdf-0005-0f17-0001-37ce0008b0ea
[2026-02-26T13:19:18.870+0000] {taskinstance.py:349} INFO - ::group::Post task execution logs
[2026-02-26T13:19:18.872+0000] {taskinstance.py:361} INFO - Marking task as SUCCESS. dag_id=01_init_infrastructure, task_id=13_create_security, run_id=manual__2026-02-26T13:18:17.367891+00:00, execution_date=20260226T131817, start_date=20260226T131917, end_date=20260226T131918
[2026-02-26T13:19:18.900+0000] {logging_mixin.py:190} INFO - Task instance in success state
[2026-02-26T13:19:18.902+0000] {logging_mixin.py:190} INFO -  Previous state of the Task instance: running
[2026-02-26T13:19:18.903+0000] {logging_mixin.py:190} INFO - Dag name:01_init_infrastructure queued_at:2026-02-26 13:18:17.396222+00:00
[2026-02-26T13:19:18.904+0000] {logging_mixin.py:190} INFO - Task hostname:d54c9b653406 operator:SQLExecuteQueryOperator
[2026-02-26T13:19:18.925+0000] {local_task_job_runner.py:266} INFO - Task exited with return code 0
[2026-02-26T13:19:18.943+0000] {taskinstance.py:3924} INFO - 0 downstream tasks scheduled from follow-on schedule check
[2026-02-26T13:19:18.947+0000] {local_task_job_runner.py:245} INFO - ::endgroup::
