[2026-02-26T13:55:50.436+0000] {local_task_job_runner.py:123} INFO - ::group::Pre task execution logs
[2026-02-26T13:55:50.476+0000] {taskinstance.py:2631} INFO - Dependencies all met for dep_context=non-requeueable deps ti=<TaskInstance: 02_etl_pipeline_incremental.load_silver_facts manual__2026-02-26T13:55:22.892702+00:00 [queued]>
[2026-02-26T13:55:50.500+0000] {taskinstance.py:2631} INFO - Dependencies all met for dep_context=requeueable deps ti=<TaskInstance: 02_etl_pipeline_incremental.load_silver_facts manual__2026-02-26T13:55:22.892702+00:00 [queued]>
[2026-02-26T13:55:50.502+0000] {taskinstance.py:2884} INFO - Starting attempt 1 of 2
[2026-02-26T13:55:50.722+0000] {taskinstance.py:2907} INFO - Executing <Task(SQLExecuteQueryOperator): load_silver_facts> on 2026-02-26 13:55:22.892702+00:00
[2026-02-26T13:55:50.730+0000] {standard_task_runner.py:72} INFO - Started process 5096 to run task
[2026-02-26T13:55:50.736+0000] {standard_task_runner.py:104} INFO - Running: ['***', 'tasks', 'run', '02_etl_pipeline_incremental', 'load_silver_facts', 'manual__2026-02-26T13:55:22.892702+00:00', '--job-id', '718', '--raw', '--subdir', 'DAGS_FOLDER/02_etl_pipeline.py', '--cfg-path', '/tmp/tmpun78lz4i']
[2026-02-26T13:55:50.743+0000] {standard_task_runner.py:105} INFO - Job 718: Subtask load_silver_facts
[2026-02-26T13:55:50.813+0000] {task_command.py:467} INFO - Running <TaskInstance: 02_etl_pipeline_incremental.load_silver_facts manual__2026-02-26T13:55:22.892702+00:00 [running]> on host d54c9b653406
[2026-02-26T13:55:50.911+0000] {taskinstance.py:3157} INFO - Exporting env vars: AIRFLOW_CTX_DAG_OWNER='***' AIRFLOW_CTX_DAG_ID='02_etl_pipeline_incremental' AIRFLOW_CTX_TASK_ID='load_silver_facts' AIRFLOW_CTX_EXECUTION_DATE='2026-02-26T13:55:22.892702+00:00' AIRFLOW_CTX_TRY_NUMBER='1' AIRFLOW_CTX_DAG_RUN_ID='manual__2026-02-26T13:55:22.892702+00:00'
[2026-02-26T13:55:50.915+0000] {logging_mixin.py:190} INFO - Task instance is in running state
[2026-02-26T13:55:50.916+0000] {logging_mixin.py:190} INFO -  Previous state of the Task instance: queued
[2026-02-26T13:55:50.918+0000] {logging_mixin.py:190} INFO - Current task name:load_silver_facts state:running start_date:2026-02-26 13:55:50.478237+00:00
[2026-02-26T13:55:50.920+0000] {logging_mixin.py:190} INFO - Dag name:02_etl_pipeline_incremental and current dag run status:running
[2026-02-26T13:55:50.921+0000] {taskinstance.py:740} INFO - ::endgroup::
[2026-02-26T13:55:50.923+0000] {sql.py:306} INFO - Executing: CALL AIRLINE_DWH.SILVER_DATA.SP_LOAD_FACT_AIRLINE();
[2026-02-26T13:55:50.943+0000] {base.py:84} INFO - Retrieving connection 'snowflake_default'
[2026-02-26T13:55:51.136+0000] {base.py:84} INFO - Retrieving connection 'snowflake_default'
[2026-02-26T13:55:51.138+0000] {connection.py:486} INFO - Snowflake Connector for Python Version: 3.15.0, Python Version: 3.10.17, Platform: Linux-6.6.87.2-microsoft-standard-WSL2-x86_64-with-glibc2.36
[2026-02-26T13:55:51.140+0000] {connection.py:1391} INFO - Connecting to GLOBAL Snowflake domain
[2026-02-26T13:55:51.527+0000] {snowflake.py:521} INFO - Running statement: CALL AIRLINE_DWH.SILVER_DATA.SP_LOAD_FACT_AIRLINE();, parameters: None
[2026-02-26T13:55:51.529+0000] {sql.py:814} INFO - Running statement: CALL AIRLINE_DWH.SILVER_DATA.SP_LOAD_FACT_AIRLINE();, parameters: None
[2026-02-26T13:55:54.021+0000] {sql.py:823} INFO - Rows affected: 1
[2026-02-26T13:55:54.023+0000] {snowflake.py:534} INFO - Rows affected: 1
[2026-02-26T13:55:54.025+0000] {snowflake.py:535} INFO - Snowflake query id: 01c2ac03-0005-0f1f-0001-37ce0008c2c2
[2026-02-26T13:55:54.261+0000] {taskinstance.py:349} INFO - ::group::Post task execution logs
[2026-02-26T13:55:54.263+0000] {taskinstance.py:361} INFO - Marking task as SUCCESS. dag_id=02_etl_pipeline_incremental, task_id=load_silver_facts, run_id=manual__2026-02-26T13:55:22.892702+00:00, execution_date=20260226T135522, start_date=20260226T135550, end_date=20260226T135554
[2026-02-26T13:55:54.289+0000] {logging_mixin.py:190} INFO - Task instance in success state
[2026-02-26T13:55:54.290+0000] {logging_mixin.py:190} INFO -  Previous state of the Task instance: running
[2026-02-26T13:55:54.292+0000] {logging_mixin.py:190} INFO - Dag name:02_etl_pipeline_incremental queued_at:2026-02-26 13:55:22.920571+00:00
[2026-02-26T13:55:54.293+0000] {logging_mixin.py:190} INFO - Task hostname:d54c9b653406 operator:SQLExecuteQueryOperator
[2026-02-26T13:55:54.331+0000] {local_task_job_runner.py:266} INFO - Task exited with return code 0
[2026-02-26T13:55:54.362+0000] {taskinstance.py:3924} INFO - 1 downstream tasks scheduled from follow-on schedule check
[2026-02-26T13:55:54.366+0000] {local_task_job_runner.py:245} INFO - ::endgroup::
