[2026-02-26T13:05:13.359+0000] {local_task_job_runner.py:123} INFO - ::group::Pre task execution logs
[2026-02-26T13:05:13.402+0000] {taskinstance.py:2631} INFO - Dependencies all met for dep_context=non-requeueable deps ti=<TaskInstance: 02_etl_pipeline_incremental.load_bronze_raw scheduled__2026-02-26T13:00:00+00:00 [queued]>
[2026-02-26T13:05:13.420+0000] {taskinstance.py:2631} INFO - Dependencies all met for dep_context=requeueable deps ti=<TaskInstance: 02_etl_pipeline_incremental.load_bronze_raw scheduled__2026-02-26T13:00:00+00:00 [queued]>
[2026-02-26T13:05:13.421+0000] {taskinstance.py:2884} INFO - Starting attempt 1 of 2
[2026-02-26T13:05:13.651+0000] {taskinstance.py:2907} INFO - Executing <Task(SQLExecuteQueryOperator): load_bronze_raw> on 2026-02-26 13:00:00+00:00
[2026-02-26T13:05:13.665+0000] {standard_task_runner.py:72} INFO - Started process 4109 to run task
[2026-02-26T13:05:13.682+0000] {standard_task_runner.py:104} INFO - Running: ['***', 'tasks', 'run', '02_etl_pipeline_incremental', 'load_bronze_raw', 'scheduled__2026-02-26T13:00:00+00:00', '--job-id', '640', '--raw', '--subdir', 'DAGS_FOLDER/02_etl_pipeline.py', '--cfg-path', '/tmp/tmpvizeixqm']
[2026-02-26T13:05:13.685+0000] {standard_task_runner.py:105} INFO - Job 640: Subtask load_bronze_raw
[2026-02-26T13:05:13.786+0000] {task_command.py:467} INFO - Running <TaskInstance: 02_etl_pipeline_incremental.load_bronze_raw scheduled__2026-02-26T13:00:00+00:00 [running]> on host d54c9b653406
[2026-02-26T13:05:13.990+0000] {taskinstance.py:3157} INFO - Exporting env vars: AIRFLOW_CTX_DAG_OWNER='***' AIRFLOW_CTX_DAG_ID='02_etl_pipeline_incremental' AIRFLOW_CTX_TASK_ID='load_bronze_raw' AIRFLOW_CTX_EXECUTION_DATE='2026-02-26T13:00:00+00:00' AIRFLOW_CTX_TRY_NUMBER='1' AIRFLOW_CTX_DAG_RUN_ID='scheduled__2026-02-26T13:00:00+00:00'
[2026-02-26T13:05:13.994+0000] {logging_mixin.py:190} INFO - Task instance is in running state
[2026-02-26T13:05:13.995+0000] {logging_mixin.py:190} INFO -  Previous state of the Task instance: queued
[2026-02-26T13:05:13.996+0000] {logging_mixin.py:190} INFO - Current task name:load_bronze_raw state:running start_date:2026-02-26 13:05:13.403944+00:00
[2026-02-26T13:05:13.997+0000] {logging_mixin.py:190} INFO - Dag name:02_etl_pipeline_incremental and current dag run status:running
[2026-02-26T13:05:13.999+0000] {taskinstance.py:740} INFO - ::endgroup::
[2026-02-26T13:05:14.000+0000] {sql.py:306} INFO - Executing: CALL AIRLINE_DWH.RAW_DATA.SP_LOAD_RAW('Dominica_orig_data_for_update.csv.gz');
[2026-02-26T13:05:14.022+0000] {base.py:84} INFO - Retrieving connection 'snowflake_default'
[2026-02-26T13:05:14.285+0000] {base.py:84} INFO - Retrieving connection 'snowflake_default'
[2026-02-26T13:05:14.287+0000] {connection.py:486} INFO - Snowflake Connector for Python Version: 3.15.0, Python Version: 3.10.17, Platform: Linux-6.6.87.2-microsoft-standard-WSL2-x86_64-with-glibc2.36
[2026-02-26T13:05:14.289+0000] {connection.py:1391} INFO - Connecting to GLOBAL Snowflake domain
[2026-02-26T13:05:15.637+0000] {snowflake.py:521} INFO - Running statement: CALL AIRLINE_DWH.RAW_DATA.SP_LOAD_RAW('Dominica_orig_data_for_update.csv.gz');, parameters: None
[2026-02-26T13:05:15.694+0000] {sql.py:814} INFO - Running statement: CALL AIRLINE_DWH.RAW_DATA.SP_LOAD_RAW('Dominica_orig_data_for_update.csv.gz');, parameters: None
[2026-02-26T13:05:17.495+0000] {sql.py:823} INFO - Rows affected: 1
[2026-02-26T13:05:17.497+0000] {snowflake.py:534} INFO - Rows affected: 1
[2026-02-26T13:05:17.498+0000] {snowflake.py:535} INFO - Snowflake query id: 01c2abd1-0005-0f17-0001-37ce00089df2
[2026-02-26T13:05:17.749+0000] {taskinstance.py:349} INFO - ::group::Post task execution logs
[2026-02-26T13:05:17.752+0000] {taskinstance.py:361} INFO - Marking task as SUCCESS. dag_id=02_etl_pipeline_incremental, task_id=load_bronze_raw, run_id=scheduled__2026-02-26T13:00:00+00:00, execution_date=20260226T130000, start_date=20260226T130513, end_date=20260226T130517
[2026-02-26T13:05:17.793+0000] {logging_mixin.py:190} INFO - Task instance in success state
[2026-02-26T13:05:17.796+0000] {logging_mixin.py:190} INFO -  Previous state of the Task instance: running
[2026-02-26T13:05:17.799+0000] {logging_mixin.py:190} INFO - Dag name:02_etl_pipeline_incremental queued_at:2026-02-26 13:05:00.328373+00:00
[2026-02-26T13:05:17.802+0000] {logging_mixin.py:190} INFO - Task hostname:d54c9b653406 operator:SQLExecuteQueryOperator
[2026-02-26T13:05:17.843+0000] {local_task_job_runner.py:266} INFO - Task exited with return code 0
[2026-02-26T13:05:17.920+0000] {taskinstance.py:3924} INFO - 3 downstream tasks scheduled from follow-on schedule check
[2026-02-26T13:05:17.924+0000] {local_task_job_runner.py:245} INFO - ::endgroup::
