[2026-02-26T13:05:21.260+0000] {local_task_job_runner.py:123} INFO - ::group::Pre task execution logs
[2026-02-26T13:05:21.294+0000] {taskinstance.py:2631} INFO - Dependencies all met for dep_context=non-requeueable deps ti=<TaskInstance: 02_etl_pipeline_incremental.load_silver_airports scheduled__2026-02-26T13:00:00+00:00 [queued]>
[2026-02-26T13:05:21.315+0000] {taskinstance.py:2631} INFO - Dependencies all met for dep_context=requeueable deps ti=<TaskInstance: 02_etl_pipeline_incremental.load_silver_airports scheduled__2026-02-26T13:00:00+00:00 [queued]>
[2026-02-26T13:05:21.324+0000] {taskinstance.py:2884} INFO - Starting attempt 1 of 2
[2026-02-26T13:05:21.552+0000] {taskinstance.py:2907} INFO - Executing <Task(SQLExecuteQueryOperator): load_silver_airports> on 2026-02-26 13:00:00+00:00
[2026-02-26T13:05:21.563+0000] {standard_task_runner.py:72} INFO - Started process 4127 to run task
[2026-02-26T13:05:21.573+0000] {standard_task_runner.py:104} INFO - Running: ['***', 'tasks', 'run', '02_etl_pipeline_incremental', 'load_silver_airports', 'scheduled__2026-02-26T13:00:00+00:00', '--job-id', '643', '--raw', '--subdir', 'DAGS_FOLDER/02_etl_pipeline.py', '--cfg-path', '/tmp/tmptt_ks58n']
[2026-02-26T13:05:21.579+0000] {standard_task_runner.py:105} INFO - Job 643: Subtask load_silver_airports
[2026-02-26T13:05:21.691+0000] {task_command.py:467} INFO - Running <TaskInstance: 02_etl_pipeline_incremental.load_silver_airports scheduled__2026-02-26T13:00:00+00:00 [running]> on host d54c9b653406
[2026-02-26T13:05:21.841+0000] {taskinstance.py:3157} INFO - Exporting env vars: AIRFLOW_CTX_DAG_OWNER='***' AIRFLOW_CTX_DAG_ID='02_etl_pipeline_incremental' AIRFLOW_CTX_TASK_ID='load_silver_airports' AIRFLOW_CTX_EXECUTION_DATE='2026-02-26T13:00:00+00:00' AIRFLOW_CTX_TRY_NUMBER='1' AIRFLOW_CTX_DAG_RUN_ID='scheduled__2026-02-26T13:00:00+00:00'
[2026-02-26T13:05:21.844+0000] {logging_mixin.py:190} INFO - Task instance is in running state
[2026-02-26T13:05:21.846+0000] {logging_mixin.py:190} INFO -  Previous state of the Task instance: queued
[2026-02-26T13:05:21.847+0000] {logging_mixin.py:190} INFO - Current task name:load_silver_airports state:running start_date:2026-02-26 13:05:21.295941+00:00
[2026-02-26T13:05:21.848+0000] {logging_mixin.py:190} INFO - Dag name:02_etl_pipeline_incremental and current dag run status:running
[2026-02-26T13:05:21.850+0000] {taskinstance.py:740} INFO - ::endgroup::
[2026-02-26T13:05:21.851+0000] {sql.py:306} INFO - Executing: CALL AIRLINE_DWH.SILVER_DATA.SP_LOAD_DIM_AIRPORTS();
[2026-02-26T13:05:21.873+0000] {base.py:84} INFO - Retrieving connection 'snowflake_default'
[2026-02-26T13:05:22.150+0000] {base.py:84} INFO - Retrieving connection 'snowflake_default'
[2026-02-26T13:05:22.152+0000] {connection.py:486} INFO - Snowflake Connector for Python Version: 3.15.0, Python Version: 3.10.17, Platform: Linux-6.6.87.2-microsoft-standard-WSL2-x86_64-with-glibc2.36
[2026-02-26T13:05:22.155+0000] {connection.py:1391} INFO - Connecting to GLOBAL Snowflake domain
[2026-02-26T13:05:23.306+0000] {snowflake.py:521} INFO - Running statement: CALL AIRLINE_DWH.SILVER_DATA.SP_LOAD_DIM_AIRPORTS();, parameters: None
[2026-02-26T13:05:23.308+0000] {sql.py:814} INFO - Running statement: CALL AIRLINE_DWH.SILVER_DATA.SP_LOAD_DIM_AIRPORTS();, parameters: None
[2026-02-26T13:05:25.339+0000] {sql.py:823} INFO - Rows affected: 1
[2026-02-26T13:05:25.341+0000] {snowflake.py:534} INFO - Rows affected: 1
[2026-02-26T13:05:25.342+0000] {snowflake.py:535} INFO - Snowflake query id: 01c2abd1-0005-0f17-0001-37ce00089e16
[2026-02-26T13:05:25.574+0000] {taskinstance.py:349} INFO - ::group::Post task execution logs
[2026-02-26T13:05:25.576+0000] {taskinstance.py:361} INFO - Marking task as SUCCESS. dag_id=02_etl_pipeline_incremental, task_id=load_silver_airports, run_id=scheduled__2026-02-26T13:00:00+00:00, execution_date=20260226T130000, start_date=20260226T130521, end_date=20260226T130525
[2026-02-26T13:05:25.619+0000] {logging_mixin.py:190} INFO - Task instance in success state
[2026-02-26T13:05:25.620+0000] {logging_mixin.py:190} INFO -  Previous state of the Task instance: running
[2026-02-26T13:05:25.622+0000] {logging_mixin.py:190} INFO - Dag name:02_etl_pipeline_incremental queued_at:2026-02-26 13:05:00.328373+00:00
[2026-02-26T13:05:25.623+0000] {logging_mixin.py:190} INFO - Task hostname:d54c9b653406 operator:SQLExecuteQueryOperator
[2026-02-26T13:05:25.646+0000] {local_task_job_runner.py:266} INFO - Task exited with return code 0
[2026-02-26T13:05:25.692+0000] {taskinstance.py:3924} INFO - 0 downstream tasks scheduled from follow-on schedule check
[2026-02-26T13:05:25.695+0000] {local_task_job_runner.py:245} INFO - ::endgroup::
