[2026-02-26T12:11:39.451+0000] {local_task_job_runner.py:123} INFO - ::group::Pre task execution logs
[2026-02-26T12:11:39.503+0000] {taskinstance.py:2631} INFO - Dependencies all met for dep_context=non-requeueable deps ti=<TaskInstance: 01_init_infrastructure.02_create_schemas manual__2026-02-26T12:04:35.460097+00:00 [queued]>
[2026-02-26T12:11:39.522+0000] {taskinstance.py:2631} INFO - Dependencies all met for dep_context=requeueable deps ti=<TaskInstance: 01_init_infrastructure.02_create_schemas manual__2026-02-26T12:04:35.460097+00:00 [queued]>
[2026-02-26T12:11:39.523+0000] {taskinstance.py:2884} INFO - Starting attempt 1 of 1
[2026-02-26T12:11:39.757+0000] {taskinstance.py:2907} INFO - Executing <Task(SQLExecuteQueryOperator): 02_create_schemas> on 2026-02-26 12:04:35.460097+00:00
[2026-02-26T12:11:39.773+0000] {standard_task_runner.py:72} INFO - Started process 2856 to run task
[2026-02-26T12:11:39.782+0000] {standard_task_runner.py:104} INFO - Running: ['***', 'tasks', 'run', '01_init_infrastructure', '02_create_schemas', 'manual__2026-02-26T12:04:35.460097+00:00', '--job-id', '506', '--raw', '--subdir', 'DAGS_FOLDER/01_init_infrastructure.py', '--cfg-path', '/tmp/tmpprwls_s7']
[2026-02-26T12:11:39.786+0000] {standard_task_runner.py:105} INFO - Job 506: Subtask 02_create_schemas
[2026-02-26T12:11:39.887+0000] {task_command.py:467} INFO - Running <TaskInstance: 01_init_infrastructure.02_create_schemas manual__2026-02-26T12:04:35.460097+00:00 [running]> on host d54c9b653406
[2026-02-26T12:11:40.019+0000] {taskinstance.py:3157} INFO - Exporting env vars: AIRFLOW_CTX_DAG_OWNER='***' AIRFLOW_CTX_DAG_ID='01_init_infrastructure' AIRFLOW_CTX_TASK_ID='02_create_schemas' AIRFLOW_CTX_EXECUTION_DATE='2026-02-26T12:04:35.460097+00:00' AIRFLOW_CTX_TRY_NUMBER='1' AIRFLOW_CTX_DAG_RUN_ID='manual__2026-02-26T12:04:35.460097+00:00'
[2026-02-26T12:11:40.023+0000] {logging_mixin.py:190} INFO - Task instance is in running state
[2026-02-26T12:11:40.024+0000] {logging_mixin.py:190} INFO -  Previous state of the Task instance: queued
[2026-02-26T12:11:40.025+0000] {logging_mixin.py:190} INFO - Current task name:02_create_schemas state:running start_date:2026-02-26 12:11:39.504867+00:00
[2026-02-26T12:11:40.027+0000] {logging_mixin.py:190} INFO - Dag name:01_init_infrastructure and current dag run status:running
[2026-02-26T12:11:40.028+0000] {taskinstance.py:740} INFO - ::endgroup::
[2026-02-26T12:11:40.030+0000] {sql.py:306} INFO - Executing: USE DATABASE AIRLINE_DWH;

CREATE SCHEMA IF NOT EXISTS RAW_DATA;    
CREATE SCHEMA IF NOT EXISTS SILVER_DATA; 
CREATE SCHEMA IF NOT EXISTS GOLD_DATA;   
CREATE SCHEMA IF NOT EXISTS UTILS;       
[2026-02-26T12:11:40.050+0000] {base.py:84} INFO - Retrieving connection 'snowflake_default'
[2026-02-26T12:11:40.280+0000] {base.py:84} INFO - Retrieving connection 'snowflake_default'
[2026-02-26T12:11:40.284+0000] {connection.py:486} INFO - Snowflake Connector for Python Version: 3.15.0, Python Version: 3.10.17, Platform: Linux-6.6.87.2-microsoft-standard-WSL2-x86_64-with-glibc2.36
[2026-02-26T12:11:40.285+0000] {connection.py:1391} INFO - Connecting to GLOBAL Snowflake domain
[2026-02-26T12:11:41.464+0000] {snowflake.py:521} INFO - Running statement: USE DATABASE AIRLINE_DWH;, parameters: None
[2026-02-26T12:11:41.465+0000] {sql.py:814} INFO - Running statement: USE DATABASE AIRLINE_DWH;, parameters: None
[2026-02-26T12:11:41.559+0000] {sql.py:823} INFO - Rows affected: 1
[2026-02-26T12:11:41.561+0000] {snowflake.py:534} INFO - Rows affected: 1
[2026-02-26T12:11:41.563+0000] {snowflake.py:535} INFO - Snowflake query id: 01c2ab9b-0005-0f1f-0001-37ce00087032
[2026-02-26T12:11:41.564+0000] {snowflake.py:521} INFO - Running statement: CREATE SCHEMA IF NOT EXISTS RAW_DATA;, parameters: None
[2026-02-26T12:11:41.565+0000] {sql.py:814} INFO - Running statement: CREATE SCHEMA IF NOT EXISTS RAW_DATA;, parameters: None
[2026-02-26T12:11:41.637+0000] {sql.py:823} INFO - Rows affected: 1
[2026-02-26T12:11:41.639+0000] {snowflake.py:534} INFO - Rows affected: 1
[2026-02-26T12:11:41.641+0000] {snowflake.py:535} INFO - Snowflake query id: 01c2ab9b-0005-0f0f-0001-37ce00088032
[2026-02-26T12:11:41.643+0000] {snowflake.py:521} INFO - Running statement: CREATE SCHEMA IF NOT EXISTS SILVER_DATA;, parameters: None
[2026-02-26T12:11:41.645+0000] {sql.py:814} INFO - Running statement: CREATE SCHEMA IF NOT EXISTS SILVER_DATA;, parameters: None
[2026-02-26T12:11:41.724+0000] {sql.py:823} INFO - Rows affected: 1
[2026-02-26T12:11:41.727+0000] {snowflake.py:534} INFO - Rows affected: 1
[2026-02-26T12:11:41.729+0000] {snowflake.py:535} INFO - Snowflake query id: 01c2ab9b-0005-0f17-0001-37ce00089022
[2026-02-26T12:11:41.730+0000] {snowflake.py:521} INFO - Running statement: CREATE SCHEMA IF NOT EXISTS GOLD_DATA;, parameters: None
[2026-02-26T12:11:41.732+0000] {sql.py:814} INFO - Running statement: CREATE SCHEMA IF NOT EXISTS GOLD_DATA;, parameters: None
[2026-02-26T12:11:41.800+0000] {sql.py:823} INFO - Rows affected: 1
[2026-02-26T12:11:41.804+0000] {snowflake.py:534} INFO - Rows affected: 1
[2026-02-26T12:11:41.810+0000] {snowflake.py:535} INFO - Snowflake query id: 01c2ab9b-0005-0f0f-0001-37ce00088036
[2026-02-26T12:11:41.812+0000] {snowflake.py:521} INFO - Running statement: CREATE SCHEMA IF NOT EXISTS UTILS;, parameters: None
[2026-02-26T12:11:41.814+0000] {sql.py:814} INFO - Running statement: CREATE SCHEMA IF NOT EXISTS UTILS;, parameters: None
[2026-02-26T12:11:41.887+0000] {sql.py:823} INFO - Rows affected: 1
[2026-02-26T12:11:41.888+0000] {snowflake.py:534} INFO - Rows affected: 1
[2026-02-26T12:11:41.889+0000] {snowflake.py:535} INFO - Snowflake query id: 01c2ab9b-0005-0f17-0001-37ce00089026
[2026-02-26T12:11:42.101+0000] {taskinstance.py:349} INFO - ::group::Post task execution logs
[2026-02-26T12:11:42.103+0000] {taskinstance.py:361} INFO - Marking task as SUCCESS. dag_id=01_init_infrastructure, task_id=02_create_schemas, run_id=manual__2026-02-26T12:04:35.460097+00:00, execution_date=20260226T120435, start_date=20260226T121139, end_date=20260226T121142
[2026-02-26T12:11:42.135+0000] {logging_mixin.py:190} INFO - Task instance in success state
[2026-02-26T12:11:42.136+0000] {logging_mixin.py:190} INFO -  Previous state of the Task instance: running
[2026-02-26T12:11:42.138+0000] {logging_mixin.py:190} INFO - Dag name:01_init_infrastructure queued_at:2026-02-26 12:04:35.477448+00:00
[2026-02-26T12:11:42.139+0000] {logging_mixin.py:190} INFO - Task hostname:d54c9b653406 operator:SQLExecuteQueryOperator
[2026-02-26T12:11:42.168+0000] {local_task_job_runner.py:266} INFO - Task exited with return code 0
[2026-02-26T12:11:42.205+0000] {taskinstance.py:3924} INFO - 1 downstream tasks scheduled from follow-on schedule check
[2026-02-26T12:11:42.211+0000] {local_task_job_runner.py:245} INFO - ::endgroup::
