[2026-02-26T13:15:05.604+0000] {local_task_job_runner.py:123} INFO - ::group::Pre task execution logs
[2026-02-26T13:15:05.628+0000] {taskinstance.py:2631} INFO - Dependencies all met for dep_context=non-requeueable deps ti=<TaskInstance: 02_etl_pipeline_incremental.upload_to_stage scheduled__2026-02-26T13:10:00+00:00 [queued]>
[2026-02-26T13:15:05.641+0000] {taskinstance.py:2631} INFO - Dependencies all met for dep_context=requeueable deps ti=<TaskInstance: 02_etl_pipeline_incremental.upload_to_stage scheduled__2026-02-26T13:10:00+00:00 [queued]>
[2026-02-26T13:15:05.643+0000] {taskinstance.py:2884} INFO - Starting attempt 1 of 2
[2026-02-26T13:15:05.785+0000] {taskinstance.py:2907} INFO - Executing <Task(SQLExecuteQueryOperator): upload_to_stage> on 2026-02-26 13:10:00+00:00
[2026-02-26T13:15:05.793+0000] {standard_task_runner.py:72} INFO - Started process 4292 to run task
[2026-02-26T13:15:05.799+0000] {standard_task_runner.py:104} INFO - Running: ['***', 'tasks', 'run', '02_etl_pipeline_incremental', 'upload_to_stage', 'scheduled__2026-02-26T13:10:00+00:00', '--job-id', '653', '--raw', '--subdir', 'DAGS_FOLDER/02_etl_pipeline.py', '--cfg-path', '/tmp/tmpqbmw4lxr']
[2026-02-26T13:15:05.802+0000] {standard_task_runner.py:105} INFO - Job 653: Subtask upload_to_stage
[2026-02-26T13:15:05.894+0000] {task_command.py:467} INFO - Running <TaskInstance: 02_etl_pipeline_incremental.upload_to_stage scheduled__2026-02-26T13:10:00+00:00 [running]> on host d54c9b653406
[2026-02-26T13:15:06.018+0000] {taskinstance.py:3157} INFO - Exporting env vars: AIRFLOW_CTX_DAG_OWNER='***' AIRFLOW_CTX_DAG_ID='02_etl_pipeline_incremental' AIRFLOW_CTX_TASK_ID='upload_to_stage' AIRFLOW_CTX_EXECUTION_DATE='2026-02-26T13:10:00+00:00' AIRFLOW_CTX_TRY_NUMBER='1' AIRFLOW_CTX_DAG_RUN_ID='scheduled__2026-02-26T13:10:00+00:00'
[2026-02-26T13:15:06.021+0000] {logging_mixin.py:190} INFO - Task instance is in running state
[2026-02-26T13:15:06.022+0000] {logging_mixin.py:190} INFO -  Previous state of the Task instance: queued
[2026-02-26T13:15:06.024+0000] {logging_mixin.py:190} INFO - Current task name:upload_to_stage state:running start_date:2026-02-26 13:15:05.630564+00:00
[2026-02-26T13:15:06.025+0000] {logging_mixin.py:190} INFO - Dag name:02_etl_pipeline_incremental and current dag run status:running
[2026-02-26T13:15:06.027+0000] {taskinstance.py:740} INFO - ::endgroup::
[2026-02-26T13:15:06.028+0000] {sql.py:306} INFO - Executing: PUT 'file:///opt/***/data/input/Dominica_orig_data_for_update.csv' @AIRLINE_DWH.RAW_DATA.MY_INTERNAL_STAGE AUTO_COMPRESS=TRUE OVERWRITE=TRUE;
[2026-02-26T13:15:06.050+0000] {base.py:84} INFO - Retrieving connection 'snowflake_default'
[2026-02-26T13:15:06.272+0000] {base.py:84} INFO - Retrieving connection 'snowflake_default'
[2026-02-26T13:15:06.274+0000] {connection.py:486} INFO - Snowflake Connector for Python Version: 3.15.0, Python Version: 3.10.17, Platform: Linux-6.6.87.2-microsoft-standard-WSL2-x86_64-with-glibc2.36
[2026-02-26T13:15:06.276+0000] {connection.py:1391} INFO - Connecting to GLOBAL Snowflake domain
[2026-02-26T13:15:07.670+0000] {snowflake.py:521} INFO - Running statement: PUT 'file:///opt/***/data/input/Dominica_orig_data_for_update.csv' @AIRLINE_DWH.RAW_DATA.MY_INTERNAL_STAGE AUTO_COMPRESS=TRUE OVERWRITE=TRUE;, parameters: None
[2026-02-26T13:15:07.672+0000] {sql.py:814} INFO - Running statement: PUT 'file:///opt/***/data/input/Dominica_orig_data_for_update.csv' @AIRLINE_DWH.RAW_DATA.MY_INTERNAL_STAGE AUTO_COMPRESS=TRUE OVERWRITE=TRUE;, parameters: None
[2026-02-26T13:15:08.296+0000] {sql.py:823} INFO - Rows affected: 1
[2026-02-26T13:15:08.298+0000] {snowflake.py:534} INFO - Rows affected: 1
[2026-02-26T13:15:08.298+0000] {snowflake.py:535} INFO - Snowflake query id: 01c2abdb-0005-0f1f-0001-37ce00087916
[2026-02-26T13:15:08.530+0000] {taskinstance.py:349} INFO - ::group::Post task execution logs
[2026-02-26T13:15:08.532+0000] {taskinstance.py:361} INFO - Marking task as SUCCESS. dag_id=02_etl_pipeline_incremental, task_id=upload_to_stage, run_id=scheduled__2026-02-26T13:10:00+00:00, execution_date=20260226T131000, start_date=20260226T131505, end_date=20260226T131508
[2026-02-26T13:15:08.569+0000] {logging_mixin.py:190} INFO - Task instance in success state
[2026-02-26T13:15:08.572+0000] {logging_mixin.py:190} INFO -  Previous state of the Task instance: running
[2026-02-26T13:15:08.573+0000] {logging_mixin.py:190} INFO - Dag name:02_etl_pipeline_incremental queued_at:2026-02-26 13:15:00.715561+00:00
[2026-02-26T13:15:08.575+0000] {logging_mixin.py:190} INFO - Task hostname:d54c9b653406 operator:SQLExecuteQueryOperator
[2026-02-26T13:15:08.624+0000] {local_task_job_runner.py:266} INFO - Task exited with return code 0
[2026-02-26T13:15:08.660+0000] {taskinstance.py:3924} INFO - 1 downstream tasks scheduled from follow-on schedule check
[2026-02-26T13:15:08.663+0000] {local_task_job_runner.py:245} INFO - ::endgroup::
