[2026-02-26T12:11:45.032+0000] {local_task_job_runner.py:123} INFO - ::group::Pre task execution logs
[2026-02-26T12:11:45.078+0000] {taskinstance.py:2631} INFO - Dependencies all met for dep_context=non-requeueable deps ti=<TaskInstance: 02_etl_pipeline_incremental.load_bronze_raw manual__2026-02-26T11:59:50.036547+00:00 [queued]>
[2026-02-26T12:11:45.104+0000] {taskinstance.py:2631} INFO - Dependencies all met for dep_context=requeueable deps ti=<TaskInstance: 02_etl_pipeline_incremental.load_bronze_raw manual__2026-02-26T11:59:50.036547+00:00 [queued]>
[2026-02-26T12:11:45.108+0000] {taskinstance.py:2884} INFO - Starting attempt 1 of 2
[2026-02-26T12:11:45.391+0000] {taskinstance.py:2907} INFO - Executing <Task(SQLExecuteQueryOperator): load_bronze_raw> on 2026-02-26 11:59:50.036547+00:00
[2026-02-26T12:11:45.417+0000] {standard_task_runner.py:72} INFO - Started process 2863 to run task
[2026-02-26T12:11:45.421+0000] {standard_task_runner.py:104} INFO - Running: ['***', 'tasks', 'run', '02_etl_pipeline_incremental', 'load_bronze_raw', 'manual__2026-02-26T11:59:50.036547+00:00', '--job-id', '507', '--raw', '--subdir', 'DAGS_FOLDER/02_etl_pipeline.py', '--cfg-path', '/tmp/tmp29h2j0er']
[2026-02-26T12:11:45.424+0000] {standard_task_runner.py:105} INFO - Job 507: Subtask load_bronze_raw
[2026-02-26T12:11:45.541+0000] {task_command.py:467} INFO - Running <TaskInstance: 02_etl_pipeline_incremental.load_bronze_raw manual__2026-02-26T11:59:50.036547+00:00 [running]> on host d54c9b653406
[2026-02-26T12:11:45.717+0000] {taskinstance.py:3157} INFO - Exporting env vars: AIRFLOW_CTX_DAG_OWNER='***' AIRFLOW_CTX_DAG_ID='02_etl_pipeline_incremental' AIRFLOW_CTX_TASK_ID='load_bronze_raw' AIRFLOW_CTX_EXECUTION_DATE='2026-02-26T11:59:50.036547+00:00' AIRFLOW_CTX_TRY_NUMBER='1' AIRFLOW_CTX_DAG_RUN_ID='manual__2026-02-26T11:59:50.036547+00:00'
[2026-02-26T12:11:45.720+0000] {logging_mixin.py:190} INFO - Task instance is in running state
[2026-02-26T12:11:45.722+0000] {logging_mixin.py:190} INFO -  Previous state of the Task instance: queued
[2026-02-26T12:11:45.723+0000] {logging_mixin.py:190} INFO - Current task name:load_bronze_raw state:running start_date:2026-02-26 12:11:45.080302+00:00
[2026-02-26T12:11:45.724+0000] {logging_mixin.py:190} INFO - Dag name:02_etl_pipeline_incremental and current dag run status:running
[2026-02-26T12:11:45.726+0000] {taskinstance.py:740} INFO - ::endgroup::
[2026-02-26T12:11:45.728+0000] {sql.py:306} INFO - Executing: CALL AIRLINE_DWH.RAW_DATA.SP_LOAD_RAW('Airline_Dataset.csv.gz');
[2026-02-26T12:11:45.752+0000] {base.py:84} INFO - Retrieving connection 'snowflake_default'
[2026-02-26T12:11:46.009+0000] {base.py:84} INFO - Retrieving connection 'snowflake_default'
[2026-02-26T12:11:46.015+0000] {connection.py:486} INFO - Snowflake Connector for Python Version: 3.15.0, Python Version: 3.10.17, Platform: Linux-6.6.87.2-microsoft-standard-WSL2-x86_64-with-glibc2.36
[2026-02-26T12:11:46.017+0000] {connection.py:1391} INFO - Connecting to GLOBAL Snowflake domain
[2026-02-26T12:11:47.060+0000] {snowflake.py:521} INFO - Running statement: CALL AIRLINE_DWH.RAW_DATA.SP_LOAD_RAW('Airline_Dataset.csv.gz');, parameters: None
[2026-02-26T12:11:47.062+0000] {sql.py:814} INFO - Running statement: CALL AIRLINE_DWH.RAW_DATA.SP_LOAD_RAW('Airline_Dataset.csv.gz');, parameters: None
[2026-02-26T12:11:48.771+0000] {sql.py:823} INFO - Rows affected: 1
[2026-02-26T12:11:48.773+0000] {snowflake.py:534} INFO - Rows affected: 1
[2026-02-26T12:11:48.774+0000] {snowflake.py:535} INFO - Snowflake query id: 01c2ab9b-0005-0f0f-0001-37ce00088046
[2026-02-26T12:11:49.055+0000] {taskinstance.py:349} INFO - ::group::Post task execution logs
[2026-02-26T12:11:49.057+0000] {taskinstance.py:361} INFO - Marking task as SUCCESS. dag_id=02_etl_pipeline_incremental, task_id=load_bronze_raw, run_id=manual__2026-02-26T11:59:50.036547+00:00, execution_date=20260226T115950, start_date=20260226T121145, end_date=20260226T121149
[2026-02-26T12:11:49.127+0000] {logging_mixin.py:190} INFO - Task instance in success state
[2026-02-26T12:11:49.131+0000] {logging_mixin.py:190} INFO -  Previous state of the Task instance: running
[2026-02-26T12:11:49.134+0000] {logging_mixin.py:190} INFO - Dag name:02_etl_pipeline_incremental queued_at:2026-02-26 11:59:50.097492+00:00
[2026-02-26T12:11:49.135+0000] {logging_mixin.py:190} INFO - Task hostname:d54c9b653406 operator:SQLExecuteQueryOperator
[2026-02-26T12:11:49.183+0000] {local_task_job_runner.py:266} INFO - Task exited with return code 0
[2026-02-26T12:11:49.285+0000] {taskinstance.py:3924} INFO - 3 downstream tasks scheduled from follow-on schedule check
[2026-02-26T12:11:49.290+0000] {local_task_job_runner.py:245} INFO - ::endgroup::
