[2026-02-26T12:50:08.950+0000] {local_task_job_runner.py:123} INFO - ::group::Pre task execution logs
[2026-02-26T12:50:08.972+0000] {taskinstance.py:2631} INFO - Dependencies all met for dep_context=non-requeueable deps ti=<TaskInstance: 02_etl_pipeline_incremental.load_bronze_raw scheduled__2026-02-26T12:45:00+00:00 [queued]>
[2026-02-26T12:50:08.982+0000] {taskinstance.py:2631} INFO - Dependencies all met for dep_context=requeueable deps ti=<TaskInstance: 02_etl_pipeline_incremental.load_bronze_raw scheduled__2026-02-26T12:45:00+00:00 [queued]>
[2026-02-26T12:50:08.984+0000] {taskinstance.py:2884} INFO - Starting attempt 1 of 2
[2026-02-26T12:50:09.117+0000] {taskinstance.py:2907} INFO - Executing <Task(SQLExecuteQueryOperator): load_bronze_raw> on 2026-02-26 12:45:00+00:00
[2026-02-26T12:50:09.125+0000] {standard_task_runner.py:72} INFO - Started process 3827 to run task
[2026-02-26T12:50:09.131+0000] {standard_task_runner.py:104} INFO - Running: ['***', 'tasks', 'run', '02_etl_pipeline_incremental', 'load_bronze_raw', 'scheduled__2026-02-26T12:45:00+00:00', '--job-id', '619', '--raw', '--subdir', 'DAGS_FOLDER/02_etl_pipeline.py', '--cfg-path', '/tmp/tmps6sd90mw']
[2026-02-26T12:50:09.133+0000] {standard_task_runner.py:105} INFO - Job 619: Subtask load_bronze_raw
[2026-02-26T12:50:09.199+0000] {task_command.py:467} INFO - Running <TaskInstance: 02_etl_pipeline_incremental.load_bronze_raw scheduled__2026-02-26T12:45:00+00:00 [running]> on host d54c9b653406
[2026-02-26T12:50:09.295+0000] {taskinstance.py:3157} INFO - Exporting env vars: AIRFLOW_CTX_DAG_OWNER='***' AIRFLOW_CTX_DAG_ID='02_etl_pipeline_incremental' AIRFLOW_CTX_TASK_ID='load_bronze_raw' AIRFLOW_CTX_EXECUTION_DATE='2026-02-26T12:45:00+00:00' AIRFLOW_CTX_TRY_NUMBER='1' AIRFLOW_CTX_DAG_RUN_ID='scheduled__2026-02-26T12:45:00+00:00'
[2026-02-26T12:50:09.298+0000] {logging_mixin.py:190} INFO - Task instance is in running state
[2026-02-26T12:50:09.300+0000] {logging_mixin.py:190} INFO -  Previous state of the Task instance: queued
[2026-02-26T12:50:09.301+0000] {logging_mixin.py:190} INFO - Current task name:load_bronze_raw state:running start_date:2026-02-26 12:50:08.974009+00:00
[2026-02-26T12:50:09.302+0000] {logging_mixin.py:190} INFO - Dag name:02_etl_pipeline_incremental and current dag run status:running
[2026-02-26T12:50:09.303+0000] {taskinstance.py:740} INFO - ::endgroup::
[2026-02-26T12:50:09.305+0000] {sql.py:306} INFO - Executing: CALL AIRLINE_DWH.RAW_DATA.SP_LOAD_RAW('Dominica_orig_data_for_update.csv.gz');
[2026-02-26T12:50:09.318+0000] {base.py:84} INFO - Retrieving connection 'snowflake_default'
[2026-02-26T12:50:09.444+0000] {base.py:84} INFO - Retrieving connection 'snowflake_default'
[2026-02-26T12:50:09.445+0000] {connection.py:486} INFO - Snowflake Connector for Python Version: 3.15.0, Python Version: 3.10.17, Platform: Linux-6.6.87.2-microsoft-standard-WSL2-x86_64-with-glibc2.36
[2026-02-26T12:50:09.447+0000] {connection.py:1391} INFO - Connecting to GLOBAL Snowflake domain
[2026-02-26T12:50:09.879+0000] {snowflake.py:521} INFO - Running statement: CALL AIRLINE_DWH.RAW_DATA.SP_LOAD_RAW('Dominica_orig_data_for_update.csv.gz');, parameters: None
[2026-02-26T12:50:09.881+0000] {sql.py:814} INFO - Running statement: CALL AIRLINE_DWH.RAW_DATA.SP_LOAD_RAW('Dominica_orig_data_for_update.csv.gz');, parameters: None
[2026-02-26T12:50:11.669+0000] {sql.py:823} INFO - Rows affected: 1
[2026-02-26T12:50:11.671+0000] {snowflake.py:534} INFO - Rows affected: 1
[2026-02-26T12:50:11.672+0000] {snowflake.py:535} INFO - Snowflake query id: 01c2abc2-0005-0f17-0001-37ce00089c46
[2026-02-26T12:50:11.898+0000] {taskinstance.py:349} INFO - ::group::Post task execution logs
[2026-02-26T12:50:11.901+0000] {taskinstance.py:361} INFO - Marking task as SUCCESS. dag_id=02_etl_pipeline_incremental, task_id=load_bronze_raw, run_id=scheduled__2026-02-26T12:45:00+00:00, execution_date=20260226T124500, start_date=20260226T125008, end_date=20260226T125011
[2026-02-26T12:50:11.936+0000] {logging_mixin.py:190} INFO - Task instance in success state
[2026-02-26T12:50:11.937+0000] {logging_mixin.py:190} INFO -  Previous state of the Task instance: running
[2026-02-26T12:50:11.939+0000] {logging_mixin.py:190} INFO - Dag name:02_etl_pipeline_incremental queued_at:2026-02-26 12:50:00.527282+00:00
[2026-02-26T12:50:11.940+0000] {logging_mixin.py:190} INFO - Task hostname:d54c9b653406 operator:SQLExecuteQueryOperator
[2026-02-26T12:50:11.998+0000] {local_task_job_runner.py:266} INFO - Task exited with return code 0
[2026-02-26T12:50:12.033+0000] {taskinstance.py:3924} INFO - 3 downstream tasks scheduled from follow-on schedule check
[2026-02-26T12:50:12.039+0000] {local_task_job_runner.py:245} INFO - ::endgroup::
