[2026-02-26T12:20:25.978+0000] {local_task_job_runner.py:123} INFO - ::group::Pre task execution logs
[2026-02-26T12:20:26.008+0000] {taskinstance.py:2631} INFO - Dependencies all met for dep_context=non-requeueable deps ti=<TaskInstance: 02_etl_pipeline_incremental.check_and_get_file manual__2026-02-26T12:20:23.715136+00:00 [queued]>
[2026-02-26T12:20:26.019+0000] {taskinstance.py:2631} INFO - Dependencies all met for dep_context=requeueable deps ti=<TaskInstance: 02_etl_pipeline_incremental.check_and_get_file manual__2026-02-26T12:20:23.715136+00:00 [queued]>
[2026-02-26T12:20:26.021+0000] {taskinstance.py:2884} INFO - Starting attempt 1 of 2
[2026-02-26T12:20:26.175+0000] {taskinstance.py:2907} INFO - Executing <Task(ShortCircuitOperator): check_and_get_file> on 2026-02-26 12:20:23.715136+00:00
[2026-02-26T12:20:26.186+0000] {standard_task_runner.py:72} INFO - Started process 3168 to run task
[2026-02-26T12:20:26.194+0000] {standard_task_runner.py:104} INFO - Running: ['***', 'tasks', 'run', '02_etl_pipeline_incremental', 'check_and_get_file', 'manual__2026-02-26T12:20:23.715136+00:00', '--job-id', '555', '--raw', '--subdir', 'DAGS_FOLDER/02_etl_pipeline.py', '--cfg-path', '/tmp/tmp7f8aox9x']
[2026-02-26T12:20:26.197+0000] {standard_task_runner.py:105} INFO - Job 555: Subtask check_and_get_file
[2026-02-26T12:20:26.279+0000] {task_command.py:467} INFO - Running <TaskInstance: 02_etl_pipeline_incremental.check_and_get_file manual__2026-02-26T12:20:23.715136+00:00 [running]> on host d54c9b653406
[2026-02-26T12:20:26.398+0000] {taskinstance.py:3157} INFO - Exporting env vars: AIRFLOW_CTX_DAG_OWNER='***' AIRFLOW_CTX_DAG_ID='02_etl_pipeline_incremental' AIRFLOW_CTX_TASK_ID='check_and_get_file' AIRFLOW_CTX_EXECUTION_DATE='2026-02-26T12:20:23.715136+00:00' AIRFLOW_CTX_TRY_NUMBER='1' AIRFLOW_CTX_DAG_RUN_ID='manual__2026-02-26T12:20:23.715136+00:00'
[2026-02-26T12:20:26.401+0000] {logging_mixin.py:190} INFO - Task instance is in running state
[2026-02-26T12:20:26.403+0000] {logging_mixin.py:190} INFO -  Previous state of the Task instance: queued
[2026-02-26T12:20:26.404+0000] {logging_mixin.py:190} INFO - Current task name:check_and_get_file state:running start_date:2026-02-26 12:20:26.010209+00:00
[2026-02-26T12:20:26.406+0000] {logging_mixin.py:190} INFO - Dag name:02_etl_pipeline_incremental and current dag run status:running
[2026-02-26T12:20:26.407+0000] {taskinstance.py:740} INFO - ::endgroup::
[2026-02-26T12:20:26.409+0000] {baseoperator.py:423} WARNING - ShortCircuitOperator.execute cannot be called outside TaskInstance!
[2026-02-26T12:20:26.417+0000] {logging_mixin.py:190} INFO - File to processing: Airline_Dataset.csv
[2026-02-26T12:20:26.418+0000] {python.py:240} INFO - Done. Returned value was: Airline_Dataset.csv
[2026-02-26T12:20:26.419+0000] {python.py:309} INFO - Condition result is Airline_Dataset.csv
[2026-02-26T12:20:26.420+0000] {python.py:312} INFO - Proceeding with downstream tasks...
[2026-02-26T12:20:26.456+0000] {taskinstance.py:349} INFO - ::group::Post task execution logs
[2026-02-26T12:20:26.458+0000] {taskinstance.py:361} INFO - Marking task as SUCCESS. dag_id=02_etl_pipeline_incremental, task_id=check_and_get_file, run_id=manual__2026-02-26T12:20:23.715136+00:00, execution_date=20260226T122023, start_date=20260226T122026, end_date=20260226T122026
[2026-02-26T12:20:26.491+0000] {logging_mixin.py:190} INFO - Task instance in success state
[2026-02-26T12:20:26.493+0000] {logging_mixin.py:190} INFO -  Previous state of the Task instance: running
[2026-02-26T12:20:26.494+0000] {logging_mixin.py:190} INFO - Dag name:02_etl_pipeline_incremental queued_at:2026-02-26 12:20:23.730683+00:00
[2026-02-26T12:20:26.495+0000] {logging_mixin.py:190} INFO - Task hostname:d54c9b653406 operator:ShortCircuitOperator
[2026-02-26T12:20:26.529+0000] {local_task_job_runner.py:266} INFO - Task exited with return code 0
[2026-02-26T12:20:26.572+0000] {taskinstance.py:3924} INFO - 1 downstream tasks scheduled from follow-on schedule check
[2026-02-26T12:20:26.576+0000] {local_task_job_runner.py:245} INFO - ::endgroup::
