[2026-02-26T13:45:02.662+0000] {local_task_job_runner.py:123} INFO - ::group::Pre task execution logs
[2026-02-26T13:45:02.681+0000] {taskinstance.py:2631} INFO - Dependencies all met for dep_context=non-requeueable deps ti=<TaskInstance: 02_etl_pipeline_incremental.check_and_get_file scheduled__2026-02-26T13:40:00+00:00 [queued]>
[2026-02-26T13:45:02.689+0000] {taskinstance.py:2631} INFO - Dependencies all met for dep_context=requeueable deps ti=<TaskInstance: 02_etl_pipeline_incremental.check_and_get_file scheduled__2026-02-26T13:40:00+00:00 [queued]>
[2026-02-26T13:45:02.691+0000] {taskinstance.py:2884} INFO - Starting attempt 1 of 2
[2026-02-26T13:45:02.705+0000] {taskinstance.py:2907} INFO - Executing <Task(ShortCircuitOperator): check_and_get_file> on 2026-02-26 13:40:00+00:00
[2026-02-26T13:45:02.712+0000] {standard_task_runner.py:72} INFO - Started process 4858 to run task
[2026-02-26T13:45:02.718+0000] {standard_task_runner.py:104} INFO - Running: ['***', 'tasks', 'run', '02_etl_pipeline_incremental', 'check_and_get_file', 'scheduled__2026-02-26T13:40:00+00:00', '--job-id', '695', '--raw', '--subdir', 'DAGS_FOLDER/02_etl_pipeline.py', '--cfg-path', '/tmp/tmpujt0q788']
[2026-02-26T13:45:02.721+0000] {standard_task_runner.py:105} INFO - Job 695: Subtask check_and_get_file
[2026-02-26T13:45:03.071+0000] {task_command.py:467} INFO - Running <TaskInstance: 02_etl_pipeline_incremental.check_and_get_file scheduled__2026-02-26T13:40:00+00:00 [running]> on host d54c9b653406
[2026-02-26T13:45:03.175+0000] {taskinstance.py:3157} INFO - Exporting env vars: AIRFLOW_CTX_DAG_OWNER='***' AIRFLOW_CTX_DAG_ID='02_etl_pipeline_incremental' AIRFLOW_CTX_TASK_ID='check_and_get_file' AIRFLOW_CTX_EXECUTION_DATE='2026-02-26T13:40:00+00:00' AIRFLOW_CTX_TRY_NUMBER='1' AIRFLOW_CTX_DAG_RUN_ID='scheduled__2026-02-26T13:40:00+00:00'
[2026-02-26T13:45:03.177+0000] {logging_mixin.py:190} INFO - Task instance is in running state
[2026-02-26T13:45:03.179+0000] {logging_mixin.py:190} INFO -  Previous state of the Task instance: queued
[2026-02-26T13:45:03.180+0000] {logging_mixin.py:190} INFO - Current task name:check_and_get_file state:running start_date:2026-02-26 13:45:02.683491+00:00
[2026-02-26T13:45:03.181+0000] {logging_mixin.py:190} INFO - Dag name:02_etl_pipeline_incremental and current dag run status:running
[2026-02-26T13:45:03.183+0000] {taskinstance.py:740} INFO - ::endgroup::
[2026-02-26T13:45:03.184+0000] {baseoperator.py:423} WARNING - ShortCircuitOperator.execute cannot be called outside TaskInstance!
[2026-02-26T13:45:03.188+0000] {logging_mixin.py:190} INFO - There aren't new files. Pass.
[2026-02-26T13:45:03.189+0000] {python.py:240} INFO - Done. Returned value was: False
[2026-02-26T13:45:03.190+0000] {python.py:309} INFO - Condition result is False
[2026-02-26T13:45:03.191+0000] {python.py:336} INFO - Skipping downstream tasks
[2026-02-26T13:45:03.222+0000] {python.py:344} INFO - Done.
[2026-02-26T13:45:03.253+0000] {taskinstance.py:349} INFO - ::group::Post task execution logs
[2026-02-26T13:45:03.255+0000] {taskinstance.py:361} INFO - Marking task as SUCCESS. dag_id=02_etl_pipeline_incremental, task_id=check_and_get_file, run_id=scheduled__2026-02-26T13:40:00+00:00, execution_date=20260226T134000, start_date=20260226T134502, end_date=20260226T134503
[2026-02-26T13:45:03.286+0000] {logging_mixin.py:190} INFO - Task instance in success state
[2026-02-26T13:45:03.288+0000] {logging_mixin.py:190} INFO -  Previous state of the Task instance: running
[2026-02-26T13:45:03.289+0000] {logging_mixin.py:190} INFO - Dag name:02_etl_pipeline_incremental queued_at:2026-02-26 13:45:01.010721+00:00
[2026-02-26T13:45:03.290+0000] {logging_mixin.py:190} INFO - Task hostname:d54c9b653406 operator:ShortCircuitOperator
[2026-02-26T13:45:03.335+0000] {local_task_job_runner.py:266} INFO - Task exited with return code 0
[2026-02-26T13:45:03.472+0000] {taskinstance.py:3924} INFO - 0 downstream tasks scheduled from follow-on schedule check
[2026-02-26T13:45:03.475+0000] {local_task_job_runner.py:245} INFO - ::endgroup::
