[2026-02-26T12:18:11.610+0000] {local_task_job_runner.py:123} INFO - ::group::Pre task execution logs
[2026-02-26T12:18:11.636+0000] {taskinstance.py:2631} INFO - Dependencies all met for dep_context=non-requeueable deps ti=<TaskInstance: 01_init_infrastructure.02_create_schemas manual__2026-02-26T12:18:04.019055+00:00 [queued]>
[2026-02-26T12:18:11.647+0000] {taskinstance.py:2631} INFO - Dependencies all met for dep_context=requeueable deps ti=<TaskInstance: 01_init_infrastructure.02_create_schemas manual__2026-02-26T12:18:04.019055+00:00 [queued]>
[2026-02-26T12:18:11.651+0000] {taskinstance.py:2884} INFO - Starting attempt 1 of 1
[2026-02-26T12:18:11.787+0000] {taskinstance.py:2907} INFO - Executing <Task(SQLExecuteQueryOperator): 02_create_schemas> on 2026-02-26 12:18:04.019055+00:00
[2026-02-26T12:18:11.799+0000] {standard_task_runner.py:72} INFO - Started process 3084 to run task
[2026-02-26T12:18:11.806+0000] {standard_task_runner.py:104} INFO - Running: ['***', 'tasks', 'run', '01_init_infrastructure', '02_create_schemas', 'manual__2026-02-26T12:18:04.019055+00:00', '--job-id', '541', '--raw', '--subdir', 'DAGS_FOLDER/01_init_infrastructure.py', '--cfg-path', '/tmp/tmppv6b2u2n']
[2026-02-26T12:18:11.809+0000] {standard_task_runner.py:105} INFO - Job 541: Subtask 02_create_schemas
[2026-02-26T12:18:11.877+0000] {task_command.py:467} INFO - Running <TaskInstance: 01_init_infrastructure.02_create_schemas manual__2026-02-26T12:18:04.019055+00:00 [running]> on host d54c9b653406
[2026-02-26T12:18:11.988+0000] {taskinstance.py:3157} INFO - Exporting env vars: AIRFLOW_CTX_DAG_OWNER='***' AIRFLOW_CTX_DAG_ID='01_init_infrastructure' AIRFLOW_CTX_TASK_ID='02_create_schemas' AIRFLOW_CTX_EXECUTION_DATE='2026-02-26T12:18:04.019055+00:00' AIRFLOW_CTX_TRY_NUMBER='1' AIRFLOW_CTX_DAG_RUN_ID='manual__2026-02-26T12:18:04.019055+00:00'
[2026-02-26T12:18:11.991+0000] {logging_mixin.py:190} INFO - Task instance is in running state
[2026-02-26T12:18:11.993+0000] {logging_mixin.py:190} INFO -  Previous state of the Task instance: queued
[2026-02-26T12:18:11.994+0000] {logging_mixin.py:190} INFO - Current task name:02_create_schemas state:running start_date:2026-02-26 12:18:11.637985+00:00
[2026-02-26T12:18:11.995+0000] {logging_mixin.py:190} INFO - Dag name:01_init_infrastructure and current dag run status:running
[2026-02-26T12:18:11.997+0000] {taskinstance.py:740} INFO - ::endgroup::
[2026-02-26T12:18:11.998+0000] {sql.py:306} INFO - Executing: USE DATABASE AIRLINE_DWH;

CREATE SCHEMA IF NOT EXISTS RAW_DATA;    
CREATE SCHEMA IF NOT EXISTS SILVER_DATA; 
CREATE SCHEMA IF NOT EXISTS GOLD_DATA;   
CREATE SCHEMA IF NOT EXISTS UTILS;       
[2026-02-26T12:18:12.020+0000] {base.py:84} INFO - Retrieving connection 'snowflake_default'
[2026-02-26T12:18:12.202+0000] {base.py:84} INFO - Retrieving connection 'snowflake_default'
[2026-02-26T12:18:12.204+0000] {connection.py:486} INFO - Snowflake Connector for Python Version: 3.15.0, Python Version: 3.10.17, Platform: Linux-6.6.87.2-microsoft-standard-WSL2-x86_64-with-glibc2.36
[2026-02-26T12:18:12.206+0000] {connection.py:1391} INFO - Connecting to GLOBAL Snowflake domain
[2026-02-26T12:18:12.586+0000] {snowflake.py:521} INFO - Running statement: USE DATABASE AIRLINE_DWH;, parameters: None
[2026-02-26T12:18:12.588+0000] {sql.py:814} INFO - Running statement: USE DATABASE AIRLINE_DWH;, parameters: None
[2026-02-26T12:18:12.716+0000] {sql.py:823} INFO - Rows affected: 1
[2026-02-26T12:18:12.718+0000] {snowflake.py:534} INFO - Rows affected: 1
[2026-02-26T12:18:12.720+0000] {snowflake.py:535} INFO - Snowflake query id: 01c2aba2-0005-0f1f-0001-37ce00087782
[2026-02-26T12:18:12.721+0000] {snowflake.py:521} INFO - Running statement: CREATE SCHEMA IF NOT EXISTS RAW_DATA;, parameters: None
[2026-02-26T12:18:12.723+0000] {sql.py:814} INFO - Running statement: CREATE SCHEMA IF NOT EXISTS RAW_DATA;, parameters: None
[2026-02-26T12:18:12.850+0000] {sql.py:823} INFO - Rows affected: 1
[2026-02-26T12:18:12.852+0000] {snowflake.py:534} INFO - Rows affected: 1
[2026-02-26T12:18:12.854+0000] {snowflake.py:535} INFO - Snowflake query id: 01c2aba2-0005-0f0f-0001-37ce000887ba
[2026-02-26T12:18:12.855+0000] {snowflake.py:521} INFO - Running statement: CREATE SCHEMA IF NOT EXISTS SILVER_DATA;, parameters: None
[2026-02-26T12:18:12.857+0000] {sql.py:814} INFO - Running statement: CREATE SCHEMA IF NOT EXISTS SILVER_DATA;, parameters: None
[2026-02-26T12:18:12.981+0000] {sql.py:823} INFO - Rows affected: 1
[2026-02-26T12:18:12.983+0000] {snowflake.py:534} INFO - Rows affected: 1
[2026-02-26T12:18:12.985+0000] {snowflake.py:535} INFO - Snowflake query id: 01c2aba2-0005-0f17-0001-37ce000897ee
[2026-02-26T12:18:12.986+0000] {snowflake.py:521} INFO - Running statement: CREATE SCHEMA IF NOT EXISTS GOLD_DATA;, parameters: None
[2026-02-26T12:18:12.988+0000] {sql.py:814} INFO - Running statement: CREATE SCHEMA IF NOT EXISTS GOLD_DATA;, parameters: None
[2026-02-26T12:18:13.118+0000] {sql.py:823} INFO - Rows affected: 1
[2026-02-26T12:18:13.120+0000] {snowflake.py:534} INFO - Rows affected: 1
[2026-02-26T12:18:13.122+0000] {snowflake.py:535} INFO - Snowflake query id: 01c2aba2-0005-0f1f-0001-37ce00087786
[2026-02-26T12:18:13.123+0000] {snowflake.py:521} INFO - Running statement: CREATE SCHEMA IF NOT EXISTS UTILS;, parameters: None
[2026-02-26T12:18:13.124+0000] {sql.py:814} INFO - Running statement: CREATE SCHEMA IF NOT EXISTS UTILS;, parameters: None
[2026-02-26T12:18:13.223+0000] {sql.py:823} INFO - Rows affected: 1
[2026-02-26T12:18:13.225+0000] {snowflake.py:534} INFO - Rows affected: 1
[2026-02-26T12:18:13.227+0000] {snowflake.py:535} INFO - Snowflake query id: 01c2aba2-0005-0f0f-0001-37ce000887be
[2026-02-26T12:18:13.449+0000] {taskinstance.py:349} INFO - ::group::Post task execution logs
[2026-02-26T12:18:13.451+0000] {taskinstance.py:361} INFO - Marking task as SUCCESS. dag_id=01_init_infrastructure, task_id=02_create_schemas, run_id=manual__2026-02-26T12:18:04.019055+00:00, execution_date=20260226T121804, start_date=20260226T121811, end_date=20260226T121813
[2026-02-26T12:18:13.480+0000] {logging_mixin.py:190} INFO - Task instance in success state
[2026-02-26T12:18:13.481+0000] {logging_mixin.py:190} INFO -  Previous state of the Task instance: running
[2026-02-26T12:18:13.483+0000] {logging_mixin.py:190} INFO - Dag name:01_init_infrastructure queued_at:2026-02-26 12:18:04.031568+00:00
[2026-02-26T12:18:13.484+0000] {logging_mixin.py:190} INFO - Task hostname:d54c9b653406 operator:SQLExecuteQueryOperator
[2026-02-26T12:18:13.508+0000] {local_task_job_runner.py:266} INFO - Task exited with return code 0
[2026-02-26T12:18:13.546+0000] {taskinstance.py:3924} INFO - 1 downstream tasks scheduled from follow-on schedule check
[2026-02-26T12:18:13.550+0000] {local_task_job_runner.py:245} INFO - ::endgroup::
