[2026-02-26T12:29:46.728+0000] {local_task_job_runner.py:123} INFO - ::group::Pre task execution logs
[2026-02-26T12:29:46.752+0000] {taskinstance.py:2631} INFO - Dependencies all met for dep_context=non-requeueable deps ti=<TaskInstance: 01_init_infrastructure.13_create_security manual__2026-02-26T12:28:48.154880+00:00 [queued]>
[2026-02-26T12:29:46.763+0000] {taskinstance.py:2631} INFO - Dependencies all met for dep_context=requeueable deps ti=<TaskInstance: 01_init_infrastructure.13_create_security manual__2026-02-26T12:28:48.154880+00:00 [queued]>
[2026-02-26T12:29:46.765+0000] {taskinstance.py:2884} INFO - Starting attempt 1 of 1
[2026-02-26T12:29:46.894+0000] {taskinstance.py:2907} INFO - Executing <Task(SQLExecuteQueryOperator): 13_create_security> on 2026-02-26 12:28:48.154880+00:00
[2026-02-26T12:29:46.902+0000] {standard_task_runner.py:72} INFO - Started process 3401 to run task
[2026-02-26T12:29:46.907+0000] {standard_task_runner.py:104} INFO - Running: ['***', 'tasks', 'run', '01_init_infrastructure', '13_create_security', 'manual__2026-02-26T12:28:48.154880+00:00', '--job-id', '582', '--raw', '--subdir', 'DAGS_FOLDER/01_init_infrastructure.py', '--cfg-path', '/tmp/tmpf0b5liaz']
[2026-02-26T12:29:46.910+0000] {standard_task_runner.py:105} INFO - Job 582: Subtask 13_create_security
[2026-02-26T12:29:46.986+0000] {task_command.py:467} INFO - Running <TaskInstance: 01_init_infrastructure.13_create_security manual__2026-02-26T12:28:48.154880+00:00 [running]> on host d54c9b653406
[2026-02-26T12:29:47.075+0000] {taskinstance.py:3157} INFO - Exporting env vars: AIRFLOW_CTX_DAG_OWNER='***' AIRFLOW_CTX_DAG_ID='01_init_infrastructure' AIRFLOW_CTX_TASK_ID='13_create_security' AIRFLOW_CTX_EXECUTION_DATE='2026-02-26T12:28:48.154880+00:00' AIRFLOW_CTX_TRY_NUMBER='1' AIRFLOW_CTX_DAG_RUN_ID='manual__2026-02-26T12:28:48.154880+00:00'
[2026-02-26T12:29:47.078+0000] {logging_mixin.py:190} INFO - Task instance is in running state
[2026-02-26T12:29:47.079+0000] {logging_mixin.py:190} INFO -  Previous state of the Task instance: queued
[2026-02-26T12:29:47.081+0000] {logging_mixin.py:190} INFO - Current task name:13_create_security state:running start_date:2026-02-26 12:29:46.753867+00:00
[2026-02-26T12:29:47.082+0000] {logging_mixin.py:190} INFO - Dag name:01_init_infrastructure and current dag run status:running
[2026-02-26T12:29:47.083+0000] {taskinstance.py:740} INFO - ::endgroup::
[2026-02-26T12:29:47.085+0000] {sql.py:306} INFO - Executing: USE DATABASE AIRLINE_DWH;
USE SCHEMA GOLD_DATA;

-- Using Standard Edition it is impossible to create object POLICY.
-- So Row Level Security (RLS) will be in SECURE VIEW.

-- 1. Create SECURE VIEW
-- Keyword SECURE hides code of view from users
CREATE OR REPLACE SECURE VIEW REPORT_FACT_FLIGHTS_SECURE AS
SELECT 
    F.flight_sk,
    P.first_name,
    P.last_name,
    A.country_name,
    F.ticket_type,
    F.flight_status
FROM AIRLINE_DWH.SILVER_DATA.FACT_AIRLINE F
JOIN AIRLINE_DWH.SILVER_DATA.DIM_PASSENGERS P ON F.passenger_sk = P.passenger_sk
JOIN AIRLINE_DWH.SILVER_DATA.DIM_AIRPORTS A ON F.airport_sk = A.airport_sk
WHERE 
    CASE 
        WHEN CURRENT_ROLE() = 'ACCOUNTADMIN' THEN TRUE
        WHEN F.ticket_type = 'Business' THEN TRUE
        ELSE FALSE
    END;
[2026-02-26T12:29:47.102+0000] {base.py:84} INFO - Retrieving connection 'snowflake_default'
[2026-02-26T12:29:47.287+0000] {base.py:84} INFO - Retrieving connection 'snowflake_default'
[2026-02-26T12:29:47.289+0000] {connection.py:486} INFO - Snowflake Connector for Python Version: 3.15.0, Python Version: 3.10.17, Platform: Linux-6.6.87.2-microsoft-standard-WSL2-x86_64-with-glibc2.36
[2026-02-26T12:29:47.291+0000] {connection.py:1391} INFO - Connecting to GLOBAL Snowflake domain
[2026-02-26T12:29:47.661+0000] {snowflake.py:521} INFO - Running statement: USE DATABASE AIRLINE_DWH;, parameters: None
[2026-02-26T12:29:47.662+0000] {sql.py:814} INFO - Running statement: USE DATABASE AIRLINE_DWH;, parameters: None
[2026-02-26T12:29:47.738+0000] {sql.py:823} INFO - Rows affected: 1
[2026-02-26T12:29:47.740+0000] {snowflake.py:534} INFO - Rows affected: 1
[2026-02-26T12:29:47.741+0000] {snowflake.py:535} INFO - Snowflake query id: 01c2abad-0005-0f0f-0001-37ce000888fa
[2026-02-26T12:29:47.742+0000] {snowflake.py:521} INFO - Running statement: USE SCHEMA GOLD_DATA;, parameters: None
[2026-02-26T12:29:47.743+0000] {sql.py:814} INFO - Running statement: USE SCHEMA GOLD_DATA;, parameters: None
[2026-02-26T12:29:47.827+0000] {sql.py:823} INFO - Rows affected: 1
[2026-02-26T12:29:47.828+0000] {snowflake.py:534} INFO - Rows affected: 1
[2026-02-26T12:29:47.830+0000] {snowflake.py:535} INFO - Snowflake query id: 01c2abad-0005-0f17-0001-37ce00089962
[2026-02-26T12:29:47.831+0000] {snowflake.py:521} INFO - Running statement: -- Using Standard Edition it is impossible to create object POLICY.
-- So Row Level Security (RLS) will be in SECURE VIEW.

-- 1. Create SECURE VIEW
-- Keyword SECURE hides code of view from users
CREATE OR REPLACE SECURE VIEW REPORT_FACT_FLIGHTS_SECURE AS
SELECT 
    F.flight_sk,
    P.first_name,
    P.last_name,
    A.country_name,
    F.ticket_type,
    F.flight_status
FROM AIRLINE_DWH.SILVER_DATA.FACT_AIRLINE F
JOIN AIRLINE_DWH.SILVER_DATA.DIM_PASSENGERS P ON F.passenger_sk = P.passenger_sk
JOIN AIRLINE_DWH.SILVER_DATA.DIM_AIRPORTS A ON F.airport_sk = A.airport_sk
WHERE 
    CASE 
        WHEN CURRENT_ROLE() = 'ACCOUNTADMIN' THEN TRUE
        WHEN F.ticket_type = 'Business' THEN TRUE
        ELSE FALSE
    END;, parameters: None
[2026-02-26T12:29:47.832+0000] {sql.py:814} INFO - Running statement: -- Using Standard Edition it is impossible to create object POLICY.
-- So Row Level Security (RLS) will be in SECURE VIEW.

-- 1. Create SECURE VIEW
-- Keyword SECURE hides code of view from users
CREATE OR REPLACE SECURE VIEW REPORT_FACT_FLIGHTS_SECURE AS
SELECT 
    F.flight_sk,
    P.first_name,
    P.last_name,
    A.country_name,
    F.ticket_type,
    F.flight_status
FROM AIRLINE_DWH.SILVER_DATA.FACT_AIRLINE F
JOIN AIRLINE_DWH.SILVER_DATA.DIM_PASSENGERS P ON F.passenger_sk = P.passenger_sk
JOIN AIRLINE_DWH.SILVER_DATA.DIM_AIRPORTS A ON F.airport_sk = A.airport_sk
WHERE 
    CASE 
        WHEN CURRENT_ROLE() = 'ACCOUNTADMIN' THEN TRUE
        WHEN F.ticket_type = 'Business' THEN TRUE
        ELSE FALSE
    END;, parameters: None
[2026-02-26T12:29:48.061+0000] {sql.py:823} INFO - Rows affected: 1
[2026-02-26T12:29:48.063+0000] {snowflake.py:534} INFO - Rows affected: 1
[2026-02-26T12:29:48.065+0000] {snowflake.py:535} INFO - Snowflake query id: 01c2abad-0005-0f0f-0001-37ce000888fe
[2026-02-26T12:29:48.288+0000] {taskinstance.py:349} INFO - ::group::Post task execution logs
[2026-02-26T12:29:48.290+0000] {taskinstance.py:361} INFO - Marking task as SUCCESS. dag_id=01_init_infrastructure, task_id=13_create_security, run_id=manual__2026-02-26T12:28:48.154880+00:00, execution_date=20260226T122848, start_date=20260226T122946, end_date=20260226T122948
[2026-02-26T12:29:48.328+0000] {logging_mixin.py:190} INFO - Task instance in success state
[2026-02-26T12:29:48.329+0000] {logging_mixin.py:190} INFO -  Previous state of the Task instance: running
[2026-02-26T12:29:48.330+0000] {logging_mixin.py:190} INFO - Dag name:01_init_infrastructure queued_at:2026-02-26 12:28:48.172982+00:00
[2026-02-26T12:29:48.331+0000] {logging_mixin.py:190} INFO - Task hostname:d54c9b653406 operator:SQLExecuteQueryOperator
[2026-02-26T12:29:48.368+0000] {local_task_job_runner.py:266} INFO - Task exited with return code 0
[2026-02-26T12:29:48.391+0000] {taskinstance.py:3924} INFO - 0 downstream tasks scheduled from follow-on schedule check
[2026-02-26T12:29:48.394+0000] {local_task_job_runner.py:245} INFO - ::endgroup::
