[2026-02-26T12:29:23.318+0000] {local_task_job_runner.py:123} INFO - ::group::Pre task execution logs
[2026-02-26T12:29:23.346+0000] {taskinstance.py:2631} INFO - Dependencies all met for dep_context=non-requeueable deps ti=<TaskInstance: 01_init_infrastructure.07_sp_raw manual__2026-02-26T12:28:48.154880+00:00 [queued]>
[2026-02-26T12:29:23.358+0000] {taskinstance.py:2631} INFO - Dependencies all met for dep_context=requeueable deps ti=<TaskInstance: 01_init_infrastructure.07_sp_raw manual__2026-02-26T12:28:48.154880+00:00 [queued]>
[2026-02-26T12:29:23.360+0000] {taskinstance.py:2884} INFO - Starting attempt 1 of 1
[2026-02-26T12:29:23.494+0000] {taskinstance.py:2907} INFO - Executing <Task(SQLExecuteQueryOperator): 07_sp_raw> on 2026-02-26 12:28:48.154880+00:00
[2026-02-26T12:29:23.505+0000] {standard_task_runner.py:72} INFO - Started process 3377 to run task
[2026-02-26T12:29:23.511+0000] {standard_task_runner.py:104} INFO - Running: ['***', 'tasks', 'run', '01_init_infrastructure', '07_sp_raw', 'manual__2026-02-26T12:28:48.154880+00:00', '--job-id', '576', '--raw', '--subdir', 'DAGS_FOLDER/01_init_infrastructure.py', '--cfg-path', '/tmp/tmpazpg3lis']
[2026-02-26T12:29:23.514+0000] {standard_task_runner.py:105} INFO - Job 576: Subtask 07_sp_raw
[2026-02-26T12:29:23.594+0000] {task_command.py:467} INFO - Running <TaskInstance: 01_init_infrastructure.07_sp_raw manual__2026-02-26T12:28:48.154880+00:00 [running]> on host d54c9b653406
[2026-02-26T12:29:23.697+0000] {taskinstance.py:3157} INFO - Exporting env vars: AIRFLOW_CTX_DAG_OWNER='***' AIRFLOW_CTX_DAG_ID='01_init_infrastructure' AIRFLOW_CTX_TASK_ID='07_sp_raw' AIRFLOW_CTX_EXECUTION_DATE='2026-02-26T12:28:48.154880+00:00' AIRFLOW_CTX_TRY_NUMBER='1' AIRFLOW_CTX_DAG_RUN_ID='manual__2026-02-26T12:28:48.154880+00:00'
[2026-02-26T12:29:23.700+0000] {logging_mixin.py:190} INFO - Task instance is in running state
[2026-02-26T12:29:23.702+0000] {logging_mixin.py:190} INFO -  Previous state of the Task instance: queued
[2026-02-26T12:29:23.704+0000] {logging_mixin.py:190} INFO - Current task name:07_sp_raw state:running start_date:2026-02-26 12:29:23.348020+00:00
[2026-02-26T12:29:23.705+0000] {logging_mixin.py:190} INFO - Dag name:01_init_infrastructure and current dag run status:running
[2026-02-26T12:29:23.707+0000] {taskinstance.py:740} INFO - ::endgroup::
[2026-02-26T12:29:23.708+0000] {sql.py:306} INFO - Executing: USE DATABASE AIRLINE_DWH;
USE SCHEMA RAW_DATA;

CREATE OR REPLACE PROCEDURE SP_LOAD_RAW(FILE_NAME VARCHAR)
RETURNS VARCHAR
LANGUAGE SQL
EXECUTE AS CALLER
AS
$$
DECLARE
    rows_loaded INT;
BEGIN
    BEGIN TRANSACTION;

    -- Snowflake puts 18 columns from file into 18 colimns of table
    -- and 19th columns(ingestion_time) will be filled automatically
    EXECUTE IMMEDIATE 'COPY INTO AIRLINE_DWH.RAW_DATA.AIRLINE_RAW 
                       FROM @AIRLINE_DWH.RAW_DATA.MY_INTERNAL_STAGE/' || :FILE_NAME || ' 
                       FILE_FORMAT = (
                            FORMAT_NAME = AIRLINE_DWH.RAW_DATA.MY_CSV_FORMAT
                            ERROR_ON_COLUMN_COUNT_MISMATCH = FALSE 
                       ) 
                       ON_ERROR = ''ABORT_STATEMENT'' 
                       FORCE = TRUE'; 
    
    rows_loaded := SQLROWCOUNT;

    INSERT INTO AIRLINE_DWH.UTILS.ETL_LOGS (process_name, layer, rows_affected, status)
    VALUES ('SP_LOAD_RAW', 'BRONZE', :rows_loaded, 'SUCCESS');

    COMMIT;

    RETURN 'Loaded Raw Rows: ' || :rows_loaded;

END;
$$;
[2026-02-26T12:29:23.725+0000] {base.py:84} INFO - Retrieving connection 'snowflake_default'
[2026-02-26T12:29:23.911+0000] {base.py:84} INFO - Retrieving connection 'snowflake_default'
[2026-02-26T12:29:23.913+0000] {connection.py:486} INFO - Snowflake Connector for Python Version: 3.15.0, Python Version: 3.10.17, Platform: Linux-6.6.87.2-microsoft-standard-WSL2-x86_64-with-glibc2.36
[2026-02-26T12:29:23.914+0000] {connection.py:1391} INFO - Connecting to GLOBAL Snowflake domain
[2026-02-26T12:29:24.928+0000] {snowflake.py:521} INFO - Running statement: USE DATABASE AIRLINE_DWH;, parameters: None
[2026-02-26T12:29:24.930+0000] {sql.py:814} INFO - Running statement: USE DATABASE AIRLINE_DWH;, parameters: None
[2026-02-26T12:29:25.011+0000] {sql.py:823} INFO - Rows affected: 1
[2026-02-26T12:29:25.013+0000] {snowflake.py:534} INFO - Rows affected: 1
[2026-02-26T12:29:25.015+0000] {snowflake.py:535} INFO - Snowflake query id: 01c2abad-0005-0f17-0001-37ce00089936
[2026-02-26T12:29:25.016+0000] {snowflake.py:521} INFO - Running statement: USE SCHEMA RAW_DATA;, parameters: None
[2026-02-26T12:29:25.017+0000] {sql.py:814} INFO - Running statement: USE SCHEMA RAW_DATA;, parameters: None
[2026-02-26T12:29:25.097+0000] {sql.py:823} INFO - Rows affected: 1
[2026-02-26T12:29:25.098+0000] {snowflake.py:534} INFO - Rows affected: 1
[2026-02-26T12:29:25.099+0000] {snowflake.py:535} INFO - Snowflake query id: 01c2abad-0005-0f0f-0001-37ce000888d6
[2026-02-26T12:29:25.100+0000] {snowflake.py:521} INFO - Running statement: CREATE OR REPLACE PROCEDURE SP_LOAD_RAW(FILE_NAME VARCHAR)
RETURNS VARCHAR
LANGUAGE SQL
EXECUTE AS CALLER
AS
$$
DECLARE
    rows_loaded INT;
BEGIN
    BEGIN TRANSACTION;

    -- Snowflake puts 18 columns from file into 18 colimns of table
    -- and 19th columns(ingestion_time) will be filled automatically
    EXECUTE IMMEDIATE 'COPY INTO AIRLINE_DWH.RAW_DATA.AIRLINE_RAW 
                       FROM @AIRLINE_DWH.RAW_DATA.MY_INTERNAL_STAGE/' || :FILE_NAME || ' 
                       FILE_FORMAT = (
                            FORMAT_NAME = AIRLINE_DWH.RAW_DATA.MY_CSV_FORMAT
                            ERROR_ON_COLUMN_COUNT_MISMATCH = FALSE 
                       ) 
                       ON_ERROR = ''ABORT_STATEMENT'' 
                       FORCE = TRUE'; 
    
    rows_loaded := SQLROWCOUNT;

    INSERT INTO AIRLINE_DWH.UTILS.ETL_LOGS (process_name, layer, rows_affected, status)
    VALUES ('SP_LOAD_RAW', 'BRONZE', :rows_loaded, 'SUCCESS');

    COMMIT;

    RETURN 'Loaded Raw Rows: ' || :rows_loaded;

END;
$$;, parameters: None
[2026-02-26T12:29:25.101+0000] {sql.py:814} INFO - Running statement: CREATE OR REPLACE PROCEDURE SP_LOAD_RAW(FILE_NAME VARCHAR)
RETURNS VARCHAR
LANGUAGE SQL
EXECUTE AS CALLER
AS
$$
DECLARE
    rows_loaded INT;
BEGIN
    BEGIN TRANSACTION;

    -- Snowflake puts 18 columns from file into 18 colimns of table
    -- and 19th columns(ingestion_time) will be filled automatically
    EXECUTE IMMEDIATE 'COPY INTO AIRLINE_DWH.RAW_DATA.AIRLINE_RAW 
                       FROM @AIRLINE_DWH.RAW_DATA.MY_INTERNAL_STAGE/' || :FILE_NAME || ' 
                       FILE_FORMAT = (
                            FORMAT_NAME = AIRLINE_DWH.RAW_DATA.MY_CSV_FORMAT
                            ERROR_ON_COLUMN_COUNT_MISMATCH = FALSE 
                       ) 
                       ON_ERROR = ''ABORT_STATEMENT'' 
                       FORCE = TRUE'; 
    
    rows_loaded := SQLROWCOUNT;

    INSERT INTO AIRLINE_DWH.UTILS.ETL_LOGS (process_name, layer, rows_affected, status)
    VALUES ('SP_LOAD_RAW', 'BRONZE', :rows_loaded, 'SUCCESS');

    COMMIT;

    RETURN 'Loaded Raw Rows: ' || :rows_loaded;

END;
$$;, parameters: None
[2026-02-26T12:29:25.231+0000] {sql.py:823} INFO - Rows affected: 1
[2026-02-26T12:29:25.233+0000] {snowflake.py:534} INFO - Rows affected: 1
[2026-02-26T12:29:25.234+0000] {snowflake.py:535} INFO - Snowflake query id: 01c2abad-0005-0f17-0001-37ce0008993a
[2026-02-26T12:29:25.440+0000] {taskinstance.py:349} INFO - ::group::Post task execution logs
[2026-02-26T12:29:25.441+0000] {taskinstance.py:361} INFO - Marking task as SUCCESS. dag_id=01_init_infrastructure, task_id=07_sp_raw, run_id=manual__2026-02-26T12:28:48.154880+00:00, execution_date=20260226T122848, start_date=20260226T122923, end_date=20260226T122925
[2026-02-26T12:29:25.473+0000] {logging_mixin.py:190} INFO - Task instance in success state
[2026-02-26T12:29:25.475+0000] {logging_mixin.py:190} INFO -  Previous state of the Task instance: running
[2026-02-26T12:29:25.477+0000] {logging_mixin.py:190} INFO - Dag name:01_init_infrastructure queued_at:2026-02-26 12:28:48.172982+00:00
[2026-02-26T12:29:25.478+0000] {logging_mixin.py:190} INFO - Task hostname:d54c9b653406 operator:SQLExecuteQueryOperator
[2026-02-26T12:29:25.496+0000] {local_task_job_runner.py:266} INFO - Task exited with return code 0
[2026-02-26T12:29:25.530+0000] {taskinstance.py:3924} INFO - 1 downstream tasks scheduled from follow-on schedule check
[2026-02-26T12:29:25.534+0000] {local_task_job_runner.py:245} INFO - ::endgroup::
