[2026-02-26T12:18:16.465+0000] {local_task_job_runner.py:123} INFO - ::group::Pre task execution logs
[2026-02-26T12:18:16.503+0000] {taskinstance.py:2631} INFO - Dependencies all met for dep_context=non-requeueable deps ti=<TaskInstance: 01_init_infrastructure.03_create_formats_stages manual__2026-02-26T12:18:04.019055+00:00 [queued]>
[2026-02-26T12:18:16.527+0000] {taskinstance.py:2631} INFO - Dependencies all met for dep_context=requeueable deps ti=<TaskInstance: 01_init_infrastructure.03_create_formats_stages manual__2026-02-26T12:18:04.019055+00:00 [queued]>
[2026-02-26T12:18:16.528+0000] {taskinstance.py:2884} INFO - Starting attempt 1 of 1
[2026-02-26T12:18:16.734+0000] {taskinstance.py:2907} INFO - Executing <Task(SQLExecuteQueryOperator): 03_create_formats_stages> on 2026-02-26 12:18:04.019055+00:00
[2026-02-26T12:18:16.747+0000] {standard_task_runner.py:72} INFO - Started process 3088 to run task
[2026-02-26T12:18:16.755+0000] {standard_task_runner.py:104} INFO - Running: ['***', 'tasks', 'run', '01_init_infrastructure', '03_create_formats_stages', 'manual__2026-02-26T12:18:04.019055+00:00', '--job-id', '542', '--raw', '--subdir', 'DAGS_FOLDER/01_init_infrastructure.py', '--cfg-path', '/tmp/tmp8lp9alj8']
[2026-02-26T12:18:16.760+0000] {standard_task_runner.py:105} INFO - Job 542: Subtask 03_create_formats_stages
[2026-02-26T12:18:16.863+0000] {task_command.py:467} INFO - Running <TaskInstance: 01_init_infrastructure.03_create_formats_stages manual__2026-02-26T12:18:04.019055+00:00 [running]> on host d54c9b653406
[2026-02-26T12:18:16.983+0000] {taskinstance.py:3157} INFO - Exporting env vars: AIRFLOW_CTX_DAG_OWNER='***' AIRFLOW_CTX_DAG_ID='01_init_infrastructure' AIRFLOW_CTX_TASK_ID='03_create_formats_stages' AIRFLOW_CTX_EXECUTION_DATE='2026-02-26T12:18:04.019055+00:00' AIRFLOW_CTX_TRY_NUMBER='1' AIRFLOW_CTX_DAG_RUN_ID='manual__2026-02-26T12:18:04.019055+00:00'
[2026-02-26T12:18:16.987+0000] {logging_mixin.py:190} INFO - Task instance is in running state
[2026-02-26T12:18:16.988+0000] {logging_mixin.py:190} INFO -  Previous state of the Task instance: queued
[2026-02-26T12:18:16.990+0000] {logging_mixin.py:190} INFO - Current task name:03_create_formats_stages state:running start_date:2026-02-26 12:18:16.505596+00:00
[2026-02-26T12:18:16.991+0000] {logging_mixin.py:190} INFO - Dag name:01_init_infrastructure and current dag run status:running
[2026-02-26T12:18:16.993+0000] {taskinstance.py:740} INFO - ::endgroup::
[2026-02-26T12:18:16.994+0000] {sql.py:306} INFO - Executing: USE DATABASE AIRLINE_DWH;
USE SCHEMA RAW_DATA;

-- Format CSV
CREATE OR REPLACE FILE FORMAT MY_CSV_FORMAT
  TYPE = 'CSV'
  FIELD_OPTIONALLY_ENCLOSED_BY = '"'
  SKIP_HEADER = 1
  NULL_IF = ('NULL', 'null', '');

-- Stage
CREATE OR REPLACE STAGE MY_INTERNAL_STAGE
  FILE_FORMAT = MY_CSV_FORMAT;
[2026-02-26T12:18:17.011+0000] {base.py:84} INFO - Retrieving connection 'snowflake_default'
[2026-02-26T12:18:17.226+0000] {base.py:84} INFO - Retrieving connection 'snowflake_default'
[2026-02-26T12:18:17.228+0000] {connection.py:486} INFO - Snowflake Connector for Python Version: 3.15.0, Python Version: 3.10.17, Platform: Linux-6.6.87.2-microsoft-standard-WSL2-x86_64-with-glibc2.36
[2026-02-26T12:18:17.229+0000] {connection.py:1391} INFO - Connecting to GLOBAL Snowflake domain
[2026-02-26T12:18:17.586+0000] {snowflake.py:521} INFO - Running statement: USE DATABASE AIRLINE_DWH;, parameters: None
[2026-02-26T12:18:17.588+0000] {sql.py:814} INFO - Running statement: USE DATABASE AIRLINE_DWH;, parameters: None
[2026-02-26T12:18:17.667+0000] {sql.py:823} INFO - Rows affected: 1
[2026-02-26T12:18:17.669+0000] {snowflake.py:534} INFO - Rows affected: 1
[2026-02-26T12:18:17.671+0000] {snowflake.py:535} INFO - Snowflake query id: 01c2aba2-0005-0f1f-0001-37ce0008778a
[2026-02-26T12:18:17.672+0000] {snowflake.py:521} INFO - Running statement: USE SCHEMA RAW_DATA;, parameters: None
[2026-02-26T12:18:17.673+0000] {sql.py:814} INFO - Running statement: USE SCHEMA RAW_DATA;, parameters: None
[2026-02-26T12:18:17.754+0000] {sql.py:823} INFO - Rows affected: 1
[2026-02-26T12:18:17.756+0000] {snowflake.py:534} INFO - Rows affected: 1
[2026-02-26T12:18:17.757+0000] {snowflake.py:535} INFO - Snowflake query id: 01c2aba2-0005-0f0f-0001-37ce000887c2
[2026-02-26T12:18:17.759+0000] {snowflake.py:521} INFO - Running statement: -- Format CSV
CREATE OR REPLACE FILE FORMAT MY_CSV_FORMAT
  TYPE = 'CSV'
  FIELD_OPTIONALLY_ENCLOSED_BY = '"'
  SKIP_HEADER = 1
  NULL_IF = ('NULL', 'null', '');, parameters: None
[2026-02-26T12:18:17.760+0000] {sql.py:814} INFO - Running statement: -- Format CSV
CREATE OR REPLACE FILE FORMAT MY_CSV_FORMAT
  TYPE = 'CSV'
  FIELD_OPTIONALLY_ENCLOSED_BY = '"'
  SKIP_HEADER = 1
  NULL_IF = ('NULL', 'null', '');, parameters: None
[2026-02-26T12:18:17.893+0000] {sql.py:823} INFO - Rows affected: 1
[2026-02-26T12:18:17.896+0000] {snowflake.py:534} INFO - Rows affected: 1
[2026-02-26T12:18:17.897+0000] {snowflake.py:535} INFO - Snowflake query id: 01c2aba2-0005-0f17-0001-37ce000897fa
[2026-02-26T12:18:17.899+0000] {snowflake.py:521} INFO - Running statement: -- Stage
CREATE OR REPLACE STAGE MY_INTERNAL_STAGE
  FILE_FORMAT = MY_CSV_FORMAT;, parameters: None
[2026-02-26T12:18:17.900+0000] {sql.py:814} INFO - Running statement: -- Stage
CREATE OR REPLACE STAGE MY_INTERNAL_STAGE
  FILE_FORMAT = MY_CSV_FORMAT;, parameters: None
[2026-02-26T12:18:18.057+0000] {sql.py:823} INFO - Rows affected: 1
[2026-02-26T12:18:18.060+0000] {snowflake.py:534} INFO - Rows affected: 1
[2026-02-26T12:18:18.062+0000] {snowflake.py:535} INFO - Snowflake query id: 01c2aba2-0005-0f1f-0001-37ce0008778e
[2026-02-26T12:18:18.289+0000] {taskinstance.py:349} INFO - ::group::Post task execution logs
[2026-02-26T12:18:18.291+0000] {taskinstance.py:361} INFO - Marking task as SUCCESS. dag_id=01_init_infrastructure, task_id=03_create_formats_stages, run_id=manual__2026-02-26T12:18:04.019055+00:00, execution_date=20260226T121804, start_date=20260226T121816, end_date=20260226T121818
[2026-02-26T12:18:18.331+0000] {logging_mixin.py:190} INFO - Task instance in success state
[2026-02-26T12:18:18.333+0000] {logging_mixin.py:190} INFO -  Previous state of the Task instance: running
[2026-02-26T12:18:18.334+0000] {logging_mixin.py:190} INFO - Dag name:01_init_infrastructure queued_at:2026-02-26 12:18:04.031568+00:00
[2026-02-26T12:18:18.336+0000] {logging_mixin.py:190} INFO - Task hostname:d54c9b653406 operator:SQLExecuteQueryOperator
[2026-02-26T12:18:18.378+0000] {local_task_job_runner.py:266} INFO - Task exited with return code 0
[2026-02-26T12:18:18.413+0000] {taskinstance.py:3924} INFO - 1 downstream tasks scheduled from follow-on schedule check
[2026-02-26T12:18:18.417+0000] {local_task_job_runner.py:245} INFO - ::endgroup::
