[2026-02-26T12:25:10.176+0000] {local_task_job_runner.py:123} INFO - ::group::Pre task execution logs
[2026-02-26T12:25:10.207+0000] {taskinstance.py:2631} INFO - Dependencies all met for dep_context=non-requeueable deps ti=<TaskInstance: 02_etl_pipeline_incremental.load_bronze_raw scheduled__2026-02-26T12:20:00+00:00 [queued]>
[2026-02-26T12:25:10.217+0000] {taskinstance.py:2631} INFO - Dependencies all met for dep_context=requeueable deps ti=<TaskInstance: 02_etl_pipeline_incremental.load_bronze_raw scheduled__2026-02-26T12:20:00+00:00 [queued]>
[2026-02-26T12:25:10.219+0000] {taskinstance.py:2884} INFO - Starting attempt 1 of 2
[2026-02-26T12:25:10.357+0000] {taskinstance.py:2907} INFO - Executing <Task(SQLExecuteQueryOperator): load_bronze_raw> on 2026-02-26 12:20:00+00:00
[2026-02-26T12:25:10.364+0000] {standard_task_runner.py:72} INFO - Started process 3272 to run task
[2026-02-26T12:25:10.370+0000] {standard_task_runner.py:104} INFO - Running: ['***', 'tasks', 'run', '02_etl_pipeline_incremental', 'load_bronze_raw', 'scheduled__2026-02-26T12:20:00+00:00', '--job-id', '564', '--raw', '--subdir', 'DAGS_FOLDER/02_etl_pipeline.py', '--cfg-path', '/tmp/tmpdkq7h05j']
[2026-02-26T12:25:10.372+0000] {standard_task_runner.py:105} INFO - Job 564: Subtask load_bronze_raw
[2026-02-26T12:25:10.450+0000] {task_command.py:467} INFO - Running <TaskInstance: 02_etl_pipeline_incremental.load_bronze_raw scheduled__2026-02-26T12:20:00+00:00 [running]> on host d54c9b653406
[2026-02-26T12:25:10.556+0000] {taskinstance.py:3157} INFO - Exporting env vars: AIRFLOW_CTX_DAG_OWNER='***' AIRFLOW_CTX_DAG_ID='02_etl_pipeline_incremental' AIRFLOW_CTX_TASK_ID='load_bronze_raw' AIRFLOW_CTX_EXECUTION_DATE='2026-02-26T12:20:00+00:00' AIRFLOW_CTX_TRY_NUMBER='1' AIRFLOW_CTX_DAG_RUN_ID='scheduled__2026-02-26T12:20:00+00:00'
[2026-02-26T12:25:10.558+0000] {logging_mixin.py:190} INFO - Task instance is in running state
[2026-02-26T12:25:10.559+0000] {logging_mixin.py:190} INFO -  Previous state of the Task instance: queued
[2026-02-26T12:25:10.561+0000] {logging_mixin.py:190} INFO - Current task name:load_bronze_raw state:running start_date:2026-02-26 12:25:10.208893+00:00
[2026-02-26T12:25:10.562+0000] {logging_mixin.py:190} INFO - Dag name:02_etl_pipeline_incremental and current dag run status:running
[2026-02-26T12:25:10.563+0000] {taskinstance.py:740} INFO - ::endgroup::
[2026-02-26T12:25:10.564+0000] {sql.py:306} INFO - Executing: CALL AIRLINE_DWH.RAW_DATA.SP_LOAD_RAW('Airline_Dataset.csv.gz');
[2026-02-26T12:25:10.579+0000] {base.py:84} INFO - Retrieving connection 'snowflake_default'
[2026-02-26T12:25:10.723+0000] {base.py:84} INFO - Retrieving connection 'snowflake_default'
[2026-02-26T12:25:10.725+0000] {connection.py:486} INFO - Snowflake Connector for Python Version: 3.15.0, Python Version: 3.10.17, Platform: Linux-6.6.87.2-microsoft-standard-WSL2-x86_64-with-glibc2.36
[2026-02-26T12:25:10.727+0000] {connection.py:1391} INFO - Connecting to GLOBAL Snowflake domain
[2026-02-26T12:25:11.775+0000] {snowflake.py:521} INFO - Running statement: CALL AIRLINE_DWH.RAW_DATA.SP_LOAD_RAW('Airline_Dataset.csv.gz');, parameters: None
[2026-02-26T12:25:11.777+0000] {sql.py:814} INFO - Running statement: CALL AIRLINE_DWH.RAW_DATA.SP_LOAD_RAW('Airline_Dataset.csv.gz');, parameters: None
[2026-02-26T12:25:15.051+0000] {sql.py:823} INFO - Rows affected: 1
[2026-02-26T12:25:15.053+0000] {snowflake.py:534} INFO - Rows affected: 1
[2026-02-26T12:25:15.054+0000] {snowflake.py:535} INFO - Snowflake query id: 01c2aba9-0005-0f17-0001-37ce000898a6
[2026-02-26T12:25:15.280+0000] {taskinstance.py:349} INFO - ::group::Post task execution logs
[2026-02-26T12:25:15.281+0000] {taskinstance.py:361} INFO - Marking task as SUCCESS. dag_id=02_etl_pipeline_incremental, task_id=load_bronze_raw, run_id=scheduled__2026-02-26T12:20:00+00:00, execution_date=20260226T122000, start_date=20260226T122510, end_date=20260226T122515
[2026-02-26T12:25:15.309+0000] {logging_mixin.py:190} INFO - Task instance in success state
[2026-02-26T12:25:15.310+0000] {logging_mixin.py:190} INFO -  Previous state of the Task instance: running
[2026-02-26T12:25:15.311+0000] {logging_mixin.py:190} INFO - Dag name:02_etl_pipeline_incremental queued_at:2026-02-26 12:25:00.218522+00:00
[2026-02-26T12:25:15.312+0000] {logging_mixin.py:190} INFO - Task hostname:d54c9b653406 operator:SQLExecuteQueryOperator
[2026-02-26T12:25:15.333+0000] {local_task_job_runner.py:266} INFO - Task exited with return code 0
[2026-02-26T12:25:15.378+0000] {standard_task_runner.py:217} INFO - Process not found (most likely exited), stop collecting metrics
[2026-02-26T12:25:15.392+0000] {taskinstance.py:3924} INFO - 3 downstream tasks scheduled from follow-on schedule check
[2026-02-26T12:25:15.396+0000] {local_task_job_runner.py:245} INFO - ::endgroup::
