[2026-02-26T13:53:46.684+0000] {local_task_job_runner.py:123} INFO - ::group::Pre task execution logs
[2026-02-26T13:53:46.705+0000] {taskinstance.py:2631} INFO - Dependencies all met for dep_context=non-requeueable deps ti=<TaskInstance: 01_init_infrastructure.01_create_database manual__2026-02-26T13:53:43.895474+00:00 [queued]>
[2026-02-26T13:53:46.714+0000] {taskinstance.py:2631} INFO - Dependencies all met for dep_context=requeueable deps ti=<TaskInstance: 01_init_infrastructure.01_create_database manual__2026-02-26T13:53:43.895474+00:00 [queued]>
[2026-02-26T13:53:46.716+0000] {taskinstance.py:2884} INFO - Starting attempt 1 of 1
[2026-02-26T13:53:46.734+0000] {taskinstance.py:2907} INFO - Executing <Task(SQLExecuteQueryOperator): 01_create_database> on 2026-02-26 13:53:43.895474+00:00
[2026-02-26T13:53:46.742+0000] {standard_task_runner.py:72} INFO - Started process 4984 to run task
[2026-02-26T13:53:46.750+0000] {standard_task_runner.py:104} INFO - Running: ['***', 'tasks', 'run', '01_init_infrastructure', '01_create_database', 'manual__2026-02-26T13:53:43.895474+00:00', '--job-id', '698', '--raw', '--subdir', 'DAGS_FOLDER/01_init_infrastructure.py', '--cfg-path', '/tmp/tmp66vj4r7c']
[2026-02-26T13:53:46.753+0000] {standard_task_runner.py:105} INFO - Job 698: Subtask 01_create_database
[2026-02-26T13:53:47.192+0000] {task_command.py:467} INFO - Running <TaskInstance: 01_init_infrastructure.01_create_database manual__2026-02-26T13:53:43.895474+00:00 [running]> on host d54c9b653406
[2026-02-26T13:53:47.307+0000] {taskinstance.py:3157} INFO - Exporting env vars: AIRFLOW_CTX_DAG_OWNER='***' AIRFLOW_CTX_DAG_ID='01_init_infrastructure' AIRFLOW_CTX_TASK_ID='01_create_database' AIRFLOW_CTX_EXECUTION_DATE='2026-02-26T13:53:43.895474+00:00' AIRFLOW_CTX_TRY_NUMBER='1' AIRFLOW_CTX_DAG_RUN_ID='manual__2026-02-26T13:53:43.895474+00:00'
[2026-02-26T13:53:47.308+0000] {logging_mixin.py:190} INFO - Task instance is in running state
[2026-02-26T13:53:47.310+0000] {logging_mixin.py:190} INFO -  Previous state of the Task instance: queued
[2026-02-26T13:53:47.311+0000] {logging_mixin.py:190} INFO - Current task name:01_create_database state:running start_date:2026-02-26 13:53:46.706687+00:00
[2026-02-26T13:53:47.312+0000] {logging_mixin.py:190} INFO - Dag name:01_init_infrastructure and current dag run status:running
[2026-02-26T13:53:47.313+0000] {taskinstance.py:740} INFO - ::endgroup::
[2026-02-26T13:53:47.314+0000] {sql.py:306} INFO - Executing: CREATE DATABASE IF NOT EXISTS AIRLINE_DWH;
[2026-02-26T13:53:47.327+0000] {base.py:84} INFO - Retrieving connection 'snowflake_default'
[2026-02-26T13:53:47.489+0000] {base.py:84} INFO - Retrieving connection 'snowflake_default'
[2026-02-26T13:53:47.493+0000] {connection.py:486} INFO - Snowflake Connector for Python Version: 3.15.0, Python Version: 3.10.17, Platform: Linux-6.6.87.2-microsoft-standard-WSL2-x86_64-with-glibc2.36
[2026-02-26T13:53:47.494+0000] {connection.py:1391} INFO - Connecting to GLOBAL Snowflake domain
[2026-02-26T13:53:48.842+0000] {snowflake.py:521} INFO - Running statement: CREATE DATABASE IF NOT EXISTS AIRLINE_DWH;, parameters: None
[2026-02-26T13:53:48.844+0000] {sql.py:814} INFO - Running statement: CREATE DATABASE IF NOT EXISTS AIRLINE_DWH;, parameters: None
[2026-02-26T13:53:48.980+0000] {sql.py:823} INFO - Rows affected: 1
[2026-02-26T13:53:48.983+0000] {snowflake.py:534} INFO - Rows affected: 1
[2026-02-26T13:53:48.985+0000] {snowflake.py:535} INFO - Snowflake query id: 01c2ac01-0005-0f1f-0001-37ce00087fb6
[2026-02-26T13:53:49.212+0000] {taskinstance.py:349} INFO - ::group::Post task execution logs
[2026-02-26T13:53:49.214+0000] {taskinstance.py:361} INFO - Marking task as SUCCESS. dag_id=01_init_infrastructure, task_id=01_create_database, run_id=manual__2026-02-26T13:53:43.895474+00:00, execution_date=20260226T135343, start_date=20260226T135346, end_date=20260226T135349
[2026-02-26T13:53:49.249+0000] {logging_mixin.py:190} INFO - Task instance in success state
[2026-02-26T13:53:49.251+0000] {logging_mixin.py:190} INFO -  Previous state of the Task instance: running
[2026-02-26T13:53:49.253+0000] {logging_mixin.py:190} INFO - Dag name:01_init_infrastructure queued_at:2026-02-26 13:53:43.942840+00:00
[2026-02-26T13:53:49.254+0000] {logging_mixin.py:190} INFO - Task hostname:d54c9b653406 operator:SQLExecuteQueryOperator
[2026-02-26T13:53:49.298+0000] {local_task_job_runner.py:266} INFO - Task exited with return code 0
[2026-02-26T13:53:49.478+0000] {taskinstance.py:3924} INFO - 1 downstream tasks scheduled from follow-on schedule check
[2026-02-26T13:53:49.487+0000] {local_task_job_runner.py:245} INFO - ::endgroup::
