[2026-02-26T12:12:09.713+0000] {local_task_job_runner.py:123} INFO - ::group::Pre task execution logs
[2026-02-26T12:12:09.749+0000] {taskinstance.py:2631} INFO - Dependencies all met for dep_context=non-requeueable deps ti=<TaskInstance: 01_init_infrastructure.07_sp_raw manual__2026-02-26T12:04:35.460097+00:00 [queued]>
[2026-02-26T12:12:09.766+0000] {taskinstance.py:2631} INFO - Dependencies all met for dep_context=requeueable deps ti=<TaskInstance: 01_init_infrastructure.07_sp_raw manual__2026-02-26T12:04:35.460097+00:00 [queued]>
[2026-02-26T12:12:09.767+0000] {taskinstance.py:2884} INFO - Starting attempt 1 of 1
[2026-02-26T12:12:09.964+0000] {taskinstance.py:2907} INFO - Executing <Task(SQLExecuteQueryOperator): 07_sp_raw> on 2026-02-26 12:04:35.460097+00:00
[2026-02-26T12:12:09.975+0000] {standard_task_runner.py:72} INFO - Started process 2900 to run task
[2026-02-26T12:12:09.982+0000] {standard_task_runner.py:104} INFO - Running: ['***', 'tasks', 'run', '01_init_infrastructure', '07_sp_raw', 'manual__2026-02-26T12:04:35.460097+00:00', '--job-id', '515', '--raw', '--subdir', 'DAGS_FOLDER/01_init_infrastructure.py', '--cfg-path', '/tmp/tmp0v7tgso0']
[2026-02-26T12:12:09.986+0000] {standard_task_runner.py:105} INFO - Job 515: Subtask 07_sp_raw
[2026-02-26T12:12:10.086+0000] {task_command.py:467} INFO - Running <TaskInstance: 01_init_infrastructure.07_sp_raw manual__2026-02-26T12:04:35.460097+00:00 [running]> on host d54c9b653406
[2026-02-26T12:12:10.241+0000] {taskinstance.py:3157} INFO - Exporting env vars: AIRFLOW_CTX_DAG_OWNER='***' AIRFLOW_CTX_DAG_ID='01_init_infrastructure' AIRFLOW_CTX_TASK_ID='07_sp_raw' AIRFLOW_CTX_EXECUTION_DATE='2026-02-26T12:04:35.460097+00:00' AIRFLOW_CTX_TRY_NUMBER='1' AIRFLOW_CTX_DAG_RUN_ID='manual__2026-02-26T12:04:35.460097+00:00'
[2026-02-26T12:12:10.244+0000] {logging_mixin.py:190} INFO - Task instance is in running state
[2026-02-26T12:12:10.245+0000] {logging_mixin.py:190} INFO -  Previous state of the Task instance: queued
[2026-02-26T12:12:10.246+0000] {logging_mixin.py:190} INFO - Current task name:07_sp_raw state:running start_date:2026-02-26 12:12:09.751044+00:00
[2026-02-26T12:12:10.247+0000] {logging_mixin.py:190} INFO - Dag name:01_init_infrastructure and current dag run status:running
[2026-02-26T12:12:10.249+0000] {taskinstance.py:740} INFO - ::endgroup::
[2026-02-26T12:12:10.250+0000] {sql.py:306} INFO - Executing: USE DATABASE AIRLINE_DWH;
USE SCHEMA RAW_DATA;

CREATE OR REPLACE PROCEDURE SP_LOAD_RAW(FILE_NAME VARCHAR)
RETURNS VARCHAR
LANGUAGE SQL
EXECUTE AS CALLER
AS
$$
DECLARE
    rows_loaded INT;
BEGIN
    BEGIN TRANSACTION;

    -- Snowflake puts 18 columns from file into 18 colimns of table
    -- and 19th columns(ingestion_time) will be filled automatically
    EXECUTE IMMEDIATE 'COPY INTO AIRLINE_DWH.RAW_DATA.AIRLINE_RAW 
                       FROM @AIRLINE_DWH.RAW_DATA.MY_INTERNAL_STAGE/' || :FILE_NAME || ' 
                       FILE_FORMAT = (
                            FORMAT_NAME = AIRLINE_DWH.RAW_DATA.MY_CSV_FORMAT
                            ERROR_ON_COLUMN_COUNT_MISMATCH = FALSE 
                       ) 
                       ON_ERROR = ''ABORT_STATEMENT'' 
                       FORCE = TRUE'; 
    
    rows_loaded := SQLROWCOUNT;

    INSERT INTO AIRLINE_DWH.UTILS.ETL_LOGS (process_name, layer, rows_affected, status)
    VALUES ('SP_LOAD_RAW', 'BRONZE', :rows_loaded, 'SUCCESS');

    COMMIT;

    RETURN 'Loaded Raw Rows: ' || :rows_loaded;

END;
$$;
[2026-02-26T12:12:10.273+0000] {base.py:84} INFO - Retrieving connection 'snowflake_default'
[2026-02-26T12:12:10.544+0000] {base.py:84} INFO - Retrieving connection 'snowflake_default'
[2026-02-26T12:12:10.550+0000] {connection.py:486} INFO - Snowflake Connector for Python Version: 3.15.0, Python Version: 3.10.17, Platform: Linux-6.6.87.2-microsoft-standard-WSL2-x86_64-with-glibc2.36
[2026-02-26T12:12:10.552+0000] {connection.py:1391} INFO - Connecting to GLOBAL Snowflake domain
[2026-02-26T12:12:10.991+0000] {snowflake.py:521} INFO - Running statement: USE DATABASE AIRLINE_DWH;, parameters: None
[2026-02-26T12:12:10.993+0000] {sql.py:814} INFO - Running statement: USE DATABASE AIRLINE_DWH;, parameters: None
[2026-02-26T12:12:11.075+0000] {sql.py:823} INFO - Rows affected: 1
[2026-02-26T12:12:11.077+0000] {snowflake.py:534} INFO - Rows affected: 1
[2026-02-26T12:12:11.078+0000] {snowflake.py:535} INFO - Snowflake query id: 01c2ab9c-0005-0f17-0001-37ce00089062
[2026-02-26T12:12:11.080+0000] {snowflake.py:521} INFO - Running statement: USE SCHEMA RAW_DATA;, parameters: None
[2026-02-26T12:12:11.081+0000] {sql.py:814} INFO - Running statement: USE SCHEMA RAW_DATA;, parameters: None
[2026-02-26T12:12:11.168+0000] {sql.py:823} INFO - Rows affected: 1
[2026-02-26T12:12:11.169+0000] {snowflake.py:534} INFO - Rows affected: 1
[2026-02-26T12:12:11.171+0000] {snowflake.py:535} INFO - Snowflake query id: 01c2ab9c-0005-0f1f-0001-37ce0008707a
[2026-02-26T12:12:11.173+0000] {snowflake.py:521} INFO - Running statement: CREATE OR REPLACE PROCEDURE SP_LOAD_RAW(FILE_NAME VARCHAR)
RETURNS VARCHAR
LANGUAGE SQL
EXECUTE AS CALLER
AS
$$
DECLARE
    rows_loaded INT;
BEGIN
    BEGIN TRANSACTION;

    -- Snowflake puts 18 columns from file into 18 colimns of table
    -- and 19th columns(ingestion_time) will be filled automatically
    EXECUTE IMMEDIATE 'COPY INTO AIRLINE_DWH.RAW_DATA.AIRLINE_RAW 
                       FROM @AIRLINE_DWH.RAW_DATA.MY_INTERNAL_STAGE/' || :FILE_NAME || ' 
                       FILE_FORMAT = (
                            FORMAT_NAME = AIRLINE_DWH.RAW_DATA.MY_CSV_FORMAT
                            ERROR_ON_COLUMN_COUNT_MISMATCH = FALSE 
                       ) 
                       ON_ERROR = ''ABORT_STATEMENT'' 
                       FORCE = TRUE'; 
    
    rows_loaded := SQLROWCOUNT;

    INSERT INTO AIRLINE_DWH.UTILS.ETL_LOGS (process_name, layer, rows_affected, status)
    VALUES ('SP_LOAD_RAW', 'BRONZE', :rows_loaded, 'SUCCESS');

    COMMIT;

    RETURN 'Loaded Raw Rows: ' || :rows_loaded;

END;
$$;, parameters: None
[2026-02-26T12:12:11.175+0000] {sql.py:814} INFO - Running statement: CREATE OR REPLACE PROCEDURE SP_LOAD_RAW(FILE_NAME VARCHAR)
RETURNS VARCHAR
LANGUAGE SQL
EXECUTE AS CALLER
AS
$$
DECLARE
    rows_loaded INT;
BEGIN
    BEGIN TRANSACTION;

    -- Snowflake puts 18 columns from file into 18 colimns of table
    -- and 19th columns(ingestion_time) will be filled automatically
    EXECUTE IMMEDIATE 'COPY INTO AIRLINE_DWH.RAW_DATA.AIRLINE_RAW 
                       FROM @AIRLINE_DWH.RAW_DATA.MY_INTERNAL_STAGE/' || :FILE_NAME || ' 
                       FILE_FORMAT = (
                            FORMAT_NAME = AIRLINE_DWH.RAW_DATA.MY_CSV_FORMAT
                            ERROR_ON_COLUMN_COUNT_MISMATCH = FALSE 
                       ) 
                       ON_ERROR = ''ABORT_STATEMENT'' 
                       FORCE = TRUE'; 
    
    rows_loaded := SQLROWCOUNT;

    INSERT INTO AIRLINE_DWH.UTILS.ETL_LOGS (process_name, layer, rows_affected, status)
    VALUES ('SP_LOAD_RAW', 'BRONZE', :rows_loaded, 'SUCCESS');

    COMMIT;

    RETURN 'Loaded Raw Rows: ' || :rows_loaded;

END;
$$;, parameters: None
[2026-02-26T12:12:11.334+0000] {sql.py:823} INFO - Rows affected: 1
[2026-02-26T12:12:11.342+0000] {snowflake.py:534} INFO - Rows affected: 1
[2026-02-26T12:12:11.348+0000] {snowflake.py:535} INFO - Snowflake query id: 01c2ab9c-0005-0f0f-0001-37ce0008807e
[2026-02-26T12:12:11.570+0000] {taskinstance.py:349} INFO - ::group::Post task execution logs
[2026-02-26T12:12:11.571+0000] {taskinstance.py:361} INFO - Marking task as SUCCESS. dag_id=01_init_infrastructure, task_id=07_sp_raw, run_id=manual__2026-02-26T12:04:35.460097+00:00, execution_date=20260226T120435, start_date=20260226T121209, end_date=20260226T121211
[2026-02-26T12:12:11.613+0000] {logging_mixin.py:190} INFO - Task instance in success state
[2026-02-26T12:12:11.618+0000] {logging_mixin.py:190} INFO -  Previous state of the Task instance: running
[2026-02-26T12:12:11.621+0000] {logging_mixin.py:190} INFO - Dag name:01_init_infrastructure queued_at:2026-02-26 12:04:35.477448+00:00
[2026-02-26T12:12:11.623+0000] {logging_mixin.py:190} INFO - Task hostname:d54c9b653406 operator:SQLExecuteQueryOperator
[2026-02-26T12:12:11.684+0000] {local_task_job_runner.py:266} INFO - Task exited with return code 0
[2026-02-26T12:12:11.742+0000] {taskinstance.py:3924} INFO - 1 downstream tasks scheduled from follow-on schedule check
[2026-02-26T12:12:11.747+0000] {local_task_job_runner.py:245} INFO - ::endgroup::
