[2026-02-26T12:18:20.474+0000] {local_task_job_runner.py:123} INFO - ::group::Pre task execution logs
[2026-02-26T12:18:20.502+0000] {taskinstance.py:2631} INFO - Dependencies all met for dep_context=non-requeueable deps ti=<TaskInstance: 01_init_infrastructure.04_create_bronze_layer manual__2026-02-26T12:18:04.019055+00:00 [queued]>
[2026-02-26T12:18:20.516+0000] {taskinstance.py:2631} INFO - Dependencies all met for dep_context=requeueable deps ti=<TaskInstance: 01_init_infrastructure.04_create_bronze_layer manual__2026-02-26T12:18:04.019055+00:00 [queued]>
[2026-02-26T12:18:20.518+0000] {taskinstance.py:2884} INFO - Starting attempt 1 of 1
[2026-02-26T12:18:20.661+0000] {taskinstance.py:2907} INFO - Executing <Task(SQLExecuteQueryOperator): 04_create_bronze_layer> on 2026-02-26 12:18:04.019055+00:00
[2026-02-26T12:18:20.668+0000] {standard_task_runner.py:72} INFO - Started process 3092 to run task
[2026-02-26T12:18:20.675+0000] {standard_task_runner.py:104} INFO - Running: ['***', 'tasks', 'run', '01_init_infrastructure', '04_create_bronze_layer', 'manual__2026-02-26T12:18:04.019055+00:00', '--job-id', '543', '--raw', '--subdir', 'DAGS_FOLDER/01_init_infrastructure.py', '--cfg-path', '/tmp/tmpb2pxcdgr']
[2026-02-26T12:18:20.677+0000] {standard_task_runner.py:105} INFO - Job 543: Subtask 04_create_bronze_layer
[2026-02-26T12:18:20.748+0000] {task_command.py:467} INFO - Running <TaskInstance: 01_init_infrastructure.04_create_bronze_layer manual__2026-02-26T12:18:04.019055+00:00 [running]> on host d54c9b653406
[2026-02-26T12:18:20.838+0000] {taskinstance.py:3157} INFO - Exporting env vars: AIRFLOW_CTX_DAG_OWNER='***' AIRFLOW_CTX_DAG_ID='01_init_infrastructure' AIRFLOW_CTX_TASK_ID='04_create_bronze_layer' AIRFLOW_CTX_EXECUTION_DATE='2026-02-26T12:18:04.019055+00:00' AIRFLOW_CTX_TRY_NUMBER='1' AIRFLOW_CTX_DAG_RUN_ID='manual__2026-02-26T12:18:04.019055+00:00'
[2026-02-26T12:18:20.843+0000] {logging_mixin.py:190} INFO - Task instance is in running state
[2026-02-26T12:18:20.844+0000] {logging_mixin.py:190} INFO -  Previous state of the Task instance: queued
[2026-02-26T12:18:20.846+0000] {logging_mixin.py:190} INFO - Current task name:04_create_bronze_layer state:running start_date:2026-02-26 12:18:20.503976+00:00
[2026-02-26T12:18:20.847+0000] {logging_mixin.py:190} INFO - Dag name:01_init_infrastructure and current dag run status:running
[2026-02-26T12:18:20.848+0000] {taskinstance.py:740} INFO - ::endgroup::
[2026-02-26T12:18:20.849+0000] {sql.py:306} INFO - Executing: USE DATABASE AIRLINE_DWH;
USE SCHEMA RAW_DATA;

-- Raw Data
CREATE OR REPLACE TABLE AIRLINE_RAW (
    row_id VARCHAR,
    passenger_id VARCHAR,
    first_name VARCHAR,
    last_name VARCHAR,
    gender VARCHAR,
    age VARCHAR,
    nationality VARCHAR,
    airport_name VARCHAR,
    airport_country_code VARCHAR,
    country_name VARCHAR,
    airport_continent VARCHAR,
    continents VARCHAR,
    departure_date VARCHAR,
    arrival_airport VARCHAR,
    pilot_name VARCHAR,
    flight_status VARCHAR,
    ticket_type VARCHAR,
    passenger_status VARCHAR,
    ingestion_time TIMESTAMP_NTZ DEFAULT CURRENT_TIMESTAMP()
);

-- Stream, Fan-out pattern
CREATE OR REPLACE STREAM STREAM_FOR_PASSENGERS ON TABLE AIRLINE_RAW;
CREATE OR REPLACE STREAM STREAM_FOR_PILOTS     ON TABLE AIRLINE_RAW;
CREATE OR REPLACE STREAM STREAM_FOR_AIRPORTS   ON TABLE AIRLINE_RAW;
CREATE OR REPLACE STREAM STREAM_FOR_FACTS      ON TABLE AIRLINE_RAW;
[2026-02-26T12:18:20.864+0000] {base.py:84} INFO - Retrieving connection 'snowflake_default'
[2026-02-26T12:18:21.015+0000] {base.py:84} INFO - Retrieving connection 'snowflake_default'
[2026-02-26T12:18:21.017+0000] {connection.py:486} INFO - Snowflake Connector for Python Version: 3.15.0, Python Version: 3.10.17, Platform: Linux-6.6.87.2-microsoft-standard-WSL2-x86_64-with-glibc2.36
[2026-02-26T12:18:21.019+0000] {connection.py:1391} INFO - Connecting to GLOBAL Snowflake domain
[2026-02-26T12:18:21.381+0000] {snowflake.py:521} INFO - Running statement: USE DATABASE AIRLINE_DWH;, parameters: None
[2026-02-26T12:18:21.383+0000] {sql.py:814} INFO - Running statement: USE DATABASE AIRLINE_DWH;, parameters: None
[2026-02-26T12:18:21.465+0000] {sql.py:823} INFO - Rows affected: 1
[2026-02-26T12:18:21.467+0000] {snowflake.py:534} INFO - Rows affected: 1
[2026-02-26T12:18:21.469+0000] {snowflake.py:535} INFO - Snowflake query id: 01c2aba2-0005-0f1f-0001-37ce00087792
[2026-02-26T12:18:21.470+0000] {snowflake.py:521} INFO - Running statement: USE SCHEMA RAW_DATA;, parameters: None
[2026-02-26T12:18:21.471+0000] {sql.py:814} INFO - Running statement: USE SCHEMA RAW_DATA;, parameters: None
[2026-02-26T12:18:21.548+0000] {sql.py:823} INFO - Rows affected: 1
[2026-02-26T12:18:21.550+0000] {snowflake.py:534} INFO - Rows affected: 1
[2026-02-26T12:18:21.551+0000] {snowflake.py:535} INFO - Snowflake query id: 01c2aba2-0005-0f0f-0001-37ce000887ca
[2026-02-26T12:18:21.552+0000] {snowflake.py:521} INFO - Running statement: -- Raw Data
CREATE OR REPLACE TABLE AIRLINE_RAW (
    row_id VARCHAR,
    passenger_id VARCHAR,
    first_name VARCHAR,
    last_name VARCHAR,
    gender VARCHAR,
    age VARCHAR,
    nationality VARCHAR,
    airport_name VARCHAR,
    airport_country_code VARCHAR,
    country_name VARCHAR,
    airport_continent VARCHAR,
    continents VARCHAR,
    departure_date VARCHAR,
    arrival_airport VARCHAR,
    pilot_name VARCHAR,
    flight_status VARCHAR,
    ticket_type VARCHAR,
    passenger_status VARCHAR,
    ingestion_time TIMESTAMP_NTZ DEFAULT CURRENT_TIMESTAMP()
);, parameters: None
[2026-02-26T12:18:21.554+0000] {sql.py:814} INFO - Running statement: -- Raw Data
CREATE OR REPLACE TABLE AIRLINE_RAW (
    row_id VARCHAR,
    passenger_id VARCHAR,
    first_name VARCHAR,
    last_name VARCHAR,
    gender VARCHAR,
    age VARCHAR,
    nationality VARCHAR,
    airport_name VARCHAR,
    airport_country_code VARCHAR,
    country_name VARCHAR,
    airport_continent VARCHAR,
    continents VARCHAR,
    departure_date VARCHAR,
    arrival_airport VARCHAR,
    pilot_name VARCHAR,
    flight_status VARCHAR,
    ticket_type VARCHAR,
    passenger_status VARCHAR,
    ingestion_time TIMESTAMP_NTZ DEFAULT CURRENT_TIMESTAMP()
);, parameters: None
[2026-02-26T12:18:21.799+0000] {sql.py:823} INFO - Rows affected: 1
[2026-02-26T12:18:21.802+0000] {snowflake.py:534} INFO - Rows affected: 1
[2026-02-26T12:18:21.803+0000] {snowflake.py:535} INFO - Snowflake query id: 01c2aba2-0005-0f17-0001-37ce00089802
[2026-02-26T12:18:21.804+0000] {snowflake.py:521} INFO - Running statement: -- Stream, Fan-out pattern
CREATE OR REPLACE STREAM STREAM_FOR_PASSENGERS ON TABLE AIRLINE_RAW;, parameters: None
[2026-02-26T12:18:21.806+0000] {sql.py:814} INFO - Running statement: -- Stream, Fan-out pattern
CREATE OR REPLACE STREAM STREAM_FOR_PASSENGERS ON TABLE AIRLINE_RAW;, parameters: None
[2026-02-26T12:18:22.125+0000] {sql.py:823} INFO - Rows affected: 1
[2026-02-26T12:18:22.127+0000] {snowflake.py:534} INFO - Rows affected: 1
[2026-02-26T12:18:22.128+0000] {snowflake.py:535} INFO - Snowflake query id: 01c2aba2-0005-0f1f-0001-37ce00087796
[2026-02-26T12:18:22.130+0000] {snowflake.py:521} INFO - Running statement: CREATE OR REPLACE STREAM STREAM_FOR_PILOTS     ON TABLE AIRLINE_RAW;, parameters: None
[2026-02-26T12:18:22.131+0000] {sql.py:814} INFO - Running statement: CREATE OR REPLACE STREAM STREAM_FOR_PILOTS     ON TABLE AIRLINE_RAW;, parameters: None
[2026-02-26T12:18:22.784+0000] {sql.py:823} INFO - Rows affected: 1
[2026-02-26T12:18:22.786+0000] {snowflake.py:534} INFO - Rows affected: 1
[2026-02-26T12:18:22.787+0000] {snowflake.py:535} INFO - Snowflake query id: 01c2aba2-0005-0f0f-0001-37ce000887ce
[2026-02-26T12:18:22.788+0000] {snowflake.py:521} INFO - Running statement: CREATE OR REPLACE STREAM STREAM_FOR_AIRPORTS   ON TABLE AIRLINE_RAW;, parameters: None
[2026-02-26T12:18:22.789+0000] {sql.py:814} INFO - Running statement: CREATE OR REPLACE STREAM STREAM_FOR_AIRPORTS   ON TABLE AIRLINE_RAW;, parameters: None
[2026-02-26T12:18:22.973+0000] {sql.py:823} INFO - Rows affected: 1
[2026-02-26T12:18:22.975+0000] {snowflake.py:534} INFO - Rows affected: 1
[2026-02-26T12:18:22.977+0000] {snowflake.py:535} INFO - Snowflake query id: 01c2aba2-0005-0f1f-0001-37ce0008779a
[2026-02-26T12:18:22.978+0000] {snowflake.py:521} INFO - Running statement: CREATE OR REPLACE STREAM STREAM_FOR_FACTS      ON TABLE AIRLINE_RAW;, parameters: None
[2026-02-26T12:18:22.979+0000] {sql.py:814} INFO - Running statement: CREATE OR REPLACE STREAM STREAM_FOR_FACTS      ON TABLE AIRLINE_RAW;, parameters: None
[2026-02-26T12:18:23.088+0000] {sql.py:823} INFO - Rows affected: 1
[2026-02-26T12:18:23.090+0000] {snowflake.py:534} INFO - Rows affected: 1
[2026-02-26T12:18:23.092+0000] {snowflake.py:535} INFO - Snowflake query id: 01c2aba2-0005-0f0f-0001-37ce000887d2
[2026-02-26T12:18:23.340+0000] {taskinstance.py:349} INFO - ::group::Post task execution logs
[2026-02-26T12:18:23.342+0000] {taskinstance.py:361} INFO - Marking task as SUCCESS. dag_id=01_init_infrastructure, task_id=04_create_bronze_layer, run_id=manual__2026-02-26T12:18:04.019055+00:00, execution_date=20260226T121804, start_date=20260226T121820, end_date=20260226T121823
[2026-02-26T12:18:23.380+0000] {logging_mixin.py:190} INFO - Task instance in success state
[2026-02-26T12:18:23.382+0000] {logging_mixin.py:190} INFO -  Previous state of the Task instance: running
[2026-02-26T12:18:23.383+0000] {logging_mixin.py:190} INFO - Dag name:01_init_infrastructure queued_at:2026-02-26 12:18:04.031568+00:00
[2026-02-26T12:18:23.385+0000] {logging_mixin.py:190} INFO - Task hostname:d54c9b653406 operator:SQLExecuteQueryOperator
[2026-02-26T12:18:23.426+0000] {local_task_job_runner.py:266} INFO - Task exited with return code 0
[2026-02-26T12:18:23.466+0000] {taskinstance.py:3924} INFO - 0 downstream tasks scheduled from follow-on schedule check
[2026-02-26T12:18:23.471+0000] {local_task_job_runner.py:245} INFO - ::endgroup::
