[2026-02-26T13:21:09.866+0000] {local_task_job_runner.py:123} INFO - ::group::Pre task execution logs
[2026-02-26T13:21:09.910+0000] {taskinstance.py:2631} INFO - Dependencies all met for dep_context=non-requeueable deps ti=<TaskInstance: 02_etl_pipeline_incremental.load_silver_facts manual__2026-02-26T13:20:17.271730+00:00 [queued]>
[2026-02-26T13:21:09.927+0000] {taskinstance.py:2631} INFO - Dependencies all met for dep_context=requeueable deps ti=<TaskInstance: 02_etl_pipeline_incremental.load_silver_facts manual__2026-02-26T13:20:17.271730+00:00 [queued]>
[2026-02-26T13:21:09.928+0000] {taskinstance.py:2884} INFO - Starting attempt 1 of 2
[2026-02-26T13:21:10.122+0000] {taskinstance.py:2907} INFO - Executing <Task(SQLExecuteQueryOperator): load_silver_facts> on 2026-02-26 13:20:17.271730+00:00
[2026-02-26T13:21:10.134+0000] {standard_task_runner.py:72} INFO - Started process 4516 to run task
[2026-02-26T13:21:10.140+0000] {standard_task_runner.py:104} INFO - Running: ['***', 'tasks', 'run', '02_etl_pipeline_incremental', 'load_silver_facts', 'manual__2026-02-26T13:20:17.271730+00:00', '--job-id', '688', '--raw', '--subdir', 'DAGS_FOLDER/02_etl_pipeline.py', '--cfg-path', '/tmp/tmplbpw7mv9']
[2026-02-26T13:21:10.143+0000] {standard_task_runner.py:105} INFO - Job 688: Subtask load_silver_facts
[2026-02-26T13:21:10.221+0000] {task_command.py:467} INFO - Running <TaskInstance: 02_etl_pipeline_incremental.load_silver_facts manual__2026-02-26T13:20:17.271730+00:00 [running]> on host d54c9b653406
[2026-02-26T13:21:10.331+0000] {taskinstance.py:3157} INFO - Exporting env vars: AIRFLOW_CTX_DAG_OWNER='***' AIRFLOW_CTX_DAG_ID='02_etl_pipeline_incremental' AIRFLOW_CTX_TASK_ID='load_silver_facts' AIRFLOW_CTX_EXECUTION_DATE='2026-02-26T13:20:17.271730+00:00' AIRFLOW_CTX_TRY_NUMBER='1' AIRFLOW_CTX_DAG_RUN_ID='manual__2026-02-26T13:20:17.271730+00:00'
[2026-02-26T13:21:10.333+0000] {logging_mixin.py:190} INFO - Task instance is in running state
[2026-02-26T13:21:10.335+0000] {logging_mixin.py:190} INFO -  Previous state of the Task instance: queued
[2026-02-26T13:21:10.336+0000] {logging_mixin.py:190} INFO - Current task name:load_silver_facts state:running start_date:2026-02-26 13:21:09.911652+00:00
[2026-02-26T13:21:10.337+0000] {logging_mixin.py:190} INFO - Dag name:02_etl_pipeline_incremental and current dag run status:running
[2026-02-26T13:21:10.338+0000] {taskinstance.py:740} INFO - ::endgroup::
[2026-02-26T13:21:10.339+0000] {sql.py:306} INFO - Executing: CALL AIRLINE_DWH.SILVER_DATA.SP_LOAD_FACT_AIRLINE();
[2026-02-26T13:21:10.359+0000] {base.py:84} INFO - Retrieving connection 'snowflake_default'
[2026-02-26T13:21:10.571+0000] {base.py:84} INFO - Retrieving connection 'snowflake_default'
[2026-02-26T13:21:10.576+0000] {connection.py:486} INFO - Snowflake Connector for Python Version: 3.15.0, Python Version: 3.10.17, Platform: Linux-6.6.87.2-microsoft-standard-WSL2-x86_64-with-glibc2.36
[2026-02-26T13:21:10.578+0000] {connection.py:1391} INFO - Connecting to GLOBAL Snowflake domain
[2026-02-26T13:21:11.118+0000] {snowflake.py:521} INFO - Running statement: CALL AIRLINE_DWH.SILVER_DATA.SP_LOAD_FACT_AIRLINE();, parameters: None
[2026-02-26T13:21:11.120+0000] {sql.py:814} INFO - Running statement: CALL AIRLINE_DWH.SILVER_DATA.SP_LOAD_FACT_AIRLINE();, parameters: None
[2026-02-26T13:21:13.135+0000] {sql.py:823} INFO - Rows affected: 1
[2026-02-26T13:21:13.137+0000] {snowflake.py:534} INFO - Rows affected: 1
[2026-02-26T13:21:13.139+0000] {snowflake.py:535} INFO - Snowflake query id: 01c2abe1-0005-0f1f-0001-37ce00087c2e
[2026-02-26T13:21:13.361+0000] {taskinstance.py:349} INFO - ::group::Post task execution logs
[2026-02-26T13:21:13.363+0000] {taskinstance.py:361} INFO - Marking task as SUCCESS. dag_id=02_etl_pipeline_incremental, task_id=load_silver_facts, run_id=manual__2026-02-26T13:20:17.271730+00:00, execution_date=20260226T132017, start_date=20260226T132109, end_date=20260226T132113
[2026-02-26T13:21:13.394+0000] {logging_mixin.py:190} INFO - Task instance in success state
[2026-02-26T13:21:13.396+0000] {logging_mixin.py:190} INFO -  Previous state of the Task instance: running
[2026-02-26T13:21:13.397+0000] {logging_mixin.py:190} INFO - Dag name:02_etl_pipeline_incremental queued_at:2026-02-26 13:20:17.291987+00:00
[2026-02-26T13:21:13.399+0000] {logging_mixin.py:190} INFO - Task hostname:d54c9b653406 operator:SQLExecuteQueryOperator
[2026-02-26T13:21:13.451+0000] {local_task_job_runner.py:266} INFO - Task exited with return code 0
[2026-02-26T13:21:13.491+0000] {taskinstance.py:3924} INFO - 1 downstream tasks scheduled from follow-on schedule check
[2026-02-26T13:21:13.495+0000] {local_task_job_runner.py:245} INFO - ::endgroup::
