[2026-02-26T13:20:02.593+0000] {local_task_job_runner.py:123} INFO - ::group::Pre task execution logs
[2026-02-26T13:20:02.618+0000] {taskinstance.py:2631} INFO - Dependencies all met for dep_context=non-requeueable deps ti=<TaskInstance: 02_etl_pipeline_incremental.check_and_get_file scheduled__2026-02-26T13:15:00+00:00 [queued]>
[2026-02-26T13:20:02.634+0000] {taskinstance.py:2631} INFO - Dependencies all met for dep_context=requeueable deps ti=<TaskInstance: 02_etl_pipeline_incremental.check_and_get_file scheduled__2026-02-26T13:15:00+00:00 [queued]>
[2026-02-26T13:20:02.636+0000] {taskinstance.py:2884} INFO - Starting attempt 1 of 2
[2026-02-26T13:20:02.652+0000] {taskinstance.py:2907} INFO - Executing <Task(ShortCircuitOperator): check_and_get_file> on 2026-02-26 13:15:00+00:00
[2026-02-26T13:20:02.659+0000] {standard_task_runner.py:72} INFO - Started process 4438 to run task
[2026-02-26T13:20:02.665+0000] {standard_task_runner.py:104} INFO - Running: ['***', 'tasks', 'run', '02_etl_pipeline_incremental', 'check_and_get_file', 'scheduled__2026-02-26T13:15:00+00:00', '--job-id', '673', '--raw', '--subdir', 'DAGS_FOLDER/02_etl_pipeline.py', '--cfg-path', '/tmp/tmpjb94g655']
[2026-02-26T13:20:02.668+0000] {standard_task_runner.py:105} INFO - Job 673: Subtask check_and_get_file
[2026-02-26T13:20:02.975+0000] {task_command.py:467} INFO - Running <TaskInstance: 02_etl_pipeline_incremental.check_and_get_file scheduled__2026-02-26T13:15:00+00:00 [running]> on host d54c9b653406
[2026-02-26T13:20:03.116+0000] {taskinstance.py:3157} INFO - Exporting env vars: AIRFLOW_CTX_DAG_OWNER='***' AIRFLOW_CTX_DAG_ID='02_etl_pipeline_incremental' AIRFLOW_CTX_TASK_ID='check_and_get_file' AIRFLOW_CTX_EXECUTION_DATE='2026-02-26T13:15:00+00:00' AIRFLOW_CTX_TRY_NUMBER='1' AIRFLOW_CTX_DAG_RUN_ID='scheduled__2026-02-26T13:15:00+00:00'
[2026-02-26T13:20:03.121+0000] {logging_mixin.py:190} INFO - Task instance is in running state
[2026-02-26T13:20:03.123+0000] {logging_mixin.py:190} INFO -  Previous state of the Task instance: queued
[2026-02-26T13:20:03.125+0000] {logging_mixin.py:190} INFO - Current task name:check_and_get_file state:running start_date:2026-02-26 13:20:02.620293+00:00
[2026-02-26T13:20:03.127+0000] {logging_mixin.py:190} INFO - Dag name:02_etl_pipeline_incremental and current dag run status:running
[2026-02-26T13:20:03.129+0000] {taskinstance.py:740} INFO - ::endgroup::
[2026-02-26T13:20:03.131+0000] {baseoperator.py:423} WARNING - ShortCircuitOperator.execute cannot be called outside TaskInstance!
[2026-02-26T13:20:03.148+0000] {logging_mixin.py:190} INFO - File to processing: Airline_Dataset.csv
[2026-02-26T13:20:03.150+0000] {python.py:240} INFO - Done. Returned value was: Airline_Dataset.csv
[2026-02-26T13:20:03.156+0000] {python.py:309} INFO - Condition result is Airline_Dataset.csv
[2026-02-26T13:20:03.158+0000] {python.py:312} INFO - Proceeding with downstream tasks...
[2026-02-26T13:20:03.208+0000] {taskinstance.py:349} INFO - ::group::Post task execution logs
[2026-02-26T13:20:03.210+0000] {taskinstance.py:361} INFO - Marking task as SUCCESS. dag_id=02_etl_pipeline_incremental, task_id=check_and_get_file, run_id=scheduled__2026-02-26T13:15:00+00:00, execution_date=20260226T131500, start_date=20260226T132002, end_date=20260226T132003
[2026-02-26T13:20:03.248+0000] {logging_mixin.py:190} INFO - Task instance in success state
[2026-02-26T13:20:03.250+0000] {logging_mixin.py:190} INFO -  Previous state of the Task instance: running
[2026-02-26T13:20:03.252+0000] {logging_mixin.py:190} INFO - Dag name:02_etl_pipeline_incremental queued_at:2026-02-26 13:20:00.657025+00:00
[2026-02-26T13:20:03.254+0000] {logging_mixin.py:190} INFO - Task hostname:d54c9b653406 operator:ShortCircuitOperator
[2026-02-26T13:20:03.321+0000] {local_task_job_runner.py:266} INFO - Task exited with return code 0
[2026-02-26T13:20:03.551+0000] {taskinstance.py:3924} INFO - 1 downstream tasks scheduled from follow-on schedule check
[2026-02-26T13:20:03.557+0000] {local_task_job_runner.py:245} INFO - ::endgroup::
