[2026-02-26T12:30:38.281+0000] {local_task_job_runner.py:123} INFO - ::group::Pre task execution logs
[2026-02-26T12:30:38.309+0000] {taskinstance.py:2631} INFO - Dependencies all met for dep_context=non-requeueable deps ti=<TaskInstance: 02_etl_pipeline_incremental.archive_processed_file scheduled__2026-02-26T12:25:00+00:00 [queued]>
[2026-02-26T12:30:38.320+0000] {taskinstance.py:2631} INFO - Dependencies all met for dep_context=requeueable deps ti=<TaskInstance: 02_etl_pipeline_incremental.archive_processed_file scheduled__2026-02-26T12:25:00+00:00 [queued]>
[2026-02-26T12:30:38.322+0000] {taskinstance.py:2884} INFO - Starting attempt 1 of 2
[2026-02-26T12:30:38.443+0000] {taskinstance.py:2907} INFO - Executing <Task(PythonOperator): archive_processed_file> on 2026-02-26 12:25:00+00:00
[2026-02-26T12:30:38.452+0000] {standard_task_runner.py:72} INFO - Started process 3453 to run task
[2026-02-26T12:30:38.458+0000] {standard_task_runner.py:104} INFO - Running: ['***', 'tasks', 'run', '02_etl_pipeline_incremental', 'archive_processed_file', 'scheduled__2026-02-26T12:25:00+00:00', '--job-id', '591', '--raw', '--subdir', 'DAGS_FOLDER/02_etl_pipeline.py', '--cfg-path', '/tmp/tmp_ojd5yuy']
[2026-02-26T12:30:38.462+0000] {standard_task_runner.py:105} INFO - Job 591: Subtask archive_processed_file
[2026-02-26T12:30:38.534+0000] {task_command.py:467} INFO - Running <TaskInstance: 02_etl_pipeline_incremental.archive_processed_file scheduled__2026-02-26T12:25:00+00:00 [running]> on host d54c9b653406
[2026-02-26T12:30:38.620+0000] {taskinstance.py:3157} INFO - Exporting env vars: AIRFLOW_CTX_DAG_OWNER='***' AIRFLOW_CTX_DAG_ID='02_etl_pipeline_incremental' AIRFLOW_CTX_TASK_ID='archive_processed_file' AIRFLOW_CTX_EXECUTION_DATE='2026-02-26T12:25:00+00:00' AIRFLOW_CTX_TRY_NUMBER='1' AIRFLOW_CTX_DAG_RUN_ID='scheduled__2026-02-26T12:25:00+00:00'
[2026-02-26T12:30:38.623+0000] {logging_mixin.py:190} INFO - Task instance is in running state
[2026-02-26T12:30:38.625+0000] {logging_mixin.py:190} INFO -  Previous state of the Task instance: queued
[2026-02-26T12:30:38.626+0000] {logging_mixin.py:190} INFO - Current task name:archive_processed_file state:running start_date:2026-02-26 12:30:38.310700+00:00
[2026-02-26T12:30:38.627+0000] {logging_mixin.py:190} INFO - Dag name:02_etl_pipeline_incremental and current dag run status:running
[2026-02-26T12:30:38.629+0000] {taskinstance.py:740} INFO - ::endgroup::
[2026-02-26T12:30:38.648+0000] {logging_mixin.py:190} INFO - File was moved to: /opt/***/data/archive/Airline_Dataset_processed_20260226_123038.csv
[2026-02-26T12:30:38.649+0000] {python.py:240} INFO - Done. Returned value was: None
[2026-02-26T12:30:38.661+0000] {taskinstance.py:349} INFO - ::group::Post task execution logs
[2026-02-26T12:30:38.662+0000] {taskinstance.py:361} INFO - Marking task as SUCCESS. dag_id=02_etl_pipeline_incremental, task_id=archive_processed_file, run_id=scheduled__2026-02-26T12:25:00+00:00, execution_date=20260226T122500, start_date=20260226T123038, end_date=20260226T123038
[2026-02-26T12:30:38.698+0000] {logging_mixin.py:190} INFO - Task instance in success state
[2026-02-26T12:30:38.699+0000] {logging_mixin.py:190} INFO -  Previous state of the Task instance: running
[2026-02-26T12:30:38.701+0000] {logging_mixin.py:190} INFO - Dag name:02_etl_pipeline_incremental queued_at:2026-02-26 12:30:00.136701+00:00
[2026-02-26T12:30:38.702+0000] {logging_mixin.py:190} INFO - Task hostname:d54c9b653406 operator:PythonOperator
[2026-02-26T12:30:38.754+0000] {local_task_job_runner.py:266} INFO - Task exited with return code 0
[2026-02-26T12:30:38.773+0000] {taskinstance.py:3924} INFO - 0 downstream tasks scheduled from follow-on schedule check
[2026-02-26T12:30:38.776+0000] {local_task_job_runner.py:245} INFO - ::endgroup::
