[2026-02-26T12:12:58.836+0000] {local_task_job_runner.py:123} INFO - ::group::Pre task execution logs
[2026-02-26T12:12:58.876+0000] {taskinstance.py:2631} INFO - Dependencies all met for dep_context=non-requeueable deps ti=<TaskInstance: 02_etl_pipeline_incremental.load_silver_passengers manual__2026-02-26T11:59:50.036547+00:00 [queued]>
[2026-02-26T12:12:58.893+0000] {taskinstance.py:2631} INFO - Dependencies all met for dep_context=requeueable deps ti=<TaskInstance: 02_etl_pipeline_incremental.load_silver_passengers manual__2026-02-26T11:59:50.036547+00:00 [queued]>
[2026-02-26T12:12:58.896+0000] {taskinstance.py:2884} INFO - Starting attempt 2 of 2
[2026-02-26T12:12:59.125+0000] {taskinstance.py:2907} INFO - Executing <Task(SQLExecuteQueryOperator): load_silver_passengers> on 2026-02-26 11:59:50.036547+00:00
[2026-02-26T12:12:59.144+0000] {standard_task_runner.py:72} INFO - Started process 2944 to run task
[2026-02-26T12:12:59.152+0000] {standard_task_runner.py:104} INFO - Running: ['***', 'tasks', 'run', '02_etl_pipeline_incremental', 'load_silver_passengers', 'manual__2026-02-26T11:59:50.036547+00:00', '--job-id', '523', '--raw', '--subdir', 'DAGS_FOLDER/02_etl_pipeline.py', '--cfg-path', '/tmp/tmpr95tyx6w']
[2026-02-26T12:12:59.156+0000] {standard_task_runner.py:105} INFO - Job 523: Subtask load_silver_passengers
[2026-02-26T12:12:59.263+0000] {task_command.py:467} INFO - Running <TaskInstance: 02_etl_pipeline_incremental.load_silver_passengers manual__2026-02-26T11:59:50.036547+00:00 [running]> on host d54c9b653406
[2026-02-26T12:12:59.378+0000] {taskinstance.py:3157} INFO - Exporting env vars: AIRFLOW_CTX_DAG_OWNER='***' AIRFLOW_CTX_DAG_ID='02_etl_pipeline_incremental' AIRFLOW_CTX_TASK_ID='load_silver_passengers' AIRFLOW_CTX_EXECUTION_DATE='2026-02-26T11:59:50.036547+00:00' AIRFLOW_CTX_TRY_NUMBER='2' AIRFLOW_CTX_DAG_RUN_ID='manual__2026-02-26T11:59:50.036547+00:00'
[2026-02-26T12:12:59.383+0000] {logging_mixin.py:190} INFO - Task instance is in running state
[2026-02-26T12:12:59.385+0000] {logging_mixin.py:190} INFO -  Previous state of the Task instance: queued
[2026-02-26T12:12:59.386+0000] {logging_mixin.py:190} INFO - Current task name:load_silver_passengers state:running start_date:2026-02-26 12:12:58.877946+00:00
[2026-02-26T12:12:59.387+0000] {logging_mixin.py:190} INFO - Dag name:02_etl_pipeline_incremental and current dag run status:running
[2026-02-26T12:12:59.389+0000] {taskinstance.py:740} INFO - ::endgroup::
[2026-02-26T12:12:59.390+0000] {sql.py:306} INFO - Executing: CALL AIRLINE_DWH.SILVER_DATA.SP_LOAD_DIM_PASSENGERS_SCD2();
[2026-02-26T12:12:59.411+0000] {base.py:84} INFO - Retrieving connection 'snowflake_default'
[2026-02-26T12:12:59.623+0000] {base.py:84} INFO - Retrieving connection 'snowflake_default'
[2026-02-26T12:12:59.625+0000] {connection.py:486} INFO - Snowflake Connector for Python Version: 3.15.0, Python Version: 3.10.17, Platform: Linux-6.6.87.2-microsoft-standard-WSL2-x86_64-with-glibc2.36
[2026-02-26T12:12:59.626+0000] {connection.py:1391} INFO - Connecting to GLOBAL Snowflake domain
[2026-02-26T12:13:00.872+0000] {snowflake.py:521} INFO - Running statement: CALL AIRLINE_DWH.SILVER_DATA.SP_LOAD_DIM_PASSENGERS_SCD2();, parameters: None
[2026-02-26T12:13:00.874+0000] {sql.py:814} INFO - Running statement: CALL AIRLINE_DWH.SILVER_DATA.SP_LOAD_DIM_PASSENGERS_SCD2();, parameters: None
[2026-02-26T12:13:01.610+0000] {sql.py:823} INFO - Rows affected: 1
[2026-02-26T12:13:01.612+0000] {snowflake.py:534} INFO - Rows affected: 1
[2026-02-26T12:13:01.614+0000] {snowflake.py:535} INFO - Snowflake query id: 01c2ab9d-0005-0f17-0001-37ce0008908a
[2026-02-26T12:13:01.840+0000] {taskinstance.py:349} INFO - ::group::Post task execution logs
[2026-02-26T12:13:01.844+0000] {taskinstance.py:361} INFO - Marking task as SUCCESS. dag_id=02_etl_pipeline_incremental, task_id=load_silver_passengers, run_id=manual__2026-02-26T11:59:50.036547+00:00, execution_date=20260226T115950, start_date=20260226T121258, end_date=20260226T121301
[2026-02-26T12:13:01.876+0000] {logging_mixin.py:190} INFO - Task instance in success state
[2026-02-26T12:13:01.878+0000] {logging_mixin.py:190} INFO -  Previous state of the Task instance: running
[2026-02-26T12:13:01.879+0000] {logging_mixin.py:190} INFO - Dag name:02_etl_pipeline_incremental queued_at:2026-02-26 11:59:50.097492+00:00
[2026-02-26T12:13:01.880+0000] {logging_mixin.py:190} INFO - Task hostname:d54c9b653406 operator:SQLExecuteQueryOperator
[2026-02-26T12:13:01.938+0000] {local_task_job_runner.py:266} INFO - Task exited with return code 0
[2026-02-26T12:13:01.988+0000] {taskinstance.py:3924} INFO - 1 downstream tasks scheduled from follow-on schedule check
[2026-02-26T12:13:01.991+0000] {local_task_job_runner.py:245} INFO - ::endgroup::
