[2026-02-26T13:18:32.358+0000] {local_task_job_runner.py:123} INFO - ::group::Pre task execution logs
[2026-02-26T13:18:32.395+0000] {taskinstance.py:2631} INFO - Dependencies all met for dep_context=non-requeueable deps ti=<TaskInstance: 01_init_infrastructure.03_create_formats_stages manual__2026-02-26T13:18:17.367891+00:00 [queued]>
[2026-02-26T13:18:32.419+0000] {taskinstance.py:2631} INFO - Dependencies all met for dep_context=requeueable deps ti=<TaskInstance: 01_init_infrastructure.03_create_formats_stages manual__2026-02-26T13:18:17.367891+00:00 [queued]>
[2026-02-26T13:18:32.421+0000] {taskinstance.py:2884} INFO - Starting attempt 1 of 1
[2026-02-26T13:18:32.644+0000] {taskinstance.py:2907} INFO - Executing <Task(SQLExecuteQueryOperator): 03_create_formats_stages> on 2026-02-26 13:18:17.367891+00:00
[2026-02-26T13:18:32.656+0000] {standard_task_runner.py:72} INFO - Started process 4380 to run task
[2026-02-26T13:18:32.665+0000] {standard_task_runner.py:104} INFO - Running: ['***', 'tasks', 'run', '01_init_infrastructure', '03_create_formats_stages', 'manual__2026-02-26T13:18:17.367891+00:00', '--job-id', '662', '--raw', '--subdir', 'DAGS_FOLDER/01_init_infrastructure.py', '--cfg-path', '/tmp/tmpem893c_3']
[2026-02-26T13:18:32.669+0000] {standard_task_runner.py:105} INFO - Job 662: Subtask 03_create_formats_stages
[2026-02-26T13:18:32.760+0000] {task_command.py:467} INFO - Running <TaskInstance: 01_init_infrastructure.03_create_formats_stages manual__2026-02-26T13:18:17.367891+00:00 [running]> on host d54c9b653406
[2026-02-26T13:18:32.884+0000] {taskinstance.py:3157} INFO - Exporting env vars: AIRFLOW_CTX_DAG_OWNER='***' AIRFLOW_CTX_DAG_ID='01_init_infrastructure' AIRFLOW_CTX_TASK_ID='03_create_formats_stages' AIRFLOW_CTX_EXECUTION_DATE='2026-02-26T13:18:17.367891+00:00' AIRFLOW_CTX_TRY_NUMBER='1' AIRFLOW_CTX_DAG_RUN_ID='manual__2026-02-26T13:18:17.367891+00:00'
[2026-02-26T13:18:32.886+0000] {logging_mixin.py:190} INFO - Task instance is in running state
[2026-02-26T13:18:32.887+0000] {logging_mixin.py:190} INFO -  Previous state of the Task instance: queued
[2026-02-26T13:18:32.888+0000] {logging_mixin.py:190} INFO - Current task name:03_create_formats_stages state:running start_date:2026-02-26 13:18:32.398597+00:00
[2026-02-26T13:18:32.889+0000] {logging_mixin.py:190} INFO - Dag name:01_init_infrastructure and current dag run status:running
[2026-02-26T13:18:32.891+0000] {taskinstance.py:740} INFO - ::endgroup::
[2026-02-26T13:18:32.892+0000] {sql.py:306} INFO - Executing: USE DATABASE AIRLINE_DWH;
USE SCHEMA RAW_DATA;

-- Format CSV
CREATE OR REPLACE FILE FORMAT MY_CSV_FORMAT
  TYPE = 'CSV'
  FIELD_OPTIONALLY_ENCLOSED_BY = '"'
  SKIP_HEADER = 1
  NULL_IF = ('NULL', 'null', '');

-- Stage
CREATE OR REPLACE STAGE MY_INTERNAL_STAGE
  FILE_FORMAT = MY_CSV_FORMAT;
[2026-02-26T13:18:32.911+0000] {base.py:84} INFO - Retrieving connection 'snowflake_default'
[2026-02-26T13:18:33.208+0000] {base.py:84} INFO - Retrieving connection 'snowflake_default'
[2026-02-26T13:18:33.210+0000] {connection.py:486} INFO - Snowflake Connector for Python Version: 3.15.0, Python Version: 3.10.17, Platform: Linux-6.6.87.2-microsoft-standard-WSL2-x86_64-with-glibc2.36
[2026-02-26T13:18:33.216+0000] {connection.py:1391} INFO - Connecting to GLOBAL Snowflake domain
[2026-02-26T13:18:33.654+0000] {snowflake.py:521} INFO - Running statement: USE DATABASE AIRLINE_DWH;, parameters: None
[2026-02-26T13:18:33.656+0000] {sql.py:814} INFO - Running statement: USE DATABASE AIRLINE_DWH;, parameters: None
[2026-02-26T13:18:33.745+0000] {sql.py:823} INFO - Rows affected: 1
[2026-02-26T13:18:33.748+0000] {snowflake.py:534} INFO - Rows affected: 1
[2026-02-26T13:18:33.749+0000] {snowflake.py:535} INFO - Snowflake query id: 01c2abde-0005-0f1f-0001-37ce00087ace
[2026-02-26T13:18:33.750+0000] {snowflake.py:521} INFO - Running statement: USE SCHEMA RAW_DATA;, parameters: None
[2026-02-26T13:18:33.752+0000] {sql.py:814} INFO - Running statement: USE SCHEMA RAW_DATA;, parameters: None
[2026-02-26T13:18:33.841+0000] {sql.py:823} INFO - Rows affected: 1
[2026-02-26T13:18:33.843+0000] {snowflake.py:534} INFO - Rows affected: 1
[2026-02-26T13:18:33.844+0000] {snowflake.py:535} INFO - Snowflake query id: 01c2abde-0005-0f17-0001-37ce0008b086
[2026-02-26T13:18:33.849+0000] {snowflake.py:521} INFO - Running statement: -- Format CSV
CREATE OR REPLACE FILE FORMAT MY_CSV_FORMAT
  TYPE = 'CSV'
  FIELD_OPTIONALLY_ENCLOSED_BY = '"'
  SKIP_HEADER = 1
  NULL_IF = ('NULL', 'null', '');, parameters: None
[2026-02-26T13:18:33.851+0000] {sql.py:814} INFO - Running statement: -- Format CSV
CREATE OR REPLACE FILE FORMAT MY_CSV_FORMAT
  TYPE = 'CSV'
  FIELD_OPTIONALLY_ENCLOSED_BY = '"'
  SKIP_HEADER = 1
  NULL_IF = ('NULL', 'null', '');, parameters: None
[2026-02-26T13:18:33.957+0000] {sql.py:823} INFO - Rows affected: 1
[2026-02-26T13:18:33.958+0000] {snowflake.py:534} INFO - Rows affected: 1
[2026-02-26T13:18:33.960+0000] {snowflake.py:535} INFO - Snowflake query id: 01c2abde-0005-0f1f-0001-37ce00087ad2
[2026-02-26T13:18:33.961+0000] {snowflake.py:521} INFO - Running statement: -- Stage
CREATE OR REPLACE STAGE MY_INTERNAL_STAGE
  FILE_FORMAT = MY_CSV_FORMAT;, parameters: None
[2026-02-26T13:18:33.964+0000] {sql.py:814} INFO - Running statement: -- Stage
CREATE OR REPLACE STAGE MY_INTERNAL_STAGE
  FILE_FORMAT = MY_CSV_FORMAT;, parameters: None
[2026-02-26T13:18:34.097+0000] {sql.py:823} INFO - Rows affected: 1
[2026-02-26T13:18:34.099+0000] {snowflake.py:534} INFO - Rows affected: 1
[2026-02-26T13:18:34.100+0000] {snowflake.py:535} INFO - Snowflake query id: 01c2abde-0005-0f17-0001-37ce0008b08a
[2026-02-26T13:18:34.318+0000] {taskinstance.py:349} INFO - ::group::Post task execution logs
[2026-02-26T13:18:34.320+0000] {taskinstance.py:361} INFO - Marking task as SUCCESS. dag_id=01_init_infrastructure, task_id=03_create_formats_stages, run_id=manual__2026-02-26T13:18:17.367891+00:00, execution_date=20260226T131817, start_date=20260226T131832, end_date=20260226T131834
[2026-02-26T13:18:34.355+0000] {logging_mixin.py:190} INFO - Task instance in success state
[2026-02-26T13:18:34.356+0000] {logging_mixin.py:190} INFO -  Previous state of the Task instance: running
[2026-02-26T13:18:34.358+0000] {logging_mixin.py:190} INFO - Dag name:01_init_infrastructure queued_at:2026-02-26 13:18:17.396222+00:00
[2026-02-26T13:18:34.359+0000] {logging_mixin.py:190} INFO - Task hostname:d54c9b653406 operator:SQLExecuteQueryOperator
[2026-02-26T13:18:34.409+0000] {local_task_job_runner.py:266} INFO - Task exited with return code 0
[2026-02-26T13:18:34.444+0000] {taskinstance.py:3924} INFO - 1 downstream tasks scheduled from follow-on schedule check
[2026-02-26T13:18:34.449+0000] {local_task_job_runner.py:245} INFO - ::endgroup::
