[2026-02-26T12:30:18.498+0000] {local_task_job_runner.py:123} INFO - ::group::Pre task execution logs
[2026-02-26T12:30:18.531+0000] {taskinstance.py:2631} INFO - Dependencies all met for dep_context=non-requeueable deps ti=<TaskInstance: 02_etl_pipeline_incremental.load_silver_passengers scheduled__2026-02-26T12:25:00+00:00 [queued]>
[2026-02-26T12:30:18.545+0000] {taskinstance.py:2631} INFO - Dependencies all met for dep_context=requeueable deps ti=<TaskInstance: 02_etl_pipeline_incremental.load_silver_passengers scheduled__2026-02-26T12:25:00+00:00 [queued]>
[2026-02-26T12:30:18.546+0000] {taskinstance.py:2884} INFO - Starting attempt 1 of 2
[2026-02-26T12:30:18.748+0000] {taskinstance.py:2907} INFO - Executing <Task(SQLExecuteQueryOperator): load_silver_passengers> on 2026-02-26 12:25:00+00:00
[2026-02-26T12:30:18.759+0000] {standard_task_runner.py:72} INFO - Started process 3431 to run task
[2026-02-26T12:30:18.770+0000] {standard_task_runner.py:104} INFO - Running: ['***', 'tasks', 'run', '02_etl_pipeline_incremental', 'load_silver_passengers', 'scheduled__2026-02-26T12:25:00+00:00', '--job-id', '587', '--raw', '--subdir', 'DAGS_FOLDER/02_etl_pipeline.py', '--cfg-path', '/tmp/tmpzrci1evt']
[2026-02-26T12:30:18.774+0000] {standard_task_runner.py:105} INFO - Job 587: Subtask load_silver_passengers
[2026-02-26T12:30:18.894+0000] {task_command.py:467} INFO - Running <TaskInstance: 02_etl_pipeline_incremental.load_silver_passengers scheduled__2026-02-26T12:25:00+00:00 [running]> on host d54c9b653406
[2026-02-26T12:30:19.043+0000] {taskinstance.py:3157} INFO - Exporting env vars: AIRFLOW_CTX_DAG_OWNER='***' AIRFLOW_CTX_DAG_ID='02_etl_pipeline_incremental' AIRFLOW_CTX_TASK_ID='load_silver_passengers' AIRFLOW_CTX_EXECUTION_DATE='2026-02-26T12:25:00+00:00' AIRFLOW_CTX_TRY_NUMBER='1' AIRFLOW_CTX_DAG_RUN_ID='scheduled__2026-02-26T12:25:00+00:00'
[2026-02-26T12:30:19.047+0000] {logging_mixin.py:190} INFO - Task instance is in running state
[2026-02-26T12:30:19.049+0000] {logging_mixin.py:190} INFO -  Previous state of the Task instance: queued
[2026-02-26T12:30:19.050+0000] {logging_mixin.py:190} INFO - Current task name:load_silver_passengers state:running start_date:2026-02-26 12:30:18.532733+00:00
[2026-02-26T12:30:19.052+0000] {logging_mixin.py:190} INFO - Dag name:02_etl_pipeline_incremental and current dag run status:running
[2026-02-26T12:30:19.054+0000] {taskinstance.py:740} INFO - ::endgroup::
[2026-02-26T12:30:19.056+0000] {sql.py:306} INFO - Executing: CALL AIRLINE_DWH.SILVER_DATA.SP_LOAD_DIM_PASSENGERS_SCD2();
[2026-02-26T12:30:19.087+0000] {base.py:84} INFO - Retrieving connection 'snowflake_default'
[2026-02-26T12:30:19.416+0000] {base.py:84} INFO - Retrieving connection 'snowflake_default'
[2026-02-26T12:30:19.418+0000] {connection.py:486} INFO - Snowflake Connector for Python Version: 3.15.0, Python Version: 3.10.17, Platform: Linux-6.6.87.2-microsoft-standard-WSL2-x86_64-with-glibc2.36
[2026-02-26T12:30:19.423+0000] {connection.py:1391} INFO - Connecting to GLOBAL Snowflake domain
[2026-02-26T12:30:20.559+0000] {snowflake.py:521} INFO - Running statement: CALL AIRLINE_DWH.SILVER_DATA.SP_LOAD_DIM_PASSENGERS_SCD2();, parameters: None
[2026-02-26T12:30:20.563+0000] {sql.py:814} INFO - Running statement: CALL AIRLINE_DWH.SILVER_DATA.SP_LOAD_DIM_PASSENGERS_SCD2();, parameters: None
[2026-02-26T12:30:22.742+0000] {sql.py:823} INFO - Rows affected: 1
[2026-02-26T12:30:22.744+0000] {snowflake.py:534} INFO - Rows affected: 1
[2026-02-26T12:30:22.746+0000] {snowflake.py:535} INFO - Snowflake query id: 01c2abae-0005-0f0f-0001-37ce00088912
[2026-02-26T12:30:22.963+0000] {taskinstance.py:349} INFO - ::group::Post task execution logs
[2026-02-26T12:30:22.965+0000] {taskinstance.py:361} INFO - Marking task as SUCCESS. dag_id=02_etl_pipeline_incremental, task_id=load_silver_passengers, run_id=scheduled__2026-02-26T12:25:00+00:00, execution_date=20260226T122500, start_date=20260226T123018, end_date=20260226T123022
[2026-02-26T12:30:22.993+0000] {logging_mixin.py:190} INFO - Task instance in success state
[2026-02-26T12:30:22.994+0000] {logging_mixin.py:190} INFO -  Previous state of the Task instance: running
[2026-02-26T12:30:22.995+0000] {logging_mixin.py:190} INFO - Dag name:02_etl_pipeline_incremental queued_at:2026-02-26 12:30:00.136701+00:00
[2026-02-26T12:30:22.997+0000] {logging_mixin.py:190} INFO - Task hostname:d54c9b653406 operator:SQLExecuteQueryOperator
[2026-02-26T12:30:23.041+0000] {local_task_job_runner.py:266} INFO - Task exited with return code 0
[2026-02-26T12:30:23.070+0000] {taskinstance.py:3924} INFO - 1 downstream tasks scheduled from follow-on schedule check
[2026-02-26T12:30:23.074+0000] {local_task_job_runner.py:245} INFO - ::endgroup::
