[2026-02-26T13:54:14.878+0000] {local_task_job_runner.py:123} INFO - ::group::Pre task execution logs
[2026-02-26T13:54:14.904+0000] {taskinstance.py:2631} INFO - Dependencies all met for dep_context=non-requeueable deps ti=<TaskInstance: 01_init_infrastructure.07_sp_raw manual__2026-02-26T13:53:43.895474+00:00 [queued]>
[2026-02-26T13:54:14.916+0000] {taskinstance.py:2631} INFO - Dependencies all met for dep_context=requeueable deps ti=<TaskInstance: 01_init_infrastructure.07_sp_raw manual__2026-02-26T13:53:43.895474+00:00 [queued]>
[2026-02-26T13:54:14.918+0000] {taskinstance.py:2884} INFO - Starting attempt 1 of 1
[2026-02-26T13:54:15.074+0000] {taskinstance.py:2907} INFO - Executing <Task(SQLExecuteQueryOperator): 07_sp_raw> on 2026-02-26 13:53:43.895474+00:00
[2026-02-26T13:54:15.083+0000] {standard_task_runner.py:72} INFO - Started process 5017 to run task
[2026-02-26T13:54:15.089+0000] {standard_task_runner.py:104} INFO - Running: ['***', 'tasks', 'run', '01_init_infrastructure', '07_sp_raw', 'manual__2026-02-26T13:53:43.895474+00:00', '--job-id', '704', '--raw', '--subdir', 'DAGS_FOLDER/01_init_infrastructure.py', '--cfg-path', '/tmp/tmp4c5b5hc8']
[2026-02-26T13:54:15.092+0000] {standard_task_runner.py:105} INFO - Job 704: Subtask 07_sp_raw
[2026-02-26T13:54:15.159+0000] {task_command.py:467} INFO - Running <TaskInstance: 01_init_infrastructure.07_sp_raw manual__2026-02-26T13:53:43.895474+00:00 [running]> on host d54c9b653406
[2026-02-26T13:54:15.259+0000] {taskinstance.py:3157} INFO - Exporting env vars: AIRFLOW_CTX_DAG_OWNER='***' AIRFLOW_CTX_DAG_ID='01_init_infrastructure' AIRFLOW_CTX_TASK_ID='07_sp_raw' AIRFLOW_CTX_EXECUTION_DATE='2026-02-26T13:53:43.895474+00:00' AIRFLOW_CTX_TRY_NUMBER='1' AIRFLOW_CTX_DAG_RUN_ID='manual__2026-02-26T13:53:43.895474+00:00'
[2026-02-26T13:54:15.262+0000] {logging_mixin.py:190} INFO - Task instance is in running state
[2026-02-26T13:54:15.264+0000] {logging_mixin.py:190} INFO -  Previous state of the Task instance: queued
[2026-02-26T13:54:15.265+0000] {logging_mixin.py:190} INFO - Current task name:07_sp_raw state:running start_date:2026-02-26 13:54:14.905903+00:00
[2026-02-26T13:54:15.266+0000] {logging_mixin.py:190} INFO - Dag name:01_init_infrastructure and current dag run status:running
[2026-02-26T13:54:15.267+0000] {taskinstance.py:740} INFO - ::endgroup::
[2026-02-26T13:54:15.269+0000] {sql.py:306} INFO - Executing: USE DATABASE AIRLINE_DWH;
USE SCHEMA RAW_DATA;

CREATE OR REPLACE PROCEDURE SP_LOAD_RAW(FILE_NAME VARCHAR)
RETURNS VARCHAR
LANGUAGE SQL
EXECUTE AS CALLER
AS
$$
DECLARE
    rows_loaded INT;
BEGIN
    BEGIN TRANSACTION;

    -- Snowflake puts 18 columns from file into 18 colimns of table
    -- and 19th columns(ingestion_time) will be filled automatically
    EXECUTE IMMEDIATE 'COPY INTO AIRLINE_DWH.RAW_DATA.AIRLINE_RAW 
                       FROM @AIRLINE_DWH.RAW_DATA.MY_INTERNAL_STAGE/' || :FILE_NAME || ' 
                       FILE_FORMAT = (
                            FORMAT_NAME = AIRLINE_DWH.RAW_DATA.MY_CSV_FORMAT
                            ERROR_ON_COLUMN_COUNT_MISMATCH = FALSE 
                       ) 
                       ON_ERROR = ''ABORT_STATEMENT'' 
                       FORCE = TRUE'; 
    
    rows_loaded := SQLROWCOUNT;

    INSERT INTO AIRLINE_DWH.UTILS.ETL_LOGS (process_name, layer, rows_affected, status)
    VALUES ('SP_LOAD_RAW', 'BRONZE', :rows_loaded, 'SUCCESS');

    COMMIT;

    RETURN 'Loaded Raw Rows: ' || :rows_loaded;

END;
$$;
[2026-02-26T13:54:15.284+0000] {base.py:84} INFO - Retrieving connection 'snowflake_default'
[2026-02-26T13:54:15.430+0000] {base.py:84} INFO - Retrieving connection 'snowflake_default'
[2026-02-26T13:54:15.432+0000] {connection.py:486} INFO - Snowflake Connector for Python Version: 3.15.0, Python Version: 3.10.17, Platform: Linux-6.6.87.2-microsoft-standard-WSL2-x86_64-with-glibc2.36
[2026-02-26T13:54:15.434+0000] {connection.py:1391} INFO - Connecting to GLOBAL Snowflake domain
[2026-02-26T13:54:15.836+0000] {snowflake.py:521} INFO - Running statement: USE DATABASE AIRLINE_DWH;, parameters: None
[2026-02-26T13:54:15.841+0000] {sql.py:814} INFO - Running statement: USE DATABASE AIRLINE_DWH;, parameters: None
[2026-02-26T13:54:15.935+0000] {sql.py:823} INFO - Rows affected: 1
[2026-02-26T13:54:15.937+0000] {snowflake.py:534} INFO - Rows affected: 1
[2026-02-26T13:54:15.938+0000] {snowflake.py:535} INFO - Snowflake query id: 01c2ac02-0005-0f1f-0001-37ce0008c05a
[2026-02-26T13:54:15.940+0000] {snowflake.py:521} INFO - Running statement: USE SCHEMA RAW_DATA;, parameters: None
[2026-02-26T13:54:15.941+0000] {sql.py:814} INFO - Running statement: USE SCHEMA RAW_DATA;, parameters: None
[2026-02-26T13:54:16.020+0000] {sql.py:823} INFO - Rows affected: 1
[2026-02-26T13:54:16.022+0000] {snowflake.py:534} INFO - Rows affected: 1
[2026-02-26T13:54:16.024+0000] {snowflake.py:535} INFO - Snowflake query id: 01c2ac02-0005-0f1f-0001-37ce0008c05e
[2026-02-26T13:54:16.025+0000] {snowflake.py:521} INFO - Running statement: CREATE OR REPLACE PROCEDURE SP_LOAD_RAW(FILE_NAME VARCHAR)
RETURNS VARCHAR
LANGUAGE SQL
EXECUTE AS CALLER
AS
$$
DECLARE
    rows_loaded INT;
BEGIN
    BEGIN TRANSACTION;

    -- Snowflake puts 18 columns from file into 18 colimns of table
    -- and 19th columns(ingestion_time) will be filled automatically
    EXECUTE IMMEDIATE 'COPY INTO AIRLINE_DWH.RAW_DATA.AIRLINE_RAW 
                       FROM @AIRLINE_DWH.RAW_DATA.MY_INTERNAL_STAGE/' || :FILE_NAME || ' 
                       FILE_FORMAT = (
                            FORMAT_NAME = AIRLINE_DWH.RAW_DATA.MY_CSV_FORMAT
                            ERROR_ON_COLUMN_COUNT_MISMATCH = FALSE 
                       ) 
                       ON_ERROR = ''ABORT_STATEMENT'' 
                       FORCE = TRUE'; 
    
    rows_loaded := SQLROWCOUNT;

    INSERT INTO AIRLINE_DWH.UTILS.ETL_LOGS (process_name, layer, rows_affected, status)
    VALUES ('SP_LOAD_RAW', 'BRONZE', :rows_loaded, 'SUCCESS');

    COMMIT;

    RETURN 'Loaded Raw Rows: ' || :rows_loaded;

END;
$$;, parameters: None
[2026-02-26T13:54:16.027+0000] {sql.py:814} INFO - Running statement: CREATE OR REPLACE PROCEDURE SP_LOAD_RAW(FILE_NAME VARCHAR)
RETURNS VARCHAR
LANGUAGE SQL
EXECUTE AS CALLER
AS
$$
DECLARE
    rows_loaded INT;
BEGIN
    BEGIN TRANSACTION;

    -- Snowflake puts 18 columns from file into 18 colimns of table
    -- and 19th columns(ingestion_time) will be filled automatically
    EXECUTE IMMEDIATE 'COPY INTO AIRLINE_DWH.RAW_DATA.AIRLINE_RAW 
                       FROM @AIRLINE_DWH.RAW_DATA.MY_INTERNAL_STAGE/' || :FILE_NAME || ' 
                       FILE_FORMAT = (
                            FORMAT_NAME = AIRLINE_DWH.RAW_DATA.MY_CSV_FORMAT
                            ERROR_ON_COLUMN_COUNT_MISMATCH = FALSE 
                       ) 
                       ON_ERROR = ''ABORT_STATEMENT'' 
                       FORCE = TRUE'; 
    
    rows_loaded := SQLROWCOUNT;

    INSERT INTO AIRLINE_DWH.UTILS.ETL_LOGS (process_name, layer, rows_affected, status)
    VALUES ('SP_LOAD_RAW', 'BRONZE', :rows_loaded, 'SUCCESS');

    COMMIT;

    RETURN 'Loaded Raw Rows: ' || :rows_loaded;

END;
$$;, parameters: None
[2026-02-26T13:54:16.166+0000] {sql.py:823} INFO - Rows affected: 1
[2026-02-26T13:54:16.167+0000] {snowflake.py:534} INFO - Rows affected: 1
[2026-02-26T13:54:16.168+0000] {snowflake.py:535} INFO - Snowflake query id: 01c2ac02-0005-0f1f-0001-37ce0008c062
[2026-02-26T13:54:16.377+0000] {taskinstance.py:349} INFO - ::group::Post task execution logs
[2026-02-26T13:54:16.380+0000] {taskinstance.py:361} INFO - Marking task as SUCCESS. dag_id=01_init_infrastructure, task_id=07_sp_raw, run_id=manual__2026-02-26T13:53:43.895474+00:00, execution_date=20260226T135343, start_date=20260226T135414, end_date=20260226T135416
[2026-02-26T13:54:16.415+0000] {logging_mixin.py:190} INFO - Task instance in success state
[2026-02-26T13:54:16.417+0000] {logging_mixin.py:190} INFO -  Previous state of the Task instance: running
[2026-02-26T13:54:16.419+0000] {logging_mixin.py:190} INFO - Dag name:01_init_infrastructure queued_at:2026-02-26 13:53:43.942840+00:00
[2026-02-26T13:54:16.419+0000] {logging_mixin.py:190} INFO - Task hostname:d54c9b653406 operator:SQLExecuteQueryOperator
[2026-02-26T13:54:16.466+0000] {local_task_job_runner.py:266} INFO - Task exited with return code 0
[2026-02-26T13:54:16.514+0000] {taskinstance.py:3924} INFO - 1 downstream tasks scheduled from follow-on schedule check
[2026-02-26T13:54:16.518+0000] {local_task_job_runner.py:245} INFO - ::endgroup::
