[2026-02-26T14:00:11.544+0000] {local_task_job_runner.py:123} INFO - ::group::Pre task execution logs
[2026-02-26T14:00:11.572+0000] {taskinstance.py:2631} INFO - Dependencies all met for dep_context=non-requeueable deps ti=<TaskInstance: 02_etl_pipeline_incremental.load_bronze_raw scheduled__2026-02-26T13:55:00+00:00 [queued]>
[2026-02-26T14:00:11.585+0000] {taskinstance.py:2631} INFO - Dependencies all met for dep_context=requeueable deps ti=<TaskInstance: 02_etl_pipeline_incremental.load_bronze_raw scheduled__2026-02-26T13:55:00+00:00 [queued]>
[2026-02-26T14:00:11.587+0000] {taskinstance.py:2884} INFO - Starting attempt 1 of 2
[2026-02-26T14:00:11.755+0000] {taskinstance.py:2907} INFO - Executing <Task(SQLExecuteQueryOperator): load_bronze_raw> on 2026-02-26 13:55:00+00:00
[2026-02-26T14:00:11.762+0000] {standard_task_runner.py:72} INFO - Started process 5175 to run task
[2026-02-26T14:00:11.769+0000] {standard_task_runner.py:104} INFO - Running: ['***', 'tasks', 'run', '02_etl_pipeline_incremental', 'load_bronze_raw', 'scheduled__2026-02-26T13:55:00+00:00', '--job-id', '723', '--raw', '--subdir', 'DAGS_FOLDER/02_etl_pipeline.py', '--cfg-path', '/tmp/tmp6okowrt9']
[2026-02-26T14:00:11.772+0000] {standard_task_runner.py:105} INFO - Job 723: Subtask load_bronze_raw
[2026-02-26T14:00:11.850+0000] {task_command.py:467} INFO - Running <TaskInstance: 02_etl_pipeline_incremental.load_bronze_raw scheduled__2026-02-26T13:55:00+00:00 [running]> on host d54c9b653406
[2026-02-26T14:00:11.978+0000] {taskinstance.py:3157} INFO - Exporting env vars: AIRFLOW_CTX_DAG_OWNER='***' AIRFLOW_CTX_DAG_ID='02_etl_pipeline_incremental' AIRFLOW_CTX_TASK_ID='load_bronze_raw' AIRFLOW_CTX_EXECUTION_DATE='2026-02-26T13:55:00+00:00' AIRFLOW_CTX_TRY_NUMBER='1' AIRFLOW_CTX_DAG_RUN_ID='scheduled__2026-02-26T13:55:00+00:00'
[2026-02-26T14:00:11.982+0000] {logging_mixin.py:190} INFO - Task instance is in running state
[2026-02-26T14:00:11.984+0000] {logging_mixin.py:190} INFO -  Previous state of the Task instance: queued
[2026-02-26T14:00:11.985+0000] {logging_mixin.py:190} INFO - Current task name:load_bronze_raw state:running start_date:2026-02-26 14:00:11.574390+00:00
[2026-02-26T14:00:11.987+0000] {logging_mixin.py:190} INFO - Dag name:02_etl_pipeline_incremental and current dag run status:running
[2026-02-26T14:00:11.988+0000] {taskinstance.py:740} INFO - ::endgroup::
[2026-02-26T14:00:11.989+0000] {sql.py:306} INFO - Executing: CALL AIRLINE_DWH.RAW_DATA.SP_LOAD_RAW('Dominica_orig_data_for_update.csv.gz');
[2026-02-26T14:00:12.008+0000] {base.py:84} INFO - Retrieving connection 'snowflake_default'
[2026-02-26T14:00:12.213+0000] {base.py:84} INFO - Retrieving connection 'snowflake_default'
[2026-02-26T14:00:12.216+0000] {connection.py:486} INFO - Snowflake Connector for Python Version: 3.15.0, Python Version: 3.10.17, Platform: Linux-6.6.87.2-microsoft-standard-WSL2-x86_64-with-glibc2.36
[2026-02-26T14:00:12.218+0000] {connection.py:1391} INFO - Connecting to GLOBAL Snowflake domain
[2026-02-26T14:00:12.851+0000] {snowflake.py:521} INFO - Running statement: CALL AIRLINE_DWH.RAW_DATA.SP_LOAD_RAW('Dominica_orig_data_for_update.csv.gz');, parameters: None
[2026-02-26T14:00:12.852+0000] {sql.py:814} INFO - Running statement: CALL AIRLINE_DWH.RAW_DATA.SP_LOAD_RAW('Dominica_orig_data_for_update.csv.gz');, parameters: None
[2026-02-26T14:00:15.641+0000] {sql.py:823} INFO - Rows affected: 1
[2026-02-26T14:00:15.643+0000] {snowflake.py:534} INFO - Rows affected: 1
[2026-02-26T14:00:15.645+0000] {snowflake.py:535} INFO - Snowflake query id: 01c2ac08-0005-0f1f-0001-37ce0008c326
[2026-02-26T14:00:15.904+0000] {taskinstance.py:349} INFO - ::group::Post task execution logs
[2026-02-26T14:00:15.908+0000] {taskinstance.py:361} INFO - Marking task as SUCCESS. dag_id=02_etl_pipeline_incremental, task_id=load_bronze_raw, run_id=scheduled__2026-02-26T13:55:00+00:00, execution_date=20260226T135500, start_date=20260226T140011, end_date=20260226T140015
[2026-02-26T14:00:15.950+0000] {logging_mixin.py:190} INFO - Task instance in success state
[2026-02-26T14:00:15.952+0000] {logging_mixin.py:190} INFO -  Previous state of the Task instance: running
[2026-02-26T14:00:15.953+0000] {logging_mixin.py:190} INFO - Dag name:02_etl_pipeline_incremental queued_at:2026-02-26 14:00:00.170596+00:00
[2026-02-26T14:00:15.954+0000] {logging_mixin.py:190} INFO - Task hostname:d54c9b653406 operator:SQLExecuteQueryOperator
[2026-02-26T14:00:16.005+0000] {local_task_job_runner.py:266} INFO - Task exited with return code 0
[2026-02-26T14:00:16.043+0000] {taskinstance.py:3924} INFO - 3 downstream tasks scheduled from follow-on schedule check
[2026-02-26T14:00:16.046+0000] {local_task_job_runner.py:245} INFO - ::endgroup::
