[2026-02-26T12:13:09.126+0000] {local_task_job_runner.py:123} INFO - ::group::Pre task execution logs
[2026-02-26T12:13:09.177+0000] {taskinstance.py:2631} INFO - Dependencies all met for dep_context=non-requeueable deps ti=<TaskInstance: 02_etl_pipeline_incremental.load_gold_analytics manual__2026-02-26T11:59:50.036547+00:00 [queued]>
[2026-02-26T12:13:09.207+0000] {taskinstance.py:2631} INFO - Dependencies all met for dep_context=requeueable deps ti=<TaskInstance: 02_etl_pipeline_incremental.load_gold_analytics manual__2026-02-26T11:59:50.036547+00:00 [queued]>
[2026-02-26T12:13:09.209+0000] {taskinstance.py:2884} INFO - Starting attempt 1 of 2
[2026-02-26T12:13:09.421+0000] {taskinstance.py:2907} INFO - Executing <Task(SQLExecuteQueryOperator): load_gold_analytics> on 2026-02-26 11:59:50.036547+00:00
[2026-02-26T12:13:09.431+0000] {standard_task_runner.py:72} INFO - Started process 2954 to run task
[2026-02-26T12:13:09.438+0000] {standard_task_runner.py:104} INFO - Running: ['***', 'tasks', 'run', '02_etl_pipeline_incremental', 'load_gold_analytics', 'manual__2026-02-26T11:59:50.036547+00:00', '--job-id', '525', '--raw', '--subdir', 'DAGS_FOLDER/02_etl_pipeline.py', '--cfg-path', '/tmp/tmpf6bjr2ol']
[2026-02-26T12:13:09.441+0000] {standard_task_runner.py:105} INFO - Job 525: Subtask load_gold_analytics
[2026-02-26T12:13:09.539+0000] {task_command.py:467} INFO - Running <TaskInstance: 02_etl_pipeline_incremental.load_gold_analytics manual__2026-02-26T11:59:50.036547+00:00 [running]> on host d54c9b653406
[2026-02-26T12:13:09.671+0000] {taskinstance.py:3157} INFO - Exporting env vars: AIRFLOW_CTX_DAG_OWNER='***' AIRFLOW_CTX_DAG_ID='02_etl_pipeline_incremental' AIRFLOW_CTX_TASK_ID='load_gold_analytics' AIRFLOW_CTX_EXECUTION_DATE='2026-02-26T11:59:50.036547+00:00' AIRFLOW_CTX_TRY_NUMBER='1' AIRFLOW_CTX_DAG_RUN_ID='manual__2026-02-26T11:59:50.036547+00:00'
[2026-02-26T12:13:09.677+0000] {logging_mixin.py:190} INFO - Task instance is in running state
[2026-02-26T12:13:09.679+0000] {logging_mixin.py:190} INFO -  Previous state of the Task instance: queued
[2026-02-26T12:13:09.686+0000] {logging_mixin.py:190} INFO - Current task name:load_gold_analytics state:running start_date:2026-02-26 12:13:09.178928+00:00
[2026-02-26T12:13:09.689+0000] {logging_mixin.py:190} INFO - Dag name:02_etl_pipeline_incremental and current dag run status:running
[2026-02-26T12:13:09.691+0000] {taskinstance.py:740} INFO - ::endgroup::
[2026-02-26T12:13:09.693+0000] {sql.py:306} INFO - Executing: CALL AIRLINE_DWH.GOLD_DATA.SP_REFRESH_GOLD_REPORT();
[2026-02-26T12:13:09.709+0000] {base.py:84} INFO - Retrieving connection 'snowflake_default'
[2026-02-26T12:13:09.952+0000] {base.py:84} INFO - Retrieving connection 'snowflake_default'
[2026-02-26T12:13:09.954+0000] {connection.py:486} INFO - Snowflake Connector for Python Version: 3.15.0, Python Version: 3.10.17, Platform: Linux-6.6.87.2-microsoft-standard-WSL2-x86_64-with-glibc2.36
[2026-02-26T12:13:09.957+0000] {connection.py:1391} INFO - Connecting to GLOBAL Snowflake domain
[2026-02-26T12:13:10.351+0000] {snowflake.py:521} INFO - Running statement: CALL AIRLINE_DWH.GOLD_DATA.SP_REFRESH_GOLD_REPORT();, parameters: None
[2026-02-26T12:13:10.353+0000] {sql.py:814} INFO - Running statement: CALL AIRLINE_DWH.GOLD_DATA.SP_REFRESH_GOLD_REPORT();, parameters: None
[2026-02-26T12:13:11.925+0000] {sql.py:823} INFO - Rows affected: 1
[2026-02-26T12:13:11.927+0000] {snowflake.py:534} INFO - Rows affected: 1
[2026-02-26T12:13:11.928+0000] {snowflake.py:535} INFO - Snowflake query id: 01c2ab9d-0005-0f1f-0001-37ce000870a2
[2026-02-26T12:13:12.149+0000] {taskinstance.py:349} INFO - ::group::Post task execution logs
[2026-02-26T12:13:12.151+0000] {taskinstance.py:361} INFO - Marking task as SUCCESS. dag_id=02_etl_pipeline_incremental, task_id=load_gold_analytics, run_id=manual__2026-02-26T11:59:50.036547+00:00, execution_date=20260226T115950, start_date=20260226T121309, end_date=20260226T121312
[2026-02-26T12:13:12.182+0000] {logging_mixin.py:190} INFO - Task instance in success state
[2026-02-26T12:13:12.185+0000] {logging_mixin.py:190} INFO -  Previous state of the Task instance: running
[2026-02-26T12:13:12.187+0000] {logging_mixin.py:190} INFO - Dag name:02_etl_pipeline_incremental queued_at:2026-02-26 11:59:50.097492+00:00
[2026-02-26T12:13:12.188+0000] {logging_mixin.py:190} INFO - Task hostname:d54c9b653406 operator:SQLExecuteQueryOperator
[2026-02-26T12:13:12.224+0000] {local_task_job_runner.py:266} INFO - Task exited with return code 0
[2026-02-26T12:13:12.262+0000] {taskinstance.py:3924} INFO - 1 downstream tasks scheduled from follow-on schedule check
[2026-02-26T12:13:12.265+0000] {local_task_job_runner.py:245} INFO - ::endgroup::
