[2026-02-26T13:20:48.245+0000] {local_task_job_runner.py:123} INFO - ::group::Pre task execution logs
[2026-02-26T13:20:48.275+0000] {taskinstance.py:2631} INFO - Dependencies all met for dep_context=non-requeueable deps ti=<TaskInstance: 02_etl_pipeline_incremental.check_and_get_file manual__2026-02-26T13:20:17.271730+00:00 [queued]>
[2026-02-26T13:20:48.294+0000] {taskinstance.py:2631} INFO - Dependencies all met for dep_context=requeueable deps ti=<TaskInstance: 02_etl_pipeline_incremental.check_and_get_file manual__2026-02-26T13:20:17.271730+00:00 [queued]>
[2026-02-26T13:20:48.297+0000] {taskinstance.py:2884} INFO - Starting attempt 1 of 2
[2026-02-26T13:20:48.323+0000] {taskinstance.py:2907} INFO - Executing <Task(ShortCircuitOperator): check_and_get_file> on 2026-02-26 13:20:17.271730+00:00
[2026-02-26T13:20:48.341+0000] {standard_task_runner.py:72} INFO - Started process 4490 to run task
[2026-02-26T13:20:48.356+0000] {standard_task_runner.py:104} INFO - Running: ['***', 'tasks', 'run', '02_etl_pipeline_incremental', 'check_and_get_file', 'manual__2026-02-26T13:20:17.271730+00:00', '--job-id', '682', '--raw', '--subdir', 'DAGS_FOLDER/02_etl_pipeline.py', '--cfg-path', '/tmp/tmpksv_kmw0']
[2026-02-26T13:20:48.359+0000] {standard_task_runner.py:105} INFO - Job 682: Subtask check_and_get_file
[2026-02-26T13:20:48.776+0000] {task_command.py:467} INFO - Running <TaskInstance: 02_etl_pipeline_incremental.check_and_get_file manual__2026-02-26T13:20:17.271730+00:00 [running]> on host d54c9b653406
[2026-02-26T13:20:48.915+0000] {taskinstance.py:3157} INFO - Exporting env vars: AIRFLOW_CTX_DAG_OWNER='***' AIRFLOW_CTX_DAG_ID='02_etl_pipeline_incremental' AIRFLOW_CTX_TASK_ID='check_and_get_file' AIRFLOW_CTX_EXECUTION_DATE='2026-02-26T13:20:17.271730+00:00' AIRFLOW_CTX_TRY_NUMBER='1' AIRFLOW_CTX_DAG_RUN_ID='manual__2026-02-26T13:20:17.271730+00:00'
[2026-02-26T13:20:48.921+0000] {logging_mixin.py:190} INFO - Task instance is in running state
[2026-02-26T13:20:48.925+0000] {logging_mixin.py:190} INFO -  Previous state of the Task instance: queued
[2026-02-26T13:20:48.932+0000] {logging_mixin.py:190} INFO - Current task name:check_and_get_file state:running start_date:2026-02-26 13:20:48.278150+00:00
[2026-02-26T13:20:48.934+0000] {logging_mixin.py:190} INFO - Dag name:02_etl_pipeline_incremental and current dag run status:running
[2026-02-26T13:20:48.935+0000] {taskinstance.py:740} INFO - ::endgroup::
[2026-02-26T13:20:48.936+0000] {baseoperator.py:423} WARNING - ShortCircuitOperator.execute cannot be called outside TaskInstance!
[2026-02-26T13:20:48.948+0000] {logging_mixin.py:190} INFO - File to processing: Dominica_orig_data_for_update.csv
[2026-02-26T13:20:48.950+0000] {python.py:240} INFO - Done. Returned value was: Dominica_orig_data_for_update.csv
[2026-02-26T13:20:48.951+0000] {python.py:309} INFO - Condition result is Dominica_orig_data_for_update.csv
[2026-02-26T13:20:48.953+0000] {python.py:312} INFO - Proceeding with downstream tasks...
[2026-02-26T13:20:48.992+0000] {taskinstance.py:349} INFO - ::group::Post task execution logs
[2026-02-26T13:20:48.993+0000] {taskinstance.py:361} INFO - Marking task as SUCCESS. dag_id=02_etl_pipeline_incremental, task_id=check_and_get_file, run_id=manual__2026-02-26T13:20:17.271730+00:00, execution_date=20260226T132017, start_date=20260226T132048, end_date=20260226T132048
[2026-02-26T13:20:49.025+0000] {logging_mixin.py:190} INFO - Task instance in success state
[2026-02-26T13:20:49.026+0000] {logging_mixin.py:190} INFO -  Previous state of the Task instance: running
[2026-02-26T13:20:49.027+0000] {logging_mixin.py:190} INFO - Dag name:02_etl_pipeline_incremental queued_at:2026-02-26 13:20:17.291987+00:00
[2026-02-26T13:20:49.028+0000] {logging_mixin.py:190} INFO - Task hostname:d54c9b653406 operator:ShortCircuitOperator
[2026-02-26T13:20:49.056+0000] {local_task_job_runner.py:266} INFO - Task exited with return code 0
[2026-02-26T13:20:49.306+0000] {taskinstance.py:3924} INFO - 1 downstream tasks scheduled from follow-on schedule check
[2026-02-26T13:20:49.309+0000] {local_task_job_runner.py:245} INFO - ::endgroup::
