[2026-02-26T14:00:27.426+0000] {local_task_job_runner.py:123} INFO - ::group::Pre task execution logs
[2026-02-26T14:00:27.475+0000] {taskinstance.py:2631} INFO - Dependencies all met for dep_context=non-requeueable deps ti=<TaskInstance: 02_etl_pipeline_incremental.load_silver_facts scheduled__2026-02-26T13:55:00+00:00 [queued]>
[2026-02-26T14:00:27.502+0000] {taskinstance.py:2631} INFO - Dependencies all met for dep_context=requeueable deps ti=<TaskInstance: 02_etl_pipeline_incremental.load_silver_facts scheduled__2026-02-26T13:55:00+00:00 [queued]>
[2026-02-26T14:00:27.510+0000] {taskinstance.py:2884} INFO - Starting attempt 1 of 2
[2026-02-26T14:00:27.712+0000] {taskinstance.py:2907} INFO - Executing <Task(SQLExecuteQueryOperator): load_silver_facts> on 2026-02-26 13:55:00+00:00
[2026-02-26T14:00:27.721+0000] {standard_task_runner.py:72} INFO - Started process 5197 to run task
[2026-02-26T14:00:27.727+0000] {standard_task_runner.py:104} INFO - Running: ['***', 'tasks', 'run', '02_etl_pipeline_incremental', 'load_silver_facts', 'scheduled__2026-02-26T13:55:00+00:00', '--job-id', '727', '--raw', '--subdir', 'DAGS_FOLDER/02_etl_pipeline.py', '--cfg-path', '/tmp/tmpdgf4x_z4']
[2026-02-26T14:00:27.730+0000] {standard_task_runner.py:105} INFO - Job 727: Subtask load_silver_facts
[2026-02-26T14:00:27.814+0000] {task_command.py:467} INFO - Running <TaskInstance: 02_etl_pipeline_incremental.load_silver_facts scheduled__2026-02-26T13:55:00+00:00 [running]> on host d54c9b653406
[2026-02-26T14:00:27.907+0000] {taskinstance.py:3157} INFO - Exporting env vars: AIRFLOW_CTX_DAG_OWNER='***' AIRFLOW_CTX_DAG_ID='02_etl_pipeline_incremental' AIRFLOW_CTX_TASK_ID='load_silver_facts' AIRFLOW_CTX_EXECUTION_DATE='2026-02-26T13:55:00+00:00' AIRFLOW_CTX_TRY_NUMBER='1' AIRFLOW_CTX_DAG_RUN_ID='scheduled__2026-02-26T13:55:00+00:00'
[2026-02-26T14:00:27.909+0000] {logging_mixin.py:190} INFO - Task instance is in running state
[2026-02-26T14:00:27.911+0000] {logging_mixin.py:190} INFO -  Previous state of the Task instance: queued
[2026-02-26T14:00:27.912+0000] {logging_mixin.py:190} INFO - Current task name:load_silver_facts state:running start_date:2026-02-26 14:00:27.477312+00:00
[2026-02-26T14:00:27.914+0000] {logging_mixin.py:190} INFO - Dag name:02_etl_pipeline_incremental and current dag run status:running
[2026-02-26T14:00:27.915+0000] {taskinstance.py:740} INFO - ::endgroup::
[2026-02-26T14:00:27.916+0000] {sql.py:306} INFO - Executing: CALL AIRLINE_DWH.SILVER_DATA.SP_LOAD_FACT_AIRLINE();
[2026-02-26T14:00:27.932+0000] {base.py:84} INFO - Retrieving connection 'snowflake_default'
[2026-02-26T14:00:28.134+0000] {base.py:84} INFO - Retrieving connection 'snowflake_default'
[2026-02-26T14:00:28.136+0000] {connection.py:486} INFO - Snowflake Connector for Python Version: 3.15.0, Python Version: 3.10.17, Platform: Linux-6.6.87.2-microsoft-standard-WSL2-x86_64-with-glibc2.36
[2026-02-26T14:00:28.138+0000] {connection.py:1391} INFO - Connecting to GLOBAL Snowflake domain
[2026-02-26T14:00:28.659+0000] {snowflake.py:521} INFO - Running statement: CALL AIRLINE_DWH.SILVER_DATA.SP_LOAD_FACT_AIRLINE();, parameters: None
[2026-02-26T14:00:28.666+0000] {sql.py:814} INFO - Running statement: CALL AIRLINE_DWH.SILVER_DATA.SP_LOAD_FACT_AIRLINE();, parameters: None
[2026-02-26T14:00:31.109+0000] {sql.py:823} INFO - Rows affected: 1
[2026-02-26T14:00:31.110+0000] {snowflake.py:534} INFO - Rows affected: 1
[2026-02-26T14:00:31.112+0000] {snowflake.py:535} INFO - Snowflake query id: 01c2ac08-0005-0f1f-0001-37ce0008c396
[2026-02-26T14:00:31.356+0000] {taskinstance.py:349} INFO - ::group::Post task execution logs
[2026-02-26T14:00:31.358+0000] {taskinstance.py:361} INFO - Marking task as SUCCESS. dag_id=02_etl_pipeline_incremental, task_id=load_silver_facts, run_id=scheduled__2026-02-26T13:55:00+00:00, execution_date=20260226T135500, start_date=20260226T140027, end_date=20260226T140031
[2026-02-26T14:00:31.404+0000] {logging_mixin.py:190} INFO - Task instance in success state
[2026-02-26T14:00:31.405+0000] {logging_mixin.py:190} INFO -  Previous state of the Task instance: running
[2026-02-26T14:00:31.407+0000] {logging_mixin.py:190} INFO - Dag name:02_etl_pipeline_incremental queued_at:2026-02-26 14:00:00.170596+00:00
[2026-02-26T14:00:31.408+0000] {logging_mixin.py:190} INFO - Task hostname:d54c9b653406 operator:SQLExecuteQueryOperator
[2026-02-26T14:00:31.471+0000] {local_task_job_runner.py:266} INFO - Task exited with return code 0
[2026-02-26T14:00:31.536+0000] {taskinstance.py:3924} INFO - 1 downstream tasks scheduled from follow-on schedule check
[2026-02-26T14:00:31.540+0000] {local_task_job_runner.py:245} INFO - ::endgroup::
