[2026-02-26T13:18:26.858+0000] {local_task_job_runner.py:123} INFO - ::group::Pre task execution logs
[2026-02-26T13:18:26.909+0000] {taskinstance.py:2631} INFO - Dependencies all met for dep_context=non-requeueable deps ti=<TaskInstance: 01_init_infrastructure.02_create_schemas manual__2026-02-26T13:18:17.367891+00:00 [queued]>
[2026-02-26T13:18:26.929+0000] {taskinstance.py:2631} INFO - Dependencies all met for dep_context=requeueable deps ti=<TaskInstance: 01_init_infrastructure.02_create_schemas manual__2026-02-26T13:18:17.367891+00:00 [queued]>
[2026-02-26T13:18:26.931+0000] {taskinstance.py:2884} INFO - Starting attempt 1 of 1
[2026-02-26T13:18:27.136+0000] {taskinstance.py:2907} INFO - Executing <Task(SQLExecuteQueryOperator): 02_create_schemas> on 2026-02-26 13:18:17.367891+00:00
[2026-02-26T13:18:27.151+0000] {standard_task_runner.py:72} INFO - Started process 4369 to run task
[2026-02-26T13:18:27.158+0000] {standard_task_runner.py:104} INFO - Running: ['***', 'tasks', 'run', '01_init_infrastructure', '02_create_schemas', 'manual__2026-02-26T13:18:17.367891+00:00', '--job-id', '661', '--raw', '--subdir', 'DAGS_FOLDER/01_init_infrastructure.py', '--cfg-path', '/tmp/tmpm5e3vzj1']
[2026-02-26T13:18:27.161+0000] {standard_task_runner.py:105} INFO - Job 661: Subtask 02_create_schemas
[2026-02-26T13:18:27.268+0000] {task_command.py:467} INFO - Running <TaskInstance: 01_init_infrastructure.02_create_schemas manual__2026-02-26T13:18:17.367891+00:00 [running]> on host d54c9b653406
[2026-02-26T13:18:27.431+0000] {taskinstance.py:3157} INFO - Exporting env vars: AIRFLOW_CTX_DAG_OWNER='***' AIRFLOW_CTX_DAG_ID='01_init_infrastructure' AIRFLOW_CTX_TASK_ID='02_create_schemas' AIRFLOW_CTX_EXECUTION_DATE='2026-02-26T13:18:17.367891+00:00' AIRFLOW_CTX_TRY_NUMBER='1' AIRFLOW_CTX_DAG_RUN_ID='manual__2026-02-26T13:18:17.367891+00:00'
[2026-02-26T13:18:27.434+0000] {logging_mixin.py:190} INFO - Task instance is in running state
[2026-02-26T13:18:27.435+0000] {logging_mixin.py:190} INFO -  Previous state of the Task instance: queued
[2026-02-26T13:18:27.436+0000] {logging_mixin.py:190} INFO - Current task name:02_create_schemas state:running start_date:2026-02-26 13:18:26.910835+00:00
[2026-02-26T13:18:27.437+0000] {logging_mixin.py:190} INFO - Dag name:01_init_infrastructure and current dag run status:running
[2026-02-26T13:18:27.437+0000] {taskinstance.py:740} INFO - ::endgroup::
[2026-02-26T13:18:27.438+0000] {sql.py:306} INFO - Executing: USE DATABASE AIRLINE_DWH;

CREATE SCHEMA IF NOT EXISTS RAW_DATA;    
CREATE SCHEMA IF NOT EXISTS SILVER_DATA; 
CREATE SCHEMA IF NOT EXISTS GOLD_DATA;   
CREATE SCHEMA IF NOT EXISTS UTILS;       
[2026-02-26T13:18:27.459+0000] {base.py:84} INFO - Retrieving connection 'snowflake_default'
[2026-02-26T13:18:27.746+0000] {base.py:84} INFO - Retrieving connection 'snowflake_default'
[2026-02-26T13:18:27.748+0000] {connection.py:486} INFO - Snowflake Connector for Python Version: 3.15.0, Python Version: 3.10.17, Platform: Linux-6.6.87.2-microsoft-standard-WSL2-x86_64-with-glibc2.36
[2026-02-26T13:18:27.752+0000] {connection.py:1391} INFO - Connecting to GLOBAL Snowflake domain
[2026-02-26T13:18:28.306+0000] {snowflake.py:521} INFO - Running statement: USE DATABASE AIRLINE_DWH;, parameters: None
[2026-02-26T13:18:28.311+0000] {sql.py:814} INFO - Running statement: USE DATABASE AIRLINE_DWH;, parameters: None
[2026-02-26T13:18:28.411+0000] {sql.py:823} INFO - Rows affected: 1
[2026-02-26T13:18:28.427+0000] {snowflake.py:534} INFO - Rows affected: 1
[2026-02-26T13:18:28.438+0000] {snowflake.py:535} INFO - Snowflake query id: 01c2abde-0005-0f1f-0001-37ce00087ac2
[2026-02-26T13:18:28.440+0000] {snowflake.py:521} INFO - Running statement: CREATE SCHEMA IF NOT EXISTS RAW_DATA;, parameters: None
[2026-02-26T13:18:28.441+0000] {sql.py:814} INFO - Running statement: CREATE SCHEMA IF NOT EXISTS RAW_DATA;, parameters: None
[2026-02-26T13:18:28.553+0000] {sql.py:823} INFO - Rows affected: 1
[2026-02-26T13:18:28.557+0000] {snowflake.py:534} INFO - Rows affected: 1
[2026-02-26T13:18:28.558+0000] {snowflake.py:535} INFO - Snowflake query id: 01c2abde-0005-0f17-0001-37ce0008b076
[2026-02-26T13:18:28.560+0000] {snowflake.py:521} INFO - Running statement: CREATE SCHEMA IF NOT EXISTS SILVER_DATA;, parameters: None
[2026-02-26T13:18:28.561+0000] {sql.py:814} INFO - Running statement: CREATE SCHEMA IF NOT EXISTS SILVER_DATA;, parameters: None
[2026-02-26T13:18:28.710+0000] {sql.py:823} INFO - Rows affected: 1
[2026-02-26T13:18:28.731+0000] {snowflake.py:534} INFO - Rows affected: 1
[2026-02-26T13:18:28.773+0000] {snowflake.py:535} INFO - Snowflake query id: 01c2abde-0005-0f1f-0001-37ce00087ac6
[2026-02-26T13:18:28.775+0000] {snowflake.py:521} INFO - Running statement: CREATE SCHEMA IF NOT EXISTS GOLD_DATA;, parameters: None
[2026-02-26T13:18:28.777+0000] {sql.py:814} INFO - Running statement: CREATE SCHEMA IF NOT EXISTS GOLD_DATA;, parameters: None
[2026-02-26T13:18:28.890+0000] {sql.py:823} INFO - Rows affected: 1
[2026-02-26T13:18:28.892+0000] {snowflake.py:534} INFO - Rows affected: 1
[2026-02-26T13:18:28.894+0000] {snowflake.py:535} INFO - Snowflake query id: 01c2abde-0005-0f17-0001-37ce0008b07a
[2026-02-26T13:18:28.896+0000] {snowflake.py:521} INFO - Running statement: CREATE SCHEMA IF NOT EXISTS UTILS;, parameters: None
[2026-02-26T13:18:28.897+0000] {sql.py:814} INFO - Running statement: CREATE SCHEMA IF NOT EXISTS UTILS;, parameters: None
[2026-02-26T13:18:29.005+0000] {sql.py:823} INFO - Rows affected: 1
[2026-02-26T13:18:29.007+0000] {snowflake.py:534} INFO - Rows affected: 1
[2026-02-26T13:18:29.008+0000] {snowflake.py:535} INFO - Snowflake query id: 01c2abde-0005-0f1f-0001-37ce00087aca
[2026-02-26T13:18:29.269+0000] {taskinstance.py:349} INFO - ::group::Post task execution logs
[2026-02-26T13:18:29.271+0000] {taskinstance.py:361} INFO - Marking task as SUCCESS. dag_id=01_init_infrastructure, task_id=02_create_schemas, run_id=manual__2026-02-26T13:18:17.367891+00:00, execution_date=20260226T131817, start_date=20260226T131826, end_date=20260226T131829
[2026-02-26T13:18:29.319+0000] {logging_mixin.py:190} INFO - Task instance in success state
[2026-02-26T13:18:29.324+0000] {logging_mixin.py:190} INFO -  Previous state of the Task instance: running
[2026-02-26T13:18:29.326+0000] {logging_mixin.py:190} INFO - Dag name:01_init_infrastructure queued_at:2026-02-26 13:18:17.396222+00:00
[2026-02-26T13:18:29.328+0000] {logging_mixin.py:190} INFO - Task hostname:d54c9b653406 operator:SQLExecuteQueryOperator
[2026-02-26T13:18:29.381+0000] {local_task_job_runner.py:266} INFO - Task exited with return code 0
[2026-02-26T13:18:29.482+0000] {taskinstance.py:3924} INFO - 1 downstream tasks scheduled from follow-on schedule check
[2026-02-26T13:18:29.497+0000] {local_task_job_runner.py:245} INFO - ::endgroup::
