[2026-02-26T13:20:56.438+0000] {local_task_job_runner.py:123} INFO - ::group::Pre task execution logs
[2026-02-26T13:20:56.473+0000] {taskinstance.py:2631} INFO - Dependencies all met for dep_context=non-requeueable deps ti=<TaskInstance: 02_etl_pipeline_incremental.load_bronze_raw manual__2026-02-26T13:20:17.271730+00:00 [queued]>
[2026-02-26T13:20:56.491+0000] {taskinstance.py:2631} INFO - Dependencies all met for dep_context=requeueable deps ti=<TaskInstance: 02_etl_pipeline_incremental.load_bronze_raw manual__2026-02-26T13:20:17.271730+00:00 [queued]>
[2026-02-26T13:20:56.494+0000] {taskinstance.py:2884} INFO - Starting attempt 1 of 2
[2026-02-26T13:20:56.688+0000] {taskinstance.py:2907} INFO - Executing <Task(SQLExecuteQueryOperator): load_bronze_raw> on 2026-02-26 13:20:17.271730+00:00
[2026-02-26T13:20:56.699+0000] {standard_task_runner.py:72} INFO - Started process 4500 to run task
[2026-02-26T13:20:56.705+0000] {standard_task_runner.py:104} INFO - Running: ['***', 'tasks', 'run', '02_etl_pipeline_incremental', 'load_bronze_raw', 'manual__2026-02-26T13:20:17.271730+00:00', '--job-id', '684', '--raw', '--subdir', 'DAGS_FOLDER/02_etl_pipeline.py', '--cfg-path', '/tmp/tmp4ge7sdzc']
[2026-02-26T13:20:56.708+0000] {standard_task_runner.py:105} INFO - Job 684: Subtask load_bronze_raw
[2026-02-26T13:20:56.811+0000] {task_command.py:467} INFO - Running <TaskInstance: 02_etl_pipeline_incremental.load_bronze_raw manual__2026-02-26T13:20:17.271730+00:00 [running]> on host d54c9b653406
[2026-02-26T13:20:56.947+0000] {taskinstance.py:3157} INFO - Exporting env vars: AIRFLOW_CTX_DAG_OWNER='***' AIRFLOW_CTX_DAG_ID='02_etl_pipeline_incremental' AIRFLOW_CTX_TASK_ID='load_bronze_raw' AIRFLOW_CTX_EXECUTION_DATE='2026-02-26T13:20:17.271730+00:00' AIRFLOW_CTX_TRY_NUMBER='1' AIRFLOW_CTX_DAG_RUN_ID='manual__2026-02-26T13:20:17.271730+00:00'
[2026-02-26T13:20:56.952+0000] {logging_mixin.py:190} INFO - Task instance is in running state
[2026-02-26T13:20:56.953+0000] {logging_mixin.py:190} INFO -  Previous state of the Task instance: queued
[2026-02-26T13:20:56.954+0000] {logging_mixin.py:190} INFO - Current task name:load_bronze_raw state:running start_date:2026-02-26 13:20:56.475431+00:00
[2026-02-26T13:20:56.955+0000] {logging_mixin.py:190} INFO - Dag name:02_etl_pipeline_incremental and current dag run status:running
[2026-02-26T13:20:56.956+0000] {taskinstance.py:740} INFO - ::endgroup::
[2026-02-26T13:20:56.957+0000] {sql.py:306} INFO - Executing: CALL AIRLINE_DWH.RAW_DATA.SP_LOAD_RAW('Dominica_orig_data_for_update.csv.gz');
[2026-02-26T13:20:56.976+0000] {base.py:84} INFO - Retrieving connection 'snowflake_default'
[2026-02-26T13:20:57.160+0000] {base.py:84} INFO - Retrieving connection 'snowflake_default'
[2026-02-26T13:20:57.162+0000] {connection.py:486} INFO - Snowflake Connector for Python Version: 3.15.0, Python Version: 3.10.17, Platform: Linux-6.6.87.2-microsoft-standard-WSL2-x86_64-with-glibc2.36
[2026-02-26T13:20:57.164+0000] {connection.py:1391} INFO - Connecting to GLOBAL Snowflake domain
[2026-02-26T13:20:58.353+0000] {snowflake.py:521} INFO - Running statement: CALL AIRLINE_DWH.RAW_DATA.SP_LOAD_RAW('Dominica_orig_data_for_update.csv.gz');, parameters: None
[2026-02-26T13:20:58.355+0000] {sql.py:814} INFO - Running statement: CALL AIRLINE_DWH.RAW_DATA.SP_LOAD_RAW('Dominica_orig_data_for_update.csv.gz');, parameters: None
[2026-02-26T13:21:00.144+0000] {sql.py:823} INFO - Rows affected: 1
[2026-02-26T13:21:00.146+0000] {snowflake.py:534} INFO - Rows affected: 1
[2026-02-26T13:21:00.147+0000] {snowflake.py:535} INFO - Snowflake query id: 01c2abe0-0005-0f17-0001-37ce0008b1ce
[2026-02-26T13:21:00.366+0000] {taskinstance.py:349} INFO - ::group::Post task execution logs
[2026-02-26T13:21:00.368+0000] {taskinstance.py:361} INFO - Marking task as SUCCESS. dag_id=02_etl_pipeline_incremental, task_id=load_bronze_raw, run_id=manual__2026-02-26T13:20:17.271730+00:00, execution_date=20260226T132017, start_date=20260226T132056, end_date=20260226T132100
[2026-02-26T13:21:00.397+0000] {logging_mixin.py:190} INFO - Task instance in success state
[2026-02-26T13:21:00.399+0000] {logging_mixin.py:190} INFO -  Previous state of the Task instance: running
[2026-02-26T13:21:00.401+0000] {logging_mixin.py:190} INFO - Dag name:02_etl_pipeline_incremental queued_at:2026-02-26 13:20:17.291987+00:00
[2026-02-26T13:21:00.402+0000] {logging_mixin.py:190} INFO - Task hostname:d54c9b653406 operator:SQLExecuteQueryOperator
[2026-02-26T13:21:00.456+0000] {local_task_job_runner.py:266} INFO - Task exited with return code 0
[2026-02-26T13:21:00.491+0000] {taskinstance.py:3924} INFO - 3 downstream tasks scheduled from follow-on schedule check
[2026-02-26T13:21:00.496+0000] {local_task_job_runner.py:245} INFO - ::endgroup::
