[2026-02-26T12:11:45.127+0000] {local_task_job_runner.py:123} INFO - ::group::Pre task execution logs
[2026-02-26T12:11:45.181+0000] {taskinstance.py:2631} INFO - Dependencies all met for dep_context=non-requeueable deps ti=<TaskInstance: 01_init_infrastructure.03_create_formats_stages manual__2026-02-26T12:04:35.460097+00:00 [queued]>
[2026-02-26T12:11:45.202+0000] {taskinstance.py:2631} INFO - Dependencies all met for dep_context=requeueable deps ti=<TaskInstance: 01_init_infrastructure.03_create_formats_stages manual__2026-02-26T12:04:35.460097+00:00 [queued]>
[2026-02-26T12:11:45.205+0000] {taskinstance.py:2884} INFO - Starting attempt 1 of 1
[2026-02-26T12:11:45.506+0000] {taskinstance.py:2907} INFO - Executing <Task(SQLExecuteQueryOperator): 03_create_formats_stages> on 2026-02-26 12:04:35.460097+00:00
[2026-02-26T12:11:45.522+0000] {standard_task_runner.py:72} INFO - Started process 2865 to run task
[2026-02-26T12:11:45.530+0000] {standard_task_runner.py:104} INFO - Running: ['***', 'tasks', 'run', '01_init_infrastructure', '03_create_formats_stages', 'manual__2026-02-26T12:04:35.460097+00:00', '--job-id', '508', '--raw', '--subdir', 'DAGS_FOLDER/01_init_infrastructure.py', '--cfg-path', '/tmp/tmpxjo5qylc']
[2026-02-26T12:11:45.533+0000] {standard_task_runner.py:105} INFO - Job 508: Subtask 03_create_formats_stages
[2026-02-26T12:11:45.649+0000] {task_command.py:467} INFO - Running <TaskInstance: 01_init_infrastructure.03_create_formats_stages manual__2026-02-26T12:04:35.460097+00:00 [running]> on host d54c9b653406
[2026-02-26T12:11:45.803+0000] {taskinstance.py:3157} INFO - Exporting env vars: AIRFLOW_CTX_DAG_OWNER='***' AIRFLOW_CTX_DAG_ID='01_init_infrastructure' AIRFLOW_CTX_TASK_ID='03_create_formats_stages' AIRFLOW_CTX_EXECUTION_DATE='2026-02-26T12:04:35.460097+00:00' AIRFLOW_CTX_TRY_NUMBER='1' AIRFLOW_CTX_DAG_RUN_ID='manual__2026-02-26T12:04:35.460097+00:00'
[2026-02-26T12:11:45.806+0000] {logging_mixin.py:190} INFO - Task instance is in running state
[2026-02-26T12:11:45.807+0000] {logging_mixin.py:190} INFO -  Previous state of the Task instance: queued
[2026-02-26T12:11:45.809+0000] {logging_mixin.py:190} INFO - Current task name:03_create_formats_stages state:running start_date:2026-02-26 12:11:45.183484+00:00
[2026-02-26T12:11:45.811+0000] {logging_mixin.py:190} INFO - Dag name:01_init_infrastructure and current dag run status:running
[2026-02-26T12:11:45.813+0000] {taskinstance.py:740} INFO - ::endgroup::
[2026-02-26T12:11:45.815+0000] {sql.py:306} INFO - Executing: USE DATABASE AIRLINE_DWH;
USE SCHEMA RAW_DATA;

-- Format CSV
CREATE OR REPLACE FILE FORMAT MY_CSV_FORMAT
  TYPE = 'CSV'
  FIELD_OPTIONALLY_ENCLOSED_BY = '"'
  SKIP_HEADER = 1
  NULL_IF = ('NULL', 'null', '');

-- Stage
CREATE OR REPLACE STAGE MY_INTERNAL_STAGE
  FILE_FORMAT = MY_CSV_FORMAT;
[2026-02-26T12:11:45.841+0000] {base.py:84} INFO - Retrieving connection 'snowflake_default'
[2026-02-26T12:11:46.083+0000] {base.py:84} INFO - Retrieving connection 'snowflake_default'
[2026-02-26T12:11:46.085+0000] {connection.py:486} INFO - Snowflake Connector for Python Version: 3.15.0, Python Version: 3.10.17, Platform: Linux-6.6.87.2-microsoft-standard-WSL2-x86_64-with-glibc2.36
[2026-02-26T12:11:46.087+0000] {connection.py:1391} INFO - Connecting to GLOBAL Snowflake domain
[2026-02-26T12:11:46.493+0000] {snowflake.py:521} INFO - Running statement: USE DATABASE AIRLINE_DWH;, parameters: None
[2026-02-26T12:11:46.496+0000] {sql.py:814} INFO - Running statement: USE DATABASE AIRLINE_DWH;, parameters: None
[2026-02-26T12:11:46.579+0000] {sql.py:823} INFO - Rows affected: 1
[2026-02-26T12:11:46.585+0000] {snowflake.py:534} INFO - Rows affected: 1
[2026-02-26T12:11:46.586+0000] {snowflake.py:535} INFO - Snowflake query id: 01c2ab9b-0005-0f17-0001-37ce0008902a
[2026-02-26T12:11:46.588+0000] {snowflake.py:521} INFO - Running statement: USE SCHEMA RAW_DATA;, parameters: None
[2026-02-26T12:11:46.590+0000] {sql.py:814} INFO - Running statement: USE SCHEMA RAW_DATA;, parameters: None
[2026-02-26T12:11:46.676+0000] {sql.py:823} INFO - Rows affected: 1
[2026-02-26T12:11:46.679+0000] {snowflake.py:534} INFO - Rows affected: 1
[2026-02-26T12:11:46.680+0000] {snowflake.py:535} INFO - Snowflake query id: 01c2ab9b-0005-0f1f-0001-37ce00087036
[2026-02-26T12:11:46.681+0000] {snowflake.py:521} INFO - Running statement: -- Format CSV
CREATE OR REPLACE FILE FORMAT MY_CSV_FORMAT
  TYPE = 'CSV'
  FIELD_OPTIONALLY_ENCLOSED_BY = '"'
  SKIP_HEADER = 1
  NULL_IF = ('NULL', 'null', '');, parameters: None
[2026-02-26T12:11:46.682+0000] {sql.py:814} INFO - Running statement: -- Format CSV
CREATE OR REPLACE FILE FORMAT MY_CSV_FORMAT
  TYPE = 'CSV'
  FIELD_OPTIONALLY_ENCLOSED_BY = '"'
  SKIP_HEADER = 1
  NULL_IF = ('NULL', 'null', '');, parameters: None
[2026-02-26T12:11:46.783+0000] {sql.py:823} INFO - Rows affected: 1
[2026-02-26T12:11:46.788+0000] {snowflake.py:534} INFO - Rows affected: 1
[2026-02-26T12:11:46.789+0000] {snowflake.py:535} INFO - Snowflake query id: 01c2ab9b-0005-0f0f-0001-37ce00088042
[2026-02-26T12:11:46.790+0000] {snowflake.py:521} INFO - Running statement: -- Stage
CREATE OR REPLACE STAGE MY_INTERNAL_STAGE
  FILE_FORMAT = MY_CSV_FORMAT;, parameters: None
[2026-02-26T12:11:46.792+0000] {sql.py:814} INFO - Running statement: -- Stage
CREATE OR REPLACE STAGE MY_INTERNAL_STAGE
  FILE_FORMAT = MY_CSV_FORMAT;, parameters: None
[2026-02-26T12:11:46.960+0000] {sql.py:823} INFO - Rows affected: 1
[2026-02-26T12:11:46.963+0000] {snowflake.py:534} INFO - Rows affected: 1
[2026-02-26T12:11:46.965+0000] {snowflake.py:535} INFO - Snowflake query id: 01c2ab9b-0005-0f17-0001-37ce0008902e
[2026-02-26T12:11:47.192+0000] {taskinstance.py:349} INFO - ::group::Post task execution logs
[2026-02-26T12:11:47.196+0000] {taskinstance.py:361} INFO - Marking task as SUCCESS. dag_id=01_init_infrastructure, task_id=03_create_formats_stages, run_id=manual__2026-02-26T12:04:35.460097+00:00, execution_date=20260226T120435, start_date=20260226T121145, end_date=20260226T121147
[2026-02-26T12:11:47.231+0000] {logging_mixin.py:190} INFO - Task instance in success state
[2026-02-26T12:11:47.232+0000] {logging_mixin.py:190} INFO -  Previous state of the Task instance: running
[2026-02-26T12:11:47.234+0000] {logging_mixin.py:190} INFO - Dag name:01_init_infrastructure queued_at:2026-02-26 12:04:35.477448+00:00
[2026-02-26T12:11:47.235+0000] {logging_mixin.py:190} INFO - Task hostname:d54c9b653406 operator:SQLExecuteQueryOperator
[2026-02-26T12:11:47.284+0000] {local_task_job_runner.py:266} INFO - Task exited with return code 0
[2026-02-26T12:11:47.358+0000] {taskinstance.py:3924} INFO - 1 downstream tasks scheduled from follow-on schedule check
[2026-02-26T12:11:47.365+0000] {local_task_job_runner.py:245} INFO - ::endgroup::
