[2026-02-26T13:20:13.565+0000] {local_task_job_runner.py:123} INFO - ::group::Pre task execution logs
[2026-02-26T13:20:13.593+0000] {taskinstance.py:2631} INFO - Dependencies all met for dep_context=non-requeueable deps ti=<TaskInstance: 02_etl_pipeline_incremental.load_bronze_raw scheduled__2026-02-26T13:15:00+00:00 [queued]>
[2026-02-26T13:20:13.603+0000] {taskinstance.py:2631} INFO - Dependencies all met for dep_context=requeueable deps ti=<TaskInstance: 02_etl_pipeline_incremental.load_bronze_raw scheduled__2026-02-26T13:15:00+00:00 [queued]>
[2026-02-26T13:20:13.605+0000] {taskinstance.py:2884} INFO - Starting attempt 1 of 2
[2026-02-26T13:20:13.745+0000] {taskinstance.py:2907} INFO - Executing <Task(SQLExecuteQueryOperator): load_bronze_raw> on 2026-02-26 13:15:00+00:00
[2026-02-26T13:20:13.753+0000] {standard_task_runner.py:72} INFO - Started process 4455 to run task
[2026-02-26T13:20:13.758+0000] {standard_task_runner.py:104} INFO - Running: ['***', 'tasks', 'run', '02_etl_pipeline_incremental', 'load_bronze_raw', 'scheduled__2026-02-26T13:15:00+00:00', '--job-id', '675', '--raw', '--subdir', 'DAGS_FOLDER/02_etl_pipeline.py', '--cfg-path', '/tmp/tmpz1q7fsn8']
[2026-02-26T13:20:13.761+0000] {standard_task_runner.py:105} INFO - Job 675: Subtask load_bronze_raw
[2026-02-26T13:20:13.848+0000] {task_command.py:467} INFO - Running <TaskInstance: 02_etl_pipeline_incremental.load_bronze_raw scheduled__2026-02-26T13:15:00+00:00 [running]> on host d54c9b653406
[2026-02-26T13:20:13.965+0000] {taskinstance.py:3157} INFO - Exporting env vars: AIRFLOW_CTX_DAG_OWNER='***' AIRFLOW_CTX_DAG_ID='02_etl_pipeline_incremental' AIRFLOW_CTX_TASK_ID='load_bronze_raw' AIRFLOW_CTX_EXECUTION_DATE='2026-02-26T13:15:00+00:00' AIRFLOW_CTX_TRY_NUMBER='1' AIRFLOW_CTX_DAG_RUN_ID='scheduled__2026-02-26T13:15:00+00:00'
[2026-02-26T13:20:13.969+0000] {logging_mixin.py:190} INFO - Task instance is in running state
[2026-02-26T13:20:13.970+0000] {logging_mixin.py:190} INFO -  Previous state of the Task instance: queued
[2026-02-26T13:20:13.972+0000] {logging_mixin.py:190} INFO - Current task name:load_bronze_raw state:running start_date:2026-02-26 13:20:13.594700+00:00
[2026-02-26T13:20:13.973+0000] {logging_mixin.py:190} INFO - Dag name:02_etl_pipeline_incremental and current dag run status:running
[2026-02-26T13:20:13.974+0000] {taskinstance.py:740} INFO - ::endgroup::
[2026-02-26T13:20:13.975+0000] {sql.py:306} INFO - Executing: CALL AIRLINE_DWH.RAW_DATA.SP_LOAD_RAW('Airline_Dataset.csv.gz');
[2026-02-26T13:20:13.992+0000] {base.py:84} INFO - Retrieving connection 'snowflake_default'
[2026-02-26T13:20:14.192+0000] {base.py:84} INFO - Retrieving connection 'snowflake_default'
[2026-02-26T13:20:14.194+0000] {connection.py:486} INFO - Snowflake Connector for Python Version: 3.15.0, Python Version: 3.10.17, Platform: Linux-6.6.87.2-microsoft-standard-WSL2-x86_64-with-glibc2.36
[2026-02-26T13:20:14.195+0000] {connection.py:1391} INFO - Connecting to GLOBAL Snowflake domain
[2026-02-26T13:20:14.618+0000] {snowflake.py:521} INFO - Running statement: CALL AIRLINE_DWH.RAW_DATA.SP_LOAD_RAW('Airline_Dataset.csv.gz');, parameters: None
[2026-02-26T13:20:14.620+0000] {sql.py:814} INFO - Running statement: CALL AIRLINE_DWH.RAW_DATA.SP_LOAD_RAW('Airline_Dataset.csv.gz');, parameters: None
[2026-02-26T13:20:17.974+0000] {sql.py:823} INFO - Rows affected: 1
[2026-02-26T13:20:17.976+0000] {snowflake.py:534} INFO - Rows affected: 1
[2026-02-26T13:20:17.977+0000] {snowflake.py:535} INFO - Snowflake query id: 01c2abe0-0005-0f1f-0001-37ce00087b9a
[2026-02-26T13:20:18.207+0000] {taskinstance.py:349} INFO - ::group::Post task execution logs
[2026-02-26T13:20:18.209+0000] {taskinstance.py:361} INFO - Marking task as SUCCESS. dag_id=02_etl_pipeline_incremental, task_id=load_bronze_raw, run_id=scheduled__2026-02-26T13:15:00+00:00, execution_date=20260226T131500, start_date=20260226T132013, end_date=20260226T132018
[2026-02-26T13:20:18.253+0000] {logging_mixin.py:190} INFO - Task instance in success state
[2026-02-26T13:20:18.258+0000] {logging_mixin.py:190} INFO -  Previous state of the Task instance: running
[2026-02-26T13:20:18.261+0000] {logging_mixin.py:190} INFO - Dag name:02_etl_pipeline_incremental queued_at:2026-02-26 13:20:00.657025+00:00
[2026-02-26T13:20:18.263+0000] {logging_mixin.py:190} INFO - Task hostname:d54c9b653406 operator:SQLExecuteQueryOperator
[2026-02-26T13:20:18.322+0000] {local_task_job_runner.py:266} INFO - Task exited with return code 0
[2026-02-26T13:20:18.384+0000] {taskinstance.py:3924} INFO - 3 downstream tasks scheduled from follow-on schedule check
[2026-02-26T13:20:18.391+0000] {local_task_job_runner.py:245} INFO - ::endgroup::
