[2026-02-26T14:00:39.144+0000] {local_task_job_runner.py:123} INFO - ::group::Pre task execution logs
[2026-02-26T14:00:39.168+0000] {taskinstance.py:2631} INFO - Dependencies all met for dep_context=non-requeueable deps ti=<TaskInstance: 02_etl_pipeline_incremental.archive_processed_file scheduled__2026-02-26T13:55:00+00:00 [queued]>
[2026-02-26T14:00:39.181+0000] {taskinstance.py:2631} INFO - Dependencies all met for dep_context=requeueable deps ti=<TaskInstance: 02_etl_pipeline_incremental.archive_processed_file scheduled__2026-02-26T13:55:00+00:00 [queued]>
[2026-02-26T14:00:39.183+0000] {taskinstance.py:2884} INFO - Starting attempt 1 of 2
[2026-02-26T14:00:39.334+0000] {taskinstance.py:2907} INFO - Executing <Task(PythonOperator): archive_processed_file> on 2026-02-26 13:55:00+00:00
[2026-02-26T14:00:39.349+0000] {standard_task_runner.py:104} INFO - Running: ['***', 'tasks', 'run', '02_etl_pipeline_incremental', 'archive_processed_file', 'scheduled__2026-02-26T13:55:00+00:00', '--job-id', '729', '--raw', '--subdir', 'DAGS_FOLDER/02_etl_pipeline.py', '--cfg-path', '/tmp/tmp9on_is1z']
[2026-02-26T14:00:39.344+0000] {standard_task_runner.py:72} INFO - Started process 5205 to run task
[2026-02-26T14:00:39.351+0000] {standard_task_runner.py:105} INFO - Job 729: Subtask archive_processed_file
[2026-02-26T14:00:39.422+0000] {task_command.py:467} INFO - Running <TaskInstance: 02_etl_pipeline_incremental.archive_processed_file scheduled__2026-02-26T13:55:00+00:00 [running]> on host d54c9b653406
[2026-02-26T14:00:39.535+0000] {taskinstance.py:3157} INFO - Exporting env vars: AIRFLOW_CTX_DAG_OWNER='***' AIRFLOW_CTX_DAG_ID='02_etl_pipeline_incremental' AIRFLOW_CTX_TASK_ID='archive_processed_file' AIRFLOW_CTX_EXECUTION_DATE='2026-02-26T13:55:00+00:00' AIRFLOW_CTX_TRY_NUMBER='1' AIRFLOW_CTX_DAG_RUN_ID='scheduled__2026-02-26T13:55:00+00:00'
[2026-02-26T14:00:39.538+0000] {logging_mixin.py:190} INFO - Task instance is in running state
[2026-02-26T14:00:39.539+0000] {logging_mixin.py:190} INFO -  Previous state of the Task instance: queued
[2026-02-26T14:00:39.541+0000] {logging_mixin.py:190} INFO - Current task name:archive_processed_file state:running start_date:2026-02-26 14:00:39.169943+00:00
[2026-02-26T14:00:39.542+0000] {logging_mixin.py:190} INFO - Dag name:02_etl_pipeline_incremental and current dag run status:running
[2026-02-26T14:00:39.544+0000] {taskinstance.py:740} INFO - ::endgroup::
[2026-02-26T14:00:39.567+0000] {logging_mixin.py:190} INFO - File was moved to: /opt/***/data/archive/Dominica_orig_data_for_update_processed_20260226_140039.csv
[2026-02-26T14:00:39.569+0000] {python.py:240} INFO - Done. Returned value was: None
[2026-02-26T14:00:39.582+0000] {taskinstance.py:349} INFO - ::group::Post task execution logs
[2026-02-26T14:00:39.584+0000] {taskinstance.py:361} INFO - Marking task as SUCCESS. dag_id=02_etl_pipeline_incremental, task_id=archive_processed_file, run_id=scheduled__2026-02-26T13:55:00+00:00, execution_date=20260226T135500, start_date=20260226T140039, end_date=20260226T140039
[2026-02-26T14:00:39.611+0000] {logging_mixin.py:190} INFO - Task instance in success state
[2026-02-26T14:00:39.613+0000] {logging_mixin.py:190} INFO -  Previous state of the Task instance: running
[2026-02-26T14:00:39.615+0000] {logging_mixin.py:190} INFO - Dag name:02_etl_pipeline_incremental queued_at:2026-02-26 14:00:00.170596+00:00
[2026-02-26T14:00:39.616+0000] {logging_mixin.py:190} INFO - Task hostname:d54c9b653406 operator:PythonOperator
[2026-02-26T14:00:39.648+0000] {local_task_job_runner.py:266} INFO - Task exited with return code 0
[2026-02-26T14:00:39.670+0000] {taskinstance.py:3924} INFO - 0 downstream tasks scheduled from follow-on schedule check
[2026-02-26T14:00:39.673+0000] {local_task_job_runner.py:245} INFO - ::endgroup::
