[2026-02-26T13:53:46.685+0000] {local_task_job_runner.py:123} INFO - ::group::Pre task execution logs
[2026-02-26T13:53:46.705+0000] {taskinstance.py:2631} INFO - Dependencies all met for dep_context=non-requeueable deps ti=<TaskInstance: 01_init_infrastructure.00_create_warehouse manual__2026-02-26T13:53:43.895474+00:00 [queued]>
[2026-02-26T13:53:46.714+0000] {taskinstance.py:2631} INFO - Dependencies all met for dep_context=requeueable deps ti=<TaskInstance: 01_init_infrastructure.00_create_warehouse manual__2026-02-26T13:53:43.895474+00:00 [queued]>
[2026-02-26T13:53:46.716+0000] {taskinstance.py:2884} INFO - Starting attempt 1 of 1
[2026-02-26T13:53:46.907+0000] {taskinstance.py:2907} INFO - Executing <Task(SQLExecuteQueryOperator): 00_create_warehouse> on 2026-02-26 13:53:43.895474+00:00
[2026-02-26T13:53:46.920+0000] {standard_task_runner.py:72} INFO - Started process 4986 to run task
[2026-02-26T13:53:46.929+0000] {standard_task_runner.py:104} INFO - Running: ['***', 'tasks', 'run', '01_init_infrastructure', '00_create_warehouse', 'manual__2026-02-26T13:53:43.895474+00:00', '--job-id', '697', '--raw', '--subdir', 'DAGS_FOLDER/01_init_infrastructure.py', '--cfg-path', '/tmp/tmpg6xblrbs']
[2026-02-26T13:53:46.933+0000] {standard_task_runner.py:105} INFO - Job 697: Subtask 00_create_warehouse
[2026-02-26T13:53:47.021+0000] {task_command.py:467} INFO - Running <TaskInstance: 01_init_infrastructure.00_create_warehouse manual__2026-02-26T13:53:43.895474+00:00 [running]> on host d54c9b653406
[2026-02-26T13:53:47.165+0000] {taskinstance.py:3157} INFO - Exporting env vars: AIRFLOW_CTX_DAG_OWNER='***' AIRFLOW_CTX_DAG_ID='01_init_infrastructure' AIRFLOW_CTX_TASK_ID='00_create_warehouse' AIRFLOW_CTX_EXECUTION_DATE='2026-02-26T13:53:43.895474+00:00' AIRFLOW_CTX_TRY_NUMBER='1' AIRFLOW_CTX_DAG_RUN_ID='manual__2026-02-26T13:53:43.895474+00:00'
[2026-02-26T13:53:47.168+0000] {logging_mixin.py:190} INFO - Task instance is in running state
[2026-02-26T13:53:47.170+0000] {logging_mixin.py:190} INFO -  Previous state of the Task instance: queued
[2026-02-26T13:53:47.171+0000] {logging_mixin.py:190} INFO - Current task name:00_create_warehouse state:running start_date:2026-02-26 13:53:46.706635+00:00
[2026-02-26T13:53:47.173+0000] {logging_mixin.py:190} INFO - Dag name:01_init_infrastructure and current dag run status:running
[2026-02-26T13:53:47.175+0000] {taskinstance.py:740} INFO - ::endgroup::
[2026-02-26T13:53:47.176+0000] {sql.py:306} INFO - Executing: 
CREATE WAREHOUSE IF NOT EXISTS AIRLINE_WH
    WITH WAREHOUSE_SIZE = 'X-SMALL'
    AUTO_SUSPEND = 60           -- sleep after 60 seconds
    AUTO_RESUME = TRUE          -- wake up itself if there is query
    INITIALLY_SUSPENDED = TRUE; -- initially it would be sleep
[2026-02-26T13:53:47.202+0000] {base.py:84} INFO - Retrieving connection 'snowflake_default'
[2026-02-26T13:53:47.418+0000] {base.py:84} INFO - Retrieving connection 'snowflake_default'
[2026-02-26T13:53:47.420+0000] {connection.py:486} INFO - Snowflake Connector for Python Version: 3.15.0, Python Version: 3.10.17, Platform: Linux-6.6.87.2-microsoft-standard-WSL2-x86_64-with-glibc2.36
[2026-02-26T13:53:47.422+0000] {connection.py:1391} INFO - Connecting to GLOBAL Snowflake domain
[2026-02-26T13:53:48.870+0000] {snowflake.py:521} INFO - Running statement: CREATE WAREHOUSE IF NOT EXISTS AIRLINE_WH
    WITH WAREHOUSE_SIZE = 'X-SMALL'
    AUTO_SUSPEND = 60           -- sleep after 60 seconds
    AUTO_RESUME = TRUE          -- wake up itself if there is query
    INITIALLY_SUSPENDED = TRUE; -- initially it would be sleep, parameters: None
[2026-02-26T13:53:48.873+0000] {sql.py:814} INFO - Running statement: CREATE WAREHOUSE IF NOT EXISTS AIRLINE_WH
    WITH WAREHOUSE_SIZE = 'X-SMALL'
    AUTO_SUSPEND = 60           -- sleep after 60 seconds
    AUTO_RESUME = TRUE          -- wake up itself if there is query
    INITIALLY_SUSPENDED = TRUE; -- initially it would be sleep, parameters: None
[2026-02-26T13:53:48.974+0000] {sql.py:823} INFO - Rows affected: 1
[2026-02-26T13:53:48.976+0000] {snowflake.py:534} INFO - Rows affected: 1
[2026-02-26T13:53:48.977+0000] {snowflake.py:535} INFO - Snowflake query id: 01c2ac01-0005-0f1f-0001-37ce00087fba
[2026-02-26T13:53:49.207+0000] {taskinstance.py:349} INFO - ::group::Post task execution logs
[2026-02-26T13:53:49.210+0000] {taskinstance.py:361} INFO - Marking task as SUCCESS. dag_id=01_init_infrastructure, task_id=00_create_warehouse, run_id=manual__2026-02-26T13:53:43.895474+00:00, execution_date=20260226T135343, start_date=20260226T135346, end_date=20260226T135349
[2026-02-26T13:53:49.244+0000] {logging_mixin.py:190} INFO - Task instance in success state
[2026-02-26T13:53:49.247+0000] {logging_mixin.py:190} INFO -  Previous state of the Task instance: running
[2026-02-26T13:53:49.249+0000] {logging_mixin.py:190} INFO - Dag name:01_init_infrastructure queued_at:2026-02-26 13:53:43.942840+00:00
[2026-02-26T13:53:49.251+0000] {logging_mixin.py:190} INFO - Task hostname:d54c9b653406 operator:SQLExecuteQueryOperator
[2026-02-26T13:53:49.278+0000] {local_task_job_runner.py:266} INFO - Task exited with return code 0
[2026-02-26T13:53:49.317+0000] {taskinstance.py:3924} INFO - 0 downstream tasks scheduled from follow-on schedule check
[2026-02-26T13:53:49.321+0000] {local_task_job_runner.py:245} INFO - ::endgroup::
