[2026-02-26T13:55:43.499+0000] {local_task_job_runner.py:123} INFO - ::group::Pre task execution logs
[2026-02-26T13:55:43.533+0000] {taskinstance.py:2631} INFO - Dependencies all met for dep_context=non-requeueable deps ti=<TaskInstance: 02_etl_pipeline_incremental.load_silver_pilots manual__2026-02-26T13:55:22.892702+00:00 [queued]>
[2026-02-26T13:55:43.549+0000] {taskinstance.py:2631} INFO - Dependencies all met for dep_context=requeueable deps ti=<TaskInstance: 02_etl_pipeline_incremental.load_silver_pilots manual__2026-02-26T13:55:22.892702+00:00 [queued]>
[2026-02-26T13:55:43.551+0000] {taskinstance.py:2884} INFO - Starting attempt 1 of 2
[2026-02-26T13:55:43.772+0000] {taskinstance.py:2907} INFO - Executing <Task(SQLExecuteQueryOperator): load_silver_pilots> on 2026-02-26 13:55:22.892702+00:00
[2026-02-26T13:55:43.784+0000] {standard_task_runner.py:72} INFO - Started process 5091 to run task
[2026-02-26T13:55:43.791+0000] {standard_task_runner.py:104} INFO - Running: ['***', 'tasks', 'run', '02_etl_pipeline_incremental', 'load_silver_pilots', 'manual__2026-02-26T13:55:22.892702+00:00', '--job-id', '717', '--raw', '--subdir', 'DAGS_FOLDER/02_etl_pipeline.py', '--cfg-path', '/tmp/tmpl5_5a7ke']
[2026-02-26T13:55:43.795+0000] {standard_task_runner.py:105} INFO - Job 717: Subtask load_silver_pilots
[2026-02-26T13:55:43.891+0000] {task_command.py:467} INFO - Running <TaskInstance: 02_etl_pipeline_incremental.load_silver_pilots manual__2026-02-26T13:55:22.892702+00:00 [running]> on host d54c9b653406
[2026-02-26T13:55:44.028+0000] {taskinstance.py:3157} INFO - Exporting env vars: AIRFLOW_CTX_DAG_OWNER='***' AIRFLOW_CTX_DAG_ID='02_etl_pipeline_incremental' AIRFLOW_CTX_TASK_ID='load_silver_pilots' AIRFLOW_CTX_EXECUTION_DATE='2026-02-26T13:55:22.892702+00:00' AIRFLOW_CTX_TRY_NUMBER='1' AIRFLOW_CTX_DAG_RUN_ID='manual__2026-02-26T13:55:22.892702+00:00'
[2026-02-26T13:55:44.033+0000] {logging_mixin.py:190} INFO - Task instance is in running state
[2026-02-26T13:55:44.035+0000] {logging_mixin.py:190} INFO -  Previous state of the Task instance: queued
[2026-02-26T13:55:44.036+0000] {logging_mixin.py:190} INFO - Current task name:load_silver_pilots state:running start_date:2026-02-26 13:55:43.535113+00:00
[2026-02-26T13:55:44.037+0000] {logging_mixin.py:190} INFO - Dag name:02_etl_pipeline_incremental and current dag run status:running
[2026-02-26T13:55:44.039+0000] {taskinstance.py:740} INFO - ::endgroup::
[2026-02-26T13:55:44.041+0000] {sql.py:306} INFO - Executing: CALL AIRLINE_DWH.SILVER_DATA.SP_LOAD_DIM_PILOTS();
[2026-02-26T13:55:44.064+0000] {base.py:84} INFO - Retrieving connection 'snowflake_default'
[2026-02-26T13:55:44.323+0000] {base.py:84} INFO - Retrieving connection 'snowflake_default'
[2026-02-26T13:55:44.328+0000] {connection.py:486} INFO - Snowflake Connector for Python Version: 3.15.0, Python Version: 3.10.17, Platform: Linux-6.6.87.2-microsoft-standard-WSL2-x86_64-with-glibc2.36
[2026-02-26T13:55:44.330+0000] {connection.py:1391} INFO - Connecting to GLOBAL Snowflake domain
[2026-02-26T13:55:44.811+0000] {snowflake.py:521} INFO - Running statement: CALL AIRLINE_DWH.SILVER_DATA.SP_LOAD_DIM_PILOTS();, parameters: None
[2026-02-26T13:55:44.812+0000] {sql.py:814} INFO - Running statement: CALL AIRLINE_DWH.SILVER_DATA.SP_LOAD_DIM_PILOTS();, parameters: None
[2026-02-26T13:55:46.627+0000] {sql.py:823} INFO - Rows affected: 1
[2026-02-26T13:55:46.629+0000] {snowflake.py:534} INFO - Rows affected: 1
[2026-02-26T13:55:46.630+0000] {snowflake.py:535} INFO - Snowflake query id: 01c2ac03-0005-0f1f-0001-37ce0008c272
[2026-02-26T13:55:47.106+0000] {taskinstance.py:349} INFO - ::group::Post task execution logs
[2026-02-26T13:55:47.108+0000] {taskinstance.py:361} INFO - Marking task as SUCCESS. dag_id=02_etl_pipeline_incremental, task_id=load_silver_pilots, run_id=manual__2026-02-26T13:55:22.892702+00:00, execution_date=20260226T135522, start_date=20260226T135543, end_date=20260226T135547
[2026-02-26T13:55:47.146+0000] {logging_mixin.py:190} INFO - Task instance in success state
[2026-02-26T13:55:47.154+0000] {logging_mixin.py:190} INFO -  Previous state of the Task instance: running
[2026-02-26T13:55:47.155+0000] {logging_mixin.py:190} INFO - Dag name:02_etl_pipeline_incremental queued_at:2026-02-26 13:55:22.920571+00:00
[2026-02-26T13:55:47.157+0000] {logging_mixin.py:190} INFO - Task hostname:d54c9b653406 operator:SQLExecuteQueryOperator
[2026-02-26T13:55:47.182+0000] {local_task_job_runner.py:266} INFO - Task exited with return code 0
[2026-02-26T13:55:47.198+0000] {local_task_job_runner.py:245} INFO - ::endgroup::
