[2026-02-26T13:20:30.990+0000] {local_task_job_runner.py:123} INFO - ::group::Pre task execution logs
[2026-02-26T13:20:31.033+0000] {taskinstance.py:2631} INFO - Dependencies all met for dep_context=non-requeueable deps ti=<TaskInstance: 02_etl_pipeline_incremental.load_silver_facts scheduled__2026-02-26T13:15:00+00:00 [queued]>
[2026-02-26T13:20:31.052+0000] {taskinstance.py:2631} INFO - Dependencies all met for dep_context=requeueable deps ti=<TaskInstance: 02_etl_pipeline_incremental.load_silver_facts scheduled__2026-02-26T13:15:00+00:00 [queued]>
[2026-02-26T13:20:31.053+0000] {taskinstance.py:2884} INFO - Starting attempt 1 of 2
[2026-02-26T13:20:31.224+0000] {taskinstance.py:2907} INFO - Executing <Task(SQLExecuteQueryOperator): load_silver_facts> on 2026-02-26 13:15:00+00:00
[2026-02-26T13:20:31.235+0000] {standard_task_runner.py:72} INFO - Started process 4471 to run task
[2026-02-26T13:20:31.242+0000] {standard_task_runner.py:104} INFO - Running: ['***', 'tasks', 'run', '02_etl_pipeline_incremental', 'load_silver_facts', 'scheduled__2026-02-26T13:15:00+00:00', '--job-id', '679', '--raw', '--subdir', 'DAGS_FOLDER/02_etl_pipeline.py', '--cfg-path', '/tmp/tmpki9pzm3u']
[2026-02-26T13:20:31.247+0000] {standard_task_runner.py:105} INFO - Job 679: Subtask load_silver_facts
[2026-02-26T13:20:31.352+0000] {task_command.py:467} INFO - Running <TaskInstance: 02_etl_pipeline_incremental.load_silver_facts scheduled__2026-02-26T13:15:00+00:00 [running]> on host d54c9b653406
[2026-02-26T13:20:31.469+0000] {taskinstance.py:3157} INFO - Exporting env vars: AIRFLOW_CTX_DAG_OWNER='***' AIRFLOW_CTX_DAG_ID='02_etl_pipeline_incremental' AIRFLOW_CTX_TASK_ID='load_silver_facts' AIRFLOW_CTX_EXECUTION_DATE='2026-02-26T13:15:00+00:00' AIRFLOW_CTX_TRY_NUMBER='1' AIRFLOW_CTX_DAG_RUN_ID='scheduled__2026-02-26T13:15:00+00:00'
[2026-02-26T13:20:31.472+0000] {logging_mixin.py:190} INFO - Task instance is in running state
[2026-02-26T13:20:31.473+0000] {logging_mixin.py:190} INFO -  Previous state of the Task instance: queued
[2026-02-26T13:20:31.474+0000] {logging_mixin.py:190} INFO - Current task name:load_silver_facts state:running start_date:2026-02-26 13:20:31.034895+00:00
[2026-02-26T13:20:31.476+0000] {logging_mixin.py:190} INFO - Dag name:02_etl_pipeline_incremental and current dag run status:running
[2026-02-26T13:20:31.477+0000] {taskinstance.py:740} INFO - ::endgroup::
[2026-02-26T13:20:31.478+0000] {sql.py:306} INFO - Executing: CALL AIRLINE_DWH.SILVER_DATA.SP_LOAD_FACT_AIRLINE();
[2026-02-26T13:20:31.495+0000] {base.py:84} INFO - Retrieving connection 'snowflake_default'
[2026-02-26T13:20:31.675+0000] {base.py:84} INFO - Retrieving connection 'snowflake_default'
[2026-02-26T13:20:31.677+0000] {connection.py:486} INFO - Snowflake Connector for Python Version: 3.15.0, Python Version: 3.10.17, Platform: Linux-6.6.87.2-microsoft-standard-WSL2-x86_64-with-glibc2.36
[2026-02-26T13:20:31.678+0000] {connection.py:1391} INFO - Connecting to GLOBAL Snowflake domain
[2026-02-26T13:20:32.093+0000] {snowflake.py:521} INFO - Running statement: CALL AIRLINE_DWH.SILVER_DATA.SP_LOAD_FACT_AIRLINE();, parameters: None
[2026-02-26T13:20:32.094+0000] {sql.py:814} INFO - Running statement: CALL AIRLINE_DWH.SILVER_DATA.SP_LOAD_FACT_AIRLINE();, parameters: None
[2026-02-26T13:20:34.787+0000] {sql.py:823} INFO - Rows affected: 1
[2026-02-26T13:20:34.789+0000] {snowflake.py:534} INFO - Rows affected: 1
[2026-02-26T13:20:34.791+0000] {snowflake.py:535} INFO - Snowflake query id: 01c2abe0-0005-0f17-0001-37ce0008b1aa
[2026-02-26T13:20:35.000+0000] {taskinstance.py:349} INFO - ::group::Post task execution logs
[2026-02-26T13:20:35.002+0000] {taskinstance.py:361} INFO - Marking task as SUCCESS. dag_id=02_etl_pipeline_incremental, task_id=load_silver_facts, run_id=scheduled__2026-02-26T13:15:00+00:00, execution_date=20260226T131500, start_date=20260226T132031, end_date=20260226T132035
[2026-02-26T13:20:35.031+0000] {logging_mixin.py:190} INFO - Task instance in success state
[2026-02-26T13:20:35.033+0000] {logging_mixin.py:190} INFO -  Previous state of the Task instance: running
[2026-02-26T13:20:35.035+0000] {logging_mixin.py:190} INFO - Dag name:02_etl_pipeline_incremental queued_at:2026-02-26 13:20:00.657025+00:00
[2026-02-26T13:20:35.036+0000] {logging_mixin.py:190} INFO - Task hostname:d54c9b653406 operator:SQLExecuteQueryOperator
[2026-02-26T13:20:35.077+0000] {local_task_job_runner.py:266} INFO - Task exited with return code 0
[2026-02-26T13:20:35.117+0000] {taskinstance.py:3924} INFO - 1 downstream tasks scheduled from follow-on schedule check
[2026-02-26T13:20:35.120+0000] {local_task_job_runner.py:245} INFO - ::endgroup::
