[2026-02-26T13:54:00.725+0000] {local_task_job_runner.py:123} INFO - ::group::Pre task execution logs
[2026-02-26T13:54:00.751+0000] {taskinstance.py:2631} INFO - Dependencies all met for dep_context=non-requeueable deps ti=<TaskInstance: 01_init_infrastructure.04_create_bronze_layer manual__2026-02-26T13:53:43.895474+00:00 [queued]>
[2026-02-26T13:54:00.765+0000] {taskinstance.py:2631} INFO - Dependencies all met for dep_context=requeueable deps ti=<TaskInstance: 01_init_infrastructure.04_create_bronze_layer manual__2026-02-26T13:53:43.895474+00:00 [queued]>
[2026-02-26T13:54:00.767+0000] {taskinstance.py:2884} INFO - Starting attempt 1 of 1
[2026-02-26T13:54:00.904+0000] {taskinstance.py:2907} INFO - Executing <Task(SQLExecuteQueryOperator): 04_create_bronze_layer> on 2026-02-26 13:53:43.895474+00:00
[2026-02-26T13:54:00.912+0000] {standard_task_runner.py:72} INFO - Started process 5005 to run task
[2026-02-26T13:54:00.918+0000] {standard_task_runner.py:104} INFO - Running: ['***', 'tasks', 'run', '01_init_infrastructure', '04_create_bronze_layer', 'manual__2026-02-26T13:53:43.895474+00:00', '--job-id', '701', '--raw', '--subdir', 'DAGS_FOLDER/01_init_infrastructure.py', '--cfg-path', '/tmp/tmp1wkxve5t']
[2026-02-26T13:54:00.920+0000] {standard_task_runner.py:105} INFO - Job 701: Subtask 04_create_bronze_layer
[2026-02-26T13:54:00.986+0000] {task_command.py:467} INFO - Running <TaskInstance: 01_init_infrastructure.04_create_bronze_layer manual__2026-02-26T13:53:43.895474+00:00 [running]> on host d54c9b653406
[2026-02-26T13:54:01.071+0000] {taskinstance.py:3157} INFO - Exporting env vars: AIRFLOW_CTX_DAG_OWNER='***' AIRFLOW_CTX_DAG_ID='01_init_infrastructure' AIRFLOW_CTX_TASK_ID='04_create_bronze_layer' AIRFLOW_CTX_EXECUTION_DATE='2026-02-26T13:53:43.895474+00:00' AIRFLOW_CTX_TRY_NUMBER='1' AIRFLOW_CTX_DAG_RUN_ID='manual__2026-02-26T13:53:43.895474+00:00'
[2026-02-26T13:54:01.074+0000] {logging_mixin.py:190} INFO - Task instance is in running state
[2026-02-26T13:54:01.076+0000] {logging_mixin.py:190} INFO -  Previous state of the Task instance: queued
[2026-02-26T13:54:01.077+0000] {logging_mixin.py:190} INFO - Current task name:04_create_bronze_layer state:running start_date:2026-02-26 13:54:00.753454+00:00
[2026-02-26T13:54:01.078+0000] {logging_mixin.py:190} INFO - Dag name:01_init_infrastructure and current dag run status:running
[2026-02-26T13:54:01.080+0000] {taskinstance.py:740} INFO - ::endgroup::
[2026-02-26T13:54:01.081+0000] {sql.py:306} INFO - Executing: USE DATABASE AIRLINE_DWH;
USE SCHEMA RAW_DATA;

-- Raw Data
CREATE OR REPLACE TABLE AIRLINE_RAW (
    row_id VARCHAR,
    passenger_id VARCHAR,
    first_name VARCHAR,
    last_name VARCHAR,
    gender VARCHAR,
    age VARCHAR,
    nationality VARCHAR,
    airport_name VARCHAR,
    airport_country_code VARCHAR,
    country_name VARCHAR,
    airport_continent VARCHAR,
    continents VARCHAR,
    departure_date VARCHAR,
    arrival_airport VARCHAR,
    pilot_name VARCHAR,
    flight_status VARCHAR,
    ticket_type VARCHAR,
    passenger_status VARCHAR,
    ingestion_time TIMESTAMP_NTZ DEFAULT CURRENT_TIMESTAMP()
);

-- Stream, Fan-out pattern
CREATE OR REPLACE STREAM STREAM_FOR_PASSENGERS ON TABLE AIRLINE_RAW;
CREATE OR REPLACE STREAM STREAM_FOR_PILOTS     ON TABLE AIRLINE_RAW;
CREATE OR REPLACE STREAM STREAM_FOR_AIRPORTS   ON TABLE AIRLINE_RAW;
CREATE OR REPLACE STREAM STREAM_FOR_FACTS      ON TABLE AIRLINE_RAW;
[2026-02-26T13:54:01.095+0000] {base.py:84} INFO - Retrieving connection 'snowflake_default'
[2026-02-26T13:54:01.260+0000] {base.py:84} INFO - Retrieving connection 'snowflake_default'
[2026-02-26T13:54:01.262+0000] {connection.py:486} INFO - Snowflake Connector for Python Version: 3.15.0, Python Version: 3.10.17, Platform: Linux-6.6.87.2-microsoft-standard-WSL2-x86_64-with-glibc2.36
[2026-02-26T13:54:01.264+0000] {connection.py:1391} INFO - Connecting to GLOBAL Snowflake domain
[2026-02-26T13:54:01.680+0000] {snowflake.py:521} INFO - Running statement: USE DATABASE AIRLINE_DWH;, parameters: None
[2026-02-26T13:54:01.681+0000] {sql.py:814} INFO - Running statement: USE DATABASE AIRLINE_DWH;, parameters: None
[2026-02-26T13:54:01.757+0000] {sql.py:823} INFO - Rows affected: 1
[2026-02-26T13:54:01.759+0000] {snowflake.py:534} INFO - Rows affected: 1
[2026-02-26T13:54:01.760+0000] {snowflake.py:535} INFO - Snowflake query id: 01c2ac02-0005-0f1f-0001-37ce00087ffe
[2026-02-26T13:54:01.761+0000] {snowflake.py:521} INFO - Running statement: USE SCHEMA RAW_DATA;, parameters: None
[2026-02-26T13:54:01.763+0000] {sql.py:814} INFO - Running statement: USE SCHEMA RAW_DATA;, parameters: None
[2026-02-26T13:54:01.845+0000] {sql.py:823} INFO - Rows affected: 1
[2026-02-26T13:54:01.848+0000] {snowflake.py:534} INFO - Rows affected: 1
[2026-02-26T13:54:01.850+0000] {snowflake.py:535} INFO - Snowflake query id: 01c2ac02-0005-0f1f-0001-37ce00088002
[2026-02-26T13:54:01.852+0000] {snowflake.py:521} INFO - Running statement: -- Raw Data
CREATE OR REPLACE TABLE AIRLINE_RAW (
    row_id VARCHAR,
    passenger_id VARCHAR,
    first_name VARCHAR,
    last_name VARCHAR,
    gender VARCHAR,
    age VARCHAR,
    nationality VARCHAR,
    airport_name VARCHAR,
    airport_country_code VARCHAR,
    country_name VARCHAR,
    airport_continent VARCHAR,
    continents VARCHAR,
    departure_date VARCHAR,
    arrival_airport VARCHAR,
    pilot_name VARCHAR,
    flight_status VARCHAR,
    ticket_type VARCHAR,
    passenger_status VARCHAR,
    ingestion_time TIMESTAMP_NTZ DEFAULT CURRENT_TIMESTAMP()
);, parameters: None
[2026-02-26T13:54:01.854+0000] {sql.py:814} INFO - Running statement: -- Raw Data
CREATE OR REPLACE TABLE AIRLINE_RAW (
    row_id VARCHAR,
    passenger_id VARCHAR,
    first_name VARCHAR,
    last_name VARCHAR,
    gender VARCHAR,
    age VARCHAR,
    nationality VARCHAR,
    airport_name VARCHAR,
    airport_country_code VARCHAR,
    country_name VARCHAR,
    airport_continent VARCHAR,
    continents VARCHAR,
    departure_date VARCHAR,
    arrival_airport VARCHAR,
    pilot_name VARCHAR,
    flight_status VARCHAR,
    ticket_type VARCHAR,
    passenger_status VARCHAR,
    ingestion_time TIMESTAMP_NTZ DEFAULT CURRENT_TIMESTAMP()
);, parameters: None
[2026-02-26T13:54:02.103+0000] {sql.py:823} INFO - Rows affected: 1
[2026-02-26T13:54:02.105+0000] {snowflake.py:534} INFO - Rows affected: 1
[2026-02-26T13:54:02.106+0000] {snowflake.py:535} INFO - Snowflake query id: 01c2ac02-0005-0f1f-0001-37ce0008c006
[2026-02-26T13:54:02.107+0000] {snowflake.py:521} INFO - Running statement: -- Stream, Fan-out pattern
CREATE OR REPLACE STREAM STREAM_FOR_PASSENGERS ON TABLE AIRLINE_RAW;, parameters: None
[2026-02-26T13:54:02.109+0000] {sql.py:814} INFO - Running statement: -- Stream, Fan-out pattern
CREATE OR REPLACE STREAM STREAM_FOR_PASSENGERS ON TABLE AIRLINE_RAW;, parameters: None
[2026-02-26T13:54:02.420+0000] {sql.py:823} INFO - Rows affected: 1
[2026-02-26T13:54:02.424+0000] {snowflake.py:534} INFO - Rows affected: 1
[2026-02-26T13:54:02.427+0000] {snowflake.py:535} INFO - Snowflake query id: 01c2ac02-0005-0f1f-0001-37ce0008c00a
[2026-02-26T13:54:02.429+0000] {snowflake.py:521} INFO - Running statement: CREATE OR REPLACE STREAM STREAM_FOR_PILOTS     ON TABLE AIRLINE_RAW;, parameters: None
[2026-02-26T13:54:02.432+0000] {sql.py:814} INFO - Running statement: CREATE OR REPLACE STREAM STREAM_FOR_PILOTS     ON TABLE AIRLINE_RAW;, parameters: None
[2026-02-26T13:54:02.570+0000] {sql.py:823} INFO - Rows affected: 1
[2026-02-26T13:54:02.574+0000] {snowflake.py:534} INFO - Rows affected: 1
[2026-02-26T13:54:02.577+0000] {snowflake.py:535} INFO - Snowflake query id: 01c2ac02-0005-0f1f-0001-37ce0008c00e
[2026-02-26T13:54:02.580+0000] {snowflake.py:521} INFO - Running statement: CREATE OR REPLACE STREAM STREAM_FOR_AIRPORTS   ON TABLE AIRLINE_RAW;, parameters: None
[2026-02-26T13:54:02.583+0000] {sql.py:814} INFO - Running statement: CREATE OR REPLACE STREAM STREAM_FOR_AIRPORTS   ON TABLE AIRLINE_RAW;, parameters: None
[2026-02-26T13:54:02.701+0000] {sql.py:823} INFO - Rows affected: 1
[2026-02-26T13:54:02.706+0000] {snowflake.py:534} INFO - Rows affected: 1
[2026-02-26T13:54:02.710+0000] {snowflake.py:535} INFO - Snowflake query id: 01c2ac02-0005-0f1f-0001-37ce0008c012
[2026-02-26T13:54:02.714+0000] {snowflake.py:521} INFO - Running statement: CREATE OR REPLACE STREAM STREAM_FOR_FACTS      ON TABLE AIRLINE_RAW;, parameters: None
[2026-02-26T13:54:02.717+0000] {sql.py:814} INFO - Running statement: CREATE OR REPLACE STREAM STREAM_FOR_FACTS      ON TABLE AIRLINE_RAW;, parameters: None
[2026-02-26T13:54:02.832+0000] {sql.py:823} INFO - Rows affected: 1
[2026-02-26T13:54:02.833+0000] {snowflake.py:534} INFO - Rows affected: 1
[2026-02-26T13:54:02.835+0000] {snowflake.py:535} INFO - Snowflake query id: 01c2ac02-0005-0f1f-0001-37ce0008c016
[2026-02-26T13:54:03.035+0000] {taskinstance.py:349} INFO - ::group::Post task execution logs
[2026-02-26T13:54:03.037+0000] {taskinstance.py:361} INFO - Marking task as SUCCESS. dag_id=01_init_infrastructure, task_id=04_create_bronze_layer, run_id=manual__2026-02-26T13:53:43.895474+00:00, execution_date=20260226T135343, start_date=20260226T135400, end_date=20260226T135403
[2026-02-26T13:54:03.066+0000] {logging_mixin.py:190} INFO - Task instance in success state
[2026-02-26T13:54:03.069+0000] {logging_mixin.py:190} INFO -  Previous state of the Task instance: running
[2026-02-26T13:54:03.070+0000] {logging_mixin.py:190} INFO - Dag name:01_init_infrastructure queued_at:2026-02-26 13:53:43.942840+00:00
[2026-02-26T13:54:03.071+0000] {logging_mixin.py:190} INFO - Task hostname:d54c9b653406 operator:SQLExecuteQueryOperator
[2026-02-26T13:54:03.103+0000] {local_task_job_runner.py:266} INFO - Task exited with return code 0
[2026-02-26T13:54:03.133+0000] {taskinstance.py:3924} INFO - 1 downstream tasks scheduled from follow-on schedule check
[2026-02-26T13:54:03.137+0000] {local_task_job_runner.py:245} INFO - ::endgroup::
