[2026-02-26T13:20:21.032+0000] {local_task_job_runner.py:123} INFO - ::group::Pre task execution logs
[2026-02-26T13:20:21.090+0000] {taskinstance.py:2631} INFO - Dependencies all met for dep_context=non-requeueable deps ti=<TaskInstance: 02_etl_pipeline_incremental.load_silver_airports scheduled__2026-02-26T13:15:00+00:00 [queued]>
[2026-02-26T13:20:21.118+0000] {taskinstance.py:2631} INFO - Dependencies all met for dep_context=requeueable deps ti=<TaskInstance: 02_etl_pipeline_incremental.load_silver_airports scheduled__2026-02-26T13:15:00+00:00 [queued]>
[2026-02-26T13:20:21.120+0000] {taskinstance.py:2884} INFO - Starting attempt 1 of 2
[2026-02-26T13:20:21.379+0000] {taskinstance.py:2907} INFO - Executing <Task(SQLExecuteQueryOperator): load_silver_airports> on 2026-02-26 13:15:00+00:00
[2026-02-26T13:20:21.398+0000] {standard_task_runner.py:72} INFO - Started process 4465 to run task
[2026-02-26T13:20:21.408+0000] {standard_task_runner.py:104} INFO - Running: ['***', 'tasks', 'run', '02_etl_pipeline_incremental', 'load_silver_airports', 'scheduled__2026-02-26T13:15:00+00:00', '--job-id', '677', '--raw', '--subdir', 'DAGS_FOLDER/02_etl_pipeline.py', '--cfg-path', '/tmp/tmpy64mkl0i']
[2026-02-26T13:20:21.417+0000] {standard_task_runner.py:105} INFO - Job 677: Subtask load_silver_airports
[2026-02-26T13:20:21.541+0000] {task_command.py:467} INFO - Running <TaskInstance: 02_etl_pipeline_incremental.load_silver_airports scheduled__2026-02-26T13:15:00+00:00 [running]> on host d54c9b653406
[2026-02-26T13:20:21.689+0000] {taskinstance.py:3157} INFO - Exporting env vars: AIRFLOW_CTX_DAG_OWNER='***' AIRFLOW_CTX_DAG_ID='02_etl_pipeline_incremental' AIRFLOW_CTX_TASK_ID='load_silver_airports' AIRFLOW_CTX_EXECUTION_DATE='2026-02-26T13:15:00+00:00' AIRFLOW_CTX_TRY_NUMBER='1' AIRFLOW_CTX_DAG_RUN_ID='scheduled__2026-02-26T13:15:00+00:00'
[2026-02-26T13:20:21.692+0000] {logging_mixin.py:190} INFO - Task instance is in running state
[2026-02-26T13:20:21.694+0000] {logging_mixin.py:190} INFO -  Previous state of the Task instance: queued
[2026-02-26T13:20:21.695+0000] {logging_mixin.py:190} INFO - Current task name:load_silver_airports state:running start_date:2026-02-26 13:20:21.092527+00:00
[2026-02-26T13:20:21.697+0000] {logging_mixin.py:190} INFO - Dag name:02_etl_pipeline_incremental and current dag run status:running
[2026-02-26T13:20:21.698+0000] {taskinstance.py:740} INFO - ::endgroup::
[2026-02-26T13:20:21.700+0000] {sql.py:306} INFO - Executing: CALL AIRLINE_DWH.SILVER_DATA.SP_LOAD_DIM_AIRPORTS();
[2026-02-26T13:20:21.722+0000] {base.py:84} INFO - Retrieving connection 'snowflake_default'
[2026-02-26T13:20:21.983+0000] {base.py:84} INFO - Retrieving connection 'snowflake_default'
[2026-02-26T13:20:21.984+0000] {connection.py:486} INFO - Snowflake Connector for Python Version: 3.15.0, Python Version: 3.10.17, Platform: Linux-6.6.87.2-microsoft-standard-WSL2-x86_64-with-glibc2.36
[2026-02-26T13:20:21.986+0000] {connection.py:1391} INFO - Connecting to GLOBAL Snowflake domain
[2026-02-26T13:20:23.415+0000] {snowflake.py:521} INFO - Running statement: CALL AIRLINE_DWH.SILVER_DATA.SP_LOAD_DIM_AIRPORTS();, parameters: None
[2026-02-26T13:20:23.416+0000] {sql.py:814} INFO - Running statement: CALL AIRLINE_DWH.SILVER_DATA.SP_LOAD_DIM_AIRPORTS();, parameters: None
[2026-02-26T13:20:27.477+0000] {sql.py:823} INFO - Rows affected: 1
[2026-02-26T13:20:27.479+0000] {snowflake.py:534} INFO - Rows affected: 1
[2026-02-26T13:20:27.481+0000] {snowflake.py:535} INFO - Snowflake query id: 01c2abe0-0005-0f17-0001-37ce0008b18e
[2026-02-26T13:20:27.692+0000] {taskinstance.py:349} INFO - ::group::Post task execution logs
[2026-02-26T13:20:27.694+0000] {taskinstance.py:361} INFO - Marking task as SUCCESS. dag_id=02_etl_pipeline_incremental, task_id=load_silver_airports, run_id=scheduled__2026-02-26T13:15:00+00:00, execution_date=20260226T131500, start_date=20260226T132021, end_date=20260226T132027
[2026-02-26T13:20:27.727+0000] {logging_mixin.py:190} INFO - Task instance in success state
[2026-02-26T13:20:27.730+0000] {logging_mixin.py:190} INFO -  Previous state of the Task instance: running
[2026-02-26T13:20:27.732+0000] {logging_mixin.py:190} INFO - Dag name:02_etl_pipeline_incremental queued_at:2026-02-26 13:20:00.657025+00:00
[2026-02-26T13:20:27.733+0000] {logging_mixin.py:190} INFO - Task hostname:d54c9b653406 operator:SQLExecuteQueryOperator
[2026-02-26T13:20:27.791+0000] {local_task_job_runner.py:266} INFO - Task exited with return code 0
[2026-02-26T13:20:27.823+0000] {taskinstance.py:3924} INFO - 1 downstream tasks scheduled from follow-on schedule check
[2026-02-26T13:20:27.827+0000] {local_task_job_runner.py:245} INFO - ::endgroup::
