[2026-02-26T13:55:56.104+0000] {local_task_job_runner.py:123} INFO - ::group::Pre task execution logs
[2026-02-26T13:55:56.129+0000] {taskinstance.py:2631} INFO - Dependencies all met for dep_context=non-requeueable deps ti=<TaskInstance: 02_etl_pipeline_incremental.load_gold_analytics manual__2026-02-26T13:55:22.892702+00:00 [queued]>
[2026-02-26T13:55:56.140+0000] {taskinstance.py:2631} INFO - Dependencies all met for dep_context=requeueable deps ti=<TaskInstance: 02_etl_pipeline_incremental.load_gold_analytics manual__2026-02-26T13:55:22.892702+00:00 [queued]>
[2026-02-26T13:55:56.142+0000] {taskinstance.py:2884} INFO - Starting attempt 1 of 2
[2026-02-26T13:55:56.363+0000] {taskinstance.py:2907} INFO - Executing <Task(SQLExecuteQueryOperator): load_gold_analytics> on 2026-02-26 13:55:22.892702+00:00
[2026-02-26T13:55:56.372+0000] {standard_task_runner.py:72} INFO - Started process 5100 to run task
[2026-02-26T13:55:56.378+0000] {standard_task_runner.py:104} INFO - Running: ['***', 'tasks', 'run', '02_etl_pipeline_incremental', 'load_gold_analytics', 'manual__2026-02-26T13:55:22.892702+00:00', '--job-id', '719', '--raw', '--subdir', 'DAGS_FOLDER/02_etl_pipeline.py', '--cfg-path', '/tmp/tmpzyk97qwm']
[2026-02-26T13:55:56.381+0000] {standard_task_runner.py:105} INFO - Job 719: Subtask load_gold_analytics
[2026-02-26T13:55:56.453+0000] {task_command.py:467} INFO - Running <TaskInstance: 02_etl_pipeline_incremental.load_gold_analytics manual__2026-02-26T13:55:22.892702+00:00 [running]> on host d54c9b653406
[2026-02-26T13:55:56.559+0000] {taskinstance.py:3157} INFO - Exporting env vars: AIRFLOW_CTX_DAG_OWNER='***' AIRFLOW_CTX_DAG_ID='02_etl_pipeline_incremental' AIRFLOW_CTX_TASK_ID='load_gold_analytics' AIRFLOW_CTX_EXECUTION_DATE='2026-02-26T13:55:22.892702+00:00' AIRFLOW_CTX_TRY_NUMBER='1' AIRFLOW_CTX_DAG_RUN_ID='manual__2026-02-26T13:55:22.892702+00:00'
[2026-02-26T13:55:56.561+0000] {logging_mixin.py:190} INFO - Task instance is in running state
[2026-02-26T13:55:56.563+0000] {logging_mixin.py:190} INFO -  Previous state of the Task instance: queued
[2026-02-26T13:55:56.564+0000] {logging_mixin.py:190} INFO - Current task name:load_gold_analytics state:running start_date:2026-02-26 13:55:56.130917+00:00
[2026-02-26T13:55:56.565+0000] {logging_mixin.py:190} INFO - Dag name:02_etl_pipeline_incremental and current dag run status:running
[2026-02-26T13:55:56.566+0000] {taskinstance.py:740} INFO - ::endgroup::
[2026-02-26T13:55:56.568+0000] {sql.py:306} INFO - Executing: CALL AIRLINE_DWH.GOLD_DATA.SP_REFRESH_GOLD_REPORT();
[2026-02-26T13:55:56.584+0000] {base.py:84} INFO - Retrieving connection 'snowflake_default'
[2026-02-26T13:55:56.753+0000] {base.py:84} INFO - Retrieving connection 'snowflake_default'
[2026-02-26T13:55:56.755+0000] {connection.py:486} INFO - Snowflake Connector for Python Version: 3.15.0, Python Version: 3.10.17, Platform: Linux-6.6.87.2-microsoft-standard-WSL2-x86_64-with-glibc2.36
[2026-02-26T13:55:56.756+0000] {connection.py:1391} INFO - Connecting to GLOBAL Snowflake domain
[2026-02-26T13:55:57.196+0000] {snowflake.py:521} INFO - Running statement: CALL AIRLINE_DWH.GOLD_DATA.SP_REFRESH_GOLD_REPORT();, parameters: None
[2026-02-26T13:55:57.198+0000] {sql.py:814} INFO - Running statement: CALL AIRLINE_DWH.GOLD_DATA.SP_REFRESH_GOLD_REPORT();, parameters: None
[2026-02-26T13:55:58.798+0000] {sql.py:823} INFO - Rows affected: 1
[2026-02-26T13:55:58.804+0000] {snowflake.py:534} INFO - Rows affected: 1
[2026-02-26T13:55:58.806+0000] {snowflake.py:535} INFO - Snowflake query id: 01c2ac03-0005-0f1f-0001-37ce0008c2de
[2026-02-26T13:55:59.043+0000] {taskinstance.py:349} INFO - ::group::Post task execution logs
[2026-02-26T13:55:59.045+0000] {taskinstance.py:361} INFO - Marking task as SUCCESS. dag_id=02_etl_pipeline_incremental, task_id=load_gold_analytics, run_id=manual__2026-02-26T13:55:22.892702+00:00, execution_date=20260226T135522, start_date=20260226T135556, end_date=20260226T135559
[2026-02-26T13:55:59.076+0000] {logging_mixin.py:190} INFO - Task instance in success state
[2026-02-26T13:55:59.077+0000] {logging_mixin.py:190} INFO -  Previous state of the Task instance: running
[2026-02-26T13:55:59.078+0000] {logging_mixin.py:190} INFO - Dag name:02_etl_pipeline_incremental queued_at:2026-02-26 13:55:22.920571+00:00
[2026-02-26T13:55:59.079+0000] {logging_mixin.py:190} INFO - Task hostname:d54c9b653406 operator:SQLExecuteQueryOperator
[2026-02-26T13:55:59.130+0000] {local_task_job_runner.py:266} INFO - Task exited with return code 0
[2026-02-26T13:55:59.157+0000] {taskinstance.py:3924} INFO - 1 downstream tasks scheduled from follow-on schedule check
[2026-02-26T13:55:59.162+0000] {local_task_job_runner.py:245} INFO - ::endgroup::
