[2026-02-26T13:54:37.511+0000] {local_task_job_runner.py:123} INFO - ::group::Pre task execution logs
[2026-02-26T13:54:37.536+0000] {taskinstance.py:2631} INFO - Dependencies all met for dep_context=non-requeueable deps ti=<TaskInstance: 01_init_infrastructure.13_create_security manual__2026-02-26T13:53:43.895474+00:00 [queued]>
[2026-02-26T13:54:37.548+0000] {taskinstance.py:2631} INFO - Dependencies all met for dep_context=requeueable deps ti=<TaskInstance: 01_init_infrastructure.13_create_security manual__2026-02-26T13:53:43.895474+00:00 [queued]>
[2026-02-26T13:54:37.549+0000] {taskinstance.py:2884} INFO - Starting attempt 1 of 1
[2026-02-26T13:54:37.689+0000] {taskinstance.py:2907} INFO - Executing <Task(SQLExecuteQueryOperator): 13_create_security> on 2026-02-26 13:53:43.895474+00:00
[2026-02-26T13:54:37.698+0000] {standard_task_runner.py:72} INFO - Started process 5048 to run task
[2026-02-26T13:54:37.703+0000] {standard_task_runner.py:104} INFO - Running: ['***', 'tasks', 'run', '01_init_infrastructure', '13_create_security', 'manual__2026-02-26T13:53:43.895474+00:00', '--job-id', '710', '--raw', '--subdir', 'DAGS_FOLDER/01_init_infrastructure.py', '--cfg-path', '/tmp/tmpmnw8eeqo']
[2026-02-26T13:54:37.706+0000] {standard_task_runner.py:105} INFO - Job 710: Subtask 13_create_security
[2026-02-26T13:54:37.773+0000] {task_command.py:467} INFO - Running <TaskInstance: 01_init_infrastructure.13_create_security manual__2026-02-26T13:53:43.895474+00:00 [running]> on host d54c9b653406
[2026-02-26T13:54:37.857+0000] {taskinstance.py:3157} INFO - Exporting env vars: AIRFLOW_CTX_DAG_OWNER='***' AIRFLOW_CTX_DAG_ID='01_init_infrastructure' AIRFLOW_CTX_TASK_ID='13_create_security' AIRFLOW_CTX_EXECUTION_DATE='2026-02-26T13:53:43.895474+00:00' AIRFLOW_CTX_TRY_NUMBER='1' AIRFLOW_CTX_DAG_RUN_ID='manual__2026-02-26T13:53:43.895474+00:00'
[2026-02-26T13:54:37.860+0000] {logging_mixin.py:190} INFO - Task instance is in running state
[2026-02-26T13:54:37.861+0000] {logging_mixin.py:190} INFO -  Previous state of the Task instance: queued
[2026-02-26T13:54:37.863+0000] {logging_mixin.py:190} INFO - Current task name:13_create_security state:running start_date:2026-02-26 13:54:37.537854+00:00
[2026-02-26T13:54:37.864+0000] {logging_mixin.py:190} INFO - Dag name:01_init_infrastructure and current dag run status:running
[2026-02-26T13:54:37.865+0000] {taskinstance.py:740} INFO - ::endgroup::
[2026-02-26T13:54:37.866+0000] {sql.py:306} INFO - Executing: USE DATABASE AIRLINE_DWH;
USE SCHEMA GOLD_DATA;

-- Using Standard Edition it is impossible to create object POLICY.
-- So Row Level Security (RLS) will be in SECURE VIEW.

-- 1. Create SECURE VIEW
-- Keyword SECURE hides code of view from users
CREATE OR REPLACE SECURE VIEW REPORT_FACT_FLIGHTS_SECURE AS
SELECT 
    F.flight_sk,
    P.first_name,
    P.last_name,
    A.country_name,
    F.ticket_type,
    F.flight_status
FROM AIRLINE_DWH.SILVER_DATA.FACT_AIRLINE F
JOIN AIRLINE_DWH.SILVER_DATA.DIM_PASSENGERS P ON F.passenger_sk = P.passenger_sk
JOIN AIRLINE_DWH.SILVER_DATA.DIM_AIRPORTS A ON F.airport_sk = A.airport_sk
WHERE 
    CASE 
        WHEN CURRENT_ROLE() = 'ACCOUNTADMIN' THEN TRUE
        WHEN F.ticket_type = 'Business' THEN TRUE
        ELSE FALSE
    END;
[2026-02-26T13:54:37.881+0000] {base.py:84} INFO - Retrieving connection 'snowflake_default'
[2026-02-26T13:54:38.020+0000] {base.py:84} INFO - Retrieving connection 'snowflake_default'
[2026-02-26T13:54:38.022+0000] {connection.py:486} INFO - Snowflake Connector for Python Version: 3.15.0, Python Version: 3.10.17, Platform: Linux-6.6.87.2-microsoft-standard-WSL2-x86_64-with-glibc2.36
[2026-02-26T13:54:38.023+0000] {connection.py:1391} INFO - Connecting to GLOBAL Snowflake domain
[2026-02-26T13:54:38.456+0000] {snowflake.py:521} INFO - Running statement: USE DATABASE AIRLINE_DWH;, parameters: None
[2026-02-26T13:54:38.463+0000] {sql.py:814} INFO - Running statement: USE DATABASE AIRLINE_DWH;, parameters: None
[2026-02-26T13:54:38.543+0000] {sql.py:823} INFO - Rows affected: 1
[2026-02-26T13:54:38.547+0000] {snowflake.py:534} INFO - Rows affected: 1
[2026-02-26T13:54:38.549+0000] {snowflake.py:535} INFO - Snowflake query id: 01c2ac02-0005-0f1f-0001-37ce0008c0aa
[2026-02-26T13:54:38.550+0000] {snowflake.py:521} INFO - Running statement: USE SCHEMA GOLD_DATA;, parameters: None
[2026-02-26T13:54:38.552+0000] {sql.py:814} INFO - Running statement: USE SCHEMA GOLD_DATA;, parameters: None
[2026-02-26T13:54:38.633+0000] {sql.py:823} INFO - Rows affected: 1
[2026-02-26T13:54:38.635+0000] {snowflake.py:534} INFO - Rows affected: 1
[2026-02-26T13:54:38.636+0000] {snowflake.py:535} INFO - Snowflake query id: 01c2ac02-0005-0f1f-0001-37ce0008c0ae
[2026-02-26T13:54:38.637+0000] {snowflake.py:521} INFO - Running statement: -- Using Standard Edition it is impossible to create object POLICY.
-- So Row Level Security (RLS) will be in SECURE VIEW.

-- 1. Create SECURE VIEW
-- Keyword SECURE hides code of view from users
CREATE OR REPLACE SECURE VIEW REPORT_FACT_FLIGHTS_SECURE AS
SELECT 
    F.flight_sk,
    P.first_name,
    P.last_name,
    A.country_name,
    F.ticket_type,
    F.flight_status
FROM AIRLINE_DWH.SILVER_DATA.FACT_AIRLINE F
JOIN AIRLINE_DWH.SILVER_DATA.DIM_PASSENGERS P ON F.passenger_sk = P.passenger_sk
JOIN AIRLINE_DWH.SILVER_DATA.DIM_AIRPORTS A ON F.airport_sk = A.airport_sk
WHERE 
    CASE 
        WHEN CURRENT_ROLE() = 'ACCOUNTADMIN' THEN TRUE
        WHEN F.ticket_type = 'Business' THEN TRUE
        ELSE FALSE
    END;, parameters: None
[2026-02-26T13:54:38.638+0000] {sql.py:814} INFO - Running statement: -- Using Standard Edition it is impossible to create object POLICY.
-- So Row Level Security (RLS) will be in SECURE VIEW.

-- 1. Create SECURE VIEW
-- Keyword SECURE hides code of view from users
CREATE OR REPLACE SECURE VIEW REPORT_FACT_FLIGHTS_SECURE AS
SELECT 
    F.flight_sk,
    P.first_name,
    P.last_name,
    A.country_name,
    F.ticket_type,
    F.flight_status
FROM AIRLINE_DWH.SILVER_DATA.FACT_AIRLINE F
JOIN AIRLINE_DWH.SILVER_DATA.DIM_PASSENGERS P ON F.passenger_sk = P.passenger_sk
JOIN AIRLINE_DWH.SILVER_DATA.DIM_AIRPORTS A ON F.airport_sk = A.airport_sk
WHERE 
    CASE 
        WHEN CURRENT_ROLE() = 'ACCOUNTADMIN' THEN TRUE
        WHEN F.ticket_type = 'Business' THEN TRUE
        ELSE FALSE
    END;, parameters: None
[2026-02-26T13:54:39.460+0000] {sql.py:823} INFO - Rows affected: 1
[2026-02-26T13:54:39.464+0000] {snowflake.py:534} INFO - Rows affected: 1
[2026-02-26T13:54:39.466+0000] {snowflake.py:535} INFO - Snowflake query id: 01c2ac02-0005-0f1f-0001-37ce0008c0b2
[2026-02-26T13:54:39.689+0000] {taskinstance.py:349} INFO - ::group::Post task execution logs
[2026-02-26T13:54:39.692+0000] {taskinstance.py:361} INFO - Marking task as SUCCESS. dag_id=01_init_infrastructure, task_id=13_create_security, run_id=manual__2026-02-26T13:53:43.895474+00:00, execution_date=20260226T135343, start_date=20260226T135437, end_date=20260226T135439
[2026-02-26T13:54:39.723+0000] {logging_mixin.py:190} INFO - Task instance in success state
[2026-02-26T13:54:39.725+0000] {logging_mixin.py:190} INFO -  Previous state of the Task instance: running
[2026-02-26T13:54:39.727+0000] {logging_mixin.py:190} INFO - Dag name:01_init_infrastructure queued_at:2026-02-26 13:53:43.942840+00:00
[2026-02-26T13:54:39.728+0000] {logging_mixin.py:190} INFO - Task hostname:d54c9b653406 operator:SQLExecuteQueryOperator
[2026-02-26T13:54:39.769+0000] {local_task_job_runner.py:266} INFO - Task exited with return code 0
[2026-02-26T13:54:39.791+0000] {taskinstance.py:3924} INFO - 0 downstream tasks scheduled from follow-on schedule check
[2026-02-26T13:54:39.795+0000] {local_task_job_runner.py:245} INFO - ::endgroup::
