[2026-02-26T13:18:20.569+0000] {local_task_job_runner.py:123} INFO - ::group::Pre task execution logs
[2026-02-26T13:18:20.594+0000] {taskinstance.py:2631} INFO - Dependencies all met for dep_context=non-requeueable deps ti=<TaskInstance: 01_init_infrastructure.01_create_database manual__2026-02-26T13:18:17.367891+00:00 [queued]>
[2026-02-26T13:18:20.611+0000] {taskinstance.py:2631} INFO - Dependencies all met for dep_context=requeueable deps ti=<TaskInstance: 01_init_infrastructure.01_create_database manual__2026-02-26T13:18:17.367891+00:00 [queued]>
[2026-02-26T13:18:20.616+0000] {taskinstance.py:2884} INFO - Starting attempt 1 of 1
[2026-02-26T13:18:20.641+0000] {taskinstance.py:2907} INFO - Executing <Task(SQLExecuteQueryOperator): 01_create_database> on 2026-02-26 13:18:17.367891+00:00
[2026-02-26T13:18:20.652+0000] {standard_task_runner.py:72} INFO - Started process 4363 to run task
[2026-02-26T13:18:20.658+0000] {standard_task_runner.py:104} INFO - Running: ['***', 'tasks', 'run', '01_init_infrastructure', '01_create_database', 'manual__2026-02-26T13:18:17.367891+00:00', '--job-id', '659', '--raw', '--subdir', 'DAGS_FOLDER/01_init_infrastructure.py', '--cfg-path', '/tmp/tmptgswfc7n']
[2026-02-26T13:18:20.661+0000] {standard_task_runner.py:105} INFO - Job 659: Subtask 01_create_database
[2026-02-26T13:18:21.126+0000] {task_command.py:467} INFO - Running <TaskInstance: 01_init_infrastructure.01_create_database manual__2026-02-26T13:18:17.367891+00:00 [running]> on host d54c9b653406
[2026-02-26T13:18:21.339+0000] {taskinstance.py:3157} INFO - Exporting env vars: AIRFLOW_CTX_DAG_OWNER='***' AIRFLOW_CTX_DAG_ID='01_init_infrastructure' AIRFLOW_CTX_TASK_ID='01_create_database' AIRFLOW_CTX_EXECUTION_DATE='2026-02-26T13:18:17.367891+00:00' AIRFLOW_CTX_TRY_NUMBER='1' AIRFLOW_CTX_DAG_RUN_ID='manual__2026-02-26T13:18:17.367891+00:00'
[2026-02-26T13:18:21.347+0000] {logging_mixin.py:190} INFO - Task instance is in running state
[2026-02-26T13:18:21.351+0000] {logging_mixin.py:190} INFO -  Previous state of the Task instance: queued
[2026-02-26T13:18:21.353+0000] {logging_mixin.py:190} INFO - Current task name:01_create_database state:running start_date:2026-02-26 13:18:20.596811+00:00
[2026-02-26T13:18:21.355+0000] {logging_mixin.py:190} INFO - Dag name:01_init_infrastructure and current dag run status:running
[2026-02-26T13:18:21.363+0000] {taskinstance.py:740} INFO - ::endgroup::
[2026-02-26T13:18:21.365+0000] {sql.py:306} INFO - Executing: CREATE DATABASE IF NOT EXISTS AIRLINE_DWH;
[2026-02-26T13:18:21.385+0000] {base.py:84} INFO - Retrieving connection 'snowflake_default'
[2026-02-26T13:18:21.729+0000] {base.py:84} INFO - Retrieving connection 'snowflake_default'
[2026-02-26T13:18:21.731+0000] {connection.py:486} INFO - Snowflake Connector for Python Version: 3.15.0, Python Version: 3.10.17, Platform: Linux-6.6.87.2-microsoft-standard-WSL2-x86_64-with-glibc2.36
[2026-02-26T13:18:21.733+0000] {connection.py:1391} INFO - Connecting to GLOBAL Snowflake domain
[2026-02-26T13:18:23.101+0000] {snowflake.py:521} INFO - Running statement: CREATE DATABASE IF NOT EXISTS AIRLINE_DWH;, parameters: None
[2026-02-26T13:18:23.104+0000] {sql.py:814} INFO - Running statement: CREATE DATABASE IF NOT EXISTS AIRLINE_DWH;, parameters: None
[2026-02-26T13:18:23.283+0000] {sql.py:823} INFO - Rows affected: 1
[2026-02-26T13:18:23.285+0000] {snowflake.py:534} INFO - Rows affected: 1
[2026-02-26T13:18:23.286+0000] {snowflake.py:535} INFO - Snowflake query id: 01c2abde-0005-0f1f-0001-37ce00087abe
[2026-02-26T13:18:23.515+0000] {taskinstance.py:349} INFO - ::group::Post task execution logs
[2026-02-26T13:18:23.519+0000] {taskinstance.py:361} INFO - Marking task as SUCCESS. dag_id=01_init_infrastructure, task_id=01_create_database, run_id=manual__2026-02-26T13:18:17.367891+00:00, execution_date=20260226T131817, start_date=20260226T131820, end_date=20260226T131823
[2026-02-26T13:18:23.554+0000] {logging_mixin.py:190} INFO - Task instance in success state
[2026-02-26T13:18:23.555+0000] {logging_mixin.py:190} INFO -  Previous state of the Task instance: running
[2026-02-26T13:18:23.557+0000] {logging_mixin.py:190} INFO - Dag name:01_init_infrastructure queued_at:2026-02-26 13:18:17.396222+00:00
[2026-02-26T13:18:23.561+0000] {logging_mixin.py:190} INFO - Task hostname:d54c9b653406 operator:SQLExecuteQueryOperator
[2026-02-26T13:18:23.612+0000] {local_task_job_runner.py:266} INFO - Task exited with return code 0
[2026-02-26T13:18:23.816+0000] {local_task_job_runner.py:245} INFO - ::endgroup::
